<?xml version="1.0" encoding="UTF-8"?>
<testsuite xmlns:xsi="http://www.w3.org/2001/XMLSchema-instance" xsi:noNamespaceSchemaLocation="https://maven.apache.org/surefire/maven-surefire-plugin/xsd/surefire-test-report-3.0.xsd" version="3.0" name="Tests.TestRunner" time="20.899" tests="16" errors="1" skipped="0" failures="0">
  <properties>
    <property name="java.specification.version" value="17"/>
    <property name="sun.cpu.isalist" value="amd64"/>
    <property name="sun.jnu.encoding" value="Cp1252"/>
    <property name="java.class.path" value="C:\Users\Ivan\eclipse-workspace\karateDemo\target\test-classes;C:\Users\Ivan\eclipse-workspace\karateDemo\target\classes;C:\Users\Ivan\.m2\repository\com\intuit\karate\karate-apache\0.9.6\karate-apache-0.9.6.jar;C:\Users\Ivan\.m2\repository\org\apache\httpcomponents\httpclient\4.5.12\httpclient-4.5.12.jar;C:\Users\Ivan\.m2\repository\org\apache\httpcomponents\httpcore\4.4.13\httpcore-4.4.13.jar;C:\Users\Ivan\.m2\repository\org\apache\httpcomponents\httpmime\4.5.12\httpmime-4.5.12.jar;C:\Users\Ivan\.m2\repository\org\slf4j\jcl-over-slf4j\1.7.25\jcl-over-slf4j-1.7.25.jar;C:\Users\Ivan\.m2\repository\org\slf4j\slf4j-api\1.7.25\slf4j-api-1.7.25.jar;C:\Users\Ivan\.m2\repository\ch\qos\logback\logback-classic\1.2.3\logback-classic-1.2.3.jar;C:\Users\Ivan\.m2\repository\ch\qos\logback\logback-core\1.2.3\logback-core-1.2.3.jar;C:\Users\Ivan\.m2\repository\com\intuit\karate\karate-junit4\1.4.0.RC3\karate-junit4-1.4.0.RC3.jar;C:\Users\Ivan\.m2\repository\junit\junit\4.13.1\junit-4.13.1.jar;C:\Users\Ivan\.m2\repository\org\hamcrest\hamcrest-core\1.3\hamcrest-core-1.3.jar;C:\Users\Ivan\.m2\repository\com\intuit\karate\karate-core\1.4.1\karate-core-1.4.1.jar;C:\Users\Ivan\.m2\repository\org\graalvm\js\js-scriptengine\22.3.3\js-scriptengine-22.3.3.jar;C:\Users\Ivan\.m2\repository\org\graalvm\sdk\graal-sdk\22.3.3\graal-sdk-22.3.3.jar;C:\Users\Ivan\.m2\repository\org\graalvm\js\js\22.3.3\js-22.3.3.jar;C:\Users\Ivan\.m2\repository\org\graalvm\regex\regex\22.3.3\regex-22.3.3.jar;C:\Users\Ivan\.m2\repository\org\graalvm\truffle\truffle-api\22.3.3\truffle-api-22.3.3.jar;C:\Users\Ivan\.m2\repository\com\ibm\icu\icu4j\71.1\icu4j-71.1.jar;C:\Users\Ivan\.m2\repository\org\thymeleaf\thymeleaf\3.1.2.RELEASE\thymeleaf-3.1.2.RELEASE.jar;C:\Users\Ivan\.m2\repository\ognl\ognl\3.3.4\ognl-3.3.4.jar;C:\Users\Ivan\.m2\repository\org\javassist\javassist\3.29.0-GA\javassist-3.29.0-GA.jar;C:\Users\Ivan\.m2\repository\org\attoparser\attoparser\2.0.7.RELEASE\attoparser-2.0.7.RELEASE.jar;C:\Users\Ivan\.m2\repository\org\unbescape\unbescape\1.1.6.RELEASE\unbescape-1.1.6.RELEASE.jar;C:\Users\Ivan\.m2\repository\com\linecorp\armeria\armeria\1.25.2\armeria-1.25.2.jar;C:\Users\Ivan\.m2\repository\com\fasterxml\jackson\core\jackson-core\2.15.2\jackson-core-2.15.2.jar;C:\Users\Ivan\.m2\repository\com\fasterxml\jackson\core\jackson-annotations\2.15.2\jackson-annotations-2.15.2.jar;C:\Users\Ivan\.m2\repository\com\fasterxml\jackson\core\jackson-databind\2.15.2\jackson-databind-2.15.2.jar;C:\Users\Ivan\.m2\repository\com\fasterxml\jackson\datatype\jackson-datatype-jdk8\2.15.2\jackson-datatype-jdk8-2.15.2.jar;C:\Users\Ivan\.m2\repository\com\fasterxml\jackson\datatype\jackson-datatype-jsr310\2.15.2\jackson-datatype-jsr310-2.15.2.jar;C:\Users\Ivan\.m2\repository\io\micrometer\micrometer-core\1.11.3\micrometer-core-1.11.3.jar;C:\Users\Ivan\.m2\repository\io\micrometer\micrometer-commons\1.11.3\micrometer-commons-1.11.3.jar;C:\Users\Ivan\.m2\repository\io\micrometer\micrometer-observation\1.11.3\micrometer-observation-1.11.3.jar;C:\Users\Ivan\.m2\repository\org\hdrhistogram\HdrHistogram\2.1.12\HdrHistogram-2.1.12.jar;C:\Users\Ivan\.m2\repository\org\latencyutils\LatencyUtils\2.0.3\LatencyUtils-2.0.3.jar;C:\Users\Ivan\.m2\repository\io\netty\netty-transport\4.1.96.Final\netty-transport-4.1.96.Final.jar;C:\Users\Ivan\.m2\repository\io\netty\netty-common\4.1.96.Final\netty-common-4.1.96.Final.jar;C:\Users\Ivan\.m2\repository\io\netty\netty-buffer\4.1.96.Final\netty-buffer-4.1.96.Final.jar;C:\Users\Ivan\.m2\repository\io\netty\netty-resolver\4.1.96.Final\netty-resolver-4.1.96.Final.jar;C:\Users\Ivan\.m2\repository\io\netty\netty-codec-haproxy\4.1.96.Final\netty-codec-haproxy-4.1.96.Final.jar;C:\Users\Ivan\.m2\repository\io\netty\netty-codec\4.1.96.Final\netty-codec-4.1.96.Final.jar;C:\Users\Ivan\.m2\repository\io\netty\netty-codec-http2\4.1.96.Final\netty-codec-http2-4.1.96.Final.jar;C:\Users\Ivan\.m2\repository\io\netty\netty-handler\4.1.96.Final\netty-handler-4.1.96.Final.jar;C:\Users\Ivan\.m2\repository\io\netty\netty-codec-http\4.1.96.Final\netty-codec-http-4.1.96.Final.jar;C:\Users\Ivan\.m2\repository\io\netty\netty-resolver-dns\4.1.96.Final\netty-resolver-dns-4.1.96.Final.jar;C:\Users\Ivan\.m2\repository\io\netty\netty-codec-dns\4.1.96.Final\netty-codec-dns-4.1.96.Final.jar;C:\Users\Ivan\.m2\repository\org\reactivestreams\reactive-streams\1.0.4\reactive-streams-1.0.4.jar;C:\Users\Ivan\.m2\repository\com\google\code\findbugs\jsr305\3.0.2\jsr305-3.0.2.jar;C:\Users\Ivan\.m2\repository\io\netty\netty-handler-proxy\4.1.96.Final\netty-handler-proxy-4.1.96.Final.jar;C:\Users\Ivan\.m2\repository\io\netty\netty-codec-socks\4.1.96.Final\netty-codec-socks-4.1.96.Final.jar;C:\Users\Ivan\.m2\repository\io\netty\netty-transport-native-unix-common\4.1.96.Final\netty-transport-native-unix-common-4.1.96.Final-linux-x86_64.jar;C:\Users\Ivan\.m2\repository\io\netty\netty-transport-native-epoll\4.1.96.Final\netty-transport-native-epoll-4.1.96.Final-linux-x86_64.jar;C:\Users\Ivan\.m2\repository\io\netty\netty-transport-native-unix-common\4.1.96.Final\netty-transport-native-unix-common-4.1.96.Final.jar;C:\Users\Ivan\.m2\repository\io\netty\netty-transport-classes-epoll\4.1.96.Final\netty-transport-classes-epoll-4.1.96.Final.jar;C:\Users\Ivan\.m2\repository\io\netty\netty-transport-native-unix-common\4.1.96.Final\netty-transport-native-unix-common-4.1.96.Final-linux-aarch_64.jar;C:\Users\Ivan\.m2\repository\io\netty\netty-transport-native-epoll\4.1.96.Final\netty-transport-native-epoll-4.1.96.Final-linux-aarch_64.jar;C:\Users\Ivan\.m2\repository\io\netty\netty-transport-native-unix-common\4.1.96.Final\netty-transport-native-unix-common-4.1.96.Final-osx-x86_64.jar;C:\Users\Ivan\.m2\repository\io\netty\netty-transport-native-kqueue\4.1.96.Final\netty-transport-native-kqueue-4.1.96.Final-osx-x86_64.jar;C:\Users\Ivan\.m2\repository\io\netty\netty-transport-classes-kqueue\4.1.96.Final\netty-transport-classes-kqueue-4.1.96.Final.jar;C:\Users\Ivan\.m2\repository\io\netty\netty-resolver-dns-native-macos\4.1.96.Final\netty-resolver-dns-native-macos-4.1.96.Final-osx-x86_64.jar;C:\Users\Ivan\.m2\repository\io\netty\netty-resolver-dns-classes-macos\4.1.96.Final\netty-resolver-dns-classes-macos-4.1.96.Final.jar;C:\Users\Ivan\.m2\repository\io\netty\netty-transport-native-unix-common\4.1.96.Final\netty-transport-native-unix-common-4.1.96.Final-osx-aarch_64.jar;C:\Users\Ivan\.m2\repository\io\netty\netty-transport-native-kqueue\4.1.96.Final\netty-transport-native-kqueue-4.1.96.Final-osx-aarch_64.jar;C:\Users\Ivan\.m2\repository\io\netty\netty-resolver-dns-native-macos\4.1.96.Final\netty-resolver-dns-native-macos-4.1.96.Final-osx-aarch_64.jar;C:\Users\Ivan\.m2\repository\io\netty\netty-tcnative-boringssl-static\2.0.61.Final\netty-tcnative-boringssl-static-2.0.61.Final-linux-x86_64.jar;C:\Users\Ivan\.m2\repository\io\netty\netty-tcnative-classes\2.0.61.Final\netty-tcnative-classes-2.0.61.Final.jar;C:\Users\Ivan\.m2\repository\io\netty\netty-tcnative-boringssl-static\2.0.61.Final\netty-tcnative-boringssl-static-2.0.61.Final-linux-aarch_64.jar;C:\Users\Ivan\.m2\repository\io\netty\netty-tcnative-boringssl-static\2.0.61.Final\netty-tcnative-boringssl-static-2.0.61.Final-osx-x86_64.jar;C:\Users\Ivan\.m2\repository\io\netty\netty-tcnative-boringssl-static\2.0.61.Final\netty-tcnative-boringssl-static-2.0.61.Final-osx-aarch_64.jar;C:\Users\Ivan\.m2\repository\io\netty\netty-tcnative-boringssl-static\2.0.61.Final\netty-tcnative-boringssl-static-2.0.61.Final-windows-x86_64.jar;C:\Users\Ivan\.m2\repository\com\aayushatharva\brotli4j\brotli4j\1.12.0\brotli4j-1.12.0.jar;C:\Users\Ivan\.m2\repository\com\aayushatharva\brotli4j\service\1.12.0\service-1.12.0.jar;C:\Users\Ivan\.m2\repository\com\aayushatharva\brotli4j\native-windows-x86_64\1.12.0\native-windows-x86_64-1.12.0.jar;C:\Users\Ivan\.m2\repository\commons-codec\commons-codec\1.16.0\commons-codec-1.16.0.jar;C:\Users\Ivan\.m2\repository\org\antlr\antlr4-runtime\4.11.1\antlr4-runtime-4.11.1.jar;C:\Users\Ivan\.m2\repository\com\jayway\jsonpath\json-path\2.8.0\json-path-2.8.0.jar;C:\Users\Ivan\.m2\repository\net\minidev\json-smart\2.4.10\json-smart-2.4.10.jar;C:\Users\Ivan\.m2\repository\net\minidev\accessors-smart\2.4.9\accessors-smart-2.4.9.jar;C:\Users\Ivan\.m2\repository\org\ow2\asm\asm\9.3\asm-9.3.jar;C:\Users\Ivan\.m2\repository\org\yaml\snakeyaml\2.0\snakeyaml-2.0.jar;C:\Users\Ivan\.m2\repository\de\siegmar\fastcsv\2.2.1\fastcsv-2.2.1.jar;C:\Users\Ivan\.m2\repository\info\picocli\picocli\4.7.1\picocli-4.7.1.jar;C:\Users\Ivan\.m2\repository\io\github\classgraph\classgraph\4.8.160\classgraph-4.8.160.jar;C:\Users\Ivan\.m2\repository\io\github\t12y\resemble\1.0.2\resemble-1.0.2.jar;C:\Users\Ivan\.m2\repository\io\github\t12y\ssim\1.0.0\ssim-1.0.0.jar;"/>
    <property name="java.vm.vendor" value="Oracle Corporation"/>
    <property name="sun.arch.data.model" value="64"/>
    <property name="karate.env" value="preprod"/>
    <property name="user.variant" value=""/>
    <property name="java.vendor.url" value="https://java.oracle.com/"/>
    <property name="user.timezone" value="America/Mexico_City"/>
    <property name="os.name" value="Windows 10"/>
    <property name="java.vm.specification.version" value="17"/>
    <property name="sun.java.launcher" value="SUN_STANDARD"/>
    <property name="user.country" value="MX"/>
    <property name="sun.boot.library.path" value="C:\Program Files\Java\jdk-17\bin"/>
    <property name="sun.java.command" value="C:\Users\Ivan\AppData\Local\Temp\surefire5504426541523182379\surefirebooter-20231129181201427_3.jar C:\Users\Ivan\AppData\Local\Temp\surefire5504426541523182379 2023-11-29T18-12-00_998-jvmRun1 surefire-20231129181201427_1tmp surefire_0-20231129181201427_2tmp"/>
    <property name="jdk.debug" value="release"/>
    <property name="surefire.test.class.path" value="C:\Users\Ivan\eclipse-workspace\karateDemo\target\test-classes;C:\Users\Ivan\eclipse-workspace\karateDemo\target\classes;C:\Users\Ivan\.m2\repository\com\intuit\karate\karate-apache\0.9.6\karate-apache-0.9.6.jar;C:\Users\Ivan\.m2\repository\org\apache\httpcomponents\httpclient\4.5.12\httpclient-4.5.12.jar;C:\Users\Ivan\.m2\repository\org\apache\httpcomponents\httpcore\4.4.13\httpcore-4.4.13.jar;C:\Users\Ivan\.m2\repository\org\apache\httpcomponents\httpmime\4.5.12\httpmime-4.5.12.jar;C:\Users\Ivan\.m2\repository\org\slf4j\jcl-over-slf4j\1.7.25\jcl-over-slf4j-1.7.25.jar;C:\Users\Ivan\.m2\repository\org\slf4j\slf4j-api\1.7.25\slf4j-api-1.7.25.jar;C:\Users\Ivan\.m2\repository\ch\qos\logback\logback-classic\1.2.3\logback-classic-1.2.3.jar;C:\Users\Ivan\.m2\repository\ch\qos\logback\logback-core\1.2.3\logback-core-1.2.3.jar;C:\Users\Ivan\.m2\repository\com\intuit\karate\karate-junit4\1.4.0.RC3\karate-junit4-1.4.0.RC3.jar;C:\Users\Ivan\.m2\repository\junit\junit\4.13.1\junit-4.13.1.jar;C:\Users\Ivan\.m2\repository\org\hamcrest\hamcrest-core\1.3\hamcrest-core-1.3.jar;C:\Users\Ivan\.m2\repository\com\intuit\karate\karate-core\1.4.1\karate-core-1.4.1.jar;C:\Users\Ivan\.m2\repository\org\graalvm\js\js-scriptengine\22.3.3\js-scriptengine-22.3.3.jar;C:\Users\Ivan\.m2\repository\org\graalvm\sdk\graal-sdk\22.3.3\graal-sdk-22.3.3.jar;C:\Users\Ivan\.m2\repository\org\graalvm\js\js\22.3.3\js-22.3.3.jar;C:\Users\Ivan\.m2\repository\org\graalvm\regex\regex\22.3.3\regex-22.3.3.jar;C:\Users\Ivan\.m2\repository\org\graalvm\truffle\truffle-api\22.3.3\truffle-api-22.3.3.jar;C:\Users\Ivan\.m2\repository\com\ibm\icu\icu4j\71.1\icu4j-71.1.jar;C:\Users\Ivan\.m2\repository\org\thymeleaf\thymeleaf\3.1.2.RELEASE\thymeleaf-3.1.2.RELEASE.jar;C:\Users\Ivan\.m2\repository\ognl\ognl\3.3.4\ognl-3.3.4.jar;C:\Users\Ivan\.m2\repository\org\javassist\javassist\3.29.0-GA\javassist-3.29.0-GA.jar;C:\Users\Ivan\.m2\repository\org\attoparser\attoparser\2.0.7.RELEASE\attoparser-2.0.7.RELEASE.jar;C:\Users\Ivan\.m2\repository\org\unbescape\unbescape\1.1.6.RELEASE\unbescape-1.1.6.RELEASE.jar;C:\Users\Ivan\.m2\repository\com\linecorp\armeria\armeria\1.25.2\armeria-1.25.2.jar;C:\Users\Ivan\.m2\repository\com\fasterxml\jackson\core\jackson-core\2.15.2\jackson-core-2.15.2.jar;C:\Users\Ivan\.m2\repository\com\fasterxml\jackson\core\jackson-annotations\2.15.2\jackson-annotations-2.15.2.jar;C:\Users\Ivan\.m2\repository\com\fasterxml\jackson\core\jackson-databind\2.15.2\jackson-databind-2.15.2.jar;C:\Users\Ivan\.m2\repository\com\fasterxml\jackson\datatype\jackson-datatype-jdk8\2.15.2\jackson-datatype-jdk8-2.15.2.jar;C:\Users\Ivan\.m2\repository\com\fasterxml\jackson\datatype\jackson-datatype-jsr310\2.15.2\jackson-datatype-jsr310-2.15.2.jar;C:\Users\Ivan\.m2\repository\io\micrometer\micrometer-core\1.11.3\micrometer-core-1.11.3.jar;C:\Users\Ivan\.m2\repository\io\micrometer\micrometer-commons\1.11.3\micrometer-commons-1.11.3.jar;C:\Users\Ivan\.m2\repository\io\micrometer\micrometer-observation\1.11.3\micrometer-observation-1.11.3.jar;C:\Users\Ivan\.m2\repository\org\hdrhistogram\HdrHistogram\2.1.12\HdrHistogram-2.1.12.jar;C:\Users\Ivan\.m2\repository\org\latencyutils\LatencyUtils\2.0.3\LatencyUtils-2.0.3.jar;C:\Users\Ivan\.m2\repository\io\netty\netty-transport\4.1.96.Final\netty-transport-4.1.96.Final.jar;C:\Users\Ivan\.m2\repository\io\netty\netty-common\4.1.96.Final\netty-common-4.1.96.Final.jar;C:\Users\Ivan\.m2\repository\io\netty\netty-buffer\4.1.96.Final\netty-buffer-4.1.96.Final.jar;C:\Users\Ivan\.m2\repository\io\netty\netty-resolver\4.1.96.Final\netty-resolver-4.1.96.Final.jar;C:\Users\Ivan\.m2\repository\io\netty\netty-codec-haproxy\4.1.96.Final\netty-codec-haproxy-4.1.96.Final.jar;C:\Users\Ivan\.m2\repository\io\netty\netty-codec\4.1.96.Final\netty-codec-4.1.96.Final.jar;C:\Users\Ivan\.m2\repository\io\netty\netty-codec-http2\4.1.96.Final\netty-codec-http2-4.1.96.Final.jar;C:\Users\Ivan\.m2\repository\io\netty\netty-handler\4.1.96.Final\netty-handler-4.1.96.Final.jar;C:\Users\Ivan\.m2\repository\io\netty\netty-codec-http\4.1.96.Final\netty-codec-http-4.1.96.Final.jar;C:\Users\Ivan\.m2\repository\io\netty\netty-resolver-dns\4.1.96.Final\netty-resolver-dns-4.1.96.Final.jar;C:\Users\Ivan\.m2\repository\io\netty\netty-codec-dns\4.1.96.Final\netty-codec-dns-4.1.96.Final.jar;C:\Users\Ivan\.m2\repository\org\reactivestreams\reactive-streams\1.0.4\reactive-streams-1.0.4.jar;C:\Users\Ivan\.m2\repository\com\google\code\findbugs\jsr305\3.0.2\jsr305-3.0.2.jar;C:\Users\Ivan\.m2\repository\io\netty\netty-handler-proxy\4.1.96.Final\netty-handler-proxy-4.1.96.Final.jar;C:\Users\Ivan\.m2\repository\io\netty\netty-codec-socks\4.1.96.Final\netty-codec-socks-4.1.96.Final.jar;C:\Users\Ivan\.m2\repository\io\netty\netty-transport-native-unix-common\4.1.96.Final\netty-transport-native-unix-common-4.1.96.Final-linux-x86_64.jar;C:\Users\Ivan\.m2\repository\io\netty\netty-transport-native-epoll\4.1.96.Final\netty-transport-native-epoll-4.1.96.Final-linux-x86_64.jar;C:\Users\Ivan\.m2\repository\io\netty\netty-transport-native-unix-common\4.1.96.Final\netty-transport-native-unix-common-4.1.96.Final.jar;C:\Users\Ivan\.m2\repository\io\netty\netty-transport-classes-epoll\4.1.96.Final\netty-transport-classes-epoll-4.1.96.Final.jar;C:\Users\Ivan\.m2\repository\io\netty\netty-transport-native-unix-common\4.1.96.Final\netty-transport-native-unix-common-4.1.96.Final-linux-aarch_64.jar;C:\Users\Ivan\.m2\repository\io\netty\netty-transport-native-epoll\4.1.96.Final\netty-transport-native-epoll-4.1.96.Final-linux-aarch_64.jar;C:\Users\Ivan\.m2\repository\io\netty\netty-transport-native-unix-common\4.1.96.Final\netty-transport-native-unix-common-4.1.96.Final-osx-x86_64.jar;C:\Users\Ivan\.m2\repository\io\netty\netty-transport-native-kqueue\4.1.96.Final\netty-transport-native-kqueue-4.1.96.Final-osx-x86_64.jar;C:\Users\Ivan\.m2\repository\io\netty\netty-transport-classes-kqueue\4.1.96.Final\netty-transport-classes-kqueue-4.1.96.Final.jar;C:\Users\Ivan\.m2\repository\io\netty\netty-resolver-dns-native-macos\4.1.96.Final\netty-resolver-dns-native-macos-4.1.96.Final-osx-x86_64.jar;C:\Users\Ivan\.m2\repository\io\netty\netty-resolver-dns-classes-macos\4.1.96.Final\netty-resolver-dns-classes-macos-4.1.96.Final.jar;C:\Users\Ivan\.m2\repository\io\netty\netty-transport-native-unix-common\4.1.96.Final\netty-transport-native-unix-common-4.1.96.Final-osx-aarch_64.jar;C:\Users\Ivan\.m2\repository\io\netty\netty-transport-native-kqueue\4.1.96.Final\netty-transport-native-kqueue-4.1.96.Final-osx-aarch_64.jar;C:\Users\Ivan\.m2\repository\io\netty\netty-resolver-dns-native-macos\4.1.96.Final\netty-resolver-dns-native-macos-4.1.96.Final-osx-aarch_64.jar;C:\Users\Ivan\.m2\repository\io\netty\netty-tcnative-boringssl-static\2.0.61.Final\netty-tcnative-boringssl-static-2.0.61.Final-linux-x86_64.jar;C:\Users\Ivan\.m2\repository\io\netty\netty-tcnative-classes\2.0.61.Final\netty-tcnative-classes-2.0.61.Final.jar;C:\Users\Ivan\.m2\repository\io\netty\netty-tcnative-boringssl-static\2.0.61.Final\netty-tcnative-boringssl-static-2.0.61.Final-linux-aarch_64.jar;C:\Users\Ivan\.m2\repository\io\netty\netty-tcnative-boringssl-static\2.0.61.Final\netty-tcnative-boringssl-static-2.0.61.Final-osx-x86_64.jar;C:\Users\Ivan\.m2\repository\io\netty\netty-tcnative-boringssl-static\2.0.61.Final\netty-tcnative-boringssl-static-2.0.61.Final-osx-aarch_64.jar;C:\Users\Ivan\.m2\repository\io\netty\netty-tcnative-boringssl-static\2.0.61.Final\netty-tcnative-boringssl-static-2.0.61.Final-windows-x86_64.jar;C:\Users\Ivan\.m2\repository\com\aayushatharva\brotli4j\brotli4j\1.12.0\brotli4j-1.12.0.jar;C:\Users\Ivan\.m2\repository\com\aayushatharva\brotli4j\service\1.12.0\service-1.12.0.jar;C:\Users\Ivan\.m2\repository\com\aayushatharva\brotli4j\native-windows-x86_64\1.12.0\native-windows-x86_64-1.12.0.jar;C:\Users\Ivan\.m2\repository\commons-codec\commons-codec\1.16.0\commons-codec-1.16.0.jar;C:\Users\Ivan\.m2\repository\org\antlr\antlr4-runtime\4.11.1\antlr4-runtime-4.11.1.jar;C:\Users\Ivan\.m2\repository\com\jayway\jsonpath\json-path\2.8.0\json-path-2.8.0.jar;C:\Users\Ivan\.m2\repository\net\minidev\json-smart\2.4.10\json-smart-2.4.10.jar;C:\Users\Ivan\.m2\repository\net\minidev\accessors-smart\2.4.9\accessors-smart-2.4.9.jar;C:\Users\Ivan\.m2\repository\org\ow2\asm\asm\9.3\asm-9.3.jar;C:\Users\Ivan\.m2\repository\org\yaml\snakeyaml\2.0\snakeyaml-2.0.jar;C:\Users\Ivan\.m2\repository\de\siegmar\fastcsv\2.2.1\fastcsv-2.2.1.jar;C:\Users\Ivan\.m2\repository\info\picocli\picocli\4.7.1\picocli-4.7.1.jar;C:\Users\Ivan\.m2\repository\io\github\classgraph\classgraph\4.8.160\classgraph-4.8.160.jar;C:\Users\Ivan\.m2\repository\io\github\t12y\resemble\1.0.2\resemble-1.0.2.jar;C:\Users\Ivan\.m2\repository\io\github\t12y\ssim\1.0.0\ssim-1.0.0.jar;"/>
    <property name="sun.cpu.endian" value="little"/>
    <property name="user.home" value="C:\Users\Ivan"/>
    <property name="user.language" value="es"/>
    <property name="java.specification.vendor" value="Oracle Corporation"/>
    <property name="java.version.date" value="2023-10-17"/>
    <property name="java.home" value="C:\Program Files\Java\jdk-17"/>
    <property name="file.separator" value="\"/>
    <property name="basedir" value="C:\Users\Ivan\eclipse-workspace\karateDemo"/>
    <property name="java.vm.compressedOopsMode" value="32-bit"/>
    <property name="line.separator" value="&#10;"/>
    <property name="java.vm.specification.vendor" value="Oracle Corporation"/>
    <property name="java.specification.name" value="Java Platform API Specification"/>
    <property name="surefire.real.class.path" value="C:\Users\Ivan\AppData\Local\Temp\surefire5504426541523182379\surefirebooter-20231129181201427_3.jar"/>
    <property name="user.script" value=""/>
    <property name="sun.management.compiler" value="HotSpot 64-Bit Tiered Compilers"/>
    <property name="java.runtime.version" value="17.0.9+11-LTS-201"/>
    <property name="user.name" value="Ivan"/>
    <property name="path.separator" value=";"/>
    <property name="os.version" value="10.0"/>
    <property name="java.runtime.name" value="Java(TM) SE Runtime Environment"/>
    <property name="file.encoding" value="Cp1252"/>
    <property name="java.vm.name" value="Java HotSpot(TM) 64-Bit Server VM"/>
    <property name="localRepository" value="C:\Users\Ivan\.m2\repository"/>
    <property name="java.vendor.url.bug" value="https://bugreport.java.com/bugreport/"/>
    <property name="java.io.tmpdir" value="C:\Users\Ivan\AppData\Local\Temp\"/>
    <property name="java.version" value="17.0.9"/>
    <property name="user.dir" value="C:\Users\Ivan\eclipse-workspace\karateDemo"/>
    <property name="os.arch" value="amd64"/>
    <property name="java.vm.specification.name" value="Java Virtual Machine Specification"/>
    <property name="sun.os.patch.level" value=""/>
    <property name="native.encoding" value="Cp1252"/>
    <property name="java.library.path" value="C:\Program Files\Java\jdk-17\bin;C:\Windows\Sun\Java\bin;C:\Windows\system32;C:\Windows;C:\Program Files\Common Files\Oracle\Java\javapath;C:\Windows\system32;C:\Windows;C:\Windows\System32\Wbem;C:\Windows\System32\WindowsPowerShell\v1.0\;C:\Windows\System32\OpenSSH\;C:\Program Files (x86)\ATI Technologies\ATI.ACE\Core-Static;C:\Program Files\Git\cmd;C:\Users\Ivan\apache-maven-3.9.5\bin;C:\Users\Ivan\AppData\Local\Microsoft\WindowsApps;."/>
    <property name="java.vm.info" value="mixed mode, sharing"/>
    <property name="java.vendor" value="Oracle Corporation"/>
    <property name="java.vm.version" value="17.0.9+11-LTS-201"/>
    <property name="sun.io.unicode.encoding" value="UnicodeLittle"/>
    <property name="java.class.version" value="61.0"/>
  </properties>
  <testcase name="[1:6] get values from karate config js" classname="[Tests/CONFIGdemo] config file demo" time="0.184">
    <system-out><![CDATA[18:12:04.189 [main] INFO com.intuit.karate.Runner - using system property 'karate.env': preprod
18:12:05.930 [main] INFO com.intuit.karate.Runner - using system property 'karate.env': preprod
18:12:05.946 [main] DEBUG com.intuit.karate.Suite - [config] classpath:karate-config.js
18:12:10.043 [main] INFO com.intuit.karate - The value of enviroment is : preprod 
18:12:10.282 [main] INFO com.intuit.karate - [print] Ivan 
]]></system-out>
  </testcase>
  <testcase name="[2:10] get config 2" classname="[Tests/CONFIGdemo] config file demo" time="2.382">
    <error message="status code was: 404, expected: 200, response time in milliseconds: 973, url: https://reqres.in/api/default/users%3Fpage=2, response: &#10;{}&#10;classpath:Tests/CONFIGdemo.feature:13" type="com.intuit.karate.KarateException"><![CDATA[com.intuit.karate.KarateException: 
status code was: 404, expected: 200, response time in milliseconds: 973, url: https://reqres.in/api/default/users%3Fpage=2, response: 
{}
classpath:Tests/CONFIGdemo.feature:13
	at <feature>.: Then status 200 (classpath:Tests/CONFIGdemo.feature:13:13)
]]></error>
    <system-out><![CDATA[18:12:10.339 [main] INFO com.intuit.karate - The value of enviroment is : preprod 
18:12:11.258 [main] DEBUG org.apache.http.client.protocol.RequestAddCookies - CookieSpec selected: karate
18:12:11.279 [main] DEBUG org.apache.http.client.protocol.RequestAuthCache - Auth cache not set in the context
18:12:11.287 [main] DEBUG com.intuit.karate - request:
1 > GET https://reqres.in/api/default/users%3Fpage=2
1 > Host: reqres.in
1 > Connection: Keep-Alive
1 > User-Agent: Apache-HttpClient/4.5.12 (Java/17.0.9)
1 > Accept-Encoding: gzip,deflate


18:12:11.289 [main] DEBUG org.apache.http.impl.conn.PoolingHttpClientConnectionManager - Connection request: [route: {s}->https://reqres.in:443][total available: 0; route allocated: 0 of 5; total allocated: 0 of 10]
18:12:11.329 [main] DEBUG org.apache.http.impl.conn.PoolingHttpClientConnectionManager - Connection leased: [id: 0][route: {s}->https://reqres.in:443][total available: 0; route allocated: 1 of 5; total allocated: 1 of 10]
18:12:11.334 [main] DEBUG org.apache.http.impl.execchain.MainClientExec - Opening connection {s}->https://reqres.in:443
18:12:11.364 [main] DEBUG org.apache.http.impl.conn.DefaultHttpClientConnectionOperator - Connecting to reqres.in/104.26.10.213:443
18:12:11.364 [main] DEBUG org.apache.http.conn.ssl.SSLConnectionSocketFactory - Connecting socket to reqres.in/104.26.10.213:443 with timeout 5000
18:12:11.491 [main] DEBUG org.apache.http.conn.ssl.SSLConnectionSocketFactory - Enabled protocols: [TLSv1.3, TLSv1.2]
18:12:11.492 [main] DEBUG org.apache.http.conn.ssl.SSLConnectionSocketFactory - Enabled cipher suites:[TLS_AES_256_GCM_SHA384, TLS_AES_128_GCM_SHA256, TLS_CHACHA20_POLY1305_SHA256, TLS_ECDHE_ECDSA_WITH_AES_256_GCM_SHA384, TLS_ECDHE_ECDSA_WITH_AES_128_GCM_SHA256, TLS_ECDHE_ECDSA_WITH_CHACHA20_POLY1305_SHA256, TLS_ECDHE_RSA_WITH_AES_256_GCM_SHA384, TLS_ECDHE_RSA_WITH_CHACHA20_POLY1305_SHA256, TLS_ECDHE_RSA_WITH_AES_128_GCM_SHA256, TLS_DHE_RSA_WITH_AES_256_GCM_SHA384, TLS_DHE_RSA_WITH_CHACHA20_POLY1305_SHA256, TLS_DHE_DSS_WITH_AES_256_GCM_SHA384, TLS_DHE_RSA_WITH_AES_128_GCM_SHA256, TLS_DHE_DSS_WITH_AES_128_GCM_SHA256, TLS_ECDHE_ECDSA_WITH_AES_256_CBC_SHA384, TLS_ECDHE_RSA_WITH_AES_256_CBC_SHA384, TLS_ECDHE_ECDSA_WITH_AES_128_CBC_SHA256, TLS_ECDHE_RSA_WITH_AES_128_CBC_SHA256, TLS_DHE_RSA_WITH_AES_256_CBC_SHA256, TLS_DHE_DSS_WITH_AES_256_CBC_SHA256, TLS_DHE_RSA_WITH_AES_128_CBC_SHA256, TLS_DHE_DSS_WITH_AES_128_CBC_SHA256, TLS_ECDH_ECDSA_WITH_AES_256_GCM_SHA384, TLS_ECDH_RSA_WITH_AES_256_GCM_SHA384, TLS_ECDH_ECDSA_WITH_AES_128_GCM_SHA256, TLS_ECDH_RSA_WITH_AES_128_GCM_SHA256, TLS_ECDH_ECDSA_WITH_AES_256_CBC_SHA384, TLS_ECDH_RSA_WITH_AES_256_CBC_SHA384, TLS_ECDH_ECDSA_WITH_AES_128_CBC_SHA256, TLS_ECDH_RSA_WITH_AES_128_CBC_SHA256, TLS_ECDHE_ECDSA_WITH_AES_256_CBC_SHA, TLS_ECDHE_RSA_WITH_AES_256_CBC_SHA, TLS_ECDHE_ECDSA_WITH_AES_128_CBC_SHA, TLS_ECDHE_RSA_WITH_AES_128_CBC_SHA, TLS_DHE_RSA_WITH_AES_256_CBC_SHA, TLS_DHE_DSS_WITH_AES_256_CBC_SHA, TLS_DHE_RSA_WITH_AES_128_CBC_SHA, TLS_DHE_DSS_WITH_AES_128_CBC_SHA, TLS_ECDH_ECDSA_WITH_AES_256_CBC_SHA, TLS_ECDH_RSA_WITH_AES_256_CBC_SHA, TLS_ECDH_ECDSA_WITH_AES_128_CBC_SHA, TLS_ECDH_RSA_WITH_AES_128_CBC_SHA, TLS_RSA_WITH_AES_256_GCM_SHA384, TLS_RSA_WITH_AES_128_GCM_SHA256, TLS_RSA_WITH_AES_256_CBC_SHA256, TLS_RSA_WITH_AES_128_CBC_SHA256, TLS_RSA_WITH_AES_256_CBC_SHA, TLS_RSA_WITH_AES_128_CBC_SHA, TLS_EMPTY_RENEGOTIATION_INFO_SCSV]
18:12:11.492 [main] DEBUG org.apache.http.conn.ssl.SSLConnectionSocketFactory - Starting handshake
18:12:11.915 [main] DEBUG org.apache.http.conn.ssl.SSLConnectionSocketFactory - Secure session established
18:12:11.915 [main] DEBUG org.apache.http.conn.ssl.SSLConnectionSocketFactory -  negotiated protocol: TLSv1.3
18:12:11.915 [main] DEBUG org.apache.http.conn.ssl.SSLConnectionSocketFactory -  negotiated cipher suite: TLS_AES_256_GCM_SHA384
18:12:11.915 [main] DEBUG org.apache.http.conn.ssl.SSLConnectionSocketFactory -  peer principal: CN=sni.cloudflaressl.com, O="Cloudflare, Inc.", L=San Francisco, ST=California, C=US
18:12:11.917 [main] DEBUG org.apache.http.conn.ssl.SSLConnectionSocketFactory -  peer alternative names: [reqres.in, *.reqres.in, sni.cloudflaressl.com]
18:12:11.918 [main] DEBUG org.apache.http.conn.ssl.SSLConnectionSocketFactory -  issuer principal: CN=Cloudflare Inc ECC CA-3, O="Cloudflare, Inc.", C=US
18:12:11.933 [main] DEBUG org.apache.http.impl.conn.DefaultHttpClientConnectionOperator - Connection established 192.168.1.66:59208<->104.26.10.213:443
18:12:11.934 [main] DEBUG org.apache.http.impl.conn.DefaultManagedHttpClientConnection - http-outgoing-0: set socket timeout to 5000
18:12:11.934 [main] DEBUG org.apache.http.impl.execchain.MainClientExec - Executing request GET /api/default/users%3Fpage=2 HTTP/1.1
18:12:11.934 [main] DEBUG org.apache.http.impl.execchain.MainClientExec - Target auth state: UNCHALLENGED
18:12:11.936 [main] DEBUG org.apache.http.impl.execchain.MainClientExec - Proxy auth state: UNCHALLENGED
18:12:11.939 [main] DEBUG org.apache.http.headers - http-outgoing-0 >> GET /api/default/users%3Fpage=2 HTTP/1.1
18:12:11.940 [main] DEBUG org.apache.http.headers - http-outgoing-0 >> Host: reqres.in
18:12:11.940 [main] DEBUG org.apache.http.headers - http-outgoing-0 >> Connection: Keep-Alive
18:12:11.940 [main] DEBUG org.apache.http.headers - http-outgoing-0 >> User-Agent: Apache-HttpClient/4.5.12 (Java/17.0.9)
18:12:11.940 [main] DEBUG org.apache.http.headers - http-outgoing-0 >> Accept-Encoding: gzip,deflate
18:12:11.940 [main] DEBUG org.apache.http.wire - http-outgoing-0 >> "GET /api/default/users%3Fpage=2 HTTP/1.1[\r][\n]"
18:12:11.940 [main] DEBUG org.apache.http.wire - http-outgoing-0 >> "Host: reqres.in[\r][\n]"
18:12:11.941 [main] DEBUG org.apache.http.wire - http-outgoing-0 >> "Connection: Keep-Alive[\r][\n]"
18:12:11.941 [main] DEBUG org.apache.http.wire - http-outgoing-0 >> "User-Agent: Apache-HttpClient/4.5.12 (Java/17.0.9)[\r][\n]"
18:12:11.941 [main] DEBUG org.apache.http.wire - http-outgoing-0 >> "Accept-Encoding: gzip,deflate[\r][\n]"
18:12:11.941 [main] DEBUG org.apache.http.wire - http-outgoing-0 >> "[\r][\n]"
18:12:12.236 [main] DEBUG org.apache.http.wire - http-outgoing-0 << "HTTP/1.1 404 Not Found[\r][\n]"
18:12:12.236 [main] DEBUG org.apache.http.wire - http-outgoing-0 << "Date: Thu, 30 Nov 2023 00:12:12 GMT[\r][\n]"
18:12:12.236 [main] DEBUG org.apache.http.wire - http-outgoing-0 << "Content-Type: application/json; charset=utf-8[\r][\n]"
18:12:12.236 [main] DEBUG org.apache.http.wire - http-outgoing-0 << "Content-Length: 2[\r][\n]"
18:12:12.237 [main] DEBUG org.apache.http.wire - http-outgoing-0 << "Connection: keep-alive[\r][\n]"
18:12:12.237 [main] DEBUG org.apache.http.wire - http-outgoing-0 << "Report-To: {"group":"heroku-nel","max_age":3600,"endpoints":[{"url":"https://nel.heroku.com/reports?ts=1701303132&sid=c4c9725f-1ab0-44d8-820f-430df2718e11&s=0bEgJ2YVjD1o%2BhfccMHzrugwhq%2B2m2A8IUxWhsxPysM%3D"}]}[\r][\n]"
18:12:12.238 [main] DEBUG org.apache.http.wire - http-outgoing-0 << "Reporting-Endpoints: heroku-nel=https://nel.heroku.com/reports?ts=1701303132&sid=c4c9725f-1ab0-44d8-820f-430df2718e11&s=0bEgJ2YVjD1o%2BhfccMHzrugwhq%2B2m2A8IUxWhsxPysM%3D[\r][\n]"
18:12:12.238 [main] DEBUG org.apache.http.wire - http-outgoing-0 << "Nel: {"report_to":"heroku-nel","max_age":3600,"success_fraction":0.005,"failure_fraction":0.05,"response_headers":["Via"]}[\r][\n]"
18:12:12.238 [main] DEBUG org.apache.http.wire - http-outgoing-0 << "X-Powered-By: Express[\r][\n]"
18:12:12.238 [main] DEBUG org.apache.http.wire - http-outgoing-0 << "Access-Control-Allow-Origin: *[\r][\n]"
18:12:12.238 [main] DEBUG org.apache.http.wire - http-outgoing-0 << "Etag: W/"2-vyGp6PvFo4RvsFtPoIWeCReyIC8"[\r][\n]"
18:12:12.238 [main] DEBUG org.apache.http.wire - http-outgoing-0 << "Via: 1.1 vegur[\r][\n]"
18:12:12.238 [main] DEBUG org.apache.http.wire - http-outgoing-0 << "Cache-Control: max-age=14400[\r][\n]"
18:12:12.238 [main] DEBUG org.apache.http.wire - http-outgoing-0 << "CF-Cache-Status: MISS[\r][\n]"
18:12:12.238 [main] DEBUG org.apache.http.wire - http-outgoing-0 << "Vary: Accept-Encoding[\r][\n]"
18:12:12.239 [main] DEBUG org.apache.http.wire - http-outgoing-0 << "Server: cloudflare[\r][\n]"
18:12:12.239 [main] DEBUG org.apache.http.wire - http-outgoing-0 << "CF-RAY: 82dee09f1d54e98b-DFW[\r][\n]"
18:12:12.239 [main] DEBUG org.apache.http.wire - http-outgoing-0 << "[\r][\n]"
18:12:12.239 [main] DEBUG org.apache.http.wire - http-outgoing-0 << "{}"
18:12:12.243 [main] DEBUG org.apache.http.headers - http-outgoing-0 << HTTP/1.1 404 Not Found
18:12:12.244 [main] DEBUG org.apache.http.headers - http-outgoing-0 << Date: Thu, 30 Nov 2023 00:12:12 GMT
18:12:12.244 [main] DEBUG org.apache.http.headers - http-outgoing-0 << Content-Type: application/json; charset=utf-8
18:12:12.244 [main] DEBUG org.apache.http.headers - http-outgoing-0 << Content-Length: 2
18:12:12.244 [main] DEBUG org.apache.http.headers - http-outgoing-0 << Connection: keep-alive
18:12:12.244 [main] DEBUG org.apache.http.headers - http-outgoing-0 << Report-To: {"group":"heroku-nel","max_age":3600,"endpoints":[{"url":"https://nel.heroku.com/reports?ts=1701303132&sid=c4c9725f-1ab0-44d8-820f-430df2718e11&s=0bEgJ2YVjD1o%2BhfccMHzrugwhq%2B2m2A8IUxWhsxPysM%3D"}]}
18:12:12.244 [main] DEBUG org.apache.http.headers - http-outgoing-0 << Reporting-Endpoints: heroku-nel=https://nel.heroku.com/reports?ts=1701303132&sid=c4c9725f-1ab0-44d8-820f-430df2718e11&s=0bEgJ2YVjD1o%2BhfccMHzrugwhq%2B2m2A8IUxWhsxPysM%3D
18:12:12.244 [main] DEBUG org.apache.http.headers - http-outgoing-0 << Nel: {"report_to":"heroku-nel","max_age":3600,"success_fraction":0.005,"failure_fraction":0.05,"response_headers":["Via"]}
18:12:12.244 [main] DEBUG org.apache.http.headers - http-outgoing-0 << X-Powered-By: Express
18:12:12.244 [main] DEBUG org.apache.http.headers - http-outgoing-0 << Access-Control-Allow-Origin: *
18:12:12.244 [main] DEBUG org.apache.http.headers - http-outgoing-0 << Etag: W/"2-vyGp6PvFo4RvsFtPoIWeCReyIC8"
18:12:12.244 [main] DEBUG org.apache.http.headers - http-outgoing-0 << Via: 1.1 vegur
18:12:12.245 [main] DEBUG org.apache.http.headers - http-outgoing-0 << Cache-Control: max-age=14400
18:12:12.245 [main] DEBUG org.apache.http.headers - http-outgoing-0 << CF-Cache-Status: MISS
18:12:12.245 [main] DEBUG org.apache.http.headers - http-outgoing-0 << Vary: Accept-Encoding
18:12:12.245 [main] DEBUG org.apache.http.headers - http-outgoing-0 << Server: cloudflare
18:12:12.245 [main] DEBUG org.apache.http.headers - http-outgoing-0 << CF-RAY: 82dee09f1d54e98b-DFW
18:12:12.254 [main] DEBUG org.apache.http.impl.execchain.MainClientExec - Connection can be kept alive indefinitely
18:12:12.260 [main] DEBUG org.apache.http.impl.conn.PoolingHttpClientConnectionManager - Connection [id: 0][route: {s}->https://reqres.in:443] can be kept alive indefinitely
18:12:12.260 [main] DEBUG org.apache.http.impl.conn.DefaultManagedHttpClientConnection - http-outgoing-0: set socket timeout to 0
18:12:12.260 [main] DEBUG org.apache.http.impl.conn.PoolingHttpClientConnectionManager - Connection released: [id: 0][route: {s}->https://reqres.in:443][total available: 1; route allocated: 1 of 5; total allocated: 1 of 10]
18:12:12.260 [main] DEBUG org.apache.http.impl.conn.PoolingHttpClientConnectionManager - Connection manager is shutting down
18:12:12.263 [main] DEBUG org.apache.http.impl.conn.DefaultManagedHttpClientConnection - http-outgoing-0: Close connection
18:12:12.267 [main] DEBUG org.apache.http.impl.conn.PoolingHttpClientConnectionManager - Connection manager shut down
18:12:12.274 [main] DEBUG com.intuit.karate - response time in milliseconds: 973
1 < 404
1 < Date: Thu, 30 Nov 2023 00:12:12 GMT
1 < Content-Type: application/json; charset=utf-8
1 < Content-Length: 2
1 < Connection: keep-alive
1 < Report-To: {"group":"heroku-nel","max_age":3600,"endpoints":[{"url":"https://nel.heroku.com/reports?ts=1701303132&sid=c4c9725f-1ab0-44d8-820f-430df2718e11&s=0bEgJ2YVjD1o%2BhfccMHzrugwhq%2B2m2A8IUxWhsxPysM%3D"}]}
1 < Reporting-Endpoints: heroku-nel=https://nel.heroku.com/reports?ts=1701303132&sid=c4c9725f-1ab0-44d8-820f-430df2718e11&s=0bEgJ2YVjD1o%2BhfccMHzrugwhq%2B2m2A8IUxWhsxPysM%3D
1 < Nel: {"report_to":"heroku-nel","max_age":3600,"success_fraction":0.005,"failure_fraction":0.05,"response_headers":["Via"]}
1 < X-Powered-By: Express
1 < Access-Control-Allow-Origin: *
1 < Etag: W/"2-vyGp6PvFo4RvsFtPoIWeCReyIC8"
1 < Via: 1.1 vegur
1 < Cache-Control: max-age=14400
1 < CF-Cache-Status: MISS
1 < Vary: Accept-Encoding
1 < Server: cloudflare
1 < CF-RAY: 82dee09f1d54e98b-DFW
{}

18:12:12.772 [main] ERROR com.intuit.karate - classpath:Tests/CONFIGdemo.feature:13
Then status 200
status code was: 404, expected: 200, response time in milliseconds: 973, url: https://reqres.in/api/default/users%3Fpage=2, response: 
{}
classpath:Tests/CONFIGdemo.feature:13
]]></system-out>
  </testcase>
  <testcase name="[1:3] Delete API test" classname="[Tests/DELETEdemo] demo of delete method" time="0.83">
    <system-out><![CDATA[18:12:12.965 [main] DEBUG org.thymeleaf.TemplateEngine - [THYMELEAF] INITIALIZING TEMPLATE ENGINE
18:12:13.415 [main] DEBUG org.thymeleaf.TemplateEngine.CONFIG - Initializing Thymeleaf Template engine configuration...
[THYMELEAF] TEMPLATE ENGINE CONFIGURATION:
[THYMELEAF] * Thymeleaf version: 3.1.2.RELEASE (built 2023-07-30T19:25:50+0000)
[THYMELEAF] * Cache Manager implementation: org.thymeleaf.cache.StandardCacheManager
[THYMELEAF] * Template resolvers:
[THYMELEAF]     * [1] com.intuit.karate.template.ResourceHtmlTemplateResolver
[THYMELEAF] * Message resolvers:
[THYMELEAF]     * org.thymeleaf.messageresolver.StandardMessageResolver
[THYMELEAF] * Link builders:
[THYMELEAF]     * org.thymeleaf.linkbuilder.StandardLinkBuilder
[THYMELEAF] * Dialect [1 of 2]: Standard (com.intuit.karate.template.KarateStandardDialect)
[THYMELEAF]     * Prefix: "th"
[THYMELEAF]     * Processors for Template Mode: HTML
[THYMELEAF]         * Element Tag Processors by [matching element and attribute name] [precedence]:
[THYMELEAF]             * [* {th:include,data-th-include}] [100]: org.thymeleaf.standard.processor.StandardIncludeTagProcessor
[THYMELEAF]             * [* {th:insert,data-th-insert}] [100]: org.thymeleaf.standard.processor.StandardInsertTagProcessor
[THYMELEAF]             * [* {th:replace,data-th-replace}] [100]: org.thymeleaf.standard.processor.StandardReplaceTagProcessor
[THYMELEAF]             * [* {th:each,data-th-each}] [200]: com.intuit.karate.template.KarateEachTagProcessor
[THYMELEAF]             * [* {th:switch,data-th-switch}] [250]: org.thymeleaf.standard.processor.StandardSwitchTagProcessor
[THYMELEAF]             * [* {th:case,data-th-case}] [275]: org.thymeleaf.standard.processor.StandardCaseTagProcessor
[THYMELEAF]             * [* {th:if,data-th-if}] [300]: org.thymeleaf.standard.processor.StandardIfTagProcessor
[THYMELEAF]             * [* {th:unless,data-th-unless}] [400]: org.thymeleaf.standard.processor.StandardUnlessTagProcessor
[THYMELEAF]             * [* {th:object,data-th-object}] [500]: org.thymeleaf.standard.processor.StandardObjectTagProcessor
[THYMELEAF]             * [* {th:with,data-th-with}] [600]: com.intuit.karate.template.KarateWithTagProcessor
[THYMELEAF]             * [* {th:attr,data-th-attr}] [700]: com.intuit.karate.template.KarateAttributeTagProcessor.KarateAttrTagProcessor
[THYMELEAF]             * [* {th:attrappend,data-th-attrappend}] [900]: com.intuit.karate.template.KarateAttributeTagProcessor.KarateAttrappendTagProcessor
[THYMELEAF]             * [* {th:attrprepend,data-th-attrprepend}] [900]: com.intuit.karate.template.KarateAttributeTagProcessor.KarateAttrprependTagProcessor
[THYMELEAF]             * [* {th:alt-title,data-th-alt-title}] [990]: org.thymeleaf.standard.processor.StandardAltTitleTagProcessor
[THYMELEAF]             * [* {th:lang-xmllang,data-th-lang-xmllang}] [990]: org.thymeleaf.standard.processor.StandardLangXmlLangTagProcessor
[THYMELEAF]             * [* {th:action,data-th-action}] [1000]: org.thymeleaf.standard.processor.StandardActionTagProcessor
[THYMELEAF]             * [* {th:checked,data-th-checked}] [1000]: org.thymeleaf.standard.processor.StandardConditionalFixedValueTagProcessor
[THYMELEAF]             * [* {th:reversed,data-th-reversed}] [1000]: org.thymeleaf.standard.processor.StandardConditionalFixedValueTagProcessor
[THYMELEAF]             * [* {th:defer,data-th-defer}] [1000]: org.thymeleaf.standard.processor.StandardConditionalFixedValueTagProcessor
[THYMELEAF]             * [* {th:loop,data-th-loop}] [1000]: org.thymeleaf.standard.processor.StandardConditionalFixedValueTagProcessor
[THYMELEAF]             * [* {th:ismap,data-th-ismap}] [1000]: org.thymeleaf.standard.processor.StandardConditionalFixedValueTagProcessor
[THYMELEAF]             * [* {th:scoped,data-th-scoped}] [1000]: org.thymeleaf.standard.processor.StandardConditionalFixedValueTagProcessor
[THYMELEAF]             * [* {th:nowrap,data-th-nowrap}] [1000]: org.thymeleaf.standard.processor.StandardConditionalFixedValueTagProcessor
[THYMELEAF]             * [* {th:declare,data-th-declare}] [1000]: org.thymeleaf.standard.processor.StandardConditionalFixedValueTagProcessor
[THYMELEAF]             * [* {th:default,data-th-default}] [1000]: org.thymeleaf.standard.processor.StandardConditionalFixedValueTagProcessor
[THYMELEAF]             * [* {th:selected,data-th-selected}] [1000]: org.thymeleaf.standard.processor.StandardConditionalFixedValueTagProcessor
[THYMELEAF]             * [* {th:seamless,data-th-seamless}] [1000]: org.thymeleaf.standard.processor.StandardConditionalFixedValueTagProcessor
[THYMELEAF]             * [* {th:controls,data-th-controls}] [1000]: org.thymeleaf.standard.processor.StandardConditionalFixedValueTagProcessor
[THYMELEAF]             * [* {th:pubdate,data-th-pubdate}] [1000]: org.thymeleaf.standard.processor.StandardConditionalFixedValueTagProcessor
[THYMELEAF]             * [* {th:open,data-th-open}] [1000]: org.thymeleaf.standard.processor.StandardConditionalFixedValueTagProcessor
[THYMELEAF]             * [* {th:required,data-th-required}] [1000]: org.thymeleaf.standard.processor.StandardConditionalFixedValueTagProcessor
[THYMELEAF]             * [* {th:multiple,data-th-multiple}] [1000]: org.thymeleaf.standard.processor.StandardConditionalFixedValueTagProcessor
[THYMELEAF]             * [* {th:formnovalidate,data-th-formnovalidate}] [1000]: org.thymeleaf.standard.processor.StandardConditionalFixedValueTagProcessor
[THYMELEAF]             * [* {th:readonly,data-th-readonly}] [1000]: org.thymeleaf.standard.processor.StandardConditionalFixedValueTagProcessor
[THYMELEAF]             * [* {th:async,data-th-async}] [1000]: org.thymeleaf.standard.processor.StandardConditionalFixedValueTagProcessor
[THYMELEAF]             * [* {th:novalidate,data-th-novalidate}] [1000]: org.thymeleaf.standard.processor.StandardConditionalFixedValueTagProcessor
[THYMELEAF]             * [* {th:autoplay,data-th-autoplay}] [1000]: org.thymeleaf.standard.processor.StandardConditionalFixedValueTagProcessor
[THYMELEAF]             * [* {th:hidden,data-th-hidden}] [1000]: org.thymeleaf.standard.processor.StandardConditionalFixedValueTagProcessor
[THYMELEAF]             * [* {th:disabled,data-th-disabled}] [1000]: org.thymeleaf.standard.processor.StandardConditionalFixedValueTagProcessor
[THYMELEAF]             * [* {th:autofocus,data-th-autofocus}] [1000]: org.thymeleaf.standard.processor.StandardConditionalFixedValueTagProcessor
[THYMELEAF]             * [* {th:onabort,data-th-onabort}] [1000]: org.thymeleaf.standard.processor.StandardDOMEventAttributeTagProcessor
[THYMELEAF]             * [* {th:onratechange,data-th-onratechange}] [1000]: org.thymeleaf.standard.processor.StandardDOMEventAttributeTagProcessor
[THYMELEAF]             * [* {th:onkeypress,data-th-onkeypress}] [1000]: org.thymeleaf.standard.processor.StandardDOMEventAttributeTagProcessor
[THYMELEAF]             * [* {th:oninvalid,data-th-oninvalid}] [1000]: org.thymeleaf.standard.processor.StandardDOMEventAttributeTagProcessor
[THYMELEAF]             * [* {th:onmousedown,data-th-onmousedown}] [1000]: org.thymeleaf.standard.processor.StandardDOMEventAttributeTagProcessor
[THYMELEAF]             * [* {th:onmouseover,data-th-onmouseover}] [1000]: org.thymeleaf.standard.processor.StandardDOMEventAttributeTagProcessor
[THYMELEAF]             * [* {th:onplaying,data-th-onplaying}] [1000]: org.thymeleaf.standard.processor.StandardDOMEventAttributeTagProcessor
[THYMELEAF]             * [* {th:onsubmit,data-th-onsubmit}] [1000]: org.thymeleaf.standard.processor.StandardDOMEventAttributeTagProcessor
[THYMELEAF]             * [* {th:oncontextmenu,data-th-oncontextmenu}] [1000]: org.thymeleaf.standard.processor.StandardDOMEventAttributeTagProcessor
[THYMELEAF]             * [* {th:ondragleave,data-th-ondragleave}] [1000]: org.thymeleaf.standard.processor.StandardDOMEventAttributeTagProcessor
[THYMELEAF]             * [* {th:onmousemove,data-th-onmousemove}] [1000]: org.thymeleaf.standard.processor.StandardDOMEventAttributeTagProcessor
[THYMELEAF]             * [* {th:onmessage,data-th-onmessage}] [1000]: org.thymeleaf.standard.processor.StandardDOMEventAttributeTagProcessor
[THYMELEAF]             * [* {th:onreadystatechange,data-th-onreadystatechange}] [1000]: org.thymeleaf.standard.processor.StandardDOMEventAttributeTagProcessor
[THYMELEAF]             * [* {th:ondrag,data-th-ondrag}] [1000]: org.thymeleaf.standard.processor.StandardDOMEventAttributeTagProcessor
[THYMELEAF]             * [* {th:onload,data-th-onload}] [1000]: org.thymeleaf.standard.processor.StandardDOMEventAttributeTagProcessor
[THYMELEAF]             * [* {th:onforminput,data-th-onforminput}] [1000]: org.thymeleaf.standard.processor.StandardDOMEventAttributeTagProcessor
[THYMELEAF]             * [* {th:onresize,data-th-onresize}] [1000]: org.thymeleaf.standard.processor.StandardDOMEventAttributeTagProcessor
[THYMELEAF]             * [* {th:onseeking,data-th-onseeking}] [1000]: org.thymeleaf.standard.processor.StandardDOMEventAttributeTagProcessor
[THYMELEAF]             * [* {th:ondragenter,data-th-ondragenter}] [1000]: org.thymeleaf.standard.processor.StandardDOMEventAttributeTagProcessor
[THYMELEAF]             * [* {th:onundo,data-th-onundo}] [1000]: org.thymeleaf.standard.processor.StandardDOMEventAttributeTagProcessor
[THYMELEAF]             * [* {th:onkeyup,data-th-onkeyup}] [1000]: org.thymeleaf.standard.processor.StandardDOMEventAttributeTagProcessor
[THYMELEAF]             * [* {th:onselect,data-th-onselect}] [1000]: org.thymeleaf.standard.processor.StandardDOMEventAttributeTagProcessor
[THYMELEAF]             * [* {th:onpopstate,data-th-onpopstate}] [1000]: org.thymeleaf.standard.processor.StandardDOMEventAttributeTagProcessor
[THYMELEAF]             * [* {th:ondragend,data-th-ondragend}] [1000]: org.thymeleaf.standard.processor.StandardDOMEventAttributeTagProcessor
[THYMELEAF]             * [* {th:onredo,data-th-onredo}] [1000]: org.thymeleaf.standard.processor.StandardDOMEventAttributeTagProcessor
[THYMELEAF]             * [* {th:onchange,data-th-onchange}] [1000]: org.thymeleaf.standard.processor.StandardDOMEventAttributeTagProcessor
[THYMELEAF]             * [* {th:onerror,data-th-onerror}] [1000]: org.thymeleaf.standard.processor.StandardDOMEventAttributeTagProcessor
[THYMELEAF]             * [* {th:ontimeupdate,data-th-ontimeupdate}] [1000]: org.thymeleaf.standard.processor.StandardDOMEventAttributeTagProcessor
[THYMELEAF]             * [* {th:onhashchange,data-th-onhashchange}] [1000]: org.thymeleaf.standard.processor.StandardDOMEventAttributeTagProcessor
[THYMELEAF]             * [* {th:onmousewheel,data-th-onmousewheel}] [1000]: org.thymeleaf.standard.processor.StandardDOMEventAttributeTagProcessor
[THYMELEAF]             * [* {th:onbeforeprint,data-th-onbeforeprint}] [1000]: org.thymeleaf.standard.processor.StandardDOMEventAttributeTagProcessor
[THYMELEAF]             * [* {th:onpause,data-th-onpause}] [1000]: org.thymeleaf.standard.processor.StandardDOMEventAttributeTagProcessor
[THYMELEAF]             * [* {th:onkeydown,data-th-onkeydown}] [1000]: org.thymeleaf.standard.processor.StandardDOMEventAttributeTagProcessor
[THYMELEAF]             * [* {th:ondragover,data-th-ondragover}] [1000]: org.thymeleaf.standard.processor.StandardDOMEventAttributeTagProcessor
[THYMELEAF]             * [* {th:onseeked,data-th-onseeked}] [1000]: org.thymeleaf.standard.processor.StandardDOMEventAttributeTagProcessor
[THYMELEAF]             * [* {th:onreset,data-th-onreset}] [1000]: org.thymeleaf.standard.processor.StandardDOMEventAttributeTagProcessor
[THYMELEAF]             * [* {th:onscroll,data-th-onscroll}] [1000]: org.thymeleaf.standard.processor.StandardDOMEventAttributeTagProcessor
[THYMELEAF]             * [* {th:onloadstart,data-th-onloadstart}] [1000]: org.thymeleaf.standard.processor.StandardDOMEventAttributeTagProcessor
[THYMELEAF]             * [* {th:onloadedmetadata,data-th-onloadedmetadata}] [1000]: org.thymeleaf.standard.processor.StandardDOMEventAttributeTagProcessor
[THYMELEAF]             * [* {th:oninput,data-th-oninput}] [1000]: org.thymeleaf.standard.processor.StandardDOMEventAttributeTagProcessor
[THYMELEAF]             * [* {th:onloadeddata,data-th-onloadeddata}] [1000]: org.thymeleaf.standard.processor.StandardDOMEventAttributeTagProcessor
[THYMELEAF]             * [* {th:onplay,data-th-onplay}] [1000]: org.thymeleaf.standard.processor.StandardDOMEventAttributeTagProcessor
[THYMELEAF]             * [* {th:onended,data-th-onended}] [1000]: org.thymeleaf.standard.processor.StandardDOMEventAttributeTagProcessor
[THYMELEAF]             * [* {th:onfocus,data-th-onfocus}] [1000]: org.thymeleaf.standard.processor.StandardDOMEventAttributeTagProcessor
[THYMELEAF]             * [* {th:onemptied,data-th-onemptied}] [1000]: org.thymeleaf.standard.processor.StandardDOMEventAttributeTagProcessor
[THYMELEAF]             * [* {th:onvolumechange,data-th-onvolumechange}] [1000]: org.thymeleaf.standard.processor.StandardDOMEventAttributeTagProcessor
[THYMELEAF]             * [* {th:onunload,data-th-onunload}] [1000]: org.thymeleaf.standard.processor.StandardDOMEventAttributeTagProcessor
[THYMELEAF]             * [* {th:onwaiting,data-th-onwaiting}] [1000]: org.thymeleaf.standard.processor.StandardDOMEventAttributeTagProcessor
[THYMELEAF]             * [* {th:ondrop,data-th-ondrop}] [1000]: org.thymeleaf.standard.processor.StandardDOMEventAttributeTagProcessor
[THYMELEAF]             * [* {th:onformchange,data-th-onformchange}] [1000]: org.thymeleaf.standard.processor.StandardDOMEventAttributeTagProcessor
[THYMELEAF]             * [* {th:onsuspend,data-th-onsuspend}] [1000]: org.thymeleaf.standard.processor.StandardDOMEventAttributeTagProcessor
[THYMELEAF]             * [* {th:onoffline,data-th-onoffline}] [1000]: org.thymeleaf.standard.processor.StandardDOMEventAttributeTagProcessor
[THYMELEAF]             * [* {th:oncanplaythrough,data-th-oncanplaythrough}] [1000]: org.thymeleaf.standard.processor.StandardDOMEventAttributeTagProcessor
[THYMELEAF]             * [* {th:ononline,data-th-ononline}] [1000]: org.thymeleaf.standard.processor.StandardDOMEventAttributeTagProcessor
[THYMELEAF]             * [* {th:onmouseout,data-th-onmouseout}] [1000]: org.thymeleaf.standard.processor.StandardDOMEventAttributeTagProcessor
[THYMELEAF]             * [* {th:ondurationchange,data-th-ondurationchange}] [1000]: org.thymeleaf.standard.processor.StandardDOMEventAttributeTagProcessor
[THYMELEAF]             * [* {th:onprogress,data-th-onprogress}] [1000]: org.thymeleaf.standard.processor.StandardDOMEventAttributeTagProcessor
[THYMELEAF]             * [* {th:oncanplay,data-th-oncanplay}] [1000]: org.thymeleaf.standard.processor.StandardDOMEventAttributeTagProcessor
[THYMELEAF]             * [* {th:onmouseup,data-th-onmouseup}] [1000]: org.thymeleaf.standard.processor.StandardDOMEventAttributeTagProcessor
[THYMELEAF]             * [* {th:onstalled,data-th-onstalled}] [1000]: org.thymeleaf.standard.processor.StandardDOMEventAttributeTagProcessor
[THYMELEAF]             * [* {th:onshow,data-th-onshow}] [1000]: org.thymeleaf.standard.processor.StandardDOMEventAttributeTagProcessor
[THYMELEAF]             * [* {th:onafterprint,data-th-onafterprint}] [1000]: org.thymeleaf.standard.processor.StandardDOMEventAttributeTagProcessor
[THYMELEAF]             * [* {th:onbeforeunload,data-th-onbeforeunload}] [1000]: org.thymeleaf.standard.processor.StandardDOMEventAttributeTagProcessor
[THYMELEAF]             * [* {th:ondragstart,data-th-ondragstart}] [1000]: org.thymeleaf.standard.processor.StandardDOMEventAttributeTagProcessor
[THYMELEAF]             * [* {th:onclick,data-th-onclick}] [1000]: org.thymeleaf.standard.processor.StandardDOMEventAttributeTagProcessor
[THYMELEAF]             * [* {th:onstorage,data-th-onstorage}] [1000]: org.thymeleaf.standard.processor.StandardDOMEventAttributeTagProcessor
[THYMELEAF]             * [* {th:ondblclick,data-th-ondblclick}] [1000]: org.thymeleaf.standard.processor.StandardDOMEventAttributeTagProcessor
[THYMELEAF]             * [* {th:onblur,data-th-onblur}] [1000]: org.thymeleaf.standard.processor.StandardDOMEventAttributeTagProcessor
[THYMELEAF]             * [* {th:href,data-th-href}] [1000]: org.thymeleaf.standard.processor.StandardHrefTagProcessor
[THYMELEAF]             * [* {th:inline,data-th-inline}] [1000]: org.thymeleaf.standard.processor.StandardInlineHTMLTagProcessor
[THYMELEAF]             * [* {th:method,data-th-method}] [1000]: org.thymeleaf.standard.processor.StandardMethodTagProcessor
[THYMELEAF]             * [* {th:name,data-th-name}] [1000]: org.thymeleaf.standard.processor.StandardNonRemovableAttributeTagProcessor
[THYMELEAF]             * [* {th:type,data-th-type}] [1000]: org.thymeleaf.standard.processor.StandardNonRemovableAttributeTagProcessor
[THYMELEAF]             * [* {th:formmethod,data-th-formmethod}] [1000]: org.thymeleaf.standard.processor.StandardRemovableAttributeTagProcessor
[THYMELEAF]             * [* {th:enctype,data-th-enctype}] [1000]: org.thymeleaf.standard.processor.StandardRemovableAttributeTagProcessor
[THYMELEAF]             * [* {th:height,data-th-height}] [1000]: org.thymeleaf.standard.processor.StandardRemovableAttributeTagProcessor
[THYMELEAF]             * [* {th:style,data-th-style}] [1000]: org.thymeleaf.standard.processor.StandardRemovableAttributeTagProcessor
[THYMELEAF]             * [* {th:valuetype,data-th-valuetype}] [1000]: org.thymeleaf.standard.processor.StandardRemovableAttributeTagProcessor
[THYMELEAF]             * [* {th:accesskey,data-th-accesskey}] [1000]: org.thymeleaf.standard.processor.StandardRemovableAttributeTagProcessor
[THYMELEAF]             * [* {th:span,data-th-span}] [1000]: org.thymeleaf.standard.processor.StandardRemovableAttributeTagProcessor
[THYMELEAF]             * [* {th:sandbox,data-th-sandbox}] [1000]: org.thymeleaf.standard.processor.StandardRemovableAttributeTagProcessor
[THYMELEAF]             * [* {th:dir,data-th-dir}] [1000]: org.thymeleaf.standard.processor.StandardRemovableAttributeTagProcessor
[THYMELEAF]             * [* {th:frame,data-th-frame}] [1000]: org.thymeleaf.standard.processor.StandardRemovableAttributeTagProcessor
[THYMELEAF]             * [* {th:border,data-th-border}] [1000]: org.thymeleaf.standard.processor.StandardRemovableAttributeTagProcessor
[THYMELEAF]             * [* {th:draggable,data-th-draggable}] [1000]: org.thymeleaf.standard.processor.StandardRemovableAttributeTagProcessor
[THYMELEAF]             * [* {th:formenctype,data-th-formenctype}] [1000]: org.thymeleaf.standard.processor.StandardRemovableAttributeTagProcessor
[THYMELEAF]             * [* {th:alt,data-th-alt}] [1000]: org.thymeleaf.standard.processor.StandardRemovableAttributeTagProcessor
[THYMELEAF]             * [* {th:align,data-th-align}] [1000]: org.thymeleaf.standard.processor.StandardRemovableAttributeTagProcessor
[THYMELEAF]             * [* {th:form,data-th-form}] [1000]: org.thymeleaf.standard.processor.StandardRemovableAttributeTagProcessor
[THYMELEAF]             * [* {th:cellpadding,data-th-cellpadding}] [1000]: org.thymeleaf.standard.processor.StandardRemovableAttributeTagProcessor
[THYMELEAF]             * [* {th:autocomplete,data-th-autocomplete}] [1000]: org.thymeleaf.standard.processor.StandardRemovableAttributeTagProcessor
[THYMELEAF]             * [* {th:vspace,data-th-vspace}] [1000]: org.thymeleaf.standard.processor.StandardRemovableAttributeTagProcessor
[THYMELEAF]             * [* {th:cite,data-th-cite}] [1000]: org.thymeleaf.standard.processor.StandardRemovableAttributeTagProcessor
[THYMELEAF]             * [* {th:for,data-th-for}] [1000]: org.thymeleaf.standard.processor.StandardRemovableAttributeTagProcessor
[THYMELEAF]             * [* {th:wrap,data-th-wrap}] [1000]: org.thymeleaf.standard.processor.StandardRemovableAttributeTagProcessor
[THYMELEAF]             * [* {th:high,data-th-high}] [1000]: org.thymeleaf.standard.processor.StandardRemovableAttributeTagProcessor
[THYMELEAF]             * [* {th:pattern,data-th-pattern}] [1000]: org.thymeleaf.standard.processor.StandardRemovableAttributeTagProcessor
[THYMELEAF]             * [* {th:challenge,data-th-challenge}] [1000]: org.thymeleaf.standard.processor.StandardRemovableAttributeTagProcessor
[THYMELEAF]             * [* {th:marginwidth,data-th-marginwidth}] [1000]: org.thymeleaf.standard.processor.StandardRemovableAttributeTagProcessor
[THYMELEAF]             * [* {th:cols,data-th-cols}] [1000]: org.thymeleaf.standard.processor.StandardRemovableAttributeTagProcessor
[THYMELEAF]             * [* {th:title,data-th-title}] [1000]: org.thymeleaf.standard.processor.StandardRemovableAttributeTagProcessor
[THYMELEAF]             * [* {th:srclang,data-th-srclang}] [1000]: org.thymeleaf.standard.processor.StandardRemovableAttributeTagProcessor
[THYMELEAF]             * [* {th:content,data-th-content}] [1000]: org.thymeleaf.standard.processor.StandardRemovableAttributeTagProcessor
[THYMELEAF]             * [* {th:scheme,data-th-scheme}] [1000]: org.thymeleaf.standard.processor.StandardRemovableAttributeTagProcessor
[THYMELEAF]             * [* {th:max,data-th-max}] [1000]: org.thymeleaf.standard.processor.StandardRemovableAttributeTagProcessor
[THYMELEAF]             * [* {th:poster,data-th-poster}] [1000]: org.thymeleaf.standard.processor.StandardRemovableAttributeTagProcessor
[THYMELEAF]             * [* {th:background,data-th-background}] [1000]: org.thymeleaf.standard.processor.StandardRemovableAttributeTagProcessor
[THYMELEAF]             * [* {th:placeholder,data-th-placeholder}] [1000]: org.thymeleaf.standard.processor.StandardRemovableAttributeTagProcessor
[THYMELEAF]             * [* {th:scope,data-th-scope}] [1000]: org.thymeleaf.standard.processor.StandardRemovableAttributeTagProcessor
[THYMELEAF]             * [* {th:scrolling,data-th-scrolling}] [1000]: org.thymeleaf.standard.processor.StandardRemovableAttributeTagProcessor
[THYMELEAF]             * [* {th:usemap,data-th-usemap}] [1000]: org.thymeleaf.standard.processor.StandardRemovableAttributeTagProcessor
[THYMELEAF]             * [* {th:radiogroup,data-th-radiogroup}] [1000]: org.thymeleaf.standard.processor.StandardRemovableAttributeTagProcessor
[THYMELEAF]             * [* {th:tabindex,data-th-tabindex}] [1000]: org.thymeleaf.standard.processor.StandardRemovableAttributeTagProcessor
[THYMELEAF]             * [* {th:kind,data-th-kind}] [1000]: org.thymeleaf.standard.processor.StandardRemovableAttributeTagProcessor
[THYMELEAF]             * [* {th:contenteditable,data-th-contenteditable}] [1000]: org.thymeleaf.standard.processor.StandardRemovableAttributeTagProcessor
[THYMELEAF]             * [* {th:label,data-th-label}] [1000]: org.thymeleaf.standard.processor.StandardRemovableAttributeTagProcessor
[THYMELEAF]             * [* {th:contextmenu,data-th-contextmenu}] [1000]: org.thymeleaf.standard.processor.StandardRemovableAttributeTagProcessor
[THYMELEAF]             * [* {th:keytype,data-th-keytype}] [1000]: org.thymeleaf.standard.processor.StandardRemovableAttributeTagProcessor
[THYMELEAF]             * [* {th:rel,data-th-rel}] [1000]: org.thymeleaf.standard.processor.StandardRemovableAttributeTagProcessor
[THYMELEAF]             * [* {th:longdesc,data-th-longdesc}] [1000]: org.thymeleaf.standard.processor.StandardRemovableAttributeTagProcessor
[THYMELEAF]             * [* {th:media,data-th-media}] [1000]: org.thymeleaf.standard.processor.StandardRemovableAttributeTagProcessor
[THYMELEAF]             * [* {th:rules,data-th-rules}] [1000]: org.thymeleaf.standard.processor.StandardRemovableAttributeTagProcessor
[THYMELEAF]             * [* {th:size,data-th-size}] [1000]: org.thymeleaf.standard.processor.StandardRemovableAttributeTagProcessor
[THYMELEAF]             * [* {th:list,data-th-list}] [1000]: org.thymeleaf.standard.processor.StandardRemovableAttributeTagProcessor
[THYMELEAF]             * [* {th:accept-charset,data-th-accept-charset}] [1000]: org.thymeleaf.standard.processor.StandardRemovableAttributeTagProcessor
[THYMELEAF]             * [* {th:abbr,data-th-abbr}] [1000]: org.thymeleaf.standard.processor.StandardRemovableAttributeTagProcessor
[THYMELEAF]             * [* {th:http-equiv,data-th-http-equiv}] [1000]: org.thymeleaf.standard.processor.StandardRemovableAttributeTagProcessor
[THYMELEAF]             * [* {th:archive,data-th-archive}] [1000]: org.thymeleaf.standard.processor.StandardRemovableAttributeTagProcessor
[THYMELEAF]             * [* {th:id,data-th-id}] [1000]: org.thymeleaf.standard.processor.StandardRemovableAttributeTagProcessor
[THYMELEAF]             * [* {th:bgcolor,data-th-bgcolor}] [1000]: org.thymeleaf.standard.processor.StandardRemovableAttributeTagProcessor
[THYMELEAF]             * [* {th:icon,data-th-icon}] [1000]: org.thymeleaf.standard.processor.StandardRemovableAttributeTagProcessor
[THYMELEAF]             * [* {th:rowspan,data-th-rowspan}] [1000]: org.thymeleaf.standard.processor.StandardRemovableAttributeTagProcessor
[THYMELEAF]             * [* {th:spellcheck,data-th-spellcheck}] [1000]: org.thymeleaf.standard.processor.StandardRemovableAttributeTagProcessor
[THYMELEAF]             * [* {th:hreflang,data-th-hreflang}] [1000]: org.thymeleaf.standard.processor.StandardRemovableAttributeTagProcessor
[THYMELEAF]             * [* {th:frameborder,data-th-frameborder}] [1000]: org.thymeleaf.standard.processor.StandardRemovableAttributeTagProcessor
[THYMELEAF]             * [* {th:data,data-th-data}] [1000]: org.thymeleaf.standard.processor.StandardRemovableAttributeTagProcessor
[THYMELEAF]             * [* {th:manifest,data-th-manifest}] [1000]: org.thymeleaf.standard.processor.StandardRemovableAttributeTagProcessor
[THYMELEAF]             * [* {th:preload,data-th-preload}] [1000]: org.thymeleaf.standard.processor.StandardRemovableAttributeTagProcessor
[THYMELEAF]             * [* {th:formtarget,data-th-formtarget}] [1000]: org.thymeleaf.standard.processor.StandardRemovableAttributeTagProcessor
[THYMELEAF]             * [* {th:codebase,data-th-codebase}] [1000]: org.thymeleaf.standard.processor.StandardRemovableAttributeTagProcessor
[THYMELEAF]             * [* {th:charset,data-th-charset}] [1000]: org.thymeleaf.standard.processor.StandardRemovableAttributeTagProcessor
[THYMELEAF]             * [* {th:classid,data-th-classid}] [1000]: org.thymeleaf.standard.processor.StandardRemovableAttributeTagProcessor
[THYMELEAF]             * [* {th:audio,data-th-audio}] [1000]: org.thymeleaf.standard.processor.StandardRemovableAttributeTagProcessor
[THYMELEAF]             * [* {th:formaction,data-th-formaction}] [1000]: org.thymeleaf.standard.processor.StandardRemovableAttributeTagProcessor
[THYMELEAF]             * [* {th:target,data-th-target}] [1000]: org.thymeleaf.standard.processor.StandardRemovableAttributeTagProcessor
[THYMELEAF]             * [* {th:width,data-th-width}] [1000]: org.thymeleaf.standard.processor.StandardRemovableAttributeTagProcessor
[THYMELEAF]             * [* {th:summary,data-th-summary}] [1000]: org.thymeleaf.standard.processor.StandardRemovableAttributeTagProcessor
[THYMELEAF]             * [* {th:low,data-th-low}] [1000]: org.thymeleaf.standard.processor.StandardRemovableAttributeTagProcessor
[THYMELEAF]             * [* {th:rows,data-th-rows}] [1000]: org.thymeleaf.standard.processor.StandardRemovableAttributeTagProcessor
[THYMELEAF]             * [* {th:lang,data-th-lang}] [1000]: org.thymeleaf.standard.processor.StandardRemovableAttributeTagProcessor
[THYMELEAF]             * [* {th:axis,data-th-axis}] [1000]: org.thymeleaf.standard.processor.StandardRemovableAttributeTagProcessor
[THYMELEAF]             * [* {th:rev,data-th-rev}] [1000]: org.thymeleaf.standard.processor.StandardRemovableAttributeTagProcessor
[THYMELEAF]             * [* {th:optimum,data-th-optimum}] [1000]: org.thymeleaf.standard.processor.StandardRemovableAttributeTagProcessor
[THYMELEAF]             * [* {th:dropzone,data-th-dropzone}] [1000]: org.thymeleaf.standard.processor.StandardRemovableAttributeTagProcessor
[THYMELEAF]             * [* {th:codetype,data-th-codetype}] [1000]: org.thymeleaf.standard.processor.StandardRemovableAttributeTagProcessor
[THYMELEAF]             * [* {th:accept,data-th-accept}] [1000]: org.thymeleaf.standard.processor.StandardRemovableAttributeTagProcessor
[THYMELEAF]             * [* {th:cellspacing,data-th-cellspacing}] [1000]: org.thymeleaf.standard.processor.StandardRemovableAttributeTagProcessor
[THYMELEAF]             * [* {th:datetime,data-th-datetime}] [1000]: org.thymeleaf.standard.processor.StandardRemovableAttributeTagProcessor
[THYMELEAF]             * [* {th:colspan,data-th-colspan}] [1000]: org.thymeleaf.standard.processor.StandardRemovableAttributeTagProcessor
[THYMELEAF]             * [* {th:standby,data-th-standby}] [1000]: org.thymeleaf.standard.processor.StandardRemovableAttributeTagProcessor
[THYMELEAF]             * [* {th:maxlength,data-th-maxlength}] [1000]: org.thymeleaf.standard.processor.StandardRemovableAttributeTagProcessor
[THYMELEAF]             * [* {th:start,data-th-start}] [1000]: org.thymeleaf.standard.processor.StandardRemovableAttributeTagProcessor
[THYMELEAF]             * [* {th:hspace,data-th-hspace}] [1000]: org.thymeleaf.standard.processor.StandardRemovableAttributeTagProcessor
[THYMELEAF]             * [* {th:sizes,data-th-sizes}] [1000]: org.thymeleaf.standard.processor.StandardRemovableAttributeTagProcessor
[THYMELEAF]             * [* {th:marginheight,data-th-marginheight}] [1000]: org.thymeleaf.standard.processor.StandardRemovableAttributeTagProcessor
[THYMELEAF]             * [* {th:class,data-th-class}] [1000]: org.thymeleaf.standard.processor.StandardRemovableAttributeTagProcessor
[THYMELEAF]             * [* {th:min,data-th-min}] [1000]: org.thymeleaf.standard.processor.StandardRemovableAttributeTagProcessor
[THYMELEAF]             * [* {th:step,data-th-step}] [1000]: org.thymeleaf.standard.processor.StandardRemovableAttributeTagProcessor
[THYMELEAF]             * [* {th:compact,data-th-compact}] [1000]: org.thymeleaf.standard.processor.StandardRemovableAttributeTagProcessor
[THYMELEAF]             * [* {th:headers,data-th-headers}] [1000]: org.thymeleaf.standard.processor.StandardRemovableAttributeTagProcessor
[THYMELEAF]             * [* {th:src,data-th-src}] [1000]: org.thymeleaf.standard.processor.StandardSrcTagProcessor
[THYMELEAF]             * [* {th:value,data-th-value}] [1000]: org.thymeleaf.standard.processor.StandardValueTagProcessor
[THYMELEAF]             * [* {th:xmlbase,data-th-xmlbase}] [1000]: org.thymeleaf.standard.processor.StandardXmlBaseTagProcessor
[THYMELEAF]             * [* {th:xmllang,data-th-xmllang}] [1000]: org.thymeleaf.standard.processor.StandardXmlLangTagProcessor
[THYMELEAF]             * [* {xmlns:th}] [1000]: org.thymeleaf.standard.processor.StandardXmlNsTagProcessor
[THYMELEAF]             * [* {th:xmlspace,data-th-xmlspace}] [1000]: org.thymeleaf.standard.processor.StandardXmlSpaceTagProcessor
[THYMELEAF]             * [* {th:classappend,data-th-classappend}] [1100]: org.thymeleaf.standard.processor.StandardClassappendTagProcessor
[THYMELEAF]             * [* {th:styleappend,data-th-styleappend}] [1100]: org.thymeleaf.standard.processor.StandardStyleappendTagProcessor
[THYMELEAF]             * [* {th:text,data-th-text}] [1300]: org.thymeleaf.standard.processor.StandardTextTagProcessor
[THYMELEAF]             * [* {th:utext,data-th-utext}] [1400]: org.thymeleaf.standard.processor.StandardUtextTagProcessor
[THYMELEAF]             * [* {th:fragment,data-th-fragment}] [1500]: org.thymeleaf.standard.processor.StandardFragmentTagProcessor
[THYMELEAF]             * [* {th:assert,data-th-assert}] [1550]: org.thymeleaf.standard.processor.StandardAssertTagProcessor
[THYMELEAF]             * [* {th:remove,data-th-remove}] [1600]: org.thymeleaf.standard.processor.StandardRemoveTagProcessor
[THYMELEAF]             * [* {th:ref,data-th-ref}] [10000]: org.thymeleaf.standard.processor.StandardRefAttributeTagProcessor
[THYMELEAF]             * [{th:block,th-block} *] [100000]: org.thymeleaf.standard.processor.StandardBlockTagProcessor
[THYMELEAF]             * [* th:*] [2147483647]: org.thymeleaf.standard.processor.StandardDefaultAttributesTagProcessor
[THYMELEAF]         * Text Processors by [precedence]:
[THYMELEAF]             * [1000]: org.thymeleaf.standard.processor.StandardInliningTextProcessor
[THYMELEAF]         * DOCTYPE Processors by [precedence]:
[THYMELEAF]             * [1000]: org.thymeleaf.standard.processor.StandardTranslationDocTypeProcessor
[THYMELEAF]         * CDATA Section Processors by [precedence]:
[THYMELEAF]             * [1000]: org.thymeleaf.standard.processor.StandardInliningCDATASectionProcessor
[THYMELEAF]         * Comment Processors by [precedence]:
[THYMELEAF]             * [1000]: org.thymeleaf.standard.processor.StandardInliningCommentProcessor
[THYMELEAF]             * [1100]: org.thymeleaf.standard.processor.StandardConditionalCommentProcessor
[THYMELEAF]     * Processors for Template Mode: XML
[THYMELEAF]         * Element Tag Processors by [matching element and attribute name] [precedence]:
[THYMELEAF]             * [* {th:include}] [100]: org.thymeleaf.standard.processor.StandardIncludeTagProcessor
[THYMELEAF]             * [* {th:insert}] [100]: org.thymeleaf.standard.processor.StandardInsertTagProcessor
[THYMELEAF]             * [* {th:replace}] [100]: org.thymeleaf.standard.processor.StandardReplaceTagProcessor
[THYMELEAF]             * [* {th:each}] [200]: com.intuit.karate.template.KarateEachTagProcessor
[THYMELEAF]             * [* {th:switch}] [250]: org.thymeleaf.standard.processor.StandardSwitchTagProcessor
[THYMELEAF]             * [* {th:case}] [275]: org.thymeleaf.standard.processor.StandardCaseTagProcessor
[THYMELEAF]             * [* {th:if}] [300]: org.thymeleaf.standard.processor.StandardIfTagProcessor
[THYMELEAF]             * [* {th:unless}] [400]: org.thymeleaf.standard.processor.StandardUnlessTagProcessor
[THYMELEAF]             * [* {th:object}] [500]: org.thymeleaf.standard.processor.StandardObjectTagProcessor
[THYMELEAF]             * [* {th:with}] [600]: com.intuit.karate.template.KarateWithTagProcessor
[THYMELEAF]             * [* {th:attr}] [700]: com.intuit.karate.template.KarateAttributeTagProcessor.KarateAttrTagProcessor
[THYMELEAF]             * [* {th:attrappend}] [900]: com.intuit.karate.template.KarateAttributeTagProcessor.KarateAttrappendTagProcessor
[THYMELEAF]             * [* {th:attrprepend}] [900]: com.intuit.karate.template.KarateAttributeTagProcessor.KarateAttrprependTagProcessor
[THYMELEAF]             * [* {th:inline}] [1000]: org.thymeleaf.standard.processor.StandardInlineXMLTagProcessor
[THYMELEAF]             * [* {xmlns:th}] [1000]: org.thymeleaf.standard.processor.StandardXmlNsTagProcessor
[THYMELEAF]             * [* {th:text}] [1300]: org.thymeleaf.standard.processor.StandardTextTagProcessor
[THYMELEAF]             * [* {th:utext}] [1400]: org.thymeleaf.standard.processor.StandardUtextTagProcessor
[THYMELEAF]             * [* {th:fragment}] [1500]: org.thymeleaf.standard.processor.StandardFragmentTagProcessor
[THYMELEAF]             * [* {th:assert}] [1550]: org.thymeleaf.standard.processor.StandardAssertTagProcessor
[THYMELEAF]             * [* {th:remove}] [1600]: org.thymeleaf.standard.processor.StandardRemoveTagProcessor
[THYMELEAF]             * [* {th:ref}] [10000]: org.thymeleaf.standard.processor.StandardRefAttributeTagProcessor
[THYMELEAF]             * [{th:block} *] [100000]: org.thymeleaf.standard.processor.StandardBlockTagProcessor
[THYMELEAF]             * [* th:*] [2147483647]: org.thymeleaf.standard.processor.StandardDefaultAttributesTagProcessor
[THYMELEAF]         * Text Processors by [precedence]:
[THYMELEAF]             * [1000]: org.thymeleaf.standard.processor.StandardInliningTextProcessor
[THYMELEAF]         * CDATA Section Processors by [precedence]:
[THYMELEAF]             * [1000]: org.thymeleaf.standard.processor.StandardInliningCDATASectionProcessor
[THYMELEAF]         * Comment Processors by [precedence]:
[THYMELEAF]             * [1000]: org.thymeleaf.standard.processor.StandardInliningCommentProcessor
[THYMELEAF]     * Processors for Template Mode: TEXT
[THYMELEAF]         * Element Tag Processors by [matching element and attribute name] [precedence]:
[THYMELEAF]             * [* {th:insert}] [100]: org.thymeleaf.standard.processor.StandardInsertTagProcessor
[THYMELEAF]             * [* {th:replace}] [100]: org.thymeleaf.standard.processor.StandardReplaceTagProcessor
[THYMELEAF]             * [* {th:each}] [200]: com.intuit.karate.template.KarateEachTagProcessor
[THYMELEAF]             * [* {th:switch}] [250]: org.thymeleaf.standard.processor.StandardSwitchTagProcessor
[THYMELEAF]             * [* {th:case}] [275]: org.thymeleaf.standard.processor.StandardCaseTagProcessor
[THYMELEAF]             * [* {th:if}] [300]: org.thymeleaf.standard.processor.StandardIfTagProcessor
[THYMELEAF]             * [* {th:unless}] [400]: org.thymeleaf.standard.processor.StandardUnlessTagProcessor
[THYMELEAF]             * [* {th:object}] [500]: org.thymeleaf.standard.processor.StandardObjectTagProcessor
[THYMELEAF]             * [* {th:with}] [600]: com.intuit.karate.template.KarateWithTagProcessor
[THYMELEAF]             * [* {th:inline}] [1000]: org.thymeleaf.standard.processor.StandardInlineTextualTagProcessor
[THYMELEAF]             * [* {th:text}] [1300]: org.thymeleaf.standard.processor.StandardTextTagProcessor
[THYMELEAF]             * [* {th:utext}] [1400]: org.thymeleaf.standard.processor.StandardUtextTagProcessor
[THYMELEAF]             * [* {th:assert}] [1550]: org.thymeleaf.standard.processor.StandardAssertTagProcessor
[THYMELEAF]             * [* {th:remove}] [1600]: org.thymeleaf.standard.processor.StandardRemoveTagProcessor
[THYMELEAF]             * [{th:block} *] [100000]: org.thymeleaf.standard.processor.StandardBlockTagProcessor
[THYMELEAF]             * [* 100000] [org.thymeleaf.standard.processor.StandardBlockTagProcessor]: {}
[THYMELEAF]         * Text Processors by [precedence]:
[THYMELEAF]             * [1000]: org.thymeleaf.standard.processor.StandardInliningTextProcessor
[THYMELEAF]     * Processors for Template Mode: JAVASCRIPT
[THYMELEAF]         * Element Tag Processors by [matching element and attribute name] [precedence]:
[THYMELEAF]             * [* {th:insert}] [100]: org.thymeleaf.standard.processor.StandardInsertTagProcessor
[THYMELEAF]             * [* {th:replace}] [100]: org.thymeleaf.standard.processor.StandardReplaceTagProcessor
[THYMELEAF]             * [* {th:each}] [200]: com.intuit.karate.template.KarateEachTagProcessor
[THYMELEAF]             * [* {th:switch}] [250]: org.thymeleaf.standard.processor.StandardSwitchTagProcessor
[THYMELEAF]             * [* {th:case}] [275]: org.thymeleaf.standard.processor.StandardCaseTagProcessor
[THYMELEAF]             * [* {th:if}] [300]: org.thymeleaf.standard.processor.StandardIfTagProcessor
[THYMELEAF]             * [* {th:unless}] [400]: org.thymeleaf.standard.processor.StandardUnlessTagProcessor
[THYMELEAF]             * [* {th:object}] [500]: org.thymeleaf.standard.processor.StandardObjectTagProcessor
[THYMELEAF]             * [* {th:with}] [600]: com.intuit.karate.template.KarateWithTagProcessor
[THYMELEAF]             * [* {th:inline}] [1000]: org.thymeleaf.standard.processor.StandardInlineTextualTagProcessor
[THYMELEAF]             * [* {th:text}] [1300]: org.thymeleaf.standard.processor.StandardTextTagProcessor
[THYMELEAF]             * [* {th:utext}] [1400]: org.thymeleaf.standard.processor.StandardUtextTagProcessor
[THYMELEAF]             * [* {th:assert}] [1550]: org.thymeleaf.standard.processor.StandardAssertTagProcessor
[THYMELEAF]             * [* {th:remove}] [1600]: org.thymeleaf.standard.processor.StandardRemoveTagProcessor
[THYMELEAF]             * [* 100000] [org.thymeleaf.standard.processor.StandardBlockTagProcessor]: {}
[THYMELEAF]             * [{th:block} *] [100000]: org.thymeleaf.standard.processor.StandardBlockTagProcessor
[THYMELEAF]         * Text Processors by [precedence]:
[THYMELEAF]             * [1000]: org.thymeleaf.standard.processor.StandardInliningTextProcessor
[THYMELEAF]     * Processors for Template Mode: CSS
[THYMELEAF]         * Element Tag Processors by [matching element and attribute name] [precedence]:
[THYMELEAF]             * [* {th:insert}] [100]: org.thymeleaf.standard.processor.StandardInsertTagProcessor
[THYMELEAF]             * [* {th:replace}] [100]: org.thymeleaf.standard.processor.StandardReplaceTagProcessor
[THYMELEAF]             * [* {th:each}] [200]: com.intuit.karate.template.KarateEachTagProcessor
[THYMELEAF]             * [* {th:switch}] [250]: org.thymeleaf.standard.processor.StandardSwitchTagProcessor
[THYMELEAF]             * [* {th:case}] [275]: org.thymeleaf.standard.processor.StandardCaseTagProcessor
[THYMELEAF]             * [* {th:if}] [300]: org.thymeleaf.standard.processor.StandardIfTagProcessor
[THYMELEAF]             * [* {th:unless}] [400]: org.thymeleaf.standard.processor.StandardUnlessTagProcessor
[THYMELEAF]             * [* {th:object}] [500]: org.thymeleaf.standard.processor.StandardObjectTagProcessor
[THYMELEAF]             * [* {th:with}] [600]: com.intuit.karate.template.KarateWithTagProcessor
[THYMELEAF]             * [* {th:inline}] [1000]: org.thymeleaf.standard.processor.StandardInlineTextualTagProcessor
[THYMELEAF]             * [* {th:text}] [1300]: org.thymeleaf.standard.processor.StandardTextTagProcessor
[THYMELEAF]             * [* {th:utext}] [1400]: org.thymeleaf.standard.processor.StandardUtextTagProcessor
[THYMELEAF]             * [* {th:assert}] [1550]: org.thymeleaf.standard.processor.StandardAssertTagProcessor
[THYMELEAF]             * [* {th:remove}] [1600]: org.thymeleaf.standard.processor.StandardRemoveTagProcessor
[THYMELEAF]             * [{th:block} *] [100000]: org.thymeleaf.standard.processor.StandardBlockTagProcessor
[THYMELEAF]             * [* 100000] [org.thymeleaf.standard.processor.StandardBlockTagProcessor]: {}
[THYMELEAF]         * Text Processors by [precedence]:
[THYMELEAF]             * [1000]: org.thymeleaf.standard.processor.StandardInliningTextProcessor
[THYMELEAF]     * Expression Objects:
[THYMELEAF]         * #ctx
[THYMELEAF]         * #root
[THYMELEAF]         * #vars
[THYMELEAF]         * #object
[THYMELEAF]         * #locale
[THYMELEAF]         * #conversions
[THYMELEAF]         * #uris
[THYMELEAF]         * #temporals
[THYMELEAF]         * #calendars
[THYMELEAF]         * #dates
[THYMELEAF]         * #bools
[THYMELEAF]         * #numbers
[THYMELEAF]         * #objects
[THYMELEAF]         * #strings
[THYMELEAF]         * #arrays
[THYMELEAF]         * #lists
[THYMELEAF]         * #sets
[THYMELEAF]         * #maps
[THYMELEAF]         * #aggregates
[THYMELEAF]         * #messages
[THYMELEAF]         * #ids
[THYMELEAF]         * #execInfo
[THYMELEAF]         * #request
[THYMELEAF]         * #response
[THYMELEAF]         * #session
[THYMELEAF]         * #servletContext
[THYMELEAF]     * Execution Attributes:
[THYMELEAF]         * "StandardExpressionParser": com.intuit.karate.template.KarateStandardDialect@2ffe243f
[THYMELEAF]         * "StandardJavaScriptSerializer": org.thymeleaf.standard.serializer.StandardJavaScriptSerializer@3a7c678b
[THYMELEAF]         * "StandardCSSSerializer": org.thymeleaf.standard.serializer.StandardCSSSerializer@28babeca
[THYMELEAF]         * "StandardVariableExpressionEvaluator": com.intuit.karate.template.KarateStandardDialect@2ffe243f
[THYMELEAF]         * "StandardConversionService": org.thymeleaf.standard.expression.StandardConversionService@1ad9b8d3
[THYMELEAF] * Dialect [2 of 2]: karate (com.intuit.karate.template.KarateScriptDialect)
[THYMELEAF]     * Prefix: "ka"
[THYMELEAF]     * Processors for Template Mode: HTML
[THYMELEAF]         * Element Tag Processors by [matching element and attribute name] [precedence]:
[THYMELEAF]             * [* {src}] [1000]: com.intuit.karate.template.KaScriptAttrProcessor
[THYMELEAF]         * Element Model Processors by [matching element and attribute name] [precedence]:
[THYMELEAF]             * [{script} {ka:scope,data-ka-scope}] [1000]: com.intuit.karate.template.KaScriptElemProcessor
[THYMELEAF]             * [* {ka:set,data-ka-set}] [1000]: com.intuit.karate.template.KaSetElemProcessor
[THYMELEAF] TEMPLATE ENGINE CONFIGURED OK
18:12:13.417 [main] DEBUG org.thymeleaf.TemplateEngine - [THYMELEAF] TEMPLATE ENGINE INITIALIZED
---------------------------------------------------------
feature: classpath:Tests/CONFIGdemo.feature
scenarios:  2 | passed:  1 | failed:  1 | time: 2.4153
---------------------------------------------------------

18:12:14.893 [main] INFO com.intuit.karate - The value of enviroment is : preprod 
18:12:14.906 [main] DEBUG org.apache.http.client.protocol.RequestAddCookies - CookieSpec selected: karate
18:12:14.907 [main] DEBUG org.apache.http.client.protocol.RequestAuthCache - Auth cache not set in the context
18:12:14.908 [main] DEBUG com.intuit.karate - request:
1 > DELETE https://reqres.in/api/users/2
1 > Host: reqres.in
1 > Connection: Keep-Alive
1 > User-Agent: Apache-HttpClient/4.5.12 (Java/17.0.9)
1 > Accept-Encoding: gzip,deflate


18:12:14.908 [main] DEBUG org.apache.http.impl.conn.PoolingHttpClientConnectionManager - Connection request: [route: {s}->https://reqres.in:443][total available: 0; route allocated: 0 of 5; total allocated: 0 of 10]
18:12:14.908 [main] DEBUG org.apache.http.impl.conn.PoolingHttpClientConnectionManager - Connection leased: [id: 1][route: {s}->https://reqres.in:443][total available: 0; route allocated: 1 of 5; total allocated: 1 of 10]
18:12:14.908 [main] DEBUG org.apache.http.impl.execchain.MainClientExec - Opening connection {s}->https://reqres.in:443
18:12:14.908 [main] DEBUG org.apache.http.impl.conn.DefaultHttpClientConnectionOperator - Connecting to reqres.in/104.26.10.213:443
18:12:14.909 [main] DEBUG org.apache.http.conn.ssl.SSLConnectionSocketFactory - Connecting socket to reqres.in/104.26.10.213:443 with timeout 5000
18:12:14.949 [main] DEBUG org.apache.http.conn.ssl.SSLConnectionSocketFactory - Enabled protocols: [TLSv1.3, TLSv1.2]
18:12:14.950 [main] DEBUG org.apache.http.conn.ssl.SSLConnectionSocketFactory - Enabled cipher suites:[TLS_AES_256_GCM_SHA384, TLS_AES_128_GCM_SHA256, TLS_CHACHA20_POLY1305_SHA256, TLS_ECDHE_ECDSA_WITH_AES_256_GCM_SHA384, TLS_ECDHE_ECDSA_WITH_AES_128_GCM_SHA256, TLS_ECDHE_ECDSA_WITH_CHACHA20_POLY1305_SHA256, TLS_ECDHE_RSA_WITH_AES_256_GCM_SHA384, TLS_ECDHE_RSA_WITH_CHACHA20_POLY1305_SHA256, TLS_ECDHE_RSA_WITH_AES_128_GCM_SHA256, TLS_DHE_RSA_WITH_AES_256_GCM_SHA384, TLS_DHE_RSA_WITH_CHACHA20_POLY1305_SHA256, TLS_DHE_DSS_WITH_AES_256_GCM_SHA384, TLS_DHE_RSA_WITH_AES_128_GCM_SHA256, TLS_DHE_DSS_WITH_AES_128_GCM_SHA256, TLS_ECDHE_ECDSA_WITH_AES_256_CBC_SHA384, TLS_ECDHE_RSA_WITH_AES_256_CBC_SHA384, TLS_ECDHE_ECDSA_WITH_AES_128_CBC_SHA256, TLS_ECDHE_RSA_WITH_AES_128_CBC_SHA256, TLS_DHE_RSA_WITH_AES_256_CBC_SHA256, TLS_DHE_DSS_WITH_AES_256_CBC_SHA256, TLS_DHE_RSA_WITH_AES_128_CBC_SHA256, TLS_DHE_DSS_WITH_AES_128_CBC_SHA256, TLS_ECDH_ECDSA_WITH_AES_256_GCM_SHA384, TLS_ECDH_RSA_WITH_AES_256_GCM_SHA384, TLS_ECDH_ECDSA_WITH_AES_128_GCM_SHA256, TLS_ECDH_RSA_WITH_AES_128_GCM_SHA256, TLS_ECDH_ECDSA_WITH_AES_256_CBC_SHA384, TLS_ECDH_RSA_WITH_AES_256_CBC_SHA384, TLS_ECDH_ECDSA_WITH_AES_128_CBC_SHA256, TLS_ECDH_RSA_WITH_AES_128_CBC_SHA256, TLS_ECDHE_ECDSA_WITH_AES_256_CBC_SHA, TLS_ECDHE_RSA_WITH_AES_256_CBC_SHA, TLS_ECDHE_ECDSA_WITH_AES_128_CBC_SHA, TLS_ECDHE_RSA_WITH_AES_128_CBC_SHA, TLS_DHE_RSA_WITH_AES_256_CBC_SHA, TLS_DHE_DSS_WITH_AES_256_CBC_SHA, TLS_DHE_RSA_WITH_AES_128_CBC_SHA, TLS_DHE_DSS_WITH_AES_128_CBC_SHA, TLS_ECDH_ECDSA_WITH_AES_256_CBC_SHA, TLS_ECDH_RSA_WITH_AES_256_CBC_SHA, TLS_ECDH_ECDSA_WITH_AES_128_CBC_SHA, TLS_ECDH_RSA_WITH_AES_128_CBC_SHA, TLS_RSA_WITH_AES_256_GCM_SHA384, TLS_RSA_WITH_AES_128_GCM_SHA256, TLS_RSA_WITH_AES_256_CBC_SHA256, TLS_RSA_WITH_AES_128_CBC_SHA256, TLS_RSA_WITH_AES_256_CBC_SHA, TLS_RSA_WITH_AES_128_CBC_SHA, TLS_EMPTY_RENEGOTIATION_INFO_SCSV]
18:12:14.950 [main] DEBUG org.apache.http.conn.ssl.SSLConnectionSocketFactory - Starting handshake
18:12:15.022 [main] DEBUG org.apache.http.conn.ssl.SSLConnectionSocketFactory - Secure session established
18:12:15.022 [main] DEBUG org.apache.http.conn.ssl.SSLConnectionSocketFactory -  negotiated protocol: TLSv1.3
18:12:15.022 [main] DEBUG org.apache.http.conn.ssl.SSLConnectionSocketFactory -  negotiated cipher suite: TLS_AES_256_GCM_SHA384
18:12:15.022 [main] DEBUG org.apache.http.conn.ssl.SSLConnectionSocketFactory -  peer principal: CN=sni.cloudflaressl.com, O="Cloudflare, Inc.", L=San Francisco, ST=California, C=US
18:12:15.022 [main] DEBUG org.apache.http.conn.ssl.SSLConnectionSocketFactory -  peer alternative names: [reqres.in, *.reqres.in, sni.cloudflaressl.com]
18:12:15.023 [main] DEBUG org.apache.http.conn.ssl.SSLConnectionSocketFactory -  issuer principal: CN=Cloudflare Inc ECC CA-3, O="Cloudflare, Inc.", C=US
18:12:15.023 [main] DEBUG org.apache.http.impl.conn.DefaultHttpClientConnectionOperator - Connection established 192.168.1.66:59209<->104.26.10.213:443
18:12:15.023 [main] DEBUG org.apache.http.impl.conn.DefaultManagedHttpClientConnection - http-outgoing-1: set socket timeout to 5000
18:12:15.023 [main] DEBUG org.apache.http.impl.execchain.MainClientExec - Executing request DELETE /api/users/2 HTTP/1.1
18:12:15.023 [main] DEBUG org.apache.http.impl.execchain.MainClientExec - Target auth state: UNCHALLENGED
18:12:15.024 [main] DEBUG org.apache.http.impl.execchain.MainClientExec - Proxy auth state: UNCHALLENGED
18:12:15.024 [main] DEBUG org.apache.http.headers - http-outgoing-1 >> DELETE /api/users/2 HTTP/1.1
18:12:15.024 [main] DEBUG org.apache.http.headers - http-outgoing-1 >> Host: reqres.in
18:12:15.024 [main] DEBUG org.apache.http.headers - http-outgoing-1 >> Connection: Keep-Alive
18:12:15.025 [main] DEBUG org.apache.http.headers - http-outgoing-1 >> User-Agent: Apache-HttpClient/4.5.12 (Java/17.0.9)
18:12:15.026 [main] DEBUG org.apache.http.headers - http-outgoing-1 >> Accept-Encoding: gzip,deflate
18:12:15.028 [main] DEBUG org.apache.http.wire - http-outgoing-1 >> "DELETE /api/users/2 HTTP/1.1[\r][\n]"
18:12:15.028 [main] DEBUG org.apache.http.wire - http-outgoing-1 >> "Host: reqres.in[\r][\n]"
18:12:15.029 [main] DEBUG org.apache.http.wire - http-outgoing-1 >> "Connection: Keep-Alive[\r][\n]"
18:12:15.029 [main] DEBUG org.apache.http.wire - http-outgoing-1 >> "User-Agent: Apache-HttpClient/4.5.12 (Java/17.0.9)[\r][\n]"
18:12:15.029 [main] DEBUG org.apache.http.wire - http-outgoing-1 >> "Accept-Encoding: gzip,deflate[\r][\n]"
18:12:15.029 [main] DEBUG org.apache.http.wire - http-outgoing-1 >> "[\r][\n]"
18:12:15.346 [main] DEBUG org.apache.http.wire - http-outgoing-1 << "HTTP/1.1 204 No Content[\r][\n]"
18:12:15.354 [main] DEBUG org.apache.http.wire - http-outgoing-1 << "Date: Thu, 30 Nov 2023 00:12:15 GMT[\r][\n]"
18:12:15.355 [main] DEBUG org.apache.http.wire - http-outgoing-1 << "Content-Length: 0[\r][\n]"
18:12:15.355 [main] DEBUG org.apache.http.wire - http-outgoing-1 << "Connection: keep-alive[\r][\n]"
18:12:15.355 [main] DEBUG org.apache.http.wire - http-outgoing-1 << "Report-To: {"group":"heroku-nel","max_age":3600,"endpoints":[{"url":"https://nel.heroku.com/reports?ts=1701303135&sid=c4c9725f-1ab0-44d8-820f-430df2718e11&s=MGlB%2FWauW7dcf3P5GLruziQpYJ7v%2BrZSp7CvYmajbts%3D"}]}[\r][\n]"
18:12:15.356 [main] DEBUG org.apache.http.wire - http-outgoing-1 << "Reporting-Endpoints: heroku-nel=https://nel.heroku.com/reports?ts=1701303135&sid=c4c9725f-1ab0-44d8-820f-430df2718e11&s=MGlB%2FWauW7dcf3P5GLruziQpYJ7v%2BrZSp7CvYmajbts%3D[\r][\n]"
18:12:15.357 [main] DEBUG org.apache.http.wire - http-outgoing-1 << "Nel: {"report_to":"heroku-nel","max_age":3600,"success_fraction":0.005,"failure_fraction":0.05,"response_headers":["Via"]}[\r][\n]"
18:12:15.360 [main] DEBUG org.apache.http.wire - http-outgoing-1 << "X-Powered-By: Express[\r][\n]"
18:12:15.360 [main] DEBUG org.apache.http.wire - http-outgoing-1 << "Access-Control-Allow-Origin: *[\r][\n]"
18:12:15.360 [main] DEBUG org.apache.http.wire - http-outgoing-1 << "Etag: W/"2-vyGp6PvFo4RvsFtPoIWeCReyIC8"[\r][\n]"
18:12:15.360 [main] DEBUG org.apache.http.wire - http-outgoing-1 << "Via: 1.1 vegur[\r][\n]"
18:12:15.360 [main] DEBUG org.apache.http.wire - http-outgoing-1 << "CF-Cache-Status: DYNAMIC[\r][\n]"
18:12:15.360 [main] DEBUG org.apache.http.wire - http-outgoing-1 << "Server: cloudflare[\r][\n]"
18:12:15.360 [main] DEBUG org.apache.http.wire - http-outgoing-1 << "CF-RAY: 82dee0b26abe7301-DFW[\r][\n]"
18:12:15.360 [main] DEBUG org.apache.http.wire - http-outgoing-1 << "[\r][\n]"
18:12:15.361 [main] DEBUG org.apache.http.headers - http-outgoing-1 << HTTP/1.1 204 No Content
18:12:15.361 [main] DEBUG org.apache.http.headers - http-outgoing-1 << Date: Thu, 30 Nov 2023 00:12:15 GMT
18:12:15.361 [main] DEBUG org.apache.http.headers - http-outgoing-1 << Content-Length: 0
18:12:15.361 [main] DEBUG org.apache.http.headers - http-outgoing-1 << Connection: keep-alive
18:12:15.361 [main] DEBUG org.apache.http.headers - http-outgoing-1 << Report-To: {"group":"heroku-nel","max_age":3600,"endpoints":[{"url":"https://nel.heroku.com/reports?ts=1701303135&sid=c4c9725f-1ab0-44d8-820f-430df2718e11&s=MGlB%2FWauW7dcf3P5GLruziQpYJ7v%2BrZSp7CvYmajbts%3D"}]}
18:12:15.361 [main] DEBUG org.apache.http.headers - http-outgoing-1 << Reporting-Endpoints: heroku-nel=https://nel.heroku.com/reports?ts=1701303135&sid=c4c9725f-1ab0-44d8-820f-430df2718e11&s=MGlB%2FWauW7dcf3P5GLruziQpYJ7v%2BrZSp7CvYmajbts%3D
18:12:15.361 [main] DEBUG org.apache.http.headers - http-outgoing-1 << Nel: {"report_to":"heroku-nel","max_age":3600,"success_fraction":0.005,"failure_fraction":0.05,"response_headers":["Via"]}
18:12:15.362 [main] DEBUG org.apache.http.headers - http-outgoing-1 << X-Powered-By: Express
18:12:15.362 [main] DEBUG org.apache.http.headers - http-outgoing-1 << Access-Control-Allow-Origin: *
18:12:15.362 [main] DEBUG org.apache.http.headers - http-outgoing-1 << Etag: W/"2-vyGp6PvFo4RvsFtPoIWeCReyIC8"
18:12:15.362 [main] DEBUG org.apache.http.headers - http-outgoing-1 << Via: 1.1 vegur
18:12:15.362 [main] DEBUG org.apache.http.headers - http-outgoing-1 << CF-Cache-Status: DYNAMIC
18:12:15.362 [main] DEBUG org.apache.http.headers - http-outgoing-1 << Server: cloudflare
18:12:15.362 [main] DEBUG org.apache.http.headers - http-outgoing-1 << CF-RAY: 82dee0b26abe7301-DFW
18:12:15.362 [main] DEBUG org.apache.http.impl.execchain.MainClientExec - Connection can be kept alive indefinitely
18:12:15.362 [main] DEBUG org.apache.http.impl.conn.PoolingHttpClientConnectionManager - Connection [id: 1][route: {s}->https://reqres.in:443] can be kept alive indefinitely
18:12:15.362 [main] DEBUG org.apache.http.impl.conn.DefaultManagedHttpClientConnection - http-outgoing-1: set socket timeout to 0
18:12:15.364 [main] DEBUG org.apache.http.impl.conn.PoolingHttpClientConnectionManager - Connection released: [id: 1][route: {s}->https://reqres.in:443][total available: 1; route allocated: 1 of 5; total allocated: 1 of 10]
18:12:15.365 [main] DEBUG org.apache.http.impl.conn.PoolingHttpClientConnectionManager - Connection manager is shutting down
18:12:15.366 [main] DEBUG org.apache.http.impl.conn.DefaultManagedHttpClientConnection - http-outgoing-1: Close connection
18:12:15.367 [main] DEBUG org.apache.http.impl.conn.PoolingHttpClientConnectionManager - Connection manager shut down
18:12:15.367 [main] DEBUG com.intuit.karate - response time in milliseconds: 457
1 < 204
1 < Date: Thu, 30 Nov 2023 00:12:15 GMT
1 < Content-Length: 0
1 < Connection: keep-alive
1 < Report-To: {"group":"heroku-nel","max_age":3600,"endpoints":[{"url":"https://nel.heroku.com/reports?ts=1701303135&sid=c4c9725f-1ab0-44d8-820f-430df2718e11&s=MGlB%2FWauW7dcf3P5GLruziQpYJ7v%2BrZSp7CvYmajbts%3D"}]}
1 < Reporting-Endpoints: heroku-nel=https://nel.heroku.com/reports?ts=1701303135&sid=c4c9725f-1ab0-44d8-820f-430df2718e11&s=MGlB%2FWauW7dcf3P5GLruziQpYJ7v%2BrZSp7CvYmajbts%3D
1 < Nel: {"report_to":"heroku-nel","max_age":3600,"success_fraction":0.005,"failure_fraction":0.05,"response_headers":["Via"]}
1 < X-Powered-By: Express
1 < Access-Control-Allow-Origin: *
1 < Etag: W/"2-vyGp6PvFo4RvsFtPoIWeCReyIC8"
1 < Via: 1.1 vegur
1 < CF-Cache-Status: DYNAMIC
1 < Server: cloudflare
1 < CF-RAY: 82dee0b26abe7301-DFW


18:12:15.380 [main] INFO com.intuit.karate - [print]  
]]></system-out>
  </testcase>
  <testcase name="[1:9] Test a sample Get API with full URL" classname="[Tests/GETdemo] Sample api Test" time="0.279">
    <system-out><![CDATA[18:12:15.407 [main] DEBUG org.thymeleaf.TemplateEngine - [THYMELEAF] INITIALIZING TEMPLATE ENGINE
18:12:15.458 [main] DEBUG org.thymeleaf.TemplateEngine.CONFIG - Initializing Thymeleaf Template engine configuration...
[THYMELEAF] TEMPLATE ENGINE CONFIGURATION:
[THYMELEAF] * Thymeleaf version: 3.1.2.RELEASE (built 2023-07-30T19:25:50+0000)
[THYMELEAF] * Cache Manager implementation: org.thymeleaf.cache.StandardCacheManager
[THYMELEAF] * Template resolvers:
[THYMELEAF]     * [1] com.intuit.karate.template.ResourceHtmlTemplateResolver
[THYMELEAF] * Message resolvers:
[THYMELEAF]     * org.thymeleaf.messageresolver.StandardMessageResolver
[THYMELEAF] * Link builders:
[THYMELEAF]     * org.thymeleaf.linkbuilder.StandardLinkBuilder
[THYMELEAF] * Dialect [1 of 2]: Standard (com.intuit.karate.template.KarateStandardDialect)
[THYMELEAF]     * Prefix: "th"
[THYMELEAF]     * Processors for Template Mode: HTML
[THYMELEAF]         * Element Tag Processors by [matching element and attribute name] [precedence]:
[THYMELEAF]             * [* {th:include,data-th-include}] [100]: org.thymeleaf.standard.processor.StandardIncludeTagProcessor
[THYMELEAF]             * [* {th:insert,data-th-insert}] [100]: org.thymeleaf.standard.processor.StandardInsertTagProcessor
[THYMELEAF]             * [* {th:replace,data-th-replace}] [100]: org.thymeleaf.standard.processor.StandardReplaceTagProcessor
[THYMELEAF]             * [* {th:each,data-th-each}] [200]: com.intuit.karate.template.KarateEachTagProcessor
[THYMELEAF]             * [* {th:switch,data-th-switch}] [250]: org.thymeleaf.standard.processor.StandardSwitchTagProcessor
[THYMELEAF]             * [* {th:case,data-th-case}] [275]: org.thymeleaf.standard.processor.StandardCaseTagProcessor
[THYMELEAF]             * [* {th:if,data-th-if}] [300]: org.thymeleaf.standard.processor.StandardIfTagProcessor
[THYMELEAF]             * [* {th:unless,data-th-unless}] [400]: org.thymeleaf.standard.processor.StandardUnlessTagProcessor
[THYMELEAF]             * [* {th:object,data-th-object}] [500]: org.thymeleaf.standard.processor.StandardObjectTagProcessor
[THYMELEAF]             * [* {th:with,data-th-with}] [600]: com.intuit.karate.template.KarateWithTagProcessor
[THYMELEAF]             * [* {th:attr,data-th-attr}] [700]: com.intuit.karate.template.KarateAttributeTagProcessor.KarateAttrTagProcessor
[THYMELEAF]             * [* {th:attrappend,data-th-attrappend}] [900]: com.intuit.karate.template.KarateAttributeTagProcessor.KarateAttrappendTagProcessor
[THYMELEAF]             * [* {th:attrprepend,data-th-attrprepend}] [900]: com.intuit.karate.template.KarateAttributeTagProcessor.KarateAttrprependTagProcessor
[THYMELEAF]             * [* {th:alt-title,data-th-alt-title}] [990]: org.thymeleaf.standard.processor.StandardAltTitleTagProcessor
[THYMELEAF]             * [* {th:lang-xmllang,data-th-lang-xmllang}] [990]: org.thymeleaf.standard.processor.StandardLangXmlLangTagProcessor
[THYMELEAF]             * [* {th:action,data-th-action}] [1000]: org.thymeleaf.standard.processor.StandardActionTagProcessor
[THYMELEAF]             * [* {th:novalidate,data-th-novalidate}] [1000]: org.thymeleaf.standard.processor.StandardConditionalFixedValueTagProcessor
[THYMELEAF]             * [* {th:controls,data-th-controls}] [1000]: org.thymeleaf.standard.processor.StandardConditionalFixedValueTagProcessor
[THYMELEAF]             * [* {th:formnovalidate,data-th-formnovalidate}] [1000]: org.thymeleaf.standard.processor.StandardConditionalFixedValueTagProcessor
[THYMELEAF]             * [* {th:checked,data-th-checked}] [1000]: org.thymeleaf.standard.processor.StandardConditionalFixedValueTagProcessor
[THYMELEAF]             * [* {th:seamless,data-th-seamless}] [1000]: org.thymeleaf.standard.processor.StandardConditionalFixedValueTagProcessor
[THYMELEAF]             * [* {th:multiple,data-th-multiple}] [1000]: org.thymeleaf.standard.processor.StandardConditionalFixedValueTagProcessor
[THYMELEAF]             * [* {th:open,data-th-open}] [1000]: org.thymeleaf.standard.processor.StandardConditionalFixedValueTagProcessor
[THYMELEAF]             * [* {th:reversed,data-th-reversed}] [1000]: org.thymeleaf.standard.processor.StandardConditionalFixedValueTagProcessor
[THYMELEAF]             * [* {th:required,data-th-required}] [1000]: org.thymeleaf.standard.processor.StandardConditionalFixedValueTagProcessor
[THYMELEAF]             * [* {th:pubdate,data-th-pubdate}] [1000]: org.thymeleaf.standard.processor.StandardConditionalFixedValueTagProcessor
[THYMELEAF]             * [* {th:disabled,data-th-disabled}] [1000]: org.thymeleaf.standard.processor.StandardConditionalFixedValueTagProcessor
[THYMELEAF]             * [* {th:defer,data-th-defer}] [1000]: org.thymeleaf.standard.processor.StandardConditionalFixedValueTagProcessor
[THYMELEAF]             * [* {th:autoplay,data-th-autoplay}] [1000]: org.thymeleaf.standard.processor.StandardConditionalFixedValueTagProcessor
[THYMELEAF]             * [* {th:selected,data-th-selected}] [1000]: org.thymeleaf.standard.processor.StandardConditionalFixedValueTagProcessor
[THYMELEAF]             * [* {th:loop,data-th-loop}] [1000]: org.thymeleaf.standard.processor.StandardConditionalFixedValueTagProcessor
[THYMELEAF]             * [* {th:default,data-th-default}] [1000]: org.thymeleaf.standard.processor.StandardConditionalFixedValueTagProcessor
[THYMELEAF]             * [* {th:autofocus,data-th-autofocus}] [1000]: org.thymeleaf.standard.processor.StandardConditionalFixedValueTagProcessor
[THYMELEAF]             * [* {th:nowrap,data-th-nowrap}] [1000]: org.thymeleaf.standard.processor.StandardConditionalFixedValueTagProcessor
[THYMELEAF]             * [* {th:async,data-th-async}] [1000]: org.thymeleaf.standard.processor.StandardConditionalFixedValueTagProcessor
[THYMELEAF]             * [* {th:readonly,data-th-readonly}] [1000]: org.thymeleaf.standard.processor.StandardConditionalFixedValueTagProcessor
[THYMELEAF]             * [* {th:scoped,data-th-scoped}] [1000]: org.thymeleaf.standard.processor.StandardConditionalFixedValueTagProcessor
[THYMELEAF]             * [* {th:ismap,data-th-ismap}] [1000]: org.thymeleaf.standard.processor.StandardConditionalFixedValueTagProcessor
[THYMELEAF]             * [* {th:hidden,data-th-hidden}] [1000]: org.thymeleaf.standard.processor.StandardConditionalFixedValueTagProcessor
[THYMELEAF]             * [* {th:declare,data-th-declare}] [1000]: org.thymeleaf.standard.processor.StandardConditionalFixedValueTagProcessor
[THYMELEAF]             * [* {th:onunload,data-th-onunload}] [1000]: org.thymeleaf.standard.processor.StandardDOMEventAttributeTagProcessor
[THYMELEAF]             * [* {th:onshow,data-th-onshow}] [1000]: org.thymeleaf.standard.processor.StandardDOMEventAttributeTagProcessor
[THYMELEAF]             * [* {th:onratechange,data-th-onratechange}] [1000]: org.thymeleaf.standard.processor.StandardDOMEventAttributeTagProcessor
[THYMELEAF]             * [* {th:ononline,data-th-ononline}] [1000]: org.thymeleaf.standard.processor.StandardDOMEventAttributeTagProcessor
[THYMELEAF]             * [* {th:onmousedown,data-th-onmousedown}] [1000]: org.thymeleaf.standard.processor.StandardDOMEventAttributeTagProcessor
[THYMELEAF]             * [* {th:onoffline,data-th-onoffline}] [1000]: org.thymeleaf.standard.processor.StandardDOMEventAttributeTagProcessor
[THYMELEAF]             * [* {th:onmousemove,data-th-onmousemove}] [1000]: org.thymeleaf.standard.processor.StandardDOMEventAttributeTagProcessor
[THYMELEAF]             * [* {th:onkeydown,data-th-onkeydown}] [1000]: org.thymeleaf.standard.processor.StandardDOMEventAttributeTagProcessor
[THYMELEAF]             * [* {th:onmousewheel,data-th-onmousewheel}] [1000]: org.thymeleaf.standard.processor.StandardDOMEventAttributeTagProcessor
[THYMELEAF]             * [* {th:ondragleave,data-th-ondragleave}] [1000]: org.thymeleaf.standard.processor.StandardDOMEventAttributeTagProcessor
[THYMELEAF]             * [* {th:ondrag,data-th-ondrag}] [1000]: org.thymeleaf.standard.processor.StandardDOMEventAttributeTagProcessor
[THYMELEAF]             * [* {th:onloadstart,data-th-onloadstart}] [1000]: org.thymeleaf.standard.processor.StandardDOMEventAttributeTagProcessor
[THYMELEAF]             * [* {th:onformchange,data-th-onformchange}] [1000]: org.thymeleaf.standard.processor.StandardDOMEventAttributeTagProcessor
[THYMELEAF]             * [* {th:oninput,data-th-oninput}] [1000]: org.thymeleaf.standard.processor.StandardDOMEventAttributeTagProcessor
[THYMELEAF]             * [* {th:onload,data-th-onload}] [1000]: org.thymeleaf.standard.processor.StandardDOMEventAttributeTagProcessor
[THYMELEAF]             * [* {th:oncanplaythrough,data-th-oncanplaythrough}] [1000]: org.thymeleaf.standard.processor.StandardDOMEventAttributeTagProcessor
[THYMELEAF]             * [* {th:onseeked,data-th-onseeked}] [1000]: org.thymeleaf.standard.processor.StandardDOMEventAttributeTagProcessor
[THYMELEAF]             * [* {th:onmouseup,data-th-onmouseup}] [1000]: org.thymeleaf.standard.processor.StandardDOMEventAttributeTagProcessor
[THYMELEAF]             * [* {th:onstorage,data-th-onstorage}] [1000]: org.thymeleaf.standard.processor.StandardDOMEventAttributeTagProcessor
[THYMELEAF]             * [* {th:onredo,data-th-onredo}] [1000]: org.thymeleaf.standard.processor.StandardDOMEventAttributeTagProcessor
[THYMELEAF]             * [* {th:ontimeupdate,data-th-ontimeupdate}] [1000]: org.thymeleaf.standard.processor.StandardDOMEventAttributeTagProcessor
[THYMELEAF]             * [* {th:onfocus,data-th-onfocus}] [1000]: org.thymeleaf.standard.processor.StandardDOMEventAttributeTagProcessor
[THYMELEAF]             * [* {th:onended,data-th-onended}] [1000]: org.thymeleaf.standard.processor.StandardDOMEventAttributeTagProcessor
[THYMELEAF]             * [* {th:onbeforeunload,data-th-onbeforeunload}] [1000]: org.thymeleaf.standard.processor.StandardDOMEventAttributeTagProcessor
[THYMELEAF]             * [* {th:onreset,data-th-onreset}] [1000]: org.thymeleaf.standard.processor.StandardDOMEventAttributeTagProcessor
[THYMELEAF]             * [* {th:oncanplay,data-th-oncanplay}] [1000]: org.thymeleaf.standard.processor.StandardDOMEventAttributeTagProcessor
[THYMELEAF]             * [* {th:onmessage,data-th-onmessage}] [1000]: org.thymeleaf.standard.processor.StandardDOMEventAttributeTagProcessor
[THYMELEAF]             * [* {th:onerror,data-th-onerror}] [1000]: org.thymeleaf.standard.processor.StandardDOMEventAttributeTagProcessor
[THYMELEAF]             * [* {th:onkeyup,data-th-onkeyup}] [1000]: org.thymeleaf.standard.processor.StandardDOMEventAttributeTagProcessor
[THYMELEAF]             * [* {th:oncontextmenu,data-th-oncontextmenu}] [1000]: org.thymeleaf.standard.processor.StandardDOMEventAttributeTagProcessor
[THYMELEAF]             * [* {th:onstalled,data-th-onstalled}] [1000]: org.thymeleaf.standard.processor.StandardDOMEventAttributeTagProcessor
[THYMELEAF]             * [* {th:onvolumechange,data-th-onvolumechange}] [1000]: org.thymeleaf.standard.processor.StandardDOMEventAttributeTagProcessor
[THYMELEAF]             * [* {th:onmouseout,data-th-onmouseout}] [1000]: org.thymeleaf.standard.processor.StandardDOMEventAttributeTagProcessor
[THYMELEAF]             * [* {th:onafterprint,data-th-onafterprint}] [1000]: org.thymeleaf.standard.processor.StandardDOMEventAttributeTagProcessor
[THYMELEAF]             * [* {th:ondblclick,data-th-ondblclick}] [1000]: org.thymeleaf.standard.processor.StandardDOMEventAttributeTagProcessor
[THYMELEAF]             * [* {th:onplaying,data-th-onplaying}] [1000]: org.thymeleaf.standard.processor.StandardDOMEventAttributeTagProcessor
[THYMELEAF]             * [* {th:onmouseover,data-th-onmouseover}] [1000]: org.thymeleaf.standard.processor.StandardDOMEventAttributeTagProcessor
[THYMELEAF]             * [* {th:onblur,data-th-onblur}] [1000]: org.thymeleaf.standard.processor.StandardDOMEventAttributeTagProcessor
[THYMELEAF]             * [* {th:onselect,data-th-onselect}] [1000]: org.thymeleaf.standard.processor.StandardDOMEventAttributeTagProcessor
[THYMELEAF]             * [* {th:onsubmit,data-th-onsubmit}] [1000]: org.thymeleaf.standard.processor.StandardDOMEventAttributeTagProcessor
[THYMELEAF]             * [* {th:onundo,data-th-onundo}] [1000]: org.thymeleaf.standard.processor.StandardDOMEventAttributeTagProcessor
[THYMELEAF]             * [* {th:ondragover,data-th-ondragover}] [1000]: org.thymeleaf.standard.processor.StandardDOMEventAttributeTagProcessor
[THYMELEAF]             * [* {th:onreadystatechange,data-th-onreadystatechange}] [1000]: org.thymeleaf.standard.processor.StandardDOMEventAttributeTagProcessor
[THYMELEAF]             * [* {th:onpopstate,data-th-onpopstate}] [1000]: org.thymeleaf.standard.processor.StandardDOMEventAttributeTagProcessor
[THYMELEAF]             * [* {th:onloadedmetadata,data-th-onloadedmetadata}] [1000]: org.thymeleaf.standard.processor.StandardDOMEventAttributeTagProcessor
[THYMELEAF]             * [* {th:onresize,data-th-onresize}] [1000]: org.thymeleaf.standard.processor.StandardDOMEventAttributeTagProcessor
[THYMELEAF]             * [* {th:onloadeddata,data-th-onloadeddata}] [1000]: org.thymeleaf.standard.processor.StandardDOMEventAttributeTagProcessor
[THYMELEAF]             * [* {th:onabort,data-th-onabort}] [1000]: org.thymeleaf.standard.processor.StandardDOMEventAttributeTagProcessor
[THYMELEAF]             * [* {th:onforminput,data-th-onforminput}] [1000]: org.thymeleaf.standard.processor.StandardDOMEventAttributeTagProcessor
[THYMELEAF]             * [* {th:ondurationchange,data-th-ondurationchange}] [1000]: org.thymeleaf.standard.processor.StandardDOMEventAttributeTagProcessor
[THYMELEAF]             * [* {th:onpause,data-th-onpause}] [1000]: org.thymeleaf.standard.processor.StandardDOMEventAttributeTagProcessor
[THYMELEAF]             * [* {th:onprogress,data-th-onprogress}] [1000]: org.thymeleaf.standard.processor.StandardDOMEventAttributeTagProcessor
[THYMELEAF]             * [* {th:onemptied,data-th-onemptied}] [1000]: org.thymeleaf.standard.processor.StandardDOMEventAttributeTagProcessor
[THYMELEAF]             * [* {th:onclick,data-th-onclick}] [1000]: org.thymeleaf.standard.processor.StandardDOMEventAttributeTagProcessor
[THYMELEAF]             * [* {th:onplay,data-th-onplay}] [1000]: org.thymeleaf.standard.processor.StandardDOMEventAttributeTagProcessor
[THYMELEAF]             * [* {th:onhashchange,data-th-onhashchange}] [1000]: org.thymeleaf.standard.processor.StandardDOMEventAttributeTagProcessor
[THYMELEAF]             * [* {th:onbeforeprint,data-th-onbeforeprint}] [1000]: org.thymeleaf.standard.processor.StandardDOMEventAttributeTagProcessor
[THYMELEAF]             * [* {th:onwaiting,data-th-onwaiting}] [1000]: org.thymeleaf.standard.processor.StandardDOMEventAttributeTagProcessor
[THYMELEAF]             * [* {th:onseeking,data-th-onseeking}] [1000]: org.thymeleaf.standard.processor.StandardDOMEventAttributeTagProcessor
[THYMELEAF]             * [* {th:onkeypress,data-th-onkeypress}] [1000]: org.thymeleaf.standard.processor.StandardDOMEventAttributeTagProcessor
[THYMELEAF]             * [* {th:ondrop,data-th-ondrop}] [1000]: org.thymeleaf.standard.processor.StandardDOMEventAttributeTagProcessor
[THYMELEAF]             * [* {th:ondragstart,data-th-ondragstart}] [1000]: org.thymeleaf.standard.processor.StandardDOMEventAttributeTagProcessor
[THYMELEAF]             * [* {th:ondragenter,data-th-ondragenter}] [1000]: org.thymeleaf.standard.processor.StandardDOMEventAttributeTagProcessor
[THYMELEAF]             * [* {th:oninvalid,data-th-oninvalid}] [1000]: org.thymeleaf.standard.processor.StandardDOMEventAttributeTagProcessor
[THYMELEAF]             * [* {th:onsuspend,data-th-onsuspend}] [1000]: org.thymeleaf.standard.processor.StandardDOMEventAttributeTagProcessor
[THYMELEAF]             * [* {th:ondragend,data-th-ondragend}] [1000]: org.thymeleaf.standard.processor.StandardDOMEventAttributeTagProcessor
[THYMELEAF]             * [* {th:onchange,data-th-onchange}] [1000]: org.thymeleaf.standard.processor.StandardDOMEventAttributeTagProcessor
[THYMELEAF]             * [* {th:onscroll,data-th-onscroll}] [1000]: org.thymeleaf.standard.processor.StandardDOMEventAttributeTagProcessor
[THYMELEAF]             * [* {th:href,data-th-href}] [1000]: org.thymeleaf.standard.processor.StandardHrefTagProcessor
[THYMELEAF]             * [* {th:inline,data-th-inline}] [1000]: org.thymeleaf.standard.processor.StandardInlineHTMLTagProcessor
[THYMELEAF]             * [* {th:method,data-th-method}] [1000]: org.thymeleaf.standard.processor.StandardMethodTagProcessor
[THYMELEAF]             * [* {th:type,data-th-type}] [1000]: org.thymeleaf.standard.processor.StandardNonRemovableAttributeTagProcessor
[THYMELEAF]             * [* {th:name,data-th-name}] [1000]: org.thymeleaf.standard.processor.StandardNonRemovableAttributeTagProcessor
[THYMELEAF]             * [* {th:list,data-th-list}] [1000]: org.thymeleaf.standard.processor.StandardRemovableAttributeTagProcessor
[THYMELEAF]             * [* {th:span,data-th-span}] [1000]: org.thymeleaf.standard.processor.StandardRemovableAttributeTagProcessor
[THYMELEAF]             * [* {th:bgcolor,data-th-bgcolor}] [1000]: org.thymeleaf.standard.processor.StandardRemovableAttributeTagProcessor
[THYMELEAF]             * [* {th:wrap,data-th-wrap}] [1000]: org.thymeleaf.standard.processor.StandardRemovableAttributeTagProcessor
[THYMELEAF]             * [* {th:cols,data-th-cols}] [1000]: org.thymeleaf.standard.processor.StandardRemovableAttributeTagProcessor
[THYMELEAF]             * [* {th:srclang,data-th-srclang}] [1000]: org.thymeleaf.standard.processor.StandardRemovableAttributeTagProcessor
[THYMELEAF]             * [* {th:rules,data-th-rules}] [1000]: org.thymeleaf.standard.processor.StandardRemovableAttributeTagProcessor
[THYMELEAF]             * [* {th:autocomplete,data-th-autocomplete}] [1000]: org.thymeleaf.standard.processor.StandardRemovableAttributeTagProcessor
[THYMELEAF]             * [* {th:scope,data-th-scope}] [1000]: org.thymeleaf.standard.processor.StandardRemovableAttributeTagProcessor
[THYMELEAF]             * [* {th:border,data-th-border}] [1000]: org.thymeleaf.standard.processor.StandardRemovableAttributeTagProcessor
[THYMELEAF]             * [* {th:archive,data-th-archive}] [1000]: org.thymeleaf.standard.processor.StandardRemovableAttributeTagProcessor
[THYMELEAF]             * [* {th:rev,data-th-rev}] [1000]: org.thymeleaf.standard.processor.StandardRemovableAttributeTagProcessor
[THYMELEAF]             * [* {th:longdesc,data-th-longdesc}] [1000]: org.thymeleaf.standard.processor.StandardRemovableAttributeTagProcessor
[THYMELEAF]             * [* {th:lang,data-th-lang}] [1000]: org.thymeleaf.standard.processor.StandardRemovableAttributeTagProcessor
[THYMELEAF]             * [* {th:background,data-th-background}] [1000]: org.thymeleaf.standard.processor.StandardRemovableAttributeTagProcessor
[THYMELEAF]             * [* {th:id,data-th-id}] [1000]: org.thymeleaf.standard.processor.StandardRemovableAttributeTagProcessor
[THYMELEAF]             * [* {th:size,data-th-size}] [1000]: org.thymeleaf.standard.processor.StandardRemovableAttributeTagProcessor
[THYMELEAF]             * [* {th:vspace,data-th-vspace}] [1000]: org.thymeleaf.standard.processor.StandardRemovableAttributeTagProcessor
[THYMELEAF]             * [* {th:keytype,data-th-keytype}] [1000]: org.thymeleaf.standard.processor.StandardRemovableAttributeTagProcessor
[THYMELEAF]             * [* {th:accesskey,data-th-accesskey}] [1000]: org.thymeleaf.standard.processor.StandardRemovableAttributeTagProcessor
[THYMELEAF]             * [* {th:style,data-th-style}] [1000]: org.thymeleaf.standard.processor.StandardRemovableAttributeTagProcessor
[THYMELEAF]             * [* {th:challenge,data-th-challenge}] [1000]: org.thymeleaf.standard.processor.StandardRemovableAttributeTagProcessor
[THYMELEAF]             * [* {th:dropzone,data-th-dropzone}] [1000]: org.thymeleaf.standard.processor.StandardRemovableAttributeTagProcessor
[THYMELEAF]             * [* {th:kind,data-th-kind}] [1000]: org.thymeleaf.standard.processor.StandardRemovableAttributeTagProcessor
[THYMELEAF]             * [* {th:accept-charset,data-th-accept-charset}] [1000]: org.thymeleaf.standard.processor.StandardRemovableAttributeTagProcessor
[THYMELEAF]             * [* {th:frameborder,data-th-frameborder}] [1000]: org.thymeleaf.standard.processor.StandardRemovableAttributeTagProcessor
[THYMELEAF]             * [* {th:alt,data-th-alt}] [1000]: org.thymeleaf.standard.processor.StandardRemovableAttributeTagProcessor
[THYMELEAF]             * [* {th:data,data-th-data}] [1000]: org.thymeleaf.standard.processor.StandardRemovableAttributeTagProcessor
[THYMELEAF]             * [* {th:optimum,data-th-optimum}] [1000]: org.thymeleaf.standard.processor.StandardRemovableAttributeTagProcessor
[THYMELEAF]             * [* {th:for,data-th-for}] [1000]: org.thymeleaf.standard.processor.StandardRemovableAttributeTagProcessor
[THYMELEAF]             * [* {th:accept,data-th-accept}] [1000]: org.thymeleaf.standard.processor.StandardRemovableAttributeTagProcessor
[THYMELEAF]             * [* {th:dir,data-th-dir}] [1000]: org.thymeleaf.standard.processor.StandardRemovableAttributeTagProcessor
[THYMELEAF]             * [* {th:formaction,data-th-formaction}] [1000]: org.thymeleaf.standard.processor.StandardRemovableAttributeTagProcessor
[THYMELEAF]             * [* {th:formmethod,data-th-formmethod}] [1000]: org.thymeleaf.standard.processor.StandardRemovableAttributeTagProcessor
[THYMELEAF]             * [* {th:charset,data-th-charset}] [1000]: org.thymeleaf.standard.processor.StandardRemovableAttributeTagProcessor
[THYMELEAF]             * [* {th:start,data-th-start}] [1000]: org.thymeleaf.standard.processor.StandardRemovableAttributeTagProcessor
[THYMELEAF]             * [* {th:compact,data-th-compact}] [1000]: org.thymeleaf.standard.processor.StandardRemovableAttributeTagProcessor
[THYMELEAF]             * [* {th:tabindex,data-th-tabindex}] [1000]: org.thymeleaf.standard.processor.StandardRemovableAttributeTagProcessor
[THYMELEAF]             * [* {th:preload,data-th-preload}] [1000]: org.thymeleaf.standard.processor.StandardRemovableAttributeTagProcessor
[THYMELEAF]             * [* {th:codebase,data-th-codebase}] [1000]: org.thymeleaf.standard.processor.StandardRemovableAttributeTagProcessor
[THYMELEAF]             * [* {th:maxlength,data-th-maxlength}] [1000]: org.thymeleaf.standard.processor.StandardRemovableAttributeTagProcessor
[THYMELEAF]             * [* {th:formenctype,data-th-formenctype}] [1000]: org.thymeleaf.standard.processor.StandardRemovableAttributeTagProcessor
[THYMELEAF]             * [* {th:abbr,data-th-abbr}] [1000]: org.thymeleaf.standard.processor.StandardRemovableAttributeTagProcessor
[THYMELEAF]             * [* {th:pattern,data-th-pattern}] [1000]: org.thymeleaf.standard.processor.StandardRemovableAttributeTagProcessor
[THYMELEAF]             * [* {th:codetype,data-th-codetype}] [1000]: org.thymeleaf.standard.processor.StandardRemovableAttributeTagProcessor
[THYMELEAF]             * [* {th:rows,data-th-rows}] [1000]: org.thymeleaf.standard.processor.StandardRemovableAttributeTagProcessor
[THYMELEAF]             * [* {th:sizes,data-th-sizes}] [1000]: org.thymeleaf.standard.processor.StandardRemovableAttributeTagProcessor
[THYMELEAF]             * [* {th:audio,data-th-audio}] [1000]: org.thymeleaf.standard.processor.StandardRemovableAttributeTagProcessor
[THYMELEAF]             * [* {th:http-equiv,data-th-http-equiv}] [1000]: org.thymeleaf.standard.processor.StandardRemovableAttributeTagProcessor
[THYMELEAF]             * [* {th:contextmenu,data-th-contextmenu}] [1000]: org.thymeleaf.standard.processor.StandardRemovableAttributeTagProcessor
[THYMELEAF]             * [* {th:formtarget,data-th-formtarget}] [1000]: org.thymeleaf.standard.processor.StandardRemovableAttributeTagProcessor
[THYMELEAF]             * [* {th:step,data-th-step}] [1000]: org.thymeleaf.standard.processor.StandardRemovableAttributeTagProcessor
[THYMELEAF]             * [* {th:usemap,data-th-usemap}] [1000]: org.thymeleaf.standard.processor.StandardRemovableAttributeTagProcessor
[THYMELEAF]             * [* {th:rowspan,data-th-rowspan}] [1000]: org.thymeleaf.standard.processor.StandardRemovableAttributeTagProcessor
[THYMELEAF]             * [* {th:cellspacing,data-th-cellspacing}] [1000]: org.thymeleaf.standard.processor.StandardRemovableAttributeTagProcessor
[THYMELEAF]             * [* {th:label,data-th-label}] [1000]: org.thymeleaf.standard.processor.StandardRemovableAttributeTagProcessor
[THYMELEAF]             * [* {th:media,data-th-media}] [1000]: org.thymeleaf.standard.processor.StandardRemovableAttributeTagProcessor
[THYMELEAF]             * [* {th:min,data-th-min}] [1000]: org.thymeleaf.standard.processor.StandardRemovableAttributeTagProcessor
[THYMELEAF]             * [* {th:target,data-th-target}] [1000]: org.thymeleaf.standard.processor.StandardRemovableAttributeTagProcessor
[THYMELEAF]             * [* {th:marginwidth,data-th-marginwidth}] [1000]: org.thymeleaf.standard.processor.StandardRemovableAttributeTagProcessor
[THYMELEAF]             * [* {th:headers,data-th-headers}] [1000]: org.thymeleaf.standard.processor.StandardRemovableAttributeTagProcessor
[THYMELEAF]             * [* {th:sandbox,data-th-sandbox}] [1000]: org.thymeleaf.standard.processor.StandardRemovableAttributeTagProcessor
[THYMELEAF]             * [* {th:axis,data-th-axis}] [1000]: org.thymeleaf.standard.processor.StandardRemovableAttributeTagProcessor
[THYMELEAF]             * [* {th:marginheight,data-th-marginheight}] [1000]: org.thymeleaf.standard.processor.StandardRemovableAttributeTagProcessor
[THYMELEAF]             * [* {th:high,data-th-high}] [1000]: org.thymeleaf.standard.processor.StandardRemovableAttributeTagProcessor
[THYMELEAF]             * [* {th:height,data-th-height}] [1000]: org.thymeleaf.standard.processor.StandardRemovableAttributeTagProcessor
[THYMELEAF]             * [* {th:cite,data-th-cite}] [1000]: org.thymeleaf.standard.processor.StandardRemovableAttributeTagProcessor
[THYMELEAF]             * [* {th:max,data-th-max}] [1000]: org.thymeleaf.standard.processor.StandardRemovableAttributeTagProcessor
[THYMELEAF]             * [* {th:scrolling,data-th-scrolling}] [1000]: org.thymeleaf.standard.processor.StandardRemovableAttributeTagProcessor
[THYMELEAF]             * [* {th:spellcheck,data-th-spellcheck}] [1000]: org.thymeleaf.standard.processor.StandardRemovableAttributeTagProcessor
[THYMELEAF]             * [* {th:form,data-th-form}] [1000]: org.thymeleaf.standard.processor.StandardRemovableAttributeTagProcessor
[THYMELEAF]             * [* {th:contenteditable,data-th-contenteditable}] [1000]: org.thymeleaf.standard.processor.StandardRemovableAttributeTagProcessor
[THYMELEAF]             * [* {th:class,data-th-class}] [1000]: org.thymeleaf.standard.processor.StandardRemovableAttributeTagProcessor
[THYMELEAF]             * [* {th:low,data-th-low}] [1000]: org.thymeleaf.standard.processor.StandardRemovableAttributeTagProcessor
[THYMELEAF]             * [* {th:datetime,data-th-datetime}] [1000]: org.thymeleaf.standard.processor.StandardRemovableAttributeTagProcessor
[THYMELEAF]             * [* {th:width,data-th-width}] [1000]: org.thymeleaf.standard.processor.StandardRemovableAttributeTagProcessor
[THYMELEAF]             * [* {th:colspan,data-th-colspan}] [1000]: org.thymeleaf.standard.processor.StandardRemovableAttributeTagProcessor
[THYMELEAF]             * [* {th:poster,data-th-poster}] [1000]: org.thymeleaf.standard.processor.StandardRemovableAttributeTagProcessor
[THYMELEAF]             * [* {th:radiogroup,data-th-radiogroup}] [1000]: org.thymeleaf.standard.processor.StandardRemovableAttributeTagProcessor
[THYMELEAF]             * [* {th:icon,data-th-icon}] [1000]: org.thymeleaf.standard.processor.StandardRemovableAttributeTagProcessor
[THYMELEAF]             * [* {th:frame,data-th-frame}] [1000]: org.thymeleaf.standard.processor.StandardRemovableAttributeTagProcessor
[THYMELEAF]             * [* {th:title,data-th-title}] [1000]: org.thymeleaf.standard.processor.StandardRemovableAttributeTagProcessor
[THYMELEAF]             * [* {th:align,data-th-align}] [1000]: org.thymeleaf.standard.processor.StandardRemovableAttributeTagProcessor
[THYMELEAF]             * [* {th:valuetype,data-th-valuetype}] [1000]: org.thymeleaf.standard.processor.StandardRemovableAttributeTagProcessor
[THYMELEAF]             * [* {th:hspace,data-th-hspace}] [1000]: org.thymeleaf.standard.processor.StandardRemovableAttributeTagProcessor
[THYMELEAF]             * [* {th:rel,data-th-rel}] [1000]: org.thymeleaf.standard.processor.StandardRemovableAttributeTagProcessor
[THYMELEAF]             * [* {th:classid,data-th-classid}] [1000]: org.thymeleaf.standard.processor.StandardRemovableAttributeTagProcessor
[THYMELEAF]             * [* {th:placeholder,data-th-placeholder}] [1000]: org.thymeleaf.standard.processor.StandardRemovableAttributeTagProcessor
[THYMELEAF]             * [* {th:manifest,data-th-manifest}] [1000]: org.thymeleaf.standard.processor.StandardRemovableAttributeTagProcessor
[THYMELEAF]             * [* {th:summary,data-th-summary}] [1000]: org.thymeleaf.standard.processor.StandardRemovableAttributeTagProcessor
[THYMELEAF]             * [* {th:cellpadding,data-th-cellpadding}] [1000]: org.thymeleaf.standard.processor.StandardRemovableAttributeTagProcessor
[THYMELEAF]             * [* {th:draggable,data-th-draggable}] [1000]: org.thymeleaf.standard.processor.StandardRemovableAttributeTagProcessor
[THYMELEAF]             * [* {th:hreflang,data-th-hreflang}] [1000]: org.thymeleaf.standard.processor.StandardRemovableAttributeTagProcessor
[THYMELEAF]             * [* {th:enctype,data-th-enctype}] [1000]: org.thymeleaf.standard.processor.StandardRemovableAttributeTagProcessor
[THYMELEAF]             * [* {th:content,data-th-content}] [1000]: org.thymeleaf.standard.processor.StandardRemovableAttributeTagProcessor
[THYMELEAF]             * [* {th:standby,data-th-standby}] [1000]: org.thymeleaf.standard.processor.StandardRemovableAttributeTagProcessor
[THYMELEAF]             * [* {th:scheme,data-th-scheme}] [1000]: org.thymeleaf.standard.processor.StandardRemovableAttributeTagProcessor
[THYMELEAF]             * [* {th:src,data-th-src}] [1000]: org.thymeleaf.standard.processor.StandardSrcTagProcessor
[THYMELEAF]             * [* {th:value,data-th-value}] [1000]: org.thymeleaf.standard.processor.StandardValueTagProcessor
[THYMELEAF]             * [* {th:xmlbase,data-th-xmlbase}] [1000]: org.thymeleaf.standard.processor.StandardXmlBaseTagProcessor
[THYMELEAF]             * [* {th:xmllang,data-th-xmllang}] [1000]: org.thymeleaf.standard.processor.StandardXmlLangTagProcessor
[THYMELEAF]             * [* {xmlns:th}] [1000]: org.thymeleaf.standard.processor.StandardXmlNsTagProcessor
[THYMELEAF]             * [* {th:xmlspace,data-th-xmlspace}] [1000]: org.thymeleaf.standard.processor.StandardXmlSpaceTagProcessor
[THYMELEAF]             * [* {th:classappend,data-th-classappend}] [1100]: org.thymeleaf.standard.processor.StandardClassappendTagProcessor
[THYMELEAF]             * [* {th:styleappend,data-th-styleappend}] [1100]: org.thymeleaf.standard.processor.StandardStyleappendTagProcessor
[THYMELEAF]             * [* {th:text,data-th-text}] [1300]: org.thymeleaf.standard.processor.StandardTextTagProcessor
[THYMELEAF]             * [* {th:utext,data-th-utext}] [1400]: org.thymeleaf.standard.processor.StandardUtextTagProcessor
[THYMELEAF]             * [* {th:fragment,data-th-fragment}] [1500]: org.thymeleaf.standard.processor.StandardFragmentTagProcessor
[THYMELEAF]             * [* {th:assert,data-th-assert}] [1550]: org.thymeleaf.standard.processor.StandardAssertTagProcessor
[THYMELEAF]             * [* {th:remove,data-th-remove}] [1600]: org.thymeleaf.standard.processor.StandardRemoveTagProcessor
[THYMELEAF]             * [* {th:ref,data-th-ref}] [10000]: org.thymeleaf.standard.processor.StandardRefAttributeTagProcessor
[THYMELEAF]             * [{th:block,th-block} *] [100000]: org.thymeleaf.standard.processor.StandardBlockTagProcessor
[THYMELEAF]             * [* th:*] [2147483647]: org.thymeleaf.standard.processor.StandardDefaultAttributesTagProcessor
[THYMELEAF]         * Text Processors by [precedence]:
[THYMELEAF]             * [1000]: org.thymeleaf.standard.processor.StandardInliningTextProcessor
[THYMELEAF]         * DOCTYPE Processors by [precedence]:
[THYMELEAF]             * [1000]: org.thymeleaf.standard.processor.StandardTranslationDocTypeProcessor
[THYMELEAF]         * CDATA Section Processors by [precedence]:
[THYMELEAF]             * [1000]: org.thymeleaf.standard.processor.StandardInliningCDATASectionProcessor
[THYMELEAF]         * Comment Processors by [precedence]:
[THYMELEAF]             * [1000]: org.thymeleaf.standard.processor.StandardInliningCommentProcessor
[THYMELEAF]             * [1100]: org.thymeleaf.standard.processor.StandardConditionalCommentProcessor
[THYMELEAF]     * Processors for Template Mode: XML
[THYMELEAF]         * Element Tag Processors by [matching element and attribute name] [precedence]:
[THYMELEAF]             * [* {th:include}] [100]: org.thymeleaf.standard.processor.StandardIncludeTagProcessor
[THYMELEAF]             * [* {th:insert}] [100]: org.thymeleaf.standard.processor.StandardInsertTagProcessor
[THYMELEAF]             * [* {th:replace}] [100]: org.thymeleaf.standard.processor.StandardReplaceTagProcessor
[THYMELEAF]             * [* {th:each}] [200]: com.intuit.karate.template.KarateEachTagProcessor
[THYMELEAF]             * [* {th:switch}] [250]: org.thymeleaf.standard.processor.StandardSwitchTagProcessor
[THYMELEAF]             * [* {th:case}] [275]: org.thymeleaf.standard.processor.StandardCaseTagProcessor
[THYMELEAF]             * [* {th:if}] [300]: org.thymeleaf.standard.processor.StandardIfTagProcessor
[THYMELEAF]             * [* {th:unless}] [400]: org.thymeleaf.standard.processor.StandardUnlessTagProcessor
[THYMELEAF]             * [* {th:object}] [500]: org.thymeleaf.standard.processor.StandardObjectTagProcessor
[THYMELEAF]             * [* {th:with}] [600]: com.intuit.karate.template.KarateWithTagProcessor
[THYMELEAF]             * [* {th:attr}] [700]: com.intuit.karate.template.KarateAttributeTagProcessor.KarateAttrTagProcessor
[THYMELEAF]             * [* {th:attrappend}] [900]: com.intuit.karate.template.KarateAttributeTagProcessor.KarateAttrappendTagProcessor
[THYMELEAF]             * [* {th:attrprepend}] [900]: com.intuit.karate.template.KarateAttributeTagProcessor.KarateAttrprependTagProcessor
[THYMELEAF]             * [* {th:inline}] [1000]: org.thymeleaf.standard.processor.StandardInlineXMLTagProcessor
[THYMELEAF]             * [* {xmlns:th}] [1000]: org.thymeleaf.standard.processor.StandardXmlNsTagProcessor
[THYMELEAF]             * [* {th:text}] [1300]: org.thymeleaf.standard.processor.StandardTextTagProcessor
[THYMELEAF]             * [* {th:utext}] [1400]: org.thymeleaf.standard.processor.StandardUtextTagProcessor
[THYMELEAF]             * [* {th:fragment}] [1500]: org.thymeleaf.standard.processor.StandardFragmentTagProcessor
[THYMELEAF]             * [* {th:assert}] [1550]: org.thymeleaf.standard.processor.StandardAssertTagProcessor
[THYMELEAF]             * [* {th:remove}] [1600]: org.thymeleaf.standard.processor.StandardRemoveTagProcessor
[THYMELEAF]             * [* {th:ref}] [10000]: org.thymeleaf.standard.processor.StandardRefAttributeTagProcessor
[THYMELEAF]             * [{th:block} *] [100000]: org.thymeleaf.standard.processor.StandardBlockTagProcessor
[THYMELEAF]             * [* th:*] [2147483647]: org.thymeleaf.standard.processor.StandardDefaultAttributesTagProcessor
[THYMELEAF]         * Text Processors by [precedence]:
[THYMELEAF]             * [1000]: org.thymeleaf.standard.processor.StandardInliningTextProcessor
[THYMELEAF]         * CDATA Section Processors by [precedence]:
[THYMELEAF]             * [1000]: org.thymeleaf.standard.processor.StandardInliningCDATASectionProcessor
[THYMELEAF]         * Comment Processors by [precedence]:
[THYMELEAF]             * [1000]: org.thymeleaf.standard.processor.StandardInliningCommentProcessor
[THYMELEAF]     * Processors for Template Mode: TEXT
[THYMELEAF]         * Element Tag Processors by [matching element and attribute name] [precedence]:
[THYMELEAF]             * [* {th:insert}] [100]: org.thymeleaf.standard.processor.StandardInsertTagProcessor
[THYMELEAF]             * [* {th:replace}] [100]: org.thymeleaf.standard.processor.StandardReplaceTagProcessor
[THYMELEAF]             * [* {th:each}] [200]: com.intuit.karate.template.KarateEachTagProcessor
[THYMELEAF]             * [* {th:switch}] [250]: org.thymeleaf.standard.processor.StandardSwitchTagProcessor
[THYMELEAF]             * [* {th:case}] [275]: org.thymeleaf.standard.processor.StandardCaseTagProcessor
[THYMELEAF]             * [* {th:if}] [300]: org.thymeleaf.standard.processor.StandardIfTagProcessor
[THYMELEAF]             * [* {th:unless}] [400]: org.thymeleaf.standard.processor.StandardUnlessTagProcessor
[THYMELEAF]             * [* {th:object}] [500]: org.thymeleaf.standard.processor.StandardObjectTagProcessor
[THYMELEAF]             * [* {th:with}] [600]: com.intuit.karate.template.KarateWithTagProcessor
[THYMELEAF]             * [* {th:inline}] [1000]: org.thymeleaf.standard.processor.StandardInlineTextualTagProcessor
[THYMELEAF]             * [* {th:text}] [1300]: org.thymeleaf.standard.processor.StandardTextTagProcessor
[THYMELEAF]             * [* {th:utext}] [1400]: org.thymeleaf.standard.processor.StandardUtextTagProcessor
[THYMELEAF]             * [* {th:assert}] [1550]: org.thymeleaf.standard.processor.StandardAssertTagProcessor
[THYMELEAF]             * [* {th:remove}] [1600]: org.thymeleaf.standard.processor.StandardRemoveTagProcessor
[THYMELEAF]             * [* 100000] [org.thymeleaf.standard.processor.StandardBlockTagProcessor]: {}
[THYMELEAF]             * [{th:block} *] [100000]: org.thymeleaf.standard.processor.StandardBlockTagProcessor
[THYMELEAF]         * Text Processors by [precedence]:
[THYMELEAF]             * [1000]: org.thymeleaf.standard.processor.StandardInliningTextProcessor
[THYMELEAF]     * Processors for Template Mode: JAVASCRIPT
[THYMELEAF]         * Element Tag Processors by [matching element and attribute name] [precedence]:
[THYMELEAF]             * [* {th:insert}] [100]: org.thymeleaf.standard.processor.StandardInsertTagProcessor
[THYMELEAF]             * [* {th:replace}] [100]: org.thymeleaf.standard.processor.StandardReplaceTagProcessor
[THYMELEAF]             * [* {th:each}] [200]: com.intuit.karate.template.KarateEachTagProcessor
[THYMELEAF]             * [* {th:switch}] [250]: org.thymeleaf.standard.processor.StandardSwitchTagProcessor
[THYMELEAF]             * [* {th:case}] [275]: org.thymeleaf.standard.processor.StandardCaseTagProcessor
[THYMELEAF]             * [* {th:if}] [300]: org.thymeleaf.standard.processor.StandardIfTagProcessor
[THYMELEAF]             * [* {th:unless}] [400]: org.thymeleaf.standard.processor.StandardUnlessTagProcessor
[THYMELEAF]             * [* {th:object}] [500]: org.thymeleaf.standard.processor.StandardObjectTagProcessor
[THYMELEAF]             * [* {th:with}] [600]: com.intuit.karate.template.KarateWithTagProcessor
[THYMELEAF]             * [* {th:inline}] [1000]: org.thymeleaf.standard.processor.StandardInlineTextualTagProcessor
[THYMELEAF]             * [* {th:text}] [1300]: org.thymeleaf.standard.processor.StandardTextTagProcessor
[THYMELEAF]             * [* {th:utext}] [1400]: org.thymeleaf.standard.processor.StandardUtextTagProcessor
[THYMELEAF]             * [* {th:assert}] [1550]: org.thymeleaf.standard.processor.StandardAssertTagProcessor
[THYMELEAF]             * [* {th:remove}] [1600]: org.thymeleaf.standard.processor.StandardRemoveTagProcessor
[THYMELEAF]             * [{th:block} *] [100000]: org.thymeleaf.standard.processor.StandardBlockTagProcessor
[THYMELEAF]             * [* 100000] [org.thymeleaf.standard.processor.StandardBlockTagProcessor]: {}
[THYMELEAF]         * Text Processors by [precedence]:
[THYMELEAF]             * [1000]: org.thymeleaf.standard.processor.StandardInliningTextProcessor
[THYMELEAF]     * Processors for Template Mode: CSS
[THYMELEAF]         * Element Tag Processors by [matching element and attribute name] [precedence]:
[THYMELEAF]             * [* {th:insert}] [100]: org.thymeleaf.standard.processor.StandardInsertTagProcessor
[THYMELEAF]             * [* {th:replace}] [100]: org.thymeleaf.standard.processor.StandardReplaceTagProcessor
[THYMELEAF]             * [* {th:each}] [200]: com.intuit.karate.template.KarateEachTagProcessor
[THYMELEAF]             * [* {th:switch}] [250]: org.thymeleaf.standard.processor.StandardSwitchTagProcessor
[THYMELEAF]             * [* {th:case}] [275]: org.thymeleaf.standard.processor.StandardCaseTagProcessor
[THYMELEAF]             * [* {th:if}] [300]: org.thymeleaf.standard.processor.StandardIfTagProcessor
[THYMELEAF]             * [* {th:unless}] [400]: org.thymeleaf.standard.processor.StandardUnlessTagProcessor
[THYMELEAF]             * [* {th:object}] [500]: org.thymeleaf.standard.processor.StandardObjectTagProcessor
[THYMELEAF]             * [* {th:with}] [600]: com.intuit.karate.template.KarateWithTagProcessor
[THYMELEAF]             * [* {th:inline}] [1000]: org.thymeleaf.standard.processor.StandardInlineTextualTagProcessor
[THYMELEAF]             * [* {th:text}] [1300]: org.thymeleaf.standard.processor.StandardTextTagProcessor
[THYMELEAF]             * [* {th:utext}] [1400]: org.thymeleaf.standard.processor.StandardUtextTagProcessor
[THYMELEAF]             * [* {th:assert}] [1550]: org.thymeleaf.standard.processor.StandardAssertTagProcessor
[THYMELEAF]             * [* {th:remove}] [1600]: org.thymeleaf.standard.processor.StandardRemoveTagProcessor
[THYMELEAF]             * [{th:block} *] [100000]: org.thymeleaf.standard.processor.StandardBlockTagProcessor
[THYMELEAF]             * [* 100000] [org.thymeleaf.standard.processor.StandardBlockTagProcessor]: {}
[THYMELEAF]         * Text Processors by [precedence]:
[THYMELEAF]             * [1000]: org.thymeleaf.standard.processor.StandardInliningTextProcessor
[THYMELEAF]     * Expression Objects:
[THYMELEAF]         * #ctx
[THYMELEAF]         * #root
[THYMELEAF]         * #vars
[THYMELEAF]         * #object
[THYMELEAF]         * #locale
[THYMELEAF]         * #conversions
[THYMELEAF]         * #uris
[THYMELEAF]         * #temporals
[THYMELEAF]         * #calendars
[THYMELEAF]         * #dates
[THYMELEAF]         * #bools
[THYMELEAF]         * #numbers
[THYMELEAF]         * #objects
[THYMELEAF]         * #strings
[THYMELEAF]         * #arrays
[THYMELEAF]         * #lists
[THYMELEAF]         * #sets
[THYMELEAF]         * #maps
[THYMELEAF]         * #aggregates
[THYMELEAF]         * #messages
[THYMELEAF]         * #ids
[THYMELEAF]         * #execInfo
[THYMELEAF]         * #request
[THYMELEAF]         * #response
[THYMELEAF]         * #session
[THYMELEAF]         * #servletContext
[THYMELEAF]     * Execution Attributes:
[THYMELEAF]         * "StandardExpressionParser": com.intuit.karate.template.KarateStandardDialect@7a0ab480
[THYMELEAF]         * "StandardJavaScriptSerializer": org.thymeleaf.standard.serializer.StandardJavaScriptSerializer@27da994b
[THYMELEAF]         * "StandardCSSSerializer": org.thymeleaf.standard.serializer.StandardCSSSerializer@70f148dc
[THYMELEAF]         * "StandardVariableExpressionEvaluator": com.intuit.karate.template.KarateStandardDialect@7a0ab480
[THYMELEAF]         * "StandardConversionService": org.thymeleaf.standard.expression.StandardConversionService@3360283
[THYMELEAF] * Dialect [2 of 2]: karate (com.intuit.karate.template.KarateScriptDialect)
[THYMELEAF]     * Prefix: "ka"
[THYMELEAF]     * Processors for Template Mode: HTML
[THYMELEAF]         * Element Tag Processors by [matching element and attribute name] [precedence]:
[THYMELEAF]             * [* {src}] [1000]: com.intuit.karate.template.KaScriptAttrProcessor
[THYMELEAF]         * Element Model Processors by [matching element and attribute name] [precedence]:
[THYMELEAF]             * [{script} {ka:scope,data-ka-scope}] [1000]: com.intuit.karate.template.KaScriptElemProcessor
[THYMELEAF]             * [* {ka:set,data-ka-set}] [1000]: com.intuit.karate.template.KaSetElemProcessor
[THYMELEAF] TEMPLATE ENGINE CONFIGURED OK
18:12:15.459 [main] DEBUG org.thymeleaf.TemplateEngine - [THYMELEAF] TEMPLATE ENGINE INITIALIZED
---------------------------------------------------------
feature: classpath:Tests/DELETEdemo.feature
scenarios:  1 | passed:  1 | failed:  0 | time: 0.4823
---------------------------------------------------------

18:12:15.707 [main] INFO com.intuit.karate - The value of enviroment is : preprod 
18:12:15.724 [main] DEBUG org.apache.http.client.protocol.RequestAddCookies - CookieSpec selected: karate
18:12:15.725 [main] DEBUG org.apache.http.client.protocol.RequestAuthCache - Auth cache not set in the context
18:12:15.726 [main] DEBUG com.intuit.karate - request:
1 > GET https://reqres.in/api/users?page=2
1 > Accept: application/json
1 > Host: reqres.in
1 > Connection: Keep-Alive
1 > User-Agent: Apache-HttpClient/4.5.12 (Java/17.0.9)
1 > Accept-Encoding: gzip,deflate


18:12:15.726 [main] DEBUG org.apache.http.impl.conn.PoolingHttpClientConnectionManager - Connection request: [route: {s}->https://reqres.in:443][total available: 0; route allocated: 0 of 5; total allocated: 0 of 10]
18:12:15.726 [main] DEBUG org.apache.http.impl.conn.PoolingHttpClientConnectionManager - Connection leased: [id: 2][route: {s}->https://reqres.in:443][total available: 0; route allocated: 1 of 5; total allocated: 1 of 10]
18:12:15.726 [main] DEBUG org.apache.http.impl.execchain.MainClientExec - Opening connection {s}->https://reqres.in:443
18:12:15.727 [main] DEBUG org.apache.http.impl.conn.DefaultHttpClientConnectionOperator - Connecting to reqres.in/104.26.10.213:443
18:12:15.727 [main] DEBUG org.apache.http.conn.ssl.SSLConnectionSocketFactory - Connecting socket to reqres.in/104.26.10.213:443 with timeout 5000
18:12:15.777 [main] DEBUG org.apache.http.conn.ssl.SSLConnectionSocketFactory - Enabled protocols: [TLSv1.3, TLSv1.2]
18:12:15.777 [main] DEBUG org.apache.http.conn.ssl.SSLConnectionSocketFactory - Enabled cipher suites:[TLS_AES_256_GCM_SHA384, TLS_AES_128_GCM_SHA256, TLS_CHACHA20_POLY1305_SHA256, TLS_ECDHE_ECDSA_WITH_AES_256_GCM_SHA384, TLS_ECDHE_ECDSA_WITH_AES_128_GCM_SHA256, TLS_ECDHE_ECDSA_WITH_CHACHA20_POLY1305_SHA256, TLS_ECDHE_RSA_WITH_AES_256_GCM_SHA384, TLS_ECDHE_RSA_WITH_CHACHA20_POLY1305_SHA256, TLS_ECDHE_RSA_WITH_AES_128_GCM_SHA256, TLS_DHE_RSA_WITH_AES_256_GCM_SHA384, TLS_DHE_RSA_WITH_CHACHA20_POLY1305_SHA256, TLS_DHE_DSS_WITH_AES_256_GCM_SHA384, TLS_DHE_RSA_WITH_AES_128_GCM_SHA256, TLS_DHE_DSS_WITH_AES_128_GCM_SHA256, TLS_ECDHE_ECDSA_WITH_AES_256_CBC_SHA384, TLS_ECDHE_RSA_WITH_AES_256_CBC_SHA384, TLS_ECDHE_ECDSA_WITH_AES_128_CBC_SHA256, TLS_ECDHE_RSA_WITH_AES_128_CBC_SHA256, TLS_DHE_RSA_WITH_AES_256_CBC_SHA256, TLS_DHE_DSS_WITH_AES_256_CBC_SHA256, TLS_DHE_RSA_WITH_AES_128_CBC_SHA256, TLS_DHE_DSS_WITH_AES_128_CBC_SHA256, TLS_ECDH_ECDSA_WITH_AES_256_GCM_SHA384, TLS_ECDH_RSA_WITH_AES_256_GCM_SHA384, TLS_ECDH_ECDSA_WITH_AES_128_GCM_SHA256, TLS_ECDH_RSA_WITH_AES_128_GCM_SHA256, TLS_ECDH_ECDSA_WITH_AES_256_CBC_SHA384, TLS_ECDH_RSA_WITH_AES_256_CBC_SHA384, TLS_ECDH_ECDSA_WITH_AES_128_CBC_SHA256, TLS_ECDH_RSA_WITH_AES_128_CBC_SHA256, TLS_ECDHE_ECDSA_WITH_AES_256_CBC_SHA, TLS_ECDHE_RSA_WITH_AES_256_CBC_SHA, TLS_ECDHE_ECDSA_WITH_AES_128_CBC_SHA, TLS_ECDHE_RSA_WITH_AES_128_CBC_SHA, TLS_DHE_RSA_WITH_AES_256_CBC_SHA, TLS_DHE_DSS_WITH_AES_256_CBC_SHA, TLS_DHE_RSA_WITH_AES_128_CBC_SHA, TLS_DHE_DSS_WITH_AES_128_CBC_SHA, TLS_ECDH_ECDSA_WITH_AES_256_CBC_SHA, TLS_ECDH_RSA_WITH_AES_256_CBC_SHA, TLS_ECDH_ECDSA_WITH_AES_128_CBC_SHA, TLS_ECDH_RSA_WITH_AES_128_CBC_SHA, TLS_RSA_WITH_AES_256_GCM_SHA384, TLS_RSA_WITH_AES_128_GCM_SHA256, TLS_RSA_WITH_AES_256_CBC_SHA256, TLS_RSA_WITH_AES_128_CBC_SHA256, TLS_RSA_WITH_AES_256_CBC_SHA, TLS_RSA_WITH_AES_128_CBC_SHA, TLS_EMPTY_RENEGOTIATION_INFO_SCSV]
18:12:15.777 [main] DEBUG org.apache.http.conn.ssl.SSLConnectionSocketFactory - Starting handshake
18:12:15.831 [main] DEBUG org.apache.http.conn.ssl.SSLConnectionSocketFactory - Secure session established
18:12:15.831 [main] DEBUG org.apache.http.conn.ssl.SSLConnectionSocketFactory -  negotiated protocol: TLSv1.3
18:12:15.832 [main] DEBUG org.apache.http.conn.ssl.SSLConnectionSocketFactory -  negotiated cipher suite: TLS_AES_256_GCM_SHA384
18:12:15.832 [main] DEBUG org.apache.http.conn.ssl.SSLConnectionSocketFactory -  peer principal: CN=sni.cloudflaressl.com, O="Cloudflare, Inc.", L=San Francisco, ST=California, C=US
18:12:15.832 [main] DEBUG org.apache.http.conn.ssl.SSLConnectionSocketFactory -  peer alternative names: [reqres.in, *.reqres.in, sni.cloudflaressl.com]
18:12:15.833 [main] DEBUG org.apache.http.conn.ssl.SSLConnectionSocketFactory -  issuer principal: CN=Cloudflare Inc ECC CA-3, O="Cloudflare, Inc.", C=US
18:12:15.834 [main] DEBUG org.apache.http.impl.conn.DefaultHttpClientConnectionOperator - Connection established 192.168.1.66:59210<->104.26.10.213:443
18:12:15.834 [main] DEBUG org.apache.http.impl.conn.DefaultManagedHttpClientConnection - http-outgoing-2: set socket timeout to 5000
18:12:15.836 [main] DEBUG org.apache.http.impl.execchain.MainClientExec - Executing request GET /api/users?page=2 HTTP/1.1
18:12:15.840 [main] DEBUG org.apache.http.impl.execchain.MainClientExec - Target auth state: UNCHALLENGED
18:12:15.842 [main] DEBUG org.apache.http.impl.execchain.MainClientExec - Proxy auth state: UNCHALLENGED
18:12:15.842 [main] DEBUG org.apache.http.headers - http-outgoing-2 >> GET /api/users?page=2 HTTP/1.1
18:12:15.842 [main] DEBUG org.apache.http.headers - http-outgoing-2 >> Accept: application/json
18:12:15.842 [main] DEBUG org.apache.http.headers - http-outgoing-2 >> Host: reqres.in
18:12:15.842 [main] DEBUG org.apache.http.headers - http-outgoing-2 >> Connection: Keep-Alive
18:12:15.842 [main] DEBUG org.apache.http.headers - http-outgoing-2 >> User-Agent: Apache-HttpClient/4.5.12 (Java/17.0.9)
18:12:15.842 [main] DEBUG org.apache.http.headers - http-outgoing-2 >> Accept-Encoding: gzip,deflate
18:12:15.844 [main] DEBUG org.apache.http.wire - http-outgoing-2 >> "GET /api/users?page=2 HTTP/1.1[\r][\n]"
18:12:15.845 [main] DEBUG org.apache.http.wire - http-outgoing-2 >> "Accept: application/json[\r][\n]"
18:12:15.845 [main] DEBUG org.apache.http.wire - http-outgoing-2 >> "Host: reqres.in[\r][\n]"
18:12:15.845 [main] DEBUG org.apache.http.wire - http-outgoing-2 >> "Connection: Keep-Alive[\r][\n]"
18:12:15.845 [main] DEBUG org.apache.http.wire - http-outgoing-2 >> "User-Agent: Apache-HttpClient/4.5.12 (Java/17.0.9)[\r][\n]"
18:12:15.845 [main] DEBUG org.apache.http.wire - http-outgoing-2 >> "Accept-Encoding: gzip,deflate[\r][\n]"
18:12:15.845 [main] DEBUG org.apache.http.wire - http-outgoing-2 >> "[\r][\n]"
18:12:15.904 [main] DEBUG org.apache.http.wire - http-outgoing-2 << "HTTP/1.1 200 OK[\r][\n]"
18:12:15.904 [main] DEBUG org.apache.http.wire - http-outgoing-2 << "Date: Thu, 30 Nov 2023 00:12:15 GMT[\r][\n]"
18:12:15.904 [main] DEBUG org.apache.http.wire - http-outgoing-2 << "Content-Type: application/json; charset=utf-8[\r][\n]"
18:12:15.905 [main] DEBUG org.apache.http.wire - http-outgoing-2 << "Transfer-Encoding: chunked[\r][\n]"
18:12:15.905 [main] DEBUG org.apache.http.wire - http-outgoing-2 << "Connection: keep-alive[\r][\n]"
18:12:15.906 [main] DEBUG org.apache.http.wire - http-outgoing-2 << "Report-To: {"group":"heroku-nel","max_age":3600,"endpoints":[{"url":"https://nel.heroku.com/reports?ts=1701289094&sid=c4c9725f-1ab0-44d8-820f-430df2718e11&s=FOG7R3Rzl7cmmFMuOKV%2Br9Kn3Zwib3qsCi4DlGerf0E%3D"}]}[\r][\n]"
18:12:15.906 [main] DEBUG org.apache.http.wire - http-outgoing-2 << "Reporting-Endpoints: heroku-nel=https://nel.heroku.com/reports?ts=1701289094&sid=c4c9725f-1ab0-44d8-820f-430df2718e11&s=FOG7R3Rzl7cmmFMuOKV%2Br9Kn3Zwib3qsCi4DlGerf0E%3D[\r][\n]"
18:12:15.906 [main] DEBUG org.apache.http.wire - http-outgoing-2 << "Nel: {"report_to":"heroku-nel","max_age":3600,"success_fraction":0.005,"failure_fraction":0.05,"response_headers":["Via"]}[\r][\n]"
18:12:15.906 [main] DEBUG org.apache.http.wire - http-outgoing-2 << "X-Powered-By: Express[\r][\n]"
18:12:15.906 [main] DEBUG org.apache.http.wire - http-outgoing-2 << "Access-Control-Allow-Origin: *[\r][\n]"
18:12:15.906 [main] DEBUG org.apache.http.wire - http-outgoing-2 << "Etag: W/"406-ut0vzoCuidvyMf8arZpMpJ6ZRDw"[\r][\n]"
18:12:15.906 [main] DEBUG org.apache.http.wire - http-outgoing-2 << "Via: 1.1 vegur[\r][\n]"
18:12:15.906 [main] DEBUG org.apache.http.wire - http-outgoing-2 << "Cache-Control: max-age=14400[\r][\n]"
18:12:15.906 [main] DEBUG org.apache.http.wire - http-outgoing-2 << "CF-Cache-Status: HIT[\r][\n]"
18:12:15.906 [main] DEBUG org.apache.http.wire - http-outgoing-2 << "Age: 6597[\r][\n]"
18:12:15.906 [main] DEBUG org.apache.http.wire - http-outgoing-2 << "Vary: Accept-Encoding[\r][\n]"
18:12:15.906 [main] DEBUG org.apache.http.wire - http-outgoing-2 << "Server: cloudflare[\r][\n]"
18:12:15.908 [main] DEBUG org.apache.http.wire - http-outgoing-2 << "CF-RAY: 82dee0b77ea1345e-DFW[\r][\n]"
18:12:15.908 [main] DEBUG org.apache.http.wire - http-outgoing-2 << "Content-Encoding: gzip[\r][\n]"
18:12:15.908 [main] DEBUG org.apache.http.wire - http-outgoing-2 << "[\r][\n]"
18:12:15.908 [main] DEBUG org.apache.http.wire - http-outgoing-2 << "17b[\r][\n]"
18:12:15.908 [main] DEBUG org.apache.http.wire - http-outgoing-2 << "[0x1f][0x8b][0x8][0x0][0x0][0x0][0x0][0x0][0x0][0x3][0x8d][0xd2][0xcd]n[0xa3]0[0x14][0x86][0xe1][q[0xcf]l](Y[0xf4][0xc7][0xab][0xaa][0xd2][0xcc]t[0xd1]n[0xa2][0xd9]U[0xa3][0xea][0x4][0xe][0xe0][0xd6][0xd8][0xee][0xb1]i[0xa6][0x8a]r[0xef]UM4T[0x88]D[0xec][0x0][0xbf][0x1f]z[0x84][0xd8][0x81][0xc7][0x86]@[0xad]$x[0xe2][0xe7][0xe1][0xe6]RBt[0x11][\r][0xa8]bu[0xb8]L'!u[0x15]F[0x4][0xf5][0xb4][0x3]][0x81][0xba][0x92]@[0x1d]j[0x3][\n]"
18:12:15.908 [main] DEBUG org.apache.http.wire - http-outgoing-2 << ":][0xb6]H&3[0xb8][\r][0xce][0xde]2[0xbd]1[0x85]L[[0x90]Pk[0xe][0xf1][0xd9]bG[0xa0][0xe0]q[0xe8]@[0x82][0xc1][0xf1][0xe9]CZ[0x81][0x4]|[0xc7][0x88][0xc][\n]"
18:12:15.909 [main] DEBUG org.apache.http.wire - http-outgoing-2 << "[0xda][0x18]}Py[0xfe][0xff]E[0xb9][0xee][0x9a][0xbc][0xc6][0x92]B~u[0xae];l({[0xf1][\r][0xec][0xe5]@[0xb9][0x1e])F[0xdb]*[0xe0]GV[0x13]7[0xfd]I[0xcc][0xc3]PN0[0xbf][0xe][0xbb][0xa5][0x9c][0xeb][0x19][0xce][0xcd][0xc8][0x89]n[0xa3]1duo_[0xe9]8[0xe5]O[0xaa][0xa6][0x92][0xaf][0xcd]R[0xc6][0xcd][0xc][0xa3][0xb8][0x18][0x1d][0x9b][0xf]v6[0xab]5[0x99]*[0x1c]w[0xdc]}USF[0xda],u[0x14][0x17]s[0x90]b[0x84]4[0xe4][0xb8][0xa1][0x8c][0xaa]-[0xf2])[0xca][0xef][0xd4]M,?[0x87][0xd5]bL1[0x87]Y[0x8d][0x18][0xc6][0xb2]%[0x93][0xb5]nK[0xc6][0x1c][0xb7][0xac]S6[0xb1][0xdc][0xa7][0xd1]b[0xca][0xea];[0xe5][0xaf][0x84][0xd0]{[0xef]8[0x82][0xda]A[0xcf]fv[0xfd][0xe3][0xd0][0x9c][0xb7][0x84][0x95][0xb6][\r]H[0x88][0xf4]/[0xa6][0xff]E[0xbc][0x12]y[0xb1][0xa6][0xb7]5[0x5]Q3[0x91][0x14][0xa5][0xb3][0x91][0xf5][0xa6][0x8f][0xda][0xd9] [0xa2]K[0x9f]J[0x4][0xe2]wbQ[0xba][0x10][0x83]@&[0x81][0xde]3[0x95][0x1a]#Ug[0xb0][0xdf][0x2][0xf6][0x16][0x88]W[0x6][0x4][0x0][0x0][\r][\n]"
18:12:15.910 [main] DEBUG org.apache.http.headers - http-outgoing-2 << HTTP/1.1 200 OK
18:12:15.910 [main] DEBUG org.apache.http.headers - http-outgoing-2 << Date: Thu, 30 Nov 2023 00:12:15 GMT
18:12:15.910 [main] DEBUG org.apache.http.headers - http-outgoing-2 << Content-Type: application/json; charset=utf-8
18:12:15.910 [main] DEBUG org.apache.http.headers - http-outgoing-2 << Transfer-Encoding: chunked
18:12:15.910 [main] DEBUG org.apache.http.headers - http-outgoing-2 << Connection: keep-alive
18:12:15.910 [main] DEBUG org.apache.http.headers - http-outgoing-2 << Report-To: {"group":"heroku-nel","max_age":3600,"endpoints":[{"url":"https://nel.heroku.com/reports?ts=1701289094&sid=c4c9725f-1ab0-44d8-820f-430df2718e11&s=FOG7R3Rzl7cmmFMuOKV%2Br9Kn3Zwib3qsCi4DlGerf0E%3D"}]}
18:12:15.910 [main] DEBUG org.apache.http.headers - http-outgoing-2 << Reporting-Endpoints: heroku-nel=https://nel.heroku.com/reports?ts=1701289094&sid=c4c9725f-1ab0-44d8-820f-430df2718e11&s=FOG7R3Rzl7cmmFMuOKV%2Br9Kn3Zwib3qsCi4DlGerf0E%3D
18:12:15.910 [main] DEBUG org.apache.http.headers - http-outgoing-2 << Nel: {"report_to":"heroku-nel","max_age":3600,"success_fraction":0.005,"failure_fraction":0.05,"response_headers":["Via"]}
18:12:15.910 [main] DEBUG org.apache.http.headers - http-outgoing-2 << X-Powered-By: Express
18:12:15.910 [main] DEBUG org.apache.http.headers - http-outgoing-2 << Access-Control-Allow-Origin: *
18:12:15.910 [main] DEBUG org.apache.http.headers - http-outgoing-2 << Etag: W/"406-ut0vzoCuidvyMf8arZpMpJ6ZRDw"
18:12:15.910 [main] DEBUG org.apache.http.headers - http-outgoing-2 << Via: 1.1 vegur
18:12:15.910 [main] DEBUG org.apache.http.headers - http-outgoing-2 << Cache-Control: max-age=14400
18:12:15.910 [main] DEBUG org.apache.http.headers - http-outgoing-2 << CF-Cache-Status: HIT
18:12:15.910 [main] DEBUG org.apache.http.headers - http-outgoing-2 << Age: 6597
18:12:15.910 [main] DEBUG org.apache.http.headers - http-outgoing-2 << Vary: Accept-Encoding
18:12:15.911 [main] DEBUG org.apache.http.headers - http-outgoing-2 << Server: cloudflare
18:12:15.911 [main] DEBUG org.apache.http.headers - http-outgoing-2 << CF-RAY: 82dee0b77ea1345e-DFW
18:12:15.911 [main] DEBUG org.apache.http.headers - http-outgoing-2 << Content-Encoding: gzip
18:12:15.914 [main] DEBUG org.apache.http.impl.execchain.MainClientExec - Connection can be kept alive indefinitely
18:12:15.918 [main] DEBUG org.apache.http.impl.conn.DefaultManagedHttpClientConnection - http-outgoing-2: Close connection
18:12:15.920 [main] DEBUG org.apache.http.impl.execchain.MainClientExec - Connection discarded
18:12:15.920 [main] DEBUG org.apache.http.impl.conn.PoolingHttpClientConnectionManager - Connection released: [id: 2][route: {s}->https://reqres.in:443][total available: 0; route allocated: 0 of 5; total allocated: 0 of 10]
18:12:15.921 [main] DEBUG org.apache.http.impl.conn.PoolingHttpClientConnectionManager - Connection manager is shutting down
18:12:15.921 [main] DEBUG org.apache.http.impl.conn.PoolingHttpClientConnectionManager - Connection manager shut down
18:12:15.921 [main] DEBUG com.intuit.karate - response time in milliseconds: 192
1 < 200
1 < Date: Thu, 30 Nov 2023 00:12:15 GMT
1 < Content-Type: application/json; charset=utf-8
1 < Transfer-Encoding: chunked
1 < Connection: keep-alive
1 < Report-To: {"group":"heroku-nel","max_age":3600,"endpoints":[{"url":"https://nel.heroku.com/reports?ts=1701289094&sid=c4c9725f-1ab0-44d8-820f-430df2718e11&s=FOG7R3Rzl7cmmFMuOKV%2Br9Kn3Zwib3qsCi4DlGerf0E%3D"}]}
1 < Reporting-Endpoints: heroku-nel=https://nel.heroku.com/reports?ts=1701289094&sid=c4c9725f-1ab0-44d8-820f-430df2718e11&s=FOG7R3Rzl7cmmFMuOKV%2Br9Kn3Zwib3qsCi4DlGerf0E%3D
1 < Nel: {"report_to":"heroku-nel","max_age":3600,"success_fraction":0.005,"failure_fraction":0.05,"response_headers":["Via"]}
1 < X-Powered-By: Express
1 < Access-Control-Allow-Origin: *
1 < Etag: W/"406-ut0vzoCuidvyMf8arZpMpJ6ZRDw"
1 < Via: 1.1 vegur
1 < Cache-Control: max-age=14400
1 < CF-Cache-Status: HIT
1 < Age: 6597
1 < Vary: Accept-Encoding
1 < Server: cloudflare
1 < CF-RAY: 82dee0b77ea1345e-DFW
{"page":2,"per_page":6,"total":12,"total_pages":2,"data":[{"id":7,"email":"michael.lawson@reqres.in","first_name":"Michael","last_name":"Lawson","avatar":"https://reqres.in/img/faces/7-image.jpg"},{"id":8,"email":"lindsay.ferguson@reqres.in","first_name":"Lindsay","last_name":"Ferguson","avatar":"https://reqres.in/img/faces/8-image.jpg"},{"id":9,"email":"tobias.funke@reqres.in","first_name":"Tobias","last_name":"Funke","avatar":"https://reqres.in/img/faces/9-image.jpg"},{"id":10,"email":"byron.fields@reqres.in","first_name":"Byron","last_name":"Fields","avatar":"https://reqres.in/img/faces/10-image.jpg"},{"id":11,"email":"george.edwards@reqres.in","first_name":"George","last_name":"Edwards","avatar":"https://reqres.in/img/faces/11-image.jpg"},{"id":12,"email":"rachel.howell@reqres.in","first_name":"Rachel","last_name":"Howell","avatar":"https://reqres.in/img/faces/12-image.jpg"}],"support":{"url":"https://reqres.in/#support-heading","text":"To keep ReqRes free, contributions towards server costs are appreciated!"}}

18:12:15.925 [main] INFO com.intuit.karate - [print] {
  "page": 2,
  "per_page": 6,
  "total": 12,
  "total_pages": 2,
  "data": [
    {
      "id": 7,
      "email": "michael.lawson@reqres.in",
      "first_name": "Michael",
      "last_name": "Lawson",
      "avatar": "https://reqres.in/img/faces/7-image.jpg"
    },
    {
      "id": 8,
      "email": "lindsay.ferguson@reqres.in",
      "first_name": "Lindsay",
      "last_name": "Ferguson",
      "avatar": "https://reqres.in/img/faces/8-image.jpg"
    },
    {
      "id": 9,
      "email": "tobias.funke@reqres.in",
      "first_name": "Tobias",
      "last_name": "Funke",
      "avatar": "https://reqres.in/img/faces/9-image.jpg"
    },
    {
      "id": 10,
      "email": "byron.fields@reqres.in",
      "first_name": "Byron",
      "last_name": "Fields",
      "avatar": "https://reqres.in/img/faces/10-image.jpg"
    },
    {
      "id": 11,
      "email": "george.edwards@reqres.in",
      "first_name": "George",
      "last_name": "Edwards",
      "avatar": "https://reqres.in/img/faces/11-image.jpg"
    },
    {
      "id": 12,
      "email": "rachel.howell@reqres.in",
      "first_name": "Rachel",
      "last_name": "Howell",
      "avatar": "https://reqres.in/img/faces/12-image.jpg"
    }
  ],
  "support": {
    "url": "https://reqres.in/#support-heading",
    "text": "To keep ReqRes free, contributions towards server costs are appreciated!"
  }
}
 
18:12:15.928 [main] INFO com.intuit.karate - [print] 200 
18:12:15.930 [main] INFO com.intuit.karate - [print] 192 
18:12:15.932 [main] INFO com.intuit.karate - [print] {
  "Date": [
    "Thu, 30 Nov 2023 00:12:15 GMT"
  ],
  "Content-Type": [
    "application/json; charset=utf-8"
  ],
  "Transfer-Encoding": [
    "chunked"
  ],
  "Connection": [
    "keep-alive"
  ],
  "Report-To": [
    "{\"group\":\"heroku-nel\",\"max_age\":3600,\"endpoints\":[{\"url\":\"https://nel.heroku.com/reports?ts=1701289094&sid=c4c9725f-1ab0-44d8-820f-430df2718e11&s=FOG7R3Rzl7cmmFMuOKV%2Br9Kn3Zwib3qsCi4DlGerf0E%3D\"}]}"
  ],
  "Reporting-Endpoints": [
    "heroku-nel=https://nel.heroku.com/reports?ts=1701289094&sid=c4c9725f-1ab0-44d8-820f-430df2718e11&s=FOG7R3Rzl7cmmFMuOKV%2Br9Kn3Zwib3qsCi4DlGerf0E%3D"
  ],
  "Nel": [
    "{\"report_to\":\"heroku-nel\",\"max_age\":3600,\"success_fraction\":0.005,\"failure_fraction\":0.05,\"response_headers\":[\"Via\"]}"
  ],
  "X-Powered-By": [
    "Express"
  ],
  "Access-Control-Allow-Origin": [
    "*"
  ],
  "Etag": [
    "W/\"406-ut0vzoCuidvyMf8arZpMpJ6ZRDw\""
  ],
  "Via": [
    "1.1 vegur"
  ],
  "Cache-Control": [
    "max-age=14400"
  ],
  "CF-Cache-Status": [
    "HIT"
  ],
  "Age": [
    "6597"
  ],
  "Vary": [
    "Accept-Encoding"
  ],
  "Server": [
    "cloudflare"
  ],
  "CF-RAY": [
    "82dee0b77ea1345e-DFW"
  ],
  "Set-Cookie": [
  ]
}
 
]]></system-out>
  </testcase>
  <testcase name="[2:19] Test a sample Get API with a Path" classname="[Tests/GETdemo] Sample api Test" time="0.244">
    <system-out><![CDATA[18:12:15.965 [main] INFO com.intuit.karate - The value of enviroment is : preprod 
18:12:15.979 [main] DEBUG org.apache.http.client.protocol.RequestAddCookies - CookieSpec selected: karate
18:12:15.981 [main] DEBUG org.apache.http.client.protocol.RequestAuthCache - Auth cache not set in the context
18:12:15.986 [main] DEBUG com.intuit.karate - request:
1 > GET https://reqres.in/api/users%3Fpage=2
1 > Accept: application/json
1 > Host: reqres.in
1 > Connection: Keep-Alive
1 > User-Agent: Apache-HttpClient/4.5.12 (Java/17.0.9)
1 > Accept-Encoding: gzip,deflate


18:12:15.994 [main] DEBUG org.apache.http.impl.conn.PoolingHttpClientConnectionManager - Connection request: [route: {s}->https://reqres.in:443][total available: 0; route allocated: 0 of 5; total allocated: 0 of 10]
18:12:15.994 [main] DEBUG org.apache.http.impl.conn.PoolingHttpClientConnectionManager - Connection leased: [id: 3][route: {s}->https://reqres.in:443][total available: 0; route allocated: 1 of 5; total allocated: 1 of 10]
18:12:15.994 [main] DEBUG org.apache.http.impl.execchain.MainClientExec - Opening connection {s}->https://reqres.in:443
18:12:15.995 [main] DEBUG org.apache.http.impl.conn.DefaultHttpClientConnectionOperator - Connecting to reqres.in/104.26.10.213:443
18:12:15.995 [main] DEBUG org.apache.http.conn.ssl.SSLConnectionSocketFactory - Connecting socket to reqres.in/104.26.10.213:443 with timeout 5000
18:12:16.042 [main] DEBUG org.apache.http.conn.ssl.SSLConnectionSocketFactory - Enabled protocols: [TLSv1.3, TLSv1.2]
18:12:16.043 [main] DEBUG org.apache.http.conn.ssl.SSLConnectionSocketFactory - Enabled cipher suites:[TLS_AES_256_GCM_SHA384, TLS_AES_128_GCM_SHA256, TLS_CHACHA20_POLY1305_SHA256, TLS_ECDHE_ECDSA_WITH_AES_256_GCM_SHA384, TLS_ECDHE_ECDSA_WITH_AES_128_GCM_SHA256, TLS_ECDHE_ECDSA_WITH_CHACHA20_POLY1305_SHA256, TLS_ECDHE_RSA_WITH_AES_256_GCM_SHA384, TLS_ECDHE_RSA_WITH_CHACHA20_POLY1305_SHA256, TLS_ECDHE_RSA_WITH_AES_128_GCM_SHA256, TLS_DHE_RSA_WITH_AES_256_GCM_SHA384, TLS_DHE_RSA_WITH_CHACHA20_POLY1305_SHA256, TLS_DHE_DSS_WITH_AES_256_GCM_SHA384, TLS_DHE_RSA_WITH_AES_128_GCM_SHA256, TLS_DHE_DSS_WITH_AES_128_GCM_SHA256, TLS_ECDHE_ECDSA_WITH_AES_256_CBC_SHA384, TLS_ECDHE_RSA_WITH_AES_256_CBC_SHA384, TLS_ECDHE_ECDSA_WITH_AES_128_CBC_SHA256, TLS_ECDHE_RSA_WITH_AES_128_CBC_SHA256, TLS_DHE_RSA_WITH_AES_256_CBC_SHA256, TLS_DHE_DSS_WITH_AES_256_CBC_SHA256, TLS_DHE_RSA_WITH_AES_128_CBC_SHA256, TLS_DHE_DSS_WITH_AES_128_CBC_SHA256, TLS_ECDH_ECDSA_WITH_AES_256_GCM_SHA384, TLS_ECDH_RSA_WITH_AES_256_GCM_SHA384, TLS_ECDH_ECDSA_WITH_AES_128_GCM_SHA256, TLS_ECDH_RSA_WITH_AES_128_GCM_SHA256, TLS_ECDH_ECDSA_WITH_AES_256_CBC_SHA384, TLS_ECDH_RSA_WITH_AES_256_CBC_SHA384, TLS_ECDH_ECDSA_WITH_AES_128_CBC_SHA256, TLS_ECDH_RSA_WITH_AES_128_CBC_SHA256, TLS_ECDHE_ECDSA_WITH_AES_256_CBC_SHA, TLS_ECDHE_RSA_WITH_AES_256_CBC_SHA, TLS_ECDHE_ECDSA_WITH_AES_128_CBC_SHA, TLS_ECDHE_RSA_WITH_AES_128_CBC_SHA, TLS_DHE_RSA_WITH_AES_256_CBC_SHA, TLS_DHE_DSS_WITH_AES_256_CBC_SHA, TLS_DHE_RSA_WITH_AES_128_CBC_SHA, TLS_DHE_DSS_WITH_AES_128_CBC_SHA, TLS_ECDH_ECDSA_WITH_AES_256_CBC_SHA, TLS_ECDH_RSA_WITH_AES_256_CBC_SHA, TLS_ECDH_ECDSA_WITH_AES_128_CBC_SHA, TLS_ECDH_RSA_WITH_AES_128_CBC_SHA, TLS_RSA_WITH_AES_256_GCM_SHA384, TLS_RSA_WITH_AES_128_GCM_SHA256, TLS_RSA_WITH_AES_256_CBC_SHA256, TLS_RSA_WITH_AES_128_CBC_SHA256, TLS_RSA_WITH_AES_256_CBC_SHA, TLS_RSA_WITH_AES_128_CBC_SHA, TLS_EMPTY_RENEGOTIATION_INFO_SCSV]
18:12:16.044 [main] DEBUG org.apache.http.conn.ssl.SSLConnectionSocketFactory - Starting handshake
18:12:16.109 [main] DEBUG org.apache.http.conn.ssl.SSLConnectionSocketFactory - Secure session established
18:12:16.109 [main] DEBUG org.apache.http.conn.ssl.SSLConnectionSocketFactory -  negotiated protocol: TLSv1.3
18:12:16.109 [main] DEBUG org.apache.http.conn.ssl.SSLConnectionSocketFactory -  negotiated cipher suite: TLS_AES_256_GCM_SHA384
18:12:16.109 [main] DEBUG org.apache.http.conn.ssl.SSLConnectionSocketFactory -  peer principal: CN=sni.cloudflaressl.com, O="Cloudflare, Inc.", L=San Francisco, ST=California, C=US
18:12:16.109 [main] DEBUG org.apache.http.conn.ssl.SSLConnectionSocketFactory -  peer alternative names: [reqres.in, *.reqres.in, sni.cloudflaressl.com]
18:12:16.109 [main] DEBUG org.apache.http.conn.ssl.SSLConnectionSocketFactory -  issuer principal: CN=Cloudflare Inc ECC CA-3, O="Cloudflare, Inc.", C=US
18:12:16.110 [main] DEBUG org.apache.http.impl.conn.DefaultHttpClientConnectionOperator - Connection established 192.168.1.66:59211<->104.26.10.213:443
18:12:16.110 [main] DEBUG org.apache.http.impl.conn.DefaultManagedHttpClientConnection - http-outgoing-3: set socket timeout to 5000
18:12:16.110 [main] DEBUG org.apache.http.impl.execchain.MainClientExec - Executing request GET /api/users%3Fpage=2 HTTP/1.1
18:12:16.110 [main] DEBUG org.apache.http.impl.execchain.MainClientExec - Target auth state: UNCHALLENGED
18:12:16.110 [main] DEBUG org.apache.http.impl.execchain.MainClientExec - Proxy auth state: UNCHALLENGED
18:12:16.110 [main] DEBUG org.apache.http.headers - http-outgoing-3 >> GET /api/users%3Fpage=2 HTTP/1.1
18:12:16.110 [main] DEBUG org.apache.http.headers - http-outgoing-3 >> Accept: application/json
18:12:16.110 [main] DEBUG org.apache.http.headers - http-outgoing-3 >> Host: reqres.in
18:12:16.110 [main] DEBUG org.apache.http.headers - http-outgoing-3 >> Connection: Keep-Alive
18:12:16.110 [main] DEBUG org.apache.http.headers - http-outgoing-3 >> User-Agent: Apache-HttpClient/4.5.12 (Java/17.0.9)
18:12:16.110 [main] DEBUG org.apache.http.headers - http-outgoing-3 >> Accept-Encoding: gzip,deflate
18:12:16.110 [main] DEBUG org.apache.http.wire - http-outgoing-3 >> "GET /api/users%3Fpage=2 HTTP/1.1[\r][\n]"
18:12:16.110 [main] DEBUG org.apache.http.wire - http-outgoing-3 >> "Accept: application/json[\r][\n]"
18:12:16.110 [main] DEBUG org.apache.http.wire - http-outgoing-3 >> "Host: reqres.in[\r][\n]"
18:12:16.111 [main] DEBUG org.apache.http.wire - http-outgoing-3 >> "Connection: Keep-Alive[\r][\n]"
18:12:16.111 [main] DEBUG org.apache.http.wire - http-outgoing-3 >> "User-Agent: Apache-HttpClient/4.5.12 (Java/17.0.9)[\r][\n]"
18:12:16.111 [main] DEBUG org.apache.http.wire - http-outgoing-3 >> "Accept-Encoding: gzip,deflate[\r][\n]"
18:12:16.111 [main] DEBUG org.apache.http.wire - http-outgoing-3 >> "[\r][\n]"
18:12:16.170 [main] DEBUG org.apache.http.wire - http-outgoing-3 << "HTTP/1.1 200 OK[\r][\n]"
18:12:16.170 [main] DEBUG org.apache.http.wire - http-outgoing-3 << "Date: Thu, 30 Nov 2023 00:12:16 GMT[\r][\n]"
18:12:16.171 [main] DEBUG org.apache.http.wire - http-outgoing-3 << "Content-Type: application/json; charset=utf-8[\r][\n]"
18:12:16.171 [main] DEBUG org.apache.http.wire - http-outgoing-3 << "Transfer-Encoding: chunked[\r][\n]"
18:12:16.171 [main] DEBUG org.apache.http.wire - http-outgoing-3 << "Connection: keep-alive[\r][\n]"
18:12:16.171 [main] DEBUG org.apache.http.wire - http-outgoing-3 << "Report-To: {"group":"heroku-nel","max_age":3600,"endpoints":[{"url":"https://nel.heroku.com/reports?ts=1701302813&sid=c4c9725f-1ab0-44d8-820f-430df2718e11&s=z8iosP5TQaJKdryuqP45ogbvd9ALKqVybLCYCbp7XRc%3D"}]}[\r][\n]"
18:12:16.171 [main] DEBUG org.apache.http.wire - http-outgoing-3 << "Reporting-Endpoints: heroku-nel=https://nel.heroku.com/reports?ts=1701302813&sid=c4c9725f-1ab0-44d8-820f-430df2718e11&s=z8iosP5TQaJKdryuqP45ogbvd9ALKqVybLCYCbp7XRc%3D[\r][\n]"
18:12:16.171 [main] DEBUG org.apache.http.wire - http-outgoing-3 << "Nel: {"report_to":"heroku-nel","max_age":3600,"success_fraction":0.005,"failure_fraction":0.05,"response_headers":["Via"]}[\r][\n]"
18:12:16.171 [main] DEBUG org.apache.http.wire - http-outgoing-3 << "X-Powered-By: Express[\r][\n]"
18:12:16.171 [main] DEBUG org.apache.http.wire - http-outgoing-3 << "Access-Control-Allow-Origin: *[\r][\n]"
18:12:16.171 [main] DEBUG org.apache.http.wire - http-outgoing-3 << "Etag: W/"2c1-N6Rqerxquq2kgQhL51EiSg4x0R8"[\r][\n]"
18:12:16.171 [main] DEBUG org.apache.http.wire - http-outgoing-3 << "Via: 1.1 vegur[\r][\n]"
18:12:16.171 [main] DEBUG org.apache.http.wire - http-outgoing-3 << "Cache-Control: max-age=14400[\r][\n]"
18:12:16.171 [main] DEBUG org.apache.http.wire - http-outgoing-3 << "CF-Cache-Status: HIT[\r][\n]"
18:12:16.171 [main] DEBUG org.apache.http.wire - http-outgoing-3 << "Age: 323[\r][\n]"
18:12:16.171 [main] DEBUG org.apache.http.wire - http-outgoing-3 << "Vary: Accept-Encoding[\r][\n]"
18:12:16.171 [main] DEBUG org.apache.http.wire - http-outgoing-3 << "Server: cloudflare[\r][\n]"
18:12:16.172 [main] DEBUG org.apache.http.wire - http-outgoing-3 << "CF-RAY: 82dee0b91a162fe4-DFW[\r][\n]"
18:12:16.172 [main] DEBUG org.apache.http.wire - http-outgoing-3 << "Content-Encoding: gzip[\r][\n]"
18:12:16.172 [main] DEBUG org.apache.http.wire - http-outgoing-3 << "[\r][\n]"
18:12:16.172 [main] DEBUG org.apache.http.wire - http-outgoing-3 << "170[\r][\n]"
18:12:16.172 [main] DEBUG org.apache.http.wire - http-outgoing-3 << "[0x1f][0x8b][0x8][0x0][0x0][0x0][0x0][0x0][0x0][0x3]m[0xd1][0xcd]n[0xdb]0[0xc][0x7][0xf0]W[0xd1][0xd8][0xab][0xbc]X[0xb2]l'[0xba]5Y[0xf6][0x0]Eo[0xc5]P[0xb0]6[0x9b][0x8][0xf5],[0x85][0x92][0xba][0x15]A[0xde][0xbd][0xe8][0x7]\[0x17][0xf0]M[0x82][0xf8][0xff][0x81][0x14][0xcf][0x10][0xf0]@`[0x95][0x84]@|[0xff]qi$$[0x9f]p[0x0][0xab][0xf4][0xe7][0xf1][0xfd]%[0x82][0xd5][0x12]zL[0x8][0xf6][0xee][0xc][0xae][0xcf][0x8d][0xf8][0x97][0xc0]BG[0x9c][0x7][0xc2][0x11]$[0xbc][0x10]2X][0x96][0xa5][0x84][0xce][0xf][0x9e][0xc1][0xc2][0xd5]f[0xbd][0xd5][0xbf][0x14]H[0x8]8&?[0xd2][0xfd]3[0xe][0xf9]-[0xa8][0xea][0xc2][0x94][0xba][0x84][0x8b][0xfc] [0xf5]D>[0xe6][0xee][0x18][0x1d][\n]"
18:12:16.172 [main] DEBUG org.apache.http.wire - http-outgoing-3 << "[0xf6][0x91][0xe6][0xac][0x9a][0xb1][0xbb][0xd6]Tm[0xbd][0xc4][0xb6][0x85].+5[0xb1][0xd5][0xc4]&[0xce]$[0x98][0xfa]9[0xa9]g[0xe4][0xf6][0xb7][0xda]Tz[0x89][0xdc][0x14][0xaa]i[0xcc]D[0x9a][0x89][0xc4]SF[0x11][0x9f]^[0xe6]d5#[0xdb][0xed][0xce][0xec][0xcc][0x12]i[\n]"
18:12:16.172 [main] DEBUG org.apache.http.wire - http-outgoing-3 << "[0xb3]V_][0xd6]_][0xba][0x3][0xf1][0xe0][0x86]o[0xa6][0x99][0x99]{][0xaf][0xab][0xfd][0xf2][0xe4][0xca][0xd4][0xcd]d6[0x93][0xf9]0d[0x12])[0xf3]){[0xf7][0xfd]K[0xeb][0x19]\W[0xdb][0xf2]z[0xbf][0xbc][0xa9]Z[0xab][0x16].$[0xc4][0x1c][0x82][0xe7][0x4][0xf6][0xc][0x99][0x7][0xb0]pL)D[0xbb]Z1[0x9d][0x98][0xe2]O7[0xae][0xae]>k[0x8a]#a[0xef][0xc6][0x3]HH[0xf4]?[0x81][0x85][/[0x9e][0x88][0x82][0xb8][0xa1][0xd3][\r]E[0xf1][0xc8]DRt~L[0xec][0x1e]rr~[0x8c]"[0xf9][0xc8]}[0x14][0x91][0xf8][0x99]Xt>[0xa6]([0x90]I`[0x8]L[0x9d][0xc3]D[0xfd][0xf][0xb8]\^[0x1]0[0x9f][0xa1]R[0xc1][0x2][0x0][0x0][\r][\n]"
18:12:16.172 [main] DEBUG org.apache.http.headers - http-outgoing-3 << HTTP/1.1 200 OK
18:12:16.172 [main] DEBUG org.apache.http.headers - http-outgoing-3 << Date: Thu, 30 Nov 2023 00:12:16 GMT
18:12:16.172 [main] DEBUG org.apache.http.headers - http-outgoing-3 << Content-Type: application/json; charset=utf-8
18:12:16.172 [main] DEBUG org.apache.http.headers - http-outgoing-3 << Transfer-Encoding: chunked
18:12:16.172 [main] DEBUG org.apache.http.headers - http-outgoing-3 << Connection: keep-alive
18:12:16.173 [main] DEBUG org.apache.http.headers - http-outgoing-3 << Report-To: {"group":"heroku-nel","max_age":3600,"endpoints":[{"url":"https://nel.heroku.com/reports?ts=1701302813&sid=c4c9725f-1ab0-44d8-820f-430df2718e11&s=z8iosP5TQaJKdryuqP45ogbvd9ALKqVybLCYCbp7XRc%3D"}]}
18:12:16.173 [main] DEBUG org.apache.http.headers - http-outgoing-3 << Reporting-Endpoints: heroku-nel=https://nel.heroku.com/reports?ts=1701302813&sid=c4c9725f-1ab0-44d8-820f-430df2718e11&s=z8iosP5TQaJKdryuqP45ogbvd9ALKqVybLCYCbp7XRc%3D
18:12:16.173 [main] DEBUG org.apache.http.headers - http-outgoing-3 << Nel: {"report_to":"heroku-nel","max_age":3600,"success_fraction":0.005,"failure_fraction":0.05,"response_headers":["Via"]}
18:12:16.173 [main] DEBUG org.apache.http.headers - http-outgoing-3 << X-Powered-By: Express
18:12:16.173 [main] DEBUG org.apache.http.headers - http-outgoing-3 << Access-Control-Allow-Origin: *
18:12:16.173 [main] DEBUG org.apache.http.headers - http-outgoing-3 << Etag: W/"2c1-N6Rqerxquq2kgQhL51EiSg4x0R8"
18:12:16.173 [main] DEBUG org.apache.http.headers - http-outgoing-3 << Via: 1.1 vegur
18:12:16.173 [main] DEBUG org.apache.http.headers - http-outgoing-3 << Cache-Control: max-age=14400
18:12:16.173 [main] DEBUG org.apache.http.headers - http-outgoing-3 << CF-Cache-Status: HIT
18:12:16.173 [main] DEBUG org.apache.http.headers - http-outgoing-3 << Age: 323
18:12:16.173 [main] DEBUG org.apache.http.headers - http-outgoing-3 << Vary: Accept-Encoding
18:12:16.174 [main] DEBUG org.apache.http.headers - http-outgoing-3 << Server: cloudflare
18:12:16.174 [main] DEBUG org.apache.http.headers - http-outgoing-3 << CF-RAY: 82dee0b91a162fe4-DFW
18:12:16.174 [main] DEBUG org.apache.http.headers - http-outgoing-3 << Content-Encoding: gzip
18:12:16.174 [main] DEBUG org.apache.http.impl.execchain.MainClientExec - Connection can be kept alive indefinitely
18:12:16.175 [main] DEBUG org.apache.http.impl.conn.DefaultManagedHttpClientConnection - http-outgoing-3: Close connection
18:12:16.176 [main] DEBUG org.apache.http.impl.execchain.MainClientExec - Connection discarded
18:12:16.177 [main] DEBUG org.apache.http.impl.conn.PoolingHttpClientConnectionManager - Connection released: [id: 3][route: {s}->https://reqres.in:443][total available: 0; route allocated: 0 of 5; total allocated: 0 of 10]
18:12:16.177 [main] DEBUG org.apache.http.impl.conn.PoolingHttpClientConnectionManager - Connection manager is shutting down
18:12:16.177 [main] DEBUG org.apache.http.impl.conn.PoolingHttpClientConnectionManager - Connection manager shut down
18:12:16.177 [main] DEBUG com.intuit.karate - response time in milliseconds: 181
1 < 200
1 < Date: Thu, 30 Nov 2023 00:12:16 GMT
1 < Content-Type: application/json; charset=utf-8
1 < Transfer-Encoding: chunked
1 < Connection: keep-alive
1 < Report-To: {"group":"heroku-nel","max_age":3600,"endpoints":[{"url":"https://nel.heroku.com/reports?ts=1701302813&sid=c4c9725f-1ab0-44d8-820f-430df2718e11&s=z8iosP5TQaJKdryuqP45ogbvd9ALKqVybLCYCbp7XRc%3D"}]}
1 < Reporting-Endpoints: heroku-nel=https://nel.heroku.com/reports?ts=1701302813&sid=c4c9725f-1ab0-44d8-820f-430df2718e11&s=z8iosP5TQaJKdryuqP45ogbvd9ALKqVybLCYCbp7XRc%3D
1 < Nel: {"report_to":"heroku-nel","max_age":3600,"success_fraction":0.005,"failure_fraction":0.05,"response_headers":["Via"]}
1 < X-Powered-By: Express
1 < Access-Control-Allow-Origin: *
1 < Etag: W/"2c1-N6Rqerxquq2kgQhL51EiSg4x0R8"
1 < Via: 1.1 vegur
1 < Cache-Control: max-age=14400
1 < CF-Cache-Status: HIT
1 < Age: 323
1 < Vary: Accept-Encoding
1 < Server: cloudflare
1 < CF-RAY: 82dee0b91a162fe4-DFW
{"page":1,"per_page":6,"total":12,"total_pages":2,"data":[{"id":1,"name":"cerulean","year":2000,"color":"#98B2D1","pantone_value":"15-4020"},{"id":2,"name":"fuchsia rose","year":2001,"color":"#C74375","pantone_value":"17-2031"},{"id":3,"name":"true red","year":2002,"color":"#BF1932","pantone_value":"19-1664"},{"id":4,"name":"aqua sky","year":2003,"color":"#7BC4C4","pantone_value":"14-4811"},{"id":5,"name":"tigerlily","year":2004,"color":"#E2583E","pantone_value":"17-1456"},{"id":6,"name":"blue turquoise","year":2005,"color":"#53B0AE","pantone_value":"15-5217"}],"support":{"url":"https://reqres.in/#support-heading","text":"To keep ReqRes free, contributions towards server costs are appreciated!"}}

18:12:16.187 [main] INFO com.intuit.karate - [print] {
  "page": 1,
  "per_page": 6,
  "total": 12,
  "total_pages": 2,
  "data": [
    {
      "id": 1,
      "name": "cerulean",
      "year": 2000,
      "color": "#98B2D1",
      "pantone_value": "15-4020"
    },
    {
      "id": 2,
      "name": "fuchsia rose",
      "year": 2001,
      "color": "#C74375",
      "pantone_value": "17-2031"
    },
    {
      "id": 3,
      "name": "true red",
      "year": 2002,
      "color": "#BF1932",
      "pantone_value": "19-1664"
    },
    {
      "id": 4,
      "name": "aqua sky",
      "year": 2003,
      "color": "#7BC4C4",
      "pantone_value": "14-4811"
    },
    {
      "id": 5,
      "name": "tigerlily",
      "year": 2004,
      "color": "#E2583E",
      "pantone_value": "17-1456"
    },
    {
      "id": 6,
      "name": "blue turquoise",
      "year": 2005,
      "color": "#53B0AE",
      "pantone_value": "15-5217"
    }
  ],
  "support": {
    "url": "https://reqres.in/#support-heading",
    "text": "To keep ReqRes free, contributions towards server costs are appreciated!"
  }
}
 
]]></system-out>
  </testcase>
  <testcase name="[3:26] Test a sample Get API with a Path and parameters" classname="[Tests/GETdemo] Sample api Test" time="0.452">
    <system-out><![CDATA[18:12:16.254 [main] INFO com.intuit.karate - The value of enviroment is : preprod 
18:12:16.269 [main] DEBUG org.apache.http.client.protocol.RequestAddCookies - CookieSpec selected: karate
18:12:16.269 [main] DEBUG org.apache.http.client.protocol.RequestAuthCache - Auth cache not set in the context
18:12:16.269 [main] DEBUG com.intuit.karate - request:
1 > GET https://reqres.in/api/users?page=2
1 > Accept: application/json
1 > Host: reqres.in
1 > Connection: Keep-Alive
1 > User-Agent: Apache-HttpClient/4.5.12 (Java/17.0.9)
1 > Accept-Encoding: gzip,deflate


18:12:16.269 [main] DEBUG org.apache.http.impl.conn.PoolingHttpClientConnectionManager - Connection request: [route: {s}->https://reqres.in:443][total available: 0; route allocated: 0 of 5; total allocated: 0 of 10]
18:12:16.270 [main] DEBUG org.apache.http.impl.conn.PoolingHttpClientConnectionManager - Connection leased: [id: 4][route: {s}->https://reqres.in:443][total available: 0; route allocated: 1 of 5; total allocated: 1 of 10]
18:12:16.270 [main] DEBUG org.apache.http.impl.execchain.MainClientExec - Opening connection {s}->https://reqres.in:443
18:12:16.270 [main] DEBUG org.apache.http.impl.conn.DefaultHttpClientConnectionOperator - Connecting to reqres.in/104.26.10.213:443
18:12:16.270 [main] DEBUG org.apache.http.conn.ssl.SSLConnectionSocketFactory - Connecting socket to reqres.in/104.26.10.213:443 with timeout 5000
18:12:16.307 [main] DEBUG org.apache.http.conn.ssl.SSLConnectionSocketFactory - Enabled protocols: [TLSv1.3, TLSv1.2]
18:12:16.307 [main] DEBUG org.apache.http.conn.ssl.SSLConnectionSocketFactory - Enabled cipher suites:[TLS_AES_256_GCM_SHA384, TLS_AES_128_GCM_SHA256, TLS_CHACHA20_POLY1305_SHA256, TLS_ECDHE_ECDSA_WITH_AES_256_GCM_SHA384, TLS_ECDHE_ECDSA_WITH_AES_128_GCM_SHA256, TLS_ECDHE_ECDSA_WITH_CHACHA20_POLY1305_SHA256, TLS_ECDHE_RSA_WITH_AES_256_GCM_SHA384, TLS_ECDHE_RSA_WITH_CHACHA20_POLY1305_SHA256, TLS_ECDHE_RSA_WITH_AES_128_GCM_SHA256, TLS_DHE_RSA_WITH_AES_256_GCM_SHA384, TLS_DHE_RSA_WITH_CHACHA20_POLY1305_SHA256, TLS_DHE_DSS_WITH_AES_256_GCM_SHA384, TLS_DHE_RSA_WITH_AES_128_GCM_SHA256, TLS_DHE_DSS_WITH_AES_128_GCM_SHA256, TLS_ECDHE_ECDSA_WITH_AES_256_CBC_SHA384, TLS_ECDHE_RSA_WITH_AES_256_CBC_SHA384, TLS_ECDHE_ECDSA_WITH_AES_128_CBC_SHA256, TLS_ECDHE_RSA_WITH_AES_128_CBC_SHA256, TLS_DHE_RSA_WITH_AES_256_CBC_SHA256, TLS_DHE_DSS_WITH_AES_256_CBC_SHA256, TLS_DHE_RSA_WITH_AES_128_CBC_SHA256, TLS_DHE_DSS_WITH_AES_128_CBC_SHA256, TLS_ECDH_ECDSA_WITH_AES_256_GCM_SHA384, TLS_ECDH_RSA_WITH_AES_256_GCM_SHA384, TLS_ECDH_ECDSA_WITH_AES_128_GCM_SHA256, TLS_ECDH_RSA_WITH_AES_128_GCM_SHA256, TLS_ECDH_ECDSA_WITH_AES_256_CBC_SHA384, TLS_ECDH_RSA_WITH_AES_256_CBC_SHA384, TLS_ECDH_ECDSA_WITH_AES_128_CBC_SHA256, TLS_ECDH_RSA_WITH_AES_128_CBC_SHA256, TLS_ECDHE_ECDSA_WITH_AES_256_CBC_SHA, TLS_ECDHE_RSA_WITH_AES_256_CBC_SHA, TLS_ECDHE_ECDSA_WITH_AES_128_CBC_SHA, TLS_ECDHE_RSA_WITH_AES_128_CBC_SHA, TLS_DHE_RSA_WITH_AES_256_CBC_SHA, TLS_DHE_DSS_WITH_AES_256_CBC_SHA, TLS_DHE_RSA_WITH_AES_128_CBC_SHA, TLS_DHE_DSS_WITH_AES_128_CBC_SHA, TLS_ECDH_ECDSA_WITH_AES_256_CBC_SHA, TLS_ECDH_RSA_WITH_AES_256_CBC_SHA, TLS_ECDH_ECDSA_WITH_AES_128_CBC_SHA, TLS_ECDH_RSA_WITH_AES_128_CBC_SHA, TLS_RSA_WITH_AES_256_GCM_SHA384, TLS_RSA_WITH_AES_128_GCM_SHA256, TLS_RSA_WITH_AES_256_CBC_SHA256, TLS_RSA_WITH_AES_128_CBC_SHA256, TLS_RSA_WITH_AES_256_CBC_SHA, TLS_RSA_WITH_AES_128_CBC_SHA, TLS_EMPTY_RENEGOTIATION_INFO_SCSV]
18:12:16.307 [main] DEBUG org.apache.http.conn.ssl.SSLConnectionSocketFactory - Starting handshake
18:12:16.365 [main] DEBUG org.apache.http.conn.ssl.SSLConnectionSocketFactory - Secure session established
18:12:16.365 [main] DEBUG org.apache.http.conn.ssl.SSLConnectionSocketFactory -  negotiated protocol: TLSv1.3
18:12:16.365 [main] DEBUG org.apache.http.conn.ssl.SSLConnectionSocketFactory -  negotiated cipher suite: TLS_AES_256_GCM_SHA384
18:12:16.365 [main] DEBUG org.apache.http.conn.ssl.SSLConnectionSocketFactory -  peer principal: CN=sni.cloudflaressl.com, O="Cloudflare, Inc.", L=San Francisco, ST=California, C=US
18:12:16.365 [main] DEBUG org.apache.http.conn.ssl.SSLConnectionSocketFactory -  peer alternative names: [reqres.in, *.reqres.in, sni.cloudflaressl.com]
18:12:16.365 [main] DEBUG org.apache.http.conn.ssl.SSLConnectionSocketFactory -  issuer principal: CN=Cloudflare Inc ECC CA-3, O="Cloudflare, Inc.", C=US
18:12:16.365 [main] DEBUG org.apache.http.impl.conn.DefaultHttpClientConnectionOperator - Connection established 192.168.1.66:59212<->104.26.10.213:443
18:12:16.365 [main] DEBUG org.apache.http.impl.conn.DefaultManagedHttpClientConnection - http-outgoing-4: set socket timeout to 5000
18:12:16.365 [main] DEBUG org.apache.http.impl.execchain.MainClientExec - Executing request GET /api/users?page=2 HTTP/1.1
18:12:16.365 [main] DEBUG org.apache.http.impl.execchain.MainClientExec - Target auth state: UNCHALLENGED
18:12:16.365 [main] DEBUG org.apache.http.impl.execchain.MainClientExec - Proxy auth state: UNCHALLENGED
18:12:16.365 [main] DEBUG org.apache.http.headers - http-outgoing-4 >> GET /api/users?page=2 HTTP/1.1
18:12:16.365 [main] DEBUG org.apache.http.headers - http-outgoing-4 >> Accept: application/json
18:12:16.365 [main] DEBUG org.apache.http.headers - http-outgoing-4 >> Host: reqres.in
18:12:16.365 [main] DEBUG org.apache.http.headers - http-outgoing-4 >> Connection: Keep-Alive
18:12:16.366 [main] DEBUG org.apache.http.headers - http-outgoing-4 >> User-Agent: Apache-HttpClient/4.5.12 (Java/17.0.9)
18:12:16.366 [main] DEBUG org.apache.http.headers - http-outgoing-4 >> Accept-Encoding: gzip,deflate
18:12:16.366 [main] DEBUG org.apache.http.wire - http-outgoing-4 >> "GET /api/users?page=2 HTTP/1.1[\r][\n]"
18:12:16.366 [main] DEBUG org.apache.http.wire - http-outgoing-4 >> "Accept: application/json[\r][\n]"
18:12:16.366 [main] DEBUG org.apache.http.wire - http-outgoing-4 >> "Host: reqres.in[\r][\n]"
18:12:16.366 [main] DEBUG org.apache.http.wire - http-outgoing-4 >> "Connection: Keep-Alive[\r][\n]"
18:12:16.369 [main] DEBUG org.apache.http.wire - http-outgoing-4 >> "User-Agent: Apache-HttpClient/4.5.12 (Java/17.0.9)[\r][\n]"
18:12:16.369 [main] DEBUG org.apache.http.wire - http-outgoing-4 >> "Accept-Encoding: gzip,deflate[\r][\n]"
18:12:16.369 [main] DEBUG org.apache.http.wire - http-outgoing-4 >> "[\r][\n]"
18:12:16.686 [main] DEBUG org.apache.http.wire - http-outgoing-4 << "HTTP/1.1 200 OK[\r][\n]"
18:12:16.686 [main] DEBUG org.apache.http.wire - http-outgoing-4 << "Date: Thu, 30 Nov 2023 00:12:16 GMT[\r][\n]"
18:12:16.686 [main] DEBUG org.apache.http.wire - http-outgoing-4 << "Content-Type: application/json; charset=utf-8[\r][\n]"
18:12:16.686 [main] DEBUG org.apache.http.wire - http-outgoing-4 << "Transfer-Encoding: chunked[\r][\n]"
18:12:16.689 [main] DEBUG org.apache.http.wire - http-outgoing-4 << "Connection: keep-alive[\r][\n]"
18:12:16.689 [main] DEBUG org.apache.http.wire - http-outgoing-4 << "Report-To: {"group":"heroku-nel","max_age":3600,"endpoints":[{"url":"https://nel.heroku.com/reports?ts=1701295694&sid=c4c9725f-1ab0-44d8-820f-430df2718e11&s=p59bpO3aU%2FOkaOqu4krbTaZUrW3TPkA4K9r4g8KH2PQ%3D"}]}[\r][\n]"
18:12:16.692 [main] DEBUG org.apache.http.wire - http-outgoing-4 << "Reporting-Endpoints: heroku-nel=https://nel.heroku.com/reports?ts=1701295694&sid=c4c9725f-1ab0-44d8-820f-430df2718e11&s=p59bpO3aU%2FOkaOqu4krbTaZUrW3TPkA4K9r4g8KH2PQ%3D[\r][\n]"
18:12:16.694 [main] DEBUG org.apache.http.wire - http-outgoing-4 << "Nel: {"report_to":"heroku-nel","max_age":3600,"success_fraction":0.005,"failure_fraction":0.05,"response_headers":["Via"]}[\r][\n]"
18:12:16.700 [main] DEBUG org.apache.http.wire - http-outgoing-4 << "X-Powered-By: Express[\r][\n]"
18:12:16.700 [main] DEBUG org.apache.http.wire - http-outgoing-4 << "Access-Control-Allow-Origin: *[\r][\n]"
18:12:16.700 [main] DEBUG org.apache.http.wire - http-outgoing-4 << "Etag: W/"406-ut0vzoCuidvyMf8arZpMpJ6ZRDw"[\r][\n]"
18:12:16.700 [main] DEBUG org.apache.http.wire - http-outgoing-4 << "Via: 1.1 vegur[\r][\n]"
18:12:16.701 [main] DEBUG org.apache.http.wire - http-outgoing-4 << "Cache-Control: max-age=14400[\r][\n]"
18:12:16.702 [main] DEBUG org.apache.http.wire - http-outgoing-4 << "CF-Cache-Status: REVALIDATED[\r][\n]"
18:12:16.702 [main] DEBUG org.apache.http.wire - http-outgoing-4 << "Vary: Accept-Encoding[\r][\n]"
18:12:16.702 [main] DEBUG org.apache.http.wire - http-outgoing-4 << "Server: cloudflare[\r][\n]"
18:12:16.702 [main] DEBUG org.apache.http.wire - http-outgoing-4 << "CF-RAY: 82dee0babfe0e781-DFW[\r][\n]"
18:12:16.702 [main] DEBUG org.apache.http.wire - http-outgoing-4 << "Content-Encoding: gzip[\r][\n]"
18:12:16.702 [main] DEBUG org.apache.http.wire - http-outgoing-4 << "[\r][\n]"
18:12:16.702 [main] DEBUG org.apache.http.wire - http-outgoing-4 << "17b[\r][\n]"
18:12:16.702 [main] DEBUG org.apache.http.wire - http-outgoing-4 << "[0x1f][0x8b][0x8][0x0][0x0][0x0][0x0][0x0][0x0][0x3][0x8d][0xd2][0xcd]n[0xa3]0[0x14][0x86][0xe1][q[0xcf]l](Y[0xf4][0xc7][0xab][0xaa][0xd2][0xcc]t[0xd1]n[0xa2][0xd9]U[0xa3][0xea][0x4][0xe][0xe0][0xd6][0xd8][0xee][0xb1]i[0xa6][0x8a]r[0xef]UM4T[0x88]D[0xec][0x0][0xbf][0x1f]z[0x84][0xd8][0x81][0xc7][0x86]@[0xad]$x[0xe2][0xe7][0xe1][0xe6]RBt[0x11][\r][0xa8]bu[0xb8]L'!u[0x15]F[0x4][0xf5][0xb4][0x3]][0x81][0xba][0x92]@[0x1d]j[0x3][\n]"
18:12:16.702 [main] DEBUG org.apache.http.wire - http-outgoing-4 << ":][0xb6]H&3[0xb8][\r][0xce][0xde]2[0xbd]1[0x85]L[[0x90]Pk[0xe][0xf1][0xd9]bG[0xa0][0xe0]q[0xe8]@[0x82][0xc1][0xf1][0xe9]CZ[0x81][0x4]|[0xc7][0x88][0xc][\n]"
18:12:16.702 [main] DEBUG org.apache.http.wire - http-outgoing-4 << "[0xda][0x18]}Py[0xfe][0xff]E[0xb9][0xee][0x9a][0xbc][0xc6][0x92]B~u[0xae];l({[0xf1][\r][0xec][0xe5]@[0xb9][0x1e])F[0xdb]*[0xe0]GV[0x13]7[0xfd]I[0xcc][0xc3]PN0[0xbf][0xe][0xbb][0xa5][0x9c][0xeb][0x19][0xce][0xcd][0xc8][0x89]n[0xa3]1duo_[0xe9]8[0xe5]O[0xaa][0xa6][0x92][0xaf][0xcd]R[0xc6][0xcd][0xc][0xa3][0xb8][0x18][0x1d][0x9b][0xf]v6[0xab]5[0x99]*[0x1c]w[0xdc]}USF[0xda],u[0x14][0x17]s[0x90]b[0x84]4[0xe4][0xb8][0xa1][0x8c][0xaa]-[0xf2])[0xca][0xef][0xd4]M,?[0x87][0xd5]bL1[0x87]Y[0x8d][0x18][0xc6][0xb2]%[0x93][0xb5]nK[0xc6][0x1c][0xb7][0xac]S6[0xb1][0xdc][0xa7][0xd1]b[0xca][0xea];[0xe5][0xaf][0x84][0xd0]{[0xef]8[0x82][0xda]A[0xcf]fv[0xfd][0xe3][0xd0][0x9c][0xb7][0x84][0x95][0xb6][\r]H[0x88][0xf4]/[0xa6][0xff]E[0xbc][0x12]y[0xb1][0xa6][0xb7]5[0x5]Q3[0x91][0x14][0xa5][0xb3][0x91][0xf5][0xa6][0x8f][0xda][0xd9] [0xa2]K[0x9f]J[0x4][0xe2]wbQ[0xba][0x10][0x83]@&[0x81][0xde]3[0x95][0x1a]#Ug[0xb0][0xdf][0x2][0xf6][0x16][0x88]W[0x6][0x4][0x0][0x0][\r][\n]"
18:12:16.703 [main] DEBUG org.apache.http.headers - http-outgoing-4 << HTTP/1.1 200 OK
18:12:16.703 [main] DEBUG org.apache.http.headers - http-outgoing-4 << Date: Thu, 30 Nov 2023 00:12:16 GMT
18:12:16.703 [main] DEBUG org.apache.http.headers - http-outgoing-4 << Content-Type: application/json; charset=utf-8
18:12:16.703 [main] DEBUG org.apache.http.headers - http-outgoing-4 << Transfer-Encoding: chunked
18:12:16.703 [main] DEBUG org.apache.http.headers - http-outgoing-4 << Connection: keep-alive
18:12:16.703 [main] DEBUG org.apache.http.headers - http-outgoing-4 << Report-To: {"group":"heroku-nel","max_age":3600,"endpoints":[{"url":"https://nel.heroku.com/reports?ts=1701295694&sid=c4c9725f-1ab0-44d8-820f-430df2718e11&s=p59bpO3aU%2FOkaOqu4krbTaZUrW3TPkA4K9r4g8KH2PQ%3D"}]}
18:12:16.703 [main] DEBUG org.apache.http.headers - http-outgoing-4 << Reporting-Endpoints: heroku-nel=https://nel.heroku.com/reports?ts=1701295694&sid=c4c9725f-1ab0-44d8-820f-430df2718e11&s=p59bpO3aU%2FOkaOqu4krbTaZUrW3TPkA4K9r4g8KH2PQ%3D
18:12:16.703 [main] DEBUG org.apache.http.headers - http-outgoing-4 << Nel: {"report_to":"heroku-nel","max_age":3600,"success_fraction":0.005,"failure_fraction":0.05,"response_headers":["Via"]}
18:12:16.703 [main] DEBUG org.apache.http.headers - http-outgoing-4 << X-Powered-By: Express
18:12:16.703 [main] DEBUG org.apache.http.headers - http-outgoing-4 << Access-Control-Allow-Origin: *
18:12:16.703 [main] DEBUG org.apache.http.headers - http-outgoing-4 << Etag: W/"406-ut0vzoCuidvyMf8arZpMpJ6ZRDw"
18:12:16.703 [main] DEBUG org.apache.http.headers - http-outgoing-4 << Via: 1.1 vegur
18:12:16.703 [main] DEBUG org.apache.http.headers - http-outgoing-4 << Cache-Control: max-age=14400
18:12:16.703 [main] DEBUG org.apache.http.headers - http-outgoing-4 << CF-Cache-Status: REVALIDATED
18:12:16.703 [main] DEBUG org.apache.http.headers - http-outgoing-4 << Vary: Accept-Encoding
18:12:16.703 [main] DEBUG org.apache.http.headers - http-outgoing-4 << Server: cloudflare
18:12:16.703 [main] DEBUG org.apache.http.headers - http-outgoing-4 << CF-RAY: 82dee0babfe0e781-DFW
18:12:16.703 [main] DEBUG org.apache.http.headers - http-outgoing-4 << Content-Encoding: gzip
18:12:16.703 [main] DEBUG org.apache.http.impl.execchain.MainClientExec - Connection can be kept alive indefinitely
18:12:16.704 [main] DEBUG org.apache.http.impl.conn.DefaultManagedHttpClientConnection - http-outgoing-4: Close connection
18:12:16.705 [main] DEBUG org.apache.http.impl.execchain.MainClientExec - Connection discarded
18:12:16.707 [main] DEBUG org.apache.http.impl.conn.PoolingHttpClientConnectionManager - Connection released: [id: 4][route: {s}->https://reqres.in:443][total available: 0; route allocated: 0 of 5; total allocated: 0 of 10]
18:12:16.707 [main] DEBUG org.apache.http.impl.conn.PoolingHttpClientConnectionManager - Connection manager is shutting down
18:12:16.707 [main] DEBUG org.apache.http.impl.conn.PoolingHttpClientConnectionManager - Connection manager shut down
18:12:16.707 [main] DEBUG com.intuit.karate - response time in milliseconds: 435
1 < 200
1 < Date: Thu, 30 Nov 2023 00:12:16 GMT
1 < Content-Type: application/json; charset=utf-8
1 < Transfer-Encoding: chunked
1 < Connection: keep-alive
1 < Report-To: {"group":"heroku-nel","max_age":3600,"endpoints":[{"url":"https://nel.heroku.com/reports?ts=1701295694&sid=c4c9725f-1ab0-44d8-820f-430df2718e11&s=p59bpO3aU%2FOkaOqu4krbTaZUrW3TPkA4K9r4g8KH2PQ%3D"}]}
1 < Reporting-Endpoints: heroku-nel=https://nel.heroku.com/reports?ts=1701295694&sid=c4c9725f-1ab0-44d8-820f-430df2718e11&s=p59bpO3aU%2FOkaOqu4krbTaZUrW3TPkA4K9r4g8KH2PQ%3D
1 < Nel: {"report_to":"heroku-nel","max_age":3600,"success_fraction":0.005,"failure_fraction":0.05,"response_headers":["Via"]}
1 < X-Powered-By: Express
1 < Access-Control-Allow-Origin: *
1 < Etag: W/"406-ut0vzoCuidvyMf8arZpMpJ6ZRDw"
1 < Via: 1.1 vegur
1 < Cache-Control: max-age=14400
1 < CF-Cache-Status: REVALIDATED
1 < Vary: Accept-Encoding
1 < Server: cloudflare
1 < CF-RAY: 82dee0babfe0e781-DFW
{"page":2,"per_page":6,"total":12,"total_pages":2,"data":[{"id":7,"email":"michael.lawson@reqres.in","first_name":"Michael","last_name":"Lawson","avatar":"https://reqres.in/img/faces/7-image.jpg"},{"id":8,"email":"lindsay.ferguson@reqres.in","first_name":"Lindsay","last_name":"Ferguson","avatar":"https://reqres.in/img/faces/8-image.jpg"},{"id":9,"email":"tobias.funke@reqres.in","first_name":"Tobias","last_name":"Funke","avatar":"https://reqres.in/img/faces/9-image.jpg"},{"id":10,"email":"byron.fields@reqres.in","first_name":"Byron","last_name":"Fields","avatar":"https://reqres.in/img/faces/10-image.jpg"},{"id":11,"email":"george.edwards@reqres.in","first_name":"George","last_name":"Edwards","avatar":"https://reqres.in/img/faces/11-image.jpg"},{"id":12,"email":"rachel.howell@reqres.in","first_name":"Rachel","last_name":"Howell","avatar":"https://reqres.in/img/faces/12-image.jpg"}],"support":{"url":"https://reqres.in/#support-heading","text":"To keep ReqRes free, contributions towards server costs are appreciated!"}}

18:12:16.716 [main] INFO com.intuit.karate - [print] {
  "page": 2,
  "per_page": 6,
  "total": 12,
  "total_pages": 2,
  "data": [
    {
      "id": 7,
      "email": "michael.lawson@reqres.in",
      "first_name": "Michael",
      "last_name": "Lawson",
      "avatar": "https://reqres.in/img/faces/7-image.jpg"
    },
    {
      "id": 8,
      "email": "lindsay.ferguson@reqres.in",
      "first_name": "Lindsay",
      "last_name": "Ferguson",
      "avatar": "https://reqres.in/img/faces/8-image.jpg"
    },
    {
      "id": 9,
      "email": "tobias.funke@reqres.in",
      "first_name": "Tobias",
      "last_name": "Funke",
      "avatar": "https://reqres.in/img/faces/9-image.jpg"
    },
    {
      "id": 10,
      "email": "byron.fields@reqres.in",
      "first_name": "Byron",
      "last_name": "Fields",
      "avatar": "https://reqres.in/img/faces/10-image.jpg"
    },
    {
      "id": 11,
      "email": "george.edwards@reqres.in",
      "first_name": "George",
      "last_name": "Edwards",
      "avatar": "https://reqres.in/img/faces/11-image.jpg"
    },
    {
      "id": 12,
      "email": "rachel.howell@reqres.in",
      "first_name": "Rachel",
      "last_name": "Howell",
      "avatar": "https://reqres.in/img/faces/12-image.jpg"
    }
  ],
  "support": {
    "url": "https://reqres.in/#support-heading",
    "text": "To keep ReqRes free, contributions towards server costs are appreciated!"
  }
}
 
]]></system-out>
  </testcase>
  <testcase name="[4:34] Test a sample Get API with assertions" classname="[Tests/GETdemo] Sample api Test" time="0.334">
    <system-out><![CDATA[18:12:16.730 [main] INFO com.intuit.karate - The value of enviroment is : preprod 
18:12:16.742 [main] DEBUG org.apache.http.client.protocol.RequestAddCookies - CookieSpec selected: karate
18:12:16.742 [main] DEBUG org.apache.http.client.protocol.RequestAuthCache - Auth cache not set in the context
18:12:16.742 [main] DEBUG com.intuit.karate - request:
1 > GET https://reqres.in/api/users?page=2
1 > Accept: application/json
1 > Host: reqres.in
1 > Connection: Keep-Alive
1 > User-Agent: Apache-HttpClient/4.5.12 (Java/17.0.9)
1 > Accept-Encoding: gzip,deflate


18:12:16.742 [main] DEBUG org.apache.http.impl.conn.PoolingHttpClientConnectionManager - Connection request: [route: {s}->https://reqres.in:443][total available: 0; route allocated: 0 of 5; total allocated: 0 of 10]
18:12:16.743 [main] DEBUG org.apache.http.impl.conn.PoolingHttpClientConnectionManager - Connection leased: [id: 5][route: {s}->https://reqres.in:443][total available: 0; route allocated: 1 of 5; total allocated: 1 of 10]
18:12:16.743 [main] DEBUG org.apache.http.impl.execchain.MainClientExec - Opening connection {s}->https://reqres.in:443
18:12:16.744 [main] DEBUG org.apache.http.impl.conn.DefaultHttpClientConnectionOperator - Connecting to reqres.in/104.26.10.213:443
18:12:16.744 [main] DEBUG org.apache.http.conn.ssl.SSLConnectionSocketFactory - Connecting socket to reqres.in/104.26.10.213:443 with timeout 5000
18:12:16.784 [main] DEBUG org.apache.http.conn.ssl.SSLConnectionSocketFactory - Enabled protocols: [TLSv1.3, TLSv1.2]
18:12:16.784 [main] DEBUG org.apache.http.conn.ssl.SSLConnectionSocketFactory - Enabled cipher suites:[TLS_AES_256_GCM_SHA384, TLS_AES_128_GCM_SHA256, TLS_CHACHA20_POLY1305_SHA256, TLS_ECDHE_ECDSA_WITH_AES_256_GCM_SHA384, TLS_ECDHE_ECDSA_WITH_AES_128_GCM_SHA256, TLS_ECDHE_ECDSA_WITH_CHACHA20_POLY1305_SHA256, TLS_ECDHE_RSA_WITH_AES_256_GCM_SHA384, TLS_ECDHE_RSA_WITH_CHACHA20_POLY1305_SHA256, TLS_ECDHE_RSA_WITH_AES_128_GCM_SHA256, TLS_DHE_RSA_WITH_AES_256_GCM_SHA384, TLS_DHE_RSA_WITH_CHACHA20_POLY1305_SHA256, TLS_DHE_DSS_WITH_AES_256_GCM_SHA384, TLS_DHE_RSA_WITH_AES_128_GCM_SHA256, TLS_DHE_DSS_WITH_AES_128_GCM_SHA256, TLS_ECDHE_ECDSA_WITH_AES_256_CBC_SHA384, TLS_ECDHE_RSA_WITH_AES_256_CBC_SHA384, TLS_ECDHE_ECDSA_WITH_AES_128_CBC_SHA256, TLS_ECDHE_RSA_WITH_AES_128_CBC_SHA256, TLS_DHE_RSA_WITH_AES_256_CBC_SHA256, TLS_DHE_DSS_WITH_AES_256_CBC_SHA256, TLS_DHE_RSA_WITH_AES_128_CBC_SHA256, TLS_DHE_DSS_WITH_AES_128_CBC_SHA256, TLS_ECDH_ECDSA_WITH_AES_256_GCM_SHA384, TLS_ECDH_RSA_WITH_AES_256_GCM_SHA384, TLS_ECDH_ECDSA_WITH_AES_128_GCM_SHA256, TLS_ECDH_RSA_WITH_AES_128_GCM_SHA256, TLS_ECDH_ECDSA_WITH_AES_256_CBC_SHA384, TLS_ECDH_RSA_WITH_AES_256_CBC_SHA384, TLS_ECDH_ECDSA_WITH_AES_128_CBC_SHA256, TLS_ECDH_RSA_WITH_AES_128_CBC_SHA256, TLS_ECDHE_ECDSA_WITH_AES_256_CBC_SHA, TLS_ECDHE_RSA_WITH_AES_256_CBC_SHA, TLS_ECDHE_ECDSA_WITH_AES_128_CBC_SHA, TLS_ECDHE_RSA_WITH_AES_128_CBC_SHA, TLS_DHE_RSA_WITH_AES_256_CBC_SHA, TLS_DHE_DSS_WITH_AES_256_CBC_SHA, TLS_DHE_RSA_WITH_AES_128_CBC_SHA, TLS_DHE_DSS_WITH_AES_128_CBC_SHA, TLS_ECDH_ECDSA_WITH_AES_256_CBC_SHA, TLS_ECDH_RSA_WITH_AES_256_CBC_SHA, TLS_ECDH_ECDSA_WITH_AES_128_CBC_SHA, TLS_ECDH_RSA_WITH_AES_128_CBC_SHA, TLS_RSA_WITH_AES_256_GCM_SHA384, TLS_RSA_WITH_AES_128_GCM_SHA256, TLS_RSA_WITH_AES_256_CBC_SHA256, TLS_RSA_WITH_AES_128_CBC_SHA256, TLS_RSA_WITH_AES_256_CBC_SHA, TLS_RSA_WITH_AES_128_CBC_SHA, TLS_EMPTY_RENEGOTIATION_INFO_SCSV]
18:12:16.784 [main] DEBUG org.apache.http.conn.ssl.SSLConnectionSocketFactory - Starting handshake
18:12:16.840 [main] DEBUG org.apache.http.conn.ssl.SSLConnectionSocketFactory - Secure session established
18:12:16.840 [main] DEBUG org.apache.http.conn.ssl.SSLConnectionSocketFactory -  negotiated protocol: TLSv1.3
18:12:16.840 [main] DEBUG org.apache.http.conn.ssl.SSLConnectionSocketFactory -  negotiated cipher suite: TLS_AES_256_GCM_SHA384
18:12:16.840 [main] DEBUG org.apache.http.conn.ssl.SSLConnectionSocketFactory -  peer principal: CN=sni.cloudflaressl.com, O="Cloudflare, Inc.", L=San Francisco, ST=California, C=US
18:12:16.840 [main] DEBUG org.apache.http.conn.ssl.SSLConnectionSocketFactory -  peer alternative names: [reqres.in, *.reqres.in, sni.cloudflaressl.com]
18:12:16.840 [main] DEBUG org.apache.http.conn.ssl.SSLConnectionSocketFactory -  issuer principal: CN=Cloudflare Inc ECC CA-3, O="Cloudflare, Inc.", C=US
18:12:16.840 [main] DEBUG org.apache.http.impl.conn.DefaultHttpClientConnectionOperator - Connection established 192.168.1.66:59213<->104.26.10.213:443
18:12:16.840 [main] DEBUG org.apache.http.impl.conn.DefaultManagedHttpClientConnection - http-outgoing-5: set socket timeout to 5000
18:12:16.840 [main] DEBUG org.apache.http.impl.execchain.MainClientExec - Executing request GET /api/users?page=2 HTTP/1.1
18:12:16.840 [main] DEBUG org.apache.http.impl.execchain.MainClientExec - Target auth state: UNCHALLENGED
18:12:16.840 [main] DEBUG org.apache.http.impl.execchain.MainClientExec - Proxy auth state: UNCHALLENGED
18:12:16.841 [main] DEBUG org.apache.http.headers - http-outgoing-5 >> GET /api/users?page=2 HTTP/1.1
18:12:16.841 [main] DEBUG org.apache.http.headers - http-outgoing-5 >> Accept: application/json
18:12:16.841 [main] DEBUG org.apache.http.headers - http-outgoing-5 >> Host: reqres.in
18:12:16.841 [main] DEBUG org.apache.http.headers - http-outgoing-5 >> Connection: Keep-Alive
18:12:16.841 [main] DEBUG org.apache.http.headers - http-outgoing-5 >> User-Agent: Apache-HttpClient/4.5.12 (Java/17.0.9)
18:12:16.841 [main] DEBUG org.apache.http.headers - http-outgoing-5 >> Accept-Encoding: gzip,deflate
18:12:16.841 [main] DEBUG org.apache.http.wire - http-outgoing-5 >> "GET /api/users?page=2 HTTP/1.1[\r][\n]"
18:12:16.841 [main] DEBUG org.apache.http.wire - http-outgoing-5 >> "Accept: application/json[\r][\n]"
18:12:16.841 [main] DEBUG org.apache.http.wire - http-outgoing-5 >> "Host: reqres.in[\r][\n]"
18:12:16.841 [main] DEBUG org.apache.http.wire - http-outgoing-5 >> "Connection: Keep-Alive[\r][\n]"
18:12:16.841 [main] DEBUG org.apache.http.wire - http-outgoing-5 >> "User-Agent: Apache-HttpClient/4.5.12 (Java/17.0.9)[\r][\n]"
18:12:16.841 [main] DEBUG org.apache.http.wire - http-outgoing-5 >> "Accept-Encoding: gzip,deflate[\r][\n]"
18:12:16.841 [main] DEBUG org.apache.http.wire - http-outgoing-5 >> "[\r][\n]"
18:12:16.904 [main] DEBUG org.apache.http.wire - http-outgoing-5 << "HTTP/1.1 200 OK[\r][\n]"
18:12:16.904 [main] DEBUG org.apache.http.wire - http-outgoing-5 << "Date: Thu, 30 Nov 2023 00:12:16 GMT[\r][\n]"
18:12:16.904 [main] DEBUG org.apache.http.wire - http-outgoing-5 << "Content-Type: application/json; charset=utf-8[\r][\n]"
18:12:16.904 [main] DEBUG org.apache.http.wire - http-outgoing-5 << "Transfer-Encoding: chunked[\r][\n]"
18:12:16.904 [main] DEBUG org.apache.http.wire - http-outgoing-5 << "Connection: keep-alive[\r][\n]"
18:12:16.905 [main] DEBUG org.apache.http.wire - http-outgoing-5 << "Report-To: {"group":"heroku-nel","max_age":3600,"endpoints":[{"url":"https://nel.heroku.com/reports?ts=1701292394&sid=c4c9725f-1ab0-44d8-820f-430df2718e11&s=HsfhVs67s3mcVlwRn3KhI98XzdoJyQ9oOQo%2BJ3P1VJQ%3D"}]}[\r][\n]"
18:12:16.905 [main] DEBUG org.apache.http.wire - http-outgoing-5 << "Reporting-Endpoints: heroku-nel=https://nel.heroku.com/reports?ts=1701292394&sid=c4c9725f-1ab0-44d8-820f-430df2718e11&s=HsfhVs67s3mcVlwRn3KhI98XzdoJyQ9oOQo%2BJ3P1VJQ%3D[\r][\n]"
18:12:16.905 [main] DEBUG org.apache.http.wire - http-outgoing-5 << "Nel: {"report_to":"heroku-nel","max_age":3600,"success_fraction":0.005,"failure_fraction":0.05,"response_headers":["Via"]}[\r][\n]"
18:12:16.905 [main] DEBUG org.apache.http.wire - http-outgoing-5 << "X-Powered-By: Express[\r][\n]"
18:12:16.905 [main] DEBUG org.apache.http.wire - http-outgoing-5 << "Access-Control-Allow-Origin: *[\r][\n]"
18:12:16.905 [main] DEBUG org.apache.http.wire - http-outgoing-5 << "Etag: W/"406-ut0vzoCuidvyMf8arZpMpJ6ZRDw"[\r][\n]"
18:12:16.905 [main] DEBUG org.apache.http.wire - http-outgoing-5 << "Via: 1.1 vegur[\r][\n]"
18:12:16.905 [main] DEBUG org.apache.http.wire - http-outgoing-5 << "Cache-Control: max-age=14400[\r][\n]"
18:12:16.905 [main] DEBUG org.apache.http.wire - http-outgoing-5 << "CF-Cache-Status: HIT[\r][\n]"
18:12:16.905 [main] DEBUG org.apache.http.wire - http-outgoing-5 << "Age: 2667[\r][\n]"
18:12:16.905 [main] DEBUG org.apache.http.wire - http-outgoing-5 << "Vary: Accept-Encoding[\r][\n]"
18:12:16.905 [main] DEBUG org.apache.http.wire - http-outgoing-5 << "Server: cloudflare[\r][\n]"
18:12:16.905 [main] DEBUG org.apache.http.wire - http-outgoing-5 << "CF-RAY: 82dee0bdcf846b73-DFW[\r][\n]"
18:12:16.905 [main] DEBUG org.apache.http.wire - http-outgoing-5 << "Content-Encoding: gzip[\r][\n]"
18:12:16.905 [main] DEBUG org.apache.http.wire - http-outgoing-5 << "[\r][\n]"
18:12:16.905 [main] DEBUG org.apache.http.wire - http-outgoing-5 << "17b[\r][\n]"
18:12:16.905 [main] DEBUG org.apache.http.wire - http-outgoing-5 << "[0x1f][0x8b][0x8][0x0][0x0][0x0][0x0][0x0][0x0][0x3][0x8d][0xd2][0xcd]n[0xa3]0[0x14][0x86][0xe1][q[0xcf]l](Y[0xf4][0xc7][0xab][0xaa][0xd2][0xcc]t[0xd1]n[0xa2][0xd9]U[0xa3][0xea][0x4][0xe][0xe0][0xd6][0xd8][0xee][0xb1]i[0xa6][0x8a]r[0xef]UM4T[0x88]D[0xec][0x0][0xbf][0x1f]z[0x84][0xd8][0x81][0xc7][0x86]@[0xad]$x[0xe2][0xe7][0xe1][0xe6]RBt[0x11][\r][0xa8]bu[0xb8]L'!u[0x15]F[0x4][0xf5][0xb4][0x3]][0x81][0xba][0x92]@[0x1d]j[0x3][\n]"
18:12:16.905 [main] DEBUG org.apache.http.wire - http-outgoing-5 << ":][0xb6]H&3[0xb8][\r][0xce][0xde]2[0xbd]1[0x85]L[[0x90]Pk[0xe][0xf1][0xd9]bG[0xa0][0xe0]q[0xe8]@[0x82][0xc1][0xf1][0xe9]CZ[0x81][0x4]|[0xc7][0x88][0xc][\n]"
18:12:16.905 [main] DEBUG org.apache.http.wire - http-outgoing-5 << "[0xda][0x18]}Py[0xfe][0xff]E[0xb9][0xee][0x9a][0xbc][0xc6][0x92]B~u[0xae];l({[0xf1][\r][0xec][0xe5]@[0xb9][0x1e])F[0xdb]*[0xe0]GV[0x13]7[0xfd]I[0xcc][0xc3]PN0[0xbf][0xe][0xbb][0xa5][0x9c][0xeb][0x19][0xce][0xcd][0xc8][0x89]n[0xa3]1duo_[0xe9]8[0xe5]O[0xaa][0xa6][0x92][0xaf][0xcd]R[0xc6][0xcd][0xc][0xa3][0xb8][0x18][0x1d][0x9b][0xf]v6[0xab]5[0x99]*[0x1c]w[0xdc]}USF[0xda],u[0x14][0x17]s[0x90]b[0x84]4[0xe4][0xb8][0xa1][0x8c][0xaa]-[0xf2])[0xca][0xef][0xd4]M,?[0x87][0xd5]bL1[0x87]Y[0x8d][0x18][0xc6][0xb2]%[0x93][0xb5]nK[0xc6][0x1c][0xb7][0xac]S6[0xb1][0xdc][0xa7][0xd1]b[0xca][0xea];[0xe5][0xaf][0x84][0xd0]{[0xef]8[0x82][0xda]A[0xcf]fv[0xfd][0xe3][0xd0][0x9c][0xb7][0x84][0x95][0xb6][\r]H[0x88][0xf4]/[0xa6][0xff]E[0xbc][0x12]y[0xb1][0xa6][0xb7]5[0x5]Q3[0x91][0x14][0xa5][0xb3][0x91][0xf5][0xa6][0x8f][0xda][0xd9] [0xa2]K[0x9f]J[0x4][0xe2]wbQ[0xba][0x10][0x83]@&[0x81][0xde]3[0x95][0x1a]#Ug[0xb0][0xdf][0x2][0xf6][0x16][0x88]W[0x6][0x4][0x0][0x0][\r][\n]"
18:12:16.905 [main] DEBUG org.apache.http.headers - http-outgoing-5 << HTTP/1.1 200 OK
18:12:16.905 [main] DEBUG org.apache.http.headers - http-outgoing-5 << Date: Thu, 30 Nov 2023 00:12:16 GMT
18:12:16.906 [main] DEBUG org.apache.http.headers - http-outgoing-5 << Content-Type: application/json; charset=utf-8
18:12:16.906 [main] DEBUG org.apache.http.headers - http-outgoing-5 << Transfer-Encoding: chunked
18:12:16.906 [main] DEBUG org.apache.http.headers - http-outgoing-5 << Connection: keep-alive
18:12:16.906 [main] DEBUG org.apache.http.headers - http-outgoing-5 << Report-To: {"group":"heroku-nel","max_age":3600,"endpoints":[{"url":"https://nel.heroku.com/reports?ts=1701292394&sid=c4c9725f-1ab0-44d8-820f-430df2718e11&s=HsfhVs67s3mcVlwRn3KhI98XzdoJyQ9oOQo%2BJ3P1VJQ%3D"}]}
18:12:16.906 [main] DEBUG org.apache.http.headers - http-outgoing-5 << Reporting-Endpoints: heroku-nel=https://nel.heroku.com/reports?ts=1701292394&sid=c4c9725f-1ab0-44d8-820f-430df2718e11&s=HsfhVs67s3mcVlwRn3KhI98XzdoJyQ9oOQo%2BJ3P1VJQ%3D
18:12:16.906 [main] DEBUG org.apache.http.headers - http-outgoing-5 << Nel: {"report_to":"heroku-nel","max_age":3600,"success_fraction":0.005,"failure_fraction":0.05,"response_headers":["Via"]}
18:12:16.906 [main] DEBUG org.apache.http.headers - http-outgoing-5 << X-Powered-By: Express
18:12:16.906 [main] DEBUG org.apache.http.headers - http-outgoing-5 << Access-Control-Allow-Origin: *
18:12:16.906 [main] DEBUG org.apache.http.headers - http-outgoing-5 << Etag: W/"406-ut0vzoCuidvyMf8arZpMpJ6ZRDw"
18:12:16.906 [main] DEBUG org.apache.http.headers - http-outgoing-5 << Via: 1.1 vegur
18:12:16.906 [main] DEBUG org.apache.http.headers - http-outgoing-5 << Cache-Control: max-age=14400
18:12:16.906 [main] DEBUG org.apache.http.headers - http-outgoing-5 << CF-Cache-Status: HIT
18:12:16.906 [main] DEBUG org.apache.http.headers - http-outgoing-5 << Age: 2667
18:12:16.906 [main] DEBUG org.apache.http.headers - http-outgoing-5 << Vary: Accept-Encoding
18:12:16.906 [main] DEBUG org.apache.http.headers - http-outgoing-5 << Server: cloudflare
18:12:16.906 [main] DEBUG org.apache.http.headers - http-outgoing-5 << CF-RAY: 82dee0bdcf846b73-DFW
18:12:16.906 [main] DEBUG org.apache.http.headers - http-outgoing-5 << Content-Encoding: gzip
18:12:16.906 [main] DEBUG org.apache.http.impl.execchain.MainClientExec - Connection can be kept alive indefinitely
18:12:16.906 [main] DEBUG org.apache.http.impl.conn.DefaultManagedHttpClientConnection - http-outgoing-5: Close connection
18:12:16.908 [main] DEBUG org.apache.http.impl.execchain.MainClientExec - Connection discarded
18:12:16.908 [main] DEBUG org.apache.http.impl.conn.PoolingHttpClientConnectionManager - Connection released: [id: 5][route: {s}->https://reqres.in:443][total available: 0; route allocated: 0 of 5; total allocated: 0 of 10]
18:12:16.908 [main] DEBUG org.apache.http.impl.conn.PoolingHttpClientConnectionManager - Connection manager is shutting down
18:12:16.908 [main] DEBUG org.apache.http.impl.conn.PoolingHttpClientConnectionManager - Connection manager shut down
18:12:16.908 [main] DEBUG com.intuit.karate - response time in milliseconds: 164
1 < 200
1 < Date: Thu, 30 Nov 2023 00:12:16 GMT
1 < Content-Type: application/json; charset=utf-8
1 < Transfer-Encoding: chunked
1 < Connection: keep-alive
1 < Report-To: {"group":"heroku-nel","max_age":3600,"endpoints":[{"url":"https://nel.heroku.com/reports?ts=1701292394&sid=c4c9725f-1ab0-44d8-820f-430df2718e11&s=HsfhVs67s3mcVlwRn3KhI98XzdoJyQ9oOQo%2BJ3P1VJQ%3D"}]}
1 < Reporting-Endpoints: heroku-nel=https://nel.heroku.com/reports?ts=1701292394&sid=c4c9725f-1ab0-44d8-820f-430df2718e11&s=HsfhVs67s3mcVlwRn3KhI98XzdoJyQ9oOQo%2BJ3P1VJQ%3D
1 < Nel: {"report_to":"heroku-nel","max_age":3600,"success_fraction":0.005,"failure_fraction":0.05,"response_headers":["Via"]}
1 < X-Powered-By: Express
1 < Access-Control-Allow-Origin: *
1 < Etag: W/"406-ut0vzoCuidvyMf8arZpMpJ6ZRDw"
1 < Via: 1.1 vegur
1 < Cache-Control: max-age=14400
1 < CF-Cache-Status: HIT
1 < Age: 2667
1 < Vary: Accept-Encoding
1 < Server: cloudflare
1 < CF-RAY: 82dee0bdcf846b73-DFW
{"page":2,"per_page":6,"total":12,"total_pages":2,"data":[{"id":7,"email":"michael.lawson@reqres.in","first_name":"Michael","last_name":"Lawson","avatar":"https://reqres.in/img/faces/7-image.jpg"},{"id":8,"email":"lindsay.ferguson@reqres.in","first_name":"Lindsay","last_name":"Ferguson","avatar":"https://reqres.in/img/faces/8-image.jpg"},{"id":9,"email":"tobias.funke@reqres.in","first_name":"Tobias","last_name":"Funke","avatar":"https://reqres.in/img/faces/9-image.jpg"},{"id":10,"email":"byron.fields@reqres.in","first_name":"Byron","last_name":"Fields","avatar":"https://reqres.in/img/faces/10-image.jpg"},{"id":11,"email":"george.edwards@reqres.in","first_name":"George","last_name":"Edwards","avatar":"https://reqres.in/img/faces/11-image.jpg"},{"id":12,"email":"rachel.howell@reqres.in","first_name":"Rachel","last_name":"Howell","avatar":"https://reqres.in/img/faces/12-image.jpg"}],"support":{"url":"https://reqres.in/#support-heading","text":"To keep ReqRes free, contributions towards server costs are appreciated!"}}

18:12:16.914 [main] INFO com.intuit.karate - [print] {
  "page": 2,
  "per_page": 6,
  "total": 12,
  "total_pages": 2,
  "data": [
    {
      "id": 7,
      "email": "michael.lawson@reqres.in",
      "first_name": "Michael",
      "last_name": "Lawson",
      "avatar": "https://reqres.in/img/faces/7-image.jpg"
    },
    {
      "id": 8,
      "email": "lindsay.ferguson@reqres.in",
      "first_name": "Lindsay",
      "last_name": "Ferguson",
      "avatar": "https://reqres.in/img/faces/8-image.jpg"
    },
    {
      "id": 9,
      "email": "tobias.funke@reqres.in",
      "first_name": "Tobias",
      "last_name": "Funke",
      "avatar": "https://reqres.in/img/faces/9-image.jpg"
    },
    {
      "id": 10,
      "email": "byron.fields@reqres.in",
      "first_name": "Byron",
      "last_name": "Fields",
      "avatar": "https://reqres.in/img/faces/10-image.jpg"
    },
    {
      "id": 11,
      "email": "george.edwards@reqres.in",
      "first_name": "George",
      "last_name": "Edwards",
      "avatar": "https://reqres.in/img/faces/11-image.jpg"
    },
    {
      "id": 12,
      "email": "rachel.howell@reqres.in",
      "first_name": "Rachel",
      "last_name": "Howell",
      "avatar": "https://reqres.in/img/faces/12-image.jpg"
    }
  ],
  "support": {
    "url": "https://reqres.in/#support-heading",
    "text": "To keep ReqRes free, contributions towards server costs are appreciated!"
  }
}
 
18:12:16.970 [main] DEBUG com.jayway.jsonpath.internal.path.CompiledPath - Evaluating path: $['data'][0]['first_name']
18:12:17.019 [main] DEBUG com.jayway.jsonpath.internal.path.CompiledPath - Evaluating path: $['data'][1]['id']
18:12:17.023 [main] DEBUG com.jayway.jsonpath.internal.path.CompiledPath - Evaluating path: $['data'][3]['last_name']
]]></system-out>
  </testcase>
  <testcase name="[5:45] get a single user info" classname="[Tests/GETdemo] Sample api Test" time="0.16">
    <system-out><![CDATA[18:12:17.048 [main] INFO com.intuit.karate - The value of enviroment is : preprod 
18:12:17.069 [main] DEBUG org.apache.http.client.protocol.RequestAddCookies - CookieSpec selected: karate
18:12:17.069 [main] DEBUG org.apache.http.client.protocol.RequestAuthCache - Auth cache not set in the context
18:12:17.070 [main] DEBUG com.intuit.karate - request:
1 > GET https://reqres.in/api/users/2
1 > Accept: application/json
1 > Host: reqres.in
1 > Connection: Keep-Alive
1 > User-Agent: Apache-HttpClient/4.5.12 (Java/17.0.9)
1 > Accept-Encoding: gzip,deflate


18:12:17.070 [main] DEBUG org.apache.http.impl.conn.PoolingHttpClientConnectionManager - Connection request: [route: {s}->https://reqres.in:443][total available: 0; route allocated: 0 of 5; total allocated: 0 of 10]
18:12:17.070 [main] DEBUG org.apache.http.impl.conn.PoolingHttpClientConnectionManager - Connection leased: [id: 6][route: {s}->https://reqres.in:443][total available: 0; route allocated: 1 of 5; total allocated: 1 of 10]
18:12:17.070 [main] DEBUG org.apache.http.impl.execchain.MainClientExec - Opening connection {s}->https://reqres.in:443
18:12:17.070 [main] DEBUG org.apache.http.impl.conn.DefaultHttpClientConnectionOperator - Connecting to reqres.in/104.26.10.213:443
18:12:17.070 [main] DEBUG org.apache.http.conn.ssl.SSLConnectionSocketFactory - Connecting socket to reqres.in/104.26.10.213:443 with timeout 5000
18:12:17.111 [main] DEBUG org.apache.http.conn.ssl.SSLConnectionSocketFactory - Enabled protocols: [TLSv1.3, TLSv1.2]
18:12:17.111 [main] DEBUG org.apache.http.conn.ssl.SSLConnectionSocketFactory - Enabled cipher suites:[TLS_AES_256_GCM_SHA384, TLS_AES_128_GCM_SHA256, TLS_CHACHA20_POLY1305_SHA256, TLS_ECDHE_ECDSA_WITH_AES_256_GCM_SHA384, TLS_ECDHE_ECDSA_WITH_AES_128_GCM_SHA256, TLS_ECDHE_ECDSA_WITH_CHACHA20_POLY1305_SHA256, TLS_ECDHE_RSA_WITH_AES_256_GCM_SHA384, TLS_ECDHE_RSA_WITH_CHACHA20_POLY1305_SHA256, TLS_ECDHE_RSA_WITH_AES_128_GCM_SHA256, TLS_DHE_RSA_WITH_AES_256_GCM_SHA384, TLS_DHE_RSA_WITH_CHACHA20_POLY1305_SHA256, TLS_DHE_DSS_WITH_AES_256_GCM_SHA384, TLS_DHE_RSA_WITH_AES_128_GCM_SHA256, TLS_DHE_DSS_WITH_AES_128_GCM_SHA256, TLS_ECDHE_ECDSA_WITH_AES_256_CBC_SHA384, TLS_ECDHE_RSA_WITH_AES_256_CBC_SHA384, TLS_ECDHE_ECDSA_WITH_AES_128_CBC_SHA256, TLS_ECDHE_RSA_WITH_AES_128_CBC_SHA256, TLS_DHE_RSA_WITH_AES_256_CBC_SHA256, TLS_DHE_DSS_WITH_AES_256_CBC_SHA256, TLS_DHE_RSA_WITH_AES_128_CBC_SHA256, TLS_DHE_DSS_WITH_AES_128_CBC_SHA256, TLS_ECDH_ECDSA_WITH_AES_256_GCM_SHA384, TLS_ECDH_RSA_WITH_AES_256_GCM_SHA384, TLS_ECDH_ECDSA_WITH_AES_128_GCM_SHA256, TLS_ECDH_RSA_WITH_AES_128_GCM_SHA256, TLS_ECDH_ECDSA_WITH_AES_256_CBC_SHA384, TLS_ECDH_RSA_WITH_AES_256_CBC_SHA384, TLS_ECDH_ECDSA_WITH_AES_128_CBC_SHA256, TLS_ECDH_RSA_WITH_AES_128_CBC_SHA256, TLS_ECDHE_ECDSA_WITH_AES_256_CBC_SHA, TLS_ECDHE_RSA_WITH_AES_256_CBC_SHA, TLS_ECDHE_ECDSA_WITH_AES_128_CBC_SHA, TLS_ECDHE_RSA_WITH_AES_128_CBC_SHA, TLS_DHE_RSA_WITH_AES_256_CBC_SHA, TLS_DHE_DSS_WITH_AES_256_CBC_SHA, TLS_DHE_RSA_WITH_AES_128_CBC_SHA, TLS_DHE_DSS_WITH_AES_128_CBC_SHA, TLS_ECDH_ECDSA_WITH_AES_256_CBC_SHA, TLS_ECDH_RSA_WITH_AES_256_CBC_SHA, TLS_ECDH_ECDSA_WITH_AES_128_CBC_SHA, TLS_ECDH_RSA_WITH_AES_128_CBC_SHA, TLS_RSA_WITH_AES_256_GCM_SHA384, TLS_RSA_WITH_AES_128_GCM_SHA256, TLS_RSA_WITH_AES_256_CBC_SHA256, TLS_RSA_WITH_AES_128_CBC_SHA256, TLS_RSA_WITH_AES_256_CBC_SHA, TLS_RSA_WITH_AES_128_CBC_SHA, TLS_EMPTY_RENEGOTIATION_INFO_SCSV]
18:12:17.111 [main] DEBUG org.apache.http.conn.ssl.SSLConnectionSocketFactory - Starting handshake
18:12:17.163 [main] DEBUG org.apache.http.conn.ssl.SSLConnectionSocketFactory - Secure session established
18:12:17.164 [main] DEBUG org.apache.http.conn.ssl.SSLConnectionSocketFactory -  negotiated protocol: TLSv1.3
18:12:17.164 [main] DEBUG org.apache.http.conn.ssl.SSLConnectionSocketFactory -  negotiated cipher suite: TLS_AES_256_GCM_SHA384
18:12:17.164 [main] DEBUG org.apache.http.conn.ssl.SSLConnectionSocketFactory -  peer principal: CN=sni.cloudflaressl.com, O="Cloudflare, Inc.", L=San Francisco, ST=California, C=US
18:12:17.164 [main] DEBUG org.apache.http.conn.ssl.SSLConnectionSocketFactory -  peer alternative names: [reqres.in, *.reqres.in, sni.cloudflaressl.com]
18:12:17.164 [main] DEBUG org.apache.http.conn.ssl.SSLConnectionSocketFactory -  issuer principal: CN=Cloudflare Inc ECC CA-3, O="Cloudflare, Inc.", C=US
18:12:17.164 [main] DEBUG org.apache.http.impl.conn.DefaultHttpClientConnectionOperator - Connection established 192.168.1.66:59214<->104.26.10.213:443
18:12:17.164 [main] DEBUG org.apache.http.impl.conn.DefaultManagedHttpClientConnection - http-outgoing-6: set socket timeout to 5000
18:12:17.164 [main] DEBUG org.apache.http.impl.execchain.MainClientExec - Executing request GET /api/users/2 HTTP/1.1
18:12:17.164 [main] DEBUG org.apache.http.impl.execchain.MainClientExec - Target auth state: UNCHALLENGED
18:12:17.164 [main] DEBUG org.apache.http.impl.execchain.MainClientExec - Proxy auth state: UNCHALLENGED
18:12:17.165 [main] DEBUG org.apache.http.headers - http-outgoing-6 >> GET /api/users/2 HTTP/1.1
18:12:17.166 [main] DEBUG org.apache.http.headers - http-outgoing-6 >> Accept: application/json
18:12:17.166 [main] DEBUG org.apache.http.headers - http-outgoing-6 >> Host: reqres.in
18:12:17.166 [main] DEBUG org.apache.http.headers - http-outgoing-6 >> Connection: Keep-Alive
18:12:17.166 [main] DEBUG org.apache.http.headers - http-outgoing-6 >> User-Agent: Apache-HttpClient/4.5.12 (Java/17.0.9)
18:12:17.166 [main] DEBUG org.apache.http.headers - http-outgoing-6 >> Accept-Encoding: gzip,deflate
18:12:17.166 [main] DEBUG org.apache.http.wire - http-outgoing-6 >> "GET /api/users/2 HTTP/1.1[\r][\n]"
18:12:17.166 [main] DEBUG org.apache.http.wire - http-outgoing-6 >> "Accept: application/json[\r][\n]"
18:12:17.166 [main] DEBUG org.apache.http.wire - http-outgoing-6 >> "Host: reqres.in[\r][\n]"
18:12:17.166 [main] DEBUG org.apache.http.wire - http-outgoing-6 >> "Connection: Keep-Alive[\r][\n]"
18:12:17.166 [main] DEBUG org.apache.http.wire - http-outgoing-6 >> "User-Agent: Apache-HttpClient/4.5.12 (Java/17.0.9)[\r][\n]"
18:12:17.166 [main] DEBUG org.apache.http.wire - http-outgoing-6 >> "Accept-Encoding: gzip,deflate[\r][\n]"
18:12:17.166 [main] DEBUG org.apache.http.wire - http-outgoing-6 >> "[\r][\n]"
18:12:17.213 [main] DEBUG org.apache.http.wire - http-outgoing-6 << "HTTP/1.1 200 OK[\r][\n]"
18:12:17.213 [main] DEBUG org.apache.http.wire - http-outgoing-6 << "Date: Thu, 30 Nov 2023 00:12:17 GMT[\r][\n]"
18:12:17.213 [main] DEBUG org.apache.http.wire - http-outgoing-6 << "Content-Type: application/json; charset=utf-8[\r][\n]"
18:12:17.213 [main] DEBUG org.apache.http.wire - http-outgoing-6 << "Transfer-Encoding: chunked[\r][\n]"
18:12:17.213 [main] DEBUG org.apache.http.wire - http-outgoing-6 << "Connection: keep-alive[\r][\n]"
18:12:17.213 [main] DEBUG org.apache.http.wire - http-outgoing-6 << "Report-To: {"group":"heroku-nel","max_age":3600,"endpoints":[{"url":"https://nel.heroku.com/reports?ts=1701287132&sid=c4c9725f-1ab0-44d8-820f-430df2718e11&s=0Zg%2BcF1k%2FWZVyayNd4Gx9rePJsXujr%2BLMbSXsxMMRyk%3D"}]}[\r][\n]"
18:12:17.213 [main] DEBUG org.apache.http.wire - http-outgoing-6 << "Reporting-Endpoints: heroku-nel=https://nel.heroku.com/reports?ts=1701287132&sid=c4c9725f-1ab0-44d8-820f-430df2718e11&s=0Zg%2BcF1k%2FWZVyayNd4Gx9rePJsXujr%2BLMbSXsxMMRyk%3D[\r][\n]"
18:12:17.213 [main] DEBUG org.apache.http.wire - http-outgoing-6 << "Nel: {"report_to":"heroku-nel","max_age":3600,"success_fraction":0.005,"failure_fraction":0.05,"response_headers":["Via"]}[\r][\n]"
18:12:17.213 [main] DEBUG org.apache.http.wire - http-outgoing-6 << "X-Powered-By: Express[\r][\n]"
18:12:17.213 [main] DEBUG org.apache.http.wire - http-outgoing-6 << "Access-Control-Allow-Origin: *[\r][\n]"
18:12:17.214 [main] DEBUG org.apache.http.wire - http-outgoing-6 << "Etag: W/"118-pbdwwFo9SKNhD3Lx5iHJyngpq00"[\r][\n]"
18:12:17.214 [main] DEBUG org.apache.http.wire - http-outgoing-6 << "Via: 1.1 vegur[\r][\n]"
18:12:17.214 [main] DEBUG org.apache.http.wire - http-outgoing-6 << "Cache-Control: max-age=14400[\r][\n]"
18:12:17.214 [main] DEBUG org.apache.http.wire - http-outgoing-6 << "CF-Cache-Status: HIT[\r][\n]"
18:12:17.214 [main] DEBUG org.apache.http.wire - http-outgoing-6 << "Age: 6226[\r][\n]"
18:12:17.214 [main] DEBUG org.apache.http.wire - http-outgoing-6 << "Vary: Accept-Encoding[\r][\n]"
18:12:17.214 [main] DEBUG org.apache.http.wire - http-outgoing-6 << "Server: cloudflare[\r][\n]"
18:12:17.214 [main] DEBUG org.apache.http.wire - http-outgoing-6 << "CF-RAY: 82dee0bfbd623acd-DFW[\r][\n]"
18:12:17.215 [main] DEBUG org.apache.http.wire - http-outgoing-6 << "Content-Encoding: gzip[\r][\n]"
18:12:17.215 [main] DEBUG org.apache.http.wire - http-outgoing-6 << "[\r][\n]"
18:12:17.215 [main] DEBUG org.apache.http.wire - http-outgoing-6 << "d0[\r][\n]"
18:12:17.215 [main] DEBUG org.apache.http.wire - http-outgoing-6 << "[0x1f][0x8b][0x8][0x0][0x0][0x0][0x0][0x0][0x0][0x3]m[0x8e][0xb1]j[0xc3]0[0x14]EE[0xbd]Y[0x15][0x1b]2j[0xea][0xdc]1[0x14]:[0x96]W[0xfb][0xda]QjK[0xca][0xd3][0xb3][0x13][0x8][0xfe][0xf7][0x92]R[0xda][0xa5][0xeb][0xe5][0x9c][0xc3][0xbd][0xa3][0x17][0x13][0x84];b[0x8f]p[0xf0][0xe0],qB[0xc0]Y[0x12][0xad][0xb9]RV[0xea][0xb3][0xf2][0xa2][0xac]ML[0xf0][0x18][0xa2]V{O2[0x13][0x1]/[0xf][\n]"
18:12:17.215 [main] DEBUG org.apache.http.wire - http-outgoing-6 << "[0x1e][0x93][0xfc]mo[0xdf][0xe]<d[0x15][0x13]E[0xc0][0xc9][0xac][0xd4][0xd0][0xb6][0xbf][0x99]6[0xce]c;H[0xc7][0xda][0x1e][0xf6]q[0x96][0x91][0xcd][0xb9][0x8c][0xd8]<[0xea]RJV{[0x1c]Zt[0xfa][0xd7][0xdd][0xfd]0[0xfb][0x13][0xa5][0x8f]i[0x84][0x87][0xf1]f[0x8]x[0xcd][0xee][0x93],[0xee][0xc8][0xcb][0x91][0xd5][\r]Jz[0xd7][0xe5]d[0x1a]?[0x16][0x8b]9Ug[0xf9]*[0xda]WW[0xa9]+[0xd5]u[0xb9]Zu[0xa2]tR[0x8a][0xb2][0x8b]b[0xec][0x9f][0xb0]m_[0xb][0x8c][0xc5][0xb5][0x18][0x1][0x0][0x0][\r][\n]"
18:12:17.217 [main] DEBUG org.apache.http.headers - http-outgoing-6 << HTTP/1.1 200 OK
18:12:17.217 [main] DEBUG org.apache.http.headers - http-outgoing-6 << Date: Thu, 30 Nov 2023 00:12:17 GMT
18:12:17.217 [main] DEBUG org.apache.http.headers - http-outgoing-6 << Content-Type: application/json; charset=utf-8
18:12:17.217 [main] DEBUG org.apache.http.headers - http-outgoing-6 << Transfer-Encoding: chunked
18:12:17.217 [main] DEBUG org.apache.http.headers - http-outgoing-6 << Connection: keep-alive
18:12:17.217 [main] DEBUG org.apache.http.headers - http-outgoing-6 << Report-To: {"group":"heroku-nel","max_age":3600,"endpoints":[{"url":"https://nel.heroku.com/reports?ts=1701287132&sid=c4c9725f-1ab0-44d8-820f-430df2718e11&s=0Zg%2BcF1k%2FWZVyayNd4Gx9rePJsXujr%2BLMbSXsxMMRyk%3D"}]}
18:12:17.217 [main] DEBUG org.apache.http.headers - http-outgoing-6 << Reporting-Endpoints: heroku-nel=https://nel.heroku.com/reports?ts=1701287132&sid=c4c9725f-1ab0-44d8-820f-430df2718e11&s=0Zg%2BcF1k%2FWZVyayNd4Gx9rePJsXujr%2BLMbSXsxMMRyk%3D
18:12:17.217 [main] DEBUG org.apache.http.headers - http-outgoing-6 << Nel: {"report_to":"heroku-nel","max_age":3600,"success_fraction":0.005,"failure_fraction":0.05,"response_headers":["Via"]}
18:12:17.217 [main] DEBUG org.apache.http.headers - http-outgoing-6 << X-Powered-By: Express
18:12:17.217 [main] DEBUG org.apache.http.headers - http-outgoing-6 << Access-Control-Allow-Origin: *
18:12:17.217 [main] DEBUG org.apache.http.headers - http-outgoing-6 << Etag: W/"118-pbdwwFo9SKNhD3Lx5iHJyngpq00"
18:12:17.217 [main] DEBUG org.apache.http.headers - http-outgoing-6 << Via: 1.1 vegur
18:12:17.217 [main] DEBUG org.apache.http.headers - http-outgoing-6 << Cache-Control: max-age=14400
18:12:17.217 [main] DEBUG org.apache.http.headers - http-outgoing-6 << CF-Cache-Status: HIT
18:12:17.217 [main] DEBUG org.apache.http.headers - http-outgoing-6 << Age: 6226
18:12:17.217 [main] DEBUG org.apache.http.headers - http-outgoing-6 << Vary: Accept-Encoding
18:12:17.217 [main] DEBUG org.apache.http.headers - http-outgoing-6 << Server: cloudflare
18:12:17.217 [main] DEBUG org.apache.http.headers - http-outgoing-6 << CF-RAY: 82dee0bfbd623acd-DFW
18:12:17.217 [main] DEBUG org.apache.http.headers - http-outgoing-6 << Content-Encoding: gzip
18:12:17.219 [main] DEBUG org.apache.http.impl.execchain.MainClientExec - Connection can be kept alive indefinitely
18:12:17.219 [main] DEBUG org.apache.http.impl.conn.DefaultManagedHttpClientConnection - http-outgoing-6: Close connection
18:12:17.221 [main] DEBUG org.apache.http.impl.execchain.MainClientExec - Connection discarded
18:12:17.221 [main] DEBUG org.apache.http.impl.conn.PoolingHttpClientConnectionManager - Connection released: [id: 6][route: {s}->https://reqres.in:443][total available: 0; route allocated: 0 of 5; total allocated: 0 of 10]
18:12:17.221 [main] DEBUG org.apache.http.impl.conn.PoolingHttpClientConnectionManager - Connection manager is shutting down
18:12:17.221 [main] DEBUG org.apache.http.impl.conn.PoolingHttpClientConnectionManager - Connection manager shut down
18:12:17.223 [main] DEBUG com.intuit.karate - response time in milliseconds: 149
1 < 200
1 < Date: Thu, 30 Nov 2023 00:12:17 GMT
1 < Content-Type: application/json; charset=utf-8
1 < Transfer-Encoding: chunked
1 < Connection: keep-alive
1 < Report-To: {"group":"heroku-nel","max_age":3600,"endpoints":[{"url":"https://nel.heroku.com/reports?ts=1701287132&sid=c4c9725f-1ab0-44d8-820f-430df2718e11&s=0Zg%2BcF1k%2FWZVyayNd4Gx9rePJsXujr%2BLMbSXsxMMRyk%3D"}]}
1 < Reporting-Endpoints: heroku-nel=https://nel.heroku.com/reports?ts=1701287132&sid=c4c9725f-1ab0-44d8-820f-430df2718e11&s=0Zg%2BcF1k%2FWZVyayNd4Gx9rePJsXujr%2BLMbSXsxMMRyk%3D
1 < Nel: {"report_to":"heroku-nel","max_age":3600,"success_fraction":0.005,"failure_fraction":0.05,"response_headers":["Via"]}
1 < X-Powered-By: Express
1 < Access-Control-Allow-Origin: *
1 < Etag: W/"118-pbdwwFo9SKNhD3Lx5iHJyngpq00"
1 < Via: 1.1 vegur
1 < Cache-Control: max-age=14400
1 < CF-Cache-Status: HIT
1 < Age: 6226
1 < Vary: Accept-Encoding
1 < Server: cloudflare
1 < CF-RAY: 82dee0bfbd623acd-DFW
{"data":{"id":2,"email":"janet.weaver@reqres.in","first_name":"Janet","last_name":"Weaver","avatar":"https://reqres.in/img/faces/2-image.jpg"},"support":{"url":"https://reqres.in/#support-heading","text":"To keep ReqRes free, contributions towards server costs are appreciated!"}}

18:12:17.229 [main] INFO com.intuit.karate - [print] {
  "data": {
    "id": 2,
    "email": "janet.weaver@reqres.in",
    "first_name": "Janet",
    "last_name": "Weaver",
    "avatar": "https://reqres.in/img/faces/2-image.jpg"
  },
  "support": {
    "url": "https://reqres.in/#support-heading",
    "text": "To keep ReqRes free, contributions towards server costs are appreciated!"
  }
}
 
]]></system-out>
  </testcase>
  <testcase name="[6:52] get a list of resources" classname="[Tests/GETdemo] Sample api Test" time="0.598">
    <system-out><![CDATA[18:12:17.239 [main] INFO com.intuit.karate - The value of enviroment is : preprod 
18:12:17.250 [main] DEBUG org.apache.http.client.protocol.RequestAddCookies - CookieSpec selected: karate
18:12:17.251 [main] DEBUG org.apache.http.client.protocol.RequestAuthCache - Auth cache not set in the context
18:12:17.251 [main] DEBUG com.intuit.karate - request:
1 > GET https://reqres.in/api/unknown/2
1 > Accept: application/json
1 > Host: reqres.in
1 > Connection: Keep-Alive
1 > User-Agent: Apache-HttpClient/4.5.12 (Java/17.0.9)
1 > Accept-Encoding: gzip,deflate


18:12:17.251 [main] DEBUG org.apache.http.impl.conn.PoolingHttpClientConnectionManager - Connection request: [route: {s}->https://reqres.in:443][total available: 0; route allocated: 0 of 5; total allocated: 0 of 10]
18:12:17.252 [main] DEBUG org.apache.http.impl.conn.PoolingHttpClientConnectionManager - Connection leased: [id: 7][route: {s}->https://reqres.in:443][total available: 0; route allocated: 1 of 5; total allocated: 1 of 10]
18:12:17.252 [main] DEBUG org.apache.http.impl.execchain.MainClientExec - Opening connection {s}->https://reqres.in:443
18:12:17.252 [main] DEBUG org.apache.http.impl.conn.DefaultHttpClientConnectionOperator - Connecting to reqres.in/104.26.10.213:443
18:12:17.252 [main] DEBUG org.apache.http.conn.ssl.SSLConnectionSocketFactory - Connecting socket to reqres.in/104.26.10.213:443 with timeout 5000
18:12:17.292 [main] DEBUG org.apache.http.conn.ssl.SSLConnectionSocketFactory - Enabled protocols: [TLSv1.3, TLSv1.2]
18:12:17.292 [main] DEBUG org.apache.http.conn.ssl.SSLConnectionSocketFactory - Enabled cipher suites:[TLS_AES_256_GCM_SHA384, TLS_AES_128_GCM_SHA256, TLS_CHACHA20_POLY1305_SHA256, TLS_ECDHE_ECDSA_WITH_AES_256_GCM_SHA384, TLS_ECDHE_ECDSA_WITH_AES_128_GCM_SHA256, TLS_ECDHE_ECDSA_WITH_CHACHA20_POLY1305_SHA256, TLS_ECDHE_RSA_WITH_AES_256_GCM_SHA384, TLS_ECDHE_RSA_WITH_CHACHA20_POLY1305_SHA256, TLS_ECDHE_RSA_WITH_AES_128_GCM_SHA256, TLS_DHE_RSA_WITH_AES_256_GCM_SHA384, TLS_DHE_RSA_WITH_CHACHA20_POLY1305_SHA256, TLS_DHE_DSS_WITH_AES_256_GCM_SHA384, TLS_DHE_RSA_WITH_AES_128_GCM_SHA256, TLS_DHE_DSS_WITH_AES_128_GCM_SHA256, TLS_ECDHE_ECDSA_WITH_AES_256_CBC_SHA384, TLS_ECDHE_RSA_WITH_AES_256_CBC_SHA384, TLS_ECDHE_ECDSA_WITH_AES_128_CBC_SHA256, TLS_ECDHE_RSA_WITH_AES_128_CBC_SHA256, TLS_DHE_RSA_WITH_AES_256_CBC_SHA256, TLS_DHE_DSS_WITH_AES_256_CBC_SHA256, TLS_DHE_RSA_WITH_AES_128_CBC_SHA256, TLS_DHE_DSS_WITH_AES_128_CBC_SHA256, TLS_ECDH_ECDSA_WITH_AES_256_GCM_SHA384, TLS_ECDH_RSA_WITH_AES_256_GCM_SHA384, TLS_ECDH_ECDSA_WITH_AES_128_GCM_SHA256, TLS_ECDH_RSA_WITH_AES_128_GCM_SHA256, TLS_ECDH_ECDSA_WITH_AES_256_CBC_SHA384, TLS_ECDH_RSA_WITH_AES_256_CBC_SHA384, TLS_ECDH_ECDSA_WITH_AES_128_CBC_SHA256, TLS_ECDH_RSA_WITH_AES_128_CBC_SHA256, TLS_ECDHE_ECDSA_WITH_AES_256_CBC_SHA, TLS_ECDHE_RSA_WITH_AES_256_CBC_SHA, TLS_ECDHE_ECDSA_WITH_AES_128_CBC_SHA, TLS_ECDHE_RSA_WITH_AES_128_CBC_SHA, TLS_DHE_RSA_WITH_AES_256_CBC_SHA, TLS_DHE_DSS_WITH_AES_256_CBC_SHA, TLS_DHE_RSA_WITH_AES_128_CBC_SHA, TLS_DHE_DSS_WITH_AES_128_CBC_SHA, TLS_ECDH_ECDSA_WITH_AES_256_CBC_SHA, TLS_ECDH_RSA_WITH_AES_256_CBC_SHA, TLS_ECDH_ECDSA_WITH_AES_128_CBC_SHA, TLS_ECDH_RSA_WITH_AES_128_CBC_SHA, TLS_RSA_WITH_AES_256_GCM_SHA384, TLS_RSA_WITH_AES_128_GCM_SHA256, TLS_RSA_WITH_AES_256_CBC_SHA256, TLS_RSA_WITH_AES_128_CBC_SHA256, TLS_RSA_WITH_AES_256_CBC_SHA, TLS_RSA_WITH_AES_128_CBC_SHA, TLS_EMPTY_RENEGOTIATION_INFO_SCSV]
18:12:17.292 [main] DEBUG org.apache.http.conn.ssl.SSLConnectionSocketFactory - Starting handshake
18:12:17.343 [main] DEBUG org.apache.http.conn.ssl.SSLConnectionSocketFactory - Secure session established
18:12:17.343 [main] DEBUG org.apache.http.conn.ssl.SSLConnectionSocketFactory -  negotiated protocol: TLSv1.3
18:12:17.343 [main] DEBUG org.apache.http.conn.ssl.SSLConnectionSocketFactory -  negotiated cipher suite: TLS_AES_256_GCM_SHA384
18:12:17.343 [main] DEBUG org.apache.http.conn.ssl.SSLConnectionSocketFactory -  peer principal: CN=sni.cloudflaressl.com, O="Cloudflare, Inc.", L=San Francisco, ST=California, C=US
18:12:17.343 [main] DEBUG org.apache.http.conn.ssl.SSLConnectionSocketFactory -  peer alternative names: [reqres.in, *.reqres.in, sni.cloudflaressl.com]
18:12:17.343 [main] DEBUG org.apache.http.conn.ssl.SSLConnectionSocketFactory -  issuer principal: CN=Cloudflare Inc ECC CA-3, O="Cloudflare, Inc.", C=US
18:12:17.343 [main] DEBUG org.apache.http.impl.conn.DefaultHttpClientConnectionOperator - Connection established 192.168.1.66:59215<->104.26.10.213:443
18:12:17.344 [main] DEBUG org.apache.http.impl.conn.DefaultManagedHttpClientConnection - http-outgoing-7: set socket timeout to 5000
18:12:17.344 [main] DEBUG org.apache.http.impl.execchain.MainClientExec - Executing request GET /api/unknown/2 HTTP/1.1
18:12:17.344 [main] DEBUG org.apache.http.impl.execchain.MainClientExec - Target auth state: UNCHALLENGED
18:12:17.344 [main] DEBUG org.apache.http.impl.execchain.MainClientExec - Proxy auth state: UNCHALLENGED
18:12:17.344 [main] DEBUG org.apache.http.headers - http-outgoing-7 >> GET /api/unknown/2 HTTP/1.1
18:12:17.344 [main] DEBUG org.apache.http.headers - http-outgoing-7 >> Accept: application/json
18:12:17.344 [main] DEBUG org.apache.http.headers - http-outgoing-7 >> Host: reqres.in
18:12:17.344 [main] DEBUG org.apache.http.headers - http-outgoing-7 >> Connection: Keep-Alive
18:12:17.344 [main] DEBUG org.apache.http.headers - http-outgoing-7 >> User-Agent: Apache-HttpClient/4.5.12 (Java/17.0.9)
18:12:17.344 [main] DEBUG org.apache.http.headers - http-outgoing-7 >> Accept-Encoding: gzip,deflate
18:12:17.344 [main] DEBUG org.apache.http.wire - http-outgoing-7 >> "GET /api/unknown/2 HTTP/1.1[\r][\n]"
18:12:17.344 [main] DEBUG org.apache.http.wire - http-outgoing-7 >> "Accept: application/json[\r][\n]"
18:12:17.344 [main] DEBUG org.apache.http.wire - http-outgoing-7 >> "Host: reqres.in[\r][\n]"
18:12:17.344 [main] DEBUG org.apache.http.wire - http-outgoing-7 >> "Connection: Keep-Alive[\r][\n]"
18:12:17.344 [main] DEBUG org.apache.http.wire - http-outgoing-7 >> "User-Agent: Apache-HttpClient/4.5.12 (Java/17.0.9)[\r][\n]"
18:12:17.344 [main] DEBUG org.apache.http.wire - http-outgoing-7 >> "Accept-Encoding: gzip,deflate[\r][\n]"
18:12:17.344 [main] DEBUG org.apache.http.wire - http-outgoing-7 >> "[\r][\n]"
18:12:17.412 [main] DEBUG org.apache.http.wire - http-outgoing-7 << "HTTP/1.1 200 OK[\r][\n]"
18:12:17.412 [main] DEBUG org.apache.http.wire - http-outgoing-7 << "Date: Thu, 30 Nov 2023 00:12:17 GMT[\r][\n]"
18:12:17.412 [main] DEBUG org.apache.http.wire - http-outgoing-7 << "Content-Type: application/json; charset=utf-8[\r][\n]"
18:12:17.412 [main] DEBUG org.apache.http.wire - http-outgoing-7 << "Transfer-Encoding: chunked[\r][\n]"
18:12:17.412 [main] DEBUG org.apache.http.wire - http-outgoing-7 << "Connection: keep-alive[\r][\n]"
18:12:17.412 [main] DEBUG org.apache.http.wire - http-outgoing-7 << "Report-To: {"group":"heroku-nel","max_age":3600,"endpoints":[{"url":"https://nel.heroku.com/reports?ts=1701288994&sid=c4c9725f-1ab0-44d8-820f-430df2718e11&s=TjyWrD70p6ZCAcXGyIUItDylo7uH48B8DDTaQEUxh2E%3D"}]}[\r][\n]"
18:12:17.412 [main] DEBUG org.apache.http.wire - http-outgoing-7 << "Reporting-Endpoints: heroku-nel=https://nel.heroku.com/reports?ts=1701288994&sid=c4c9725f-1ab0-44d8-820f-430df2718e11&s=TjyWrD70p6ZCAcXGyIUItDylo7uH48B8DDTaQEUxh2E%3D[\r][\n]"
18:12:17.412 [main] DEBUG org.apache.http.wire - http-outgoing-7 << "Nel: {"report_to":"heroku-nel","max_age":3600,"success_fraction":0.005,"failure_fraction":0.05,"response_headers":["Via"]}[\r][\n]"
18:12:17.412 [main] DEBUG org.apache.http.wire - http-outgoing-7 << "X-Powered-By: Express[\r][\n]"
18:12:17.412 [main] DEBUG org.apache.http.wire - http-outgoing-7 << "Access-Control-Allow-Origin: *[\r][\n]"
18:12:17.412 [main] DEBUG org.apache.http.wire - http-outgoing-7 << "Etag: W/"e8-ov4wWh4/OY1IMQMqWgskYtOFnVs"[\r][\n]"
18:12:17.412 [main] DEBUG org.apache.http.wire - http-outgoing-7 << "Via: 1.1 vegur[\r][\n]"
18:12:17.412 [main] DEBUG org.apache.http.wire - http-outgoing-7 << "Cache-Control: max-age=14400[\r][\n]"
18:12:17.412 [main] DEBUG org.apache.http.wire - http-outgoing-7 << "CF-Cache-Status: HIT[\r][\n]"
18:12:17.412 [main] DEBUG org.apache.http.wire - http-outgoing-7 << "Age: 1467[\r][\n]"
18:12:17.412 [main] DEBUG org.apache.http.wire - http-outgoing-7 << "Vary: Accept-Encoding[\r][\n]"
18:12:17.412 [main] DEBUG org.apache.http.wire - http-outgoing-7 << "Server: cloudflare[\r][\n]"
18:12:17.412 [main] DEBUG org.apache.http.wire - http-outgoing-7 << "CF-RAY: 82dee0c0dad96b67-DFW[\r][\n]"
18:12:17.412 [main] DEBUG org.apache.http.wire - http-outgoing-7 << "Content-Encoding: gzip[\r][\n]"
18:12:17.412 [main] DEBUG org.apache.http.wire - http-outgoing-7 << "[\r][\n]"
18:12:17.412 [main] DEBUG org.apache.http.wire - http-outgoing-7 << "c7[\r][\n]"
18:12:17.413 [main] DEBUG org.apache.http.wire - http-outgoing-7 << "[0x1f][0x8b][0x8][0x0][0x0][0x0][0x0][0x0][0x0][0x3]-[0xcd][0xcd]N[0xc3]0[0x10]E[0xe1]W1[0xb7][[0x97][0xfc][0x14][0x14][0xc9][[0xde][0xa0]b[0x8f][0x6]gJ,[0x82][0xed][0xce][0x8c][0xdb][0xa2]*[0xef][0x8e]*[0xb1]?[0x9f][0xce][0x1d]3[0x19]![0xdc][0x91]f[0x84][0xd1]#[0xd3][0xf]#[0xe0][0xd4][0xe2][0xa2][0x89][0x9c][0x14]ex[0xfc]2[0x9][0xc2][0xd8][0xf7][0x83]G,k[0x11][0x4][0xec][0xde][0xa6][0x97][0xc3][0xf4][\n]"
18:12:17.414 [main] DEBUG org.apache.http.wire - http-outgoing-7 << "[0x8f]J[0xd9]J[0xe6][0x8f][0xb][0xad][0xed][0x81][0x87]i?[0xf6][0x87][0x1][0x9b][0x87][0xb6]Z[0x8b][0xd8]c[0xd0]dE[0xc0]bV5t[0x9d][0xf0]YX[0x9f]S[0xee]v[0xff][0xcd]~a[0x9a]S[0xfe][0x82][0x87][0xf1][0xcd][0x10][0xf0]^[0xdc]7suG>[0x1f]Y[0xdd]I[0x98][0xbd][0x8b]%[0x9b][0xa4][0xcf]f[0xa9]duV[0xae]$[0xb3]:e[0xb9][0xb0][0xb8]X[0xd4][0xd4][0x91][0xb0][0xa3]Z[0x85]c"[0xe3][0xf9][0x9][0xdb][0xf6][0x7]&Kz[0x81][0xe8][0x0][0x0][0x0][\r][\n]"
18:12:17.414 [main] DEBUG org.apache.http.headers - http-outgoing-7 << HTTP/1.1 200 OK
18:12:17.414 [main] DEBUG org.apache.http.headers - http-outgoing-7 << Date: Thu, 30 Nov 2023 00:12:17 GMT
18:12:17.414 [main] DEBUG org.apache.http.headers - http-outgoing-7 << Content-Type: application/json; charset=utf-8
18:12:17.414 [main] DEBUG org.apache.http.headers - http-outgoing-7 << Transfer-Encoding: chunked
18:12:17.414 [main] DEBUG org.apache.http.headers - http-outgoing-7 << Connection: keep-alive
18:12:17.414 [main] DEBUG org.apache.http.headers - http-outgoing-7 << Report-To: {"group":"heroku-nel","max_age":3600,"endpoints":[{"url":"https://nel.heroku.com/reports?ts=1701288994&sid=c4c9725f-1ab0-44d8-820f-430df2718e11&s=TjyWrD70p6ZCAcXGyIUItDylo7uH48B8DDTaQEUxh2E%3D"}]}
18:12:17.414 [main] DEBUG org.apache.http.headers - http-outgoing-7 << Reporting-Endpoints: heroku-nel=https://nel.heroku.com/reports?ts=1701288994&sid=c4c9725f-1ab0-44d8-820f-430df2718e11&s=TjyWrD70p6ZCAcXGyIUItDylo7uH48B8DDTaQEUxh2E%3D
18:12:17.414 [main] DEBUG org.apache.http.headers - http-outgoing-7 << Nel: {"report_to":"heroku-nel","max_age":3600,"success_fraction":0.005,"failure_fraction":0.05,"response_headers":["Via"]}
18:12:17.414 [main] DEBUG org.apache.http.headers - http-outgoing-7 << X-Powered-By: Express
18:12:17.414 [main] DEBUG org.apache.http.headers - http-outgoing-7 << Access-Control-Allow-Origin: *
18:12:17.414 [main] DEBUG org.apache.http.headers - http-outgoing-7 << Etag: W/"e8-ov4wWh4/OY1IMQMqWgskYtOFnVs"
18:12:17.414 [main] DEBUG org.apache.http.headers - http-outgoing-7 << Via: 1.1 vegur
18:12:17.414 [main] DEBUG org.apache.http.headers - http-outgoing-7 << Cache-Control: max-age=14400
18:12:17.414 [main] DEBUG org.apache.http.headers - http-outgoing-7 << CF-Cache-Status: HIT
18:12:17.414 [main] DEBUG org.apache.http.headers - http-outgoing-7 << Age: 1467
18:12:17.414 [main] DEBUG org.apache.http.headers - http-outgoing-7 << Vary: Accept-Encoding
18:12:17.414 [main] DEBUG org.apache.http.headers - http-outgoing-7 << Server: cloudflare
18:12:17.414 [main] DEBUG org.apache.http.headers - http-outgoing-7 << CF-RAY: 82dee0c0dad96b67-DFW
18:12:17.414 [main] DEBUG org.apache.http.headers - http-outgoing-7 << Content-Encoding: gzip
18:12:17.414 [main] DEBUG org.apache.http.impl.execchain.MainClientExec - Connection can be kept alive indefinitely
18:12:17.415 [main] DEBUG org.apache.http.impl.conn.DefaultManagedHttpClientConnection - http-outgoing-7: Close connection
18:12:17.417 [main] DEBUG org.apache.http.impl.execchain.MainClientExec - Connection discarded
18:12:17.417 [main] DEBUG org.apache.http.impl.conn.PoolingHttpClientConnectionManager - Connection released: [id: 7][route: {s}->https://reqres.in:443][total available: 0; route allocated: 0 of 5; total allocated: 0 of 10]
18:12:17.417 [main] DEBUG org.apache.http.impl.conn.PoolingHttpClientConnectionManager - Connection manager is shutting down
18:12:17.417 [main] DEBUG org.apache.http.impl.conn.PoolingHttpClientConnectionManager - Connection manager shut down
18:12:17.418 [main] DEBUG com.intuit.karate - response time in milliseconds: 164
1 < 200
1 < Date: Thu, 30 Nov 2023 00:12:17 GMT
1 < Content-Type: application/json; charset=utf-8
1 < Transfer-Encoding: chunked
1 < Connection: keep-alive
1 < Report-To: {"group":"heroku-nel","max_age":3600,"endpoints":[{"url":"https://nel.heroku.com/reports?ts=1701288994&sid=c4c9725f-1ab0-44d8-820f-430df2718e11&s=TjyWrD70p6ZCAcXGyIUItDylo7uH48B8DDTaQEUxh2E%3D"}]}
1 < Reporting-Endpoints: heroku-nel=https://nel.heroku.com/reports?ts=1701288994&sid=c4c9725f-1ab0-44d8-820f-430df2718e11&s=TjyWrD70p6ZCAcXGyIUItDylo7uH48B8DDTaQEUxh2E%3D
1 < Nel: {"report_to":"heroku-nel","max_age":3600,"success_fraction":0.005,"failure_fraction":0.05,"response_headers":["Via"]}
1 < X-Powered-By: Express
1 < Access-Control-Allow-Origin: *
1 < Etag: W/"e8-ov4wWh4/OY1IMQMqWgskYtOFnVs"
1 < Via: 1.1 vegur
1 < Cache-Control: max-age=14400
1 < CF-Cache-Status: HIT
1 < Age: 1467
1 < Vary: Accept-Encoding
1 < Server: cloudflare
1 < CF-RAY: 82dee0c0dad96b67-DFW
{"data":{"id":2,"name":"fuchsia rose","year":2001,"color":"#C74375","pantone_value":"17-2031"},"support":{"url":"https://reqres.in/#support-heading","text":"To keep ReqRes free, contributions towards server costs are appreciated!"}}

18:12:17.447 [main] INFO com.intuit.karate - [print] {
  "data": {
    "id": 2,
    "name": "fuchsia rose",
    "year": 2001,
    "color": "#C74375",
    "pantone_value": "17-2031"
  },
  "support": {
    "url": "https://reqres.in/#support-heading",
    "text": "To keep ReqRes free, contributions towards server costs are appreciated!"
  }
}
 
]]></system-out>
  </testcase>
  <testcase name="[1:10] Simple post scenario" classname="[Tests/POSTdemo] Post API demo" time="0.45">
    <system-out><![CDATA[18:12:17.474 [main] DEBUG org.thymeleaf.TemplateEngine - [THYMELEAF] INITIALIZING TEMPLATE ENGINE
18:12:17.525 [main] DEBUG org.thymeleaf.TemplateEngine.CONFIG - Initializing Thymeleaf Template engine configuration...
[THYMELEAF] TEMPLATE ENGINE CONFIGURATION:
[THYMELEAF] * Thymeleaf version: 3.1.2.RELEASE (built 2023-07-30T19:25:50+0000)
[THYMELEAF] * Cache Manager implementation: org.thymeleaf.cache.StandardCacheManager
[THYMELEAF] * Template resolvers:
[THYMELEAF]     * [1] com.intuit.karate.template.ResourceHtmlTemplateResolver
[THYMELEAF] * Message resolvers:
[THYMELEAF]     * org.thymeleaf.messageresolver.StandardMessageResolver
[THYMELEAF] * Link builders:
[THYMELEAF]     * org.thymeleaf.linkbuilder.StandardLinkBuilder
[THYMELEAF] * Dialect [1 of 2]: Standard (com.intuit.karate.template.KarateStandardDialect)
[THYMELEAF]     * Prefix: "th"
[THYMELEAF]     * Processors for Template Mode: HTML
[THYMELEAF]         * Element Tag Processors by [matching element and attribute name] [precedence]:
[THYMELEAF]             * [* {th:include,data-th-include}] [100]: org.thymeleaf.standard.processor.StandardIncludeTagProcessor
[THYMELEAF]             * [* {th:insert,data-th-insert}] [100]: org.thymeleaf.standard.processor.StandardInsertTagProcessor
[THYMELEAF]             * [* {th:replace,data-th-replace}] [100]: org.thymeleaf.standard.processor.StandardReplaceTagProcessor
[THYMELEAF]             * [* {th:each,data-th-each}] [200]: com.intuit.karate.template.KarateEachTagProcessor
[THYMELEAF]             * [* {th:switch,data-th-switch}] [250]: org.thymeleaf.standard.processor.StandardSwitchTagProcessor
[THYMELEAF]             * [* {th:case,data-th-case}] [275]: org.thymeleaf.standard.processor.StandardCaseTagProcessor
[THYMELEAF]             * [* {th:if,data-th-if}] [300]: org.thymeleaf.standard.processor.StandardIfTagProcessor
[THYMELEAF]             * [* {th:unless,data-th-unless}] [400]: org.thymeleaf.standard.processor.StandardUnlessTagProcessor
[THYMELEAF]             * [* {th:object,data-th-object}] [500]: org.thymeleaf.standard.processor.StandardObjectTagProcessor
[THYMELEAF]             * [* {th:with,data-th-with}] [600]: com.intuit.karate.template.KarateWithTagProcessor
[THYMELEAF]             * [* {th:attr,data-th-attr}] [700]: com.intuit.karate.template.KarateAttributeTagProcessor.KarateAttrTagProcessor
[THYMELEAF]             * [* {th:attrappend,data-th-attrappend}] [900]: com.intuit.karate.template.KarateAttributeTagProcessor.KarateAttrappendTagProcessor
[THYMELEAF]             * [* {th:attrprepend,data-th-attrprepend}] [900]: com.intuit.karate.template.KarateAttributeTagProcessor.KarateAttrprependTagProcessor
[THYMELEAF]             * [* {th:alt-title,data-th-alt-title}] [990]: org.thymeleaf.standard.processor.StandardAltTitleTagProcessor
[THYMELEAF]             * [* {th:lang-xmllang,data-th-lang-xmllang}] [990]: org.thymeleaf.standard.processor.StandardLangXmlLangTagProcessor
[THYMELEAF]             * [* {th:action,data-th-action}] [1000]: org.thymeleaf.standard.processor.StandardActionTagProcessor
[THYMELEAF]             * [* {th:selected,data-th-selected}] [1000]: org.thymeleaf.standard.processor.StandardConditionalFixedValueTagProcessor
[THYMELEAF]             * [* {th:readonly,data-th-readonly}] [1000]: org.thymeleaf.standard.processor.StandardConditionalFixedValueTagProcessor
[THYMELEAF]             * [* {th:formnovalidate,data-th-formnovalidate}] [1000]: org.thymeleaf.standard.processor.StandardConditionalFixedValueTagProcessor
[THYMELEAF]             * [* {th:scoped,data-th-scoped}] [1000]: org.thymeleaf.standard.processor.StandardConditionalFixedValueTagProcessor
[THYMELEAF]             * [* {th:loop,data-th-loop}] [1000]: org.thymeleaf.standard.processor.StandardConditionalFixedValueTagProcessor
[THYMELEAF]             * [* {th:reversed,data-th-reversed}] [1000]: org.thymeleaf.standard.processor.StandardConditionalFixedValueTagProcessor
[THYMELEAF]             * [* {th:controls,data-th-controls}] [1000]: org.thymeleaf.standard.processor.StandardConditionalFixedValueTagProcessor
[THYMELEAF]             * [* {th:pubdate,data-th-pubdate}] [1000]: org.thymeleaf.standard.processor.StandardConditionalFixedValueTagProcessor
[THYMELEAF]             * [* {th:checked,data-th-checked}] [1000]: org.thymeleaf.standard.processor.StandardConditionalFixedValueTagProcessor
[THYMELEAF]             * [* {th:autofocus,data-th-autofocus}] [1000]: org.thymeleaf.standard.processor.StandardConditionalFixedValueTagProcessor
[THYMELEAF]             * [* {th:hidden,data-th-hidden}] [1000]: org.thymeleaf.standard.processor.StandardConditionalFixedValueTagProcessor
[THYMELEAF]             * [* {th:autoplay,data-th-autoplay}] [1000]: org.thymeleaf.standard.processor.StandardConditionalFixedValueTagProcessor
[THYMELEAF]             * [* {th:seamless,data-th-seamless}] [1000]: org.thymeleaf.standard.processor.StandardConditionalFixedValueTagProcessor
[THYMELEAF]             * [* {th:required,data-th-required}] [1000]: org.thymeleaf.standard.processor.StandardConditionalFixedValueTagProcessor
[THYMELEAF]             * [* {th:async,data-th-async}] [1000]: org.thymeleaf.standard.processor.StandardConditionalFixedValueTagProcessor
[THYMELEAF]             * [* {th:declare,data-th-declare}] [1000]: org.thymeleaf.standard.processor.StandardConditionalFixedValueTagProcessor
[THYMELEAF]             * [* {th:novalidate,data-th-novalidate}] [1000]: org.thymeleaf.standard.processor.StandardConditionalFixedValueTagProcessor
[THYMELEAF]             * [* {th:disabled,data-th-disabled}] [1000]: org.thymeleaf.standard.processor.StandardConditionalFixedValueTagProcessor
[THYMELEAF]             * [* {th:default,data-th-default}] [1000]: org.thymeleaf.standard.processor.StandardConditionalFixedValueTagProcessor
[THYMELEAF]             * [* {th:nowrap,data-th-nowrap}] [1000]: org.thymeleaf.standard.processor.StandardConditionalFixedValueTagProcessor
[THYMELEAF]             * [* {th:defer,data-th-defer}] [1000]: org.thymeleaf.standard.processor.StandardConditionalFixedValueTagProcessor
[THYMELEAF]             * [* {th:multiple,data-th-multiple}] [1000]: org.thymeleaf.standard.processor.StandardConditionalFixedValueTagProcessor
[THYMELEAF]             * [* {th:ismap,data-th-ismap}] [1000]: org.thymeleaf.standard.processor.StandardConditionalFixedValueTagProcessor
[THYMELEAF]             * [* {th:open,data-th-open}] [1000]: org.thymeleaf.standard.processor.StandardConditionalFixedValueTagProcessor
[THYMELEAF]             * [* {th:oninput,data-th-oninput}] [1000]: org.thymeleaf.standard.processor.StandardDOMEventAttributeTagProcessor
[THYMELEAF]             * [* {th:onundo,data-th-onundo}] [1000]: org.thymeleaf.standard.processor.StandardDOMEventAttributeTagProcessor
[THYMELEAF]             * [* {th:oncontextmenu,data-th-oncontextmenu}] [1000]: org.thymeleaf.standard.processor.StandardDOMEventAttributeTagProcessor
[THYMELEAF]             * [* {th:onredo,data-th-onredo}] [1000]: org.thymeleaf.standard.processor.StandardDOMEventAttributeTagProcessor
[THYMELEAF]             * [* {th:onstalled,data-th-onstalled}] [1000]: org.thymeleaf.standard.processor.StandardDOMEventAttributeTagProcessor
[THYMELEAF]             * [* {th:onselect,data-th-onselect}] [1000]: org.thymeleaf.standard.processor.StandardDOMEventAttributeTagProcessor
[THYMELEAF]             * [* {th:onseeked,data-th-onseeked}] [1000]: org.thymeleaf.standard.processor.StandardDOMEventAttributeTagProcessor
[THYMELEAF]             * [* {th:onmousemove,data-th-onmousemove}] [1000]: org.thymeleaf.standard.processor.StandardDOMEventAttributeTagProcessor
[THYMELEAF]             * [* {th:onmousewheel,data-th-onmousewheel}] [1000]: org.thymeleaf.standard.processor.StandardDOMEventAttributeTagProcessor
[THYMELEAF]             * [* {th:onkeypress,data-th-onkeypress}] [1000]: org.thymeleaf.standard.processor.StandardDOMEventAttributeTagProcessor
[THYMELEAF]             * [* {th:ondurationchange,data-th-ondurationchange}] [1000]: org.thymeleaf.standard.processor.StandardDOMEventAttributeTagProcessor
[THYMELEAF]             * [* {th:onbeforeprint,data-th-onbeforeprint}] [1000]: org.thymeleaf.standard.processor.StandardDOMEventAttributeTagProcessor
[THYMELEAF]             * [* {th:ondrop,data-th-ondrop}] [1000]: org.thymeleaf.standard.processor.StandardDOMEventAttributeTagProcessor
[THYMELEAF]             * [* {th:onmouseover,data-th-onmouseover}] [1000]: org.thymeleaf.standard.processor.StandardDOMEventAttributeTagProcessor
[THYMELEAF]             * [* {th:onplay,data-th-onplay}] [1000]: org.thymeleaf.standard.processor.StandardDOMEventAttributeTagProcessor
[THYMELEAF]             * [* {th:onafterprint,data-th-onafterprint}] [1000]: org.thymeleaf.standard.processor.StandardDOMEventAttributeTagProcessor
[THYMELEAF]             * [* {th:onwaiting,data-th-onwaiting}] [1000]: org.thymeleaf.standard.processor.StandardDOMEventAttributeTagProcessor
[THYMELEAF]             * [* {th:onmouseout,data-th-onmouseout}] [1000]: org.thymeleaf.standard.processor.StandardDOMEventAttributeTagProcessor
[THYMELEAF]             * [* {th:onfocus,data-th-onfocus}] [1000]: org.thymeleaf.standard.processor.StandardDOMEventAttributeTagProcessor
[THYMELEAF]             * [* {th:onresize,data-th-onresize}] [1000]: org.thymeleaf.standard.processor.StandardDOMEventAttributeTagProcessor
[THYMELEAF]             * [* {th:onscroll,data-th-onscroll}] [1000]: org.thymeleaf.standard.processor.StandardDOMEventAttributeTagProcessor
[THYMELEAF]             * [* {th:onreset,data-th-onreset}] [1000]: org.thymeleaf.standard.processor.StandardDOMEventAttributeTagProcessor
[THYMELEAF]             * [* {th:onsubmit,data-th-onsubmit}] [1000]: org.thymeleaf.standard.processor.StandardDOMEventAttributeTagProcessor
[THYMELEAF]             * [* {th:onemptied,data-th-onemptied}] [1000]: org.thymeleaf.standard.processor.StandardDOMEventAttributeTagProcessor
[THYMELEAF]             * [* {th:onplaying,data-th-onplaying}] [1000]: org.thymeleaf.standard.processor.StandardDOMEventAttributeTagProcessor
[THYMELEAF]             * [* {th:onloadstart,data-th-onloadstart}] [1000]: org.thymeleaf.standard.processor.StandardDOMEventAttributeTagProcessor
[THYMELEAF]             * [* {th:oncanplay,data-th-oncanplay}] [1000]: org.thymeleaf.standard.processor.StandardDOMEventAttributeTagProcessor
[THYMELEAF]             * [* {th:onreadystatechange,data-th-onreadystatechange}] [1000]: org.thymeleaf.standard.processor.StandardDOMEventAttributeTagProcessor
[THYMELEAF]             * [* {th:onformchange,data-th-onformchange}] [1000]: org.thymeleaf.standard.processor.StandardDOMEventAttributeTagProcessor
[THYMELEAF]             * [* {th:onclick,data-th-onclick}] [1000]: org.thymeleaf.standard.processor.StandardDOMEventAttributeTagProcessor
[THYMELEAF]             * [* {th:onblur,data-th-onblur}] [1000]: org.thymeleaf.standard.processor.StandardDOMEventAttributeTagProcessor
[THYMELEAF]             * [* {th:onprogress,data-th-onprogress}] [1000]: org.thymeleaf.standard.processor.StandardDOMEventAttributeTagProcessor
[THYMELEAF]             * [* {th:oninvalid,data-th-oninvalid}] [1000]: org.thymeleaf.standard.processor.StandardDOMEventAttributeTagProcessor
[THYMELEAF]             * [* {th:onmousedown,data-th-onmousedown}] [1000]: org.thymeleaf.standard.processor.StandardDOMEventAttributeTagProcessor
[THYMELEAF]             * [* {th:onkeydown,data-th-onkeydown}] [1000]: org.thymeleaf.standard.processor.StandardDOMEventAttributeTagProcessor
[THYMELEAF]             * [* {th:onvolumechange,data-th-onvolumechange}] [1000]: org.thymeleaf.standard.processor.StandardDOMEventAttributeTagProcessor
[THYMELEAF]             * [* {th:onerror,data-th-onerror}] [1000]: org.thymeleaf.standard.processor.StandardDOMEventAttributeTagProcessor
[THYMELEAF]             * [* {th:ondrag,data-th-ondrag}] [1000]: org.thymeleaf.standard.processor.StandardDOMEventAttributeTagProcessor
[THYMELEAF]             * [* {th:onended,data-th-onended}] [1000]: org.thymeleaf.standard.processor.StandardDOMEventAttributeTagProcessor
[THYMELEAF]             * [* {th:onloadeddata,data-th-onloadeddata}] [1000]: org.thymeleaf.standard.processor.StandardDOMEventAttributeTagProcessor
[THYMELEAF]             * [* {th:ondragend,data-th-ondragend}] [1000]: org.thymeleaf.standard.processor.StandardDOMEventAttributeTagProcessor
[THYMELEAF]             * [* {th:onloadedmetadata,data-th-onloadedmetadata}] [1000]: org.thymeleaf.standard.processor.StandardDOMEventAttributeTagProcessor
[THYMELEAF]             * [* {th:onshow,data-th-onshow}] [1000]: org.thymeleaf.standard.processor.StandardDOMEventAttributeTagProcessor
[THYMELEAF]             * [* {th:ondblclick,data-th-ondblclick}] [1000]: org.thymeleaf.standard.processor.StandardDOMEventAttributeTagProcessor
[THYMELEAF]             * [* {th:onforminput,data-th-onforminput}] [1000]: org.thymeleaf.standard.processor.StandardDOMEventAttributeTagProcessor
[THYMELEAF]             * [* {th:ondragenter,data-th-ondragenter}] [1000]: org.thymeleaf.standard.processor.StandardDOMEventAttributeTagProcessor
[THYMELEAF]             * [* {th:onpopstate,data-th-onpopstate}] [1000]: org.thymeleaf.standard.processor.StandardDOMEventAttributeTagProcessor
[THYMELEAF]             * [* {th:onmouseup,data-th-onmouseup}] [1000]: org.thymeleaf.standard.processor.StandardDOMEventAttributeTagProcessor
[THYMELEAF]             * [* {th:onstorage,data-th-onstorage}] [1000]: org.thymeleaf.standard.processor.StandardDOMEventAttributeTagProcessor
[THYMELEAF]             * [* {th:onsuspend,data-th-onsuspend}] [1000]: org.thymeleaf.standard.processor.StandardDOMEventAttributeTagProcessor
[THYMELEAF]             * [* {th:onchange,data-th-onchange}] [1000]: org.thymeleaf.standard.processor.StandardDOMEventAttributeTagProcessor
[THYMELEAF]             * [* {th:onratechange,data-th-onratechange}] [1000]: org.thymeleaf.standard.processor.StandardDOMEventAttributeTagProcessor
[THYMELEAF]             * [* {th:ononline,data-th-ononline}] [1000]: org.thymeleaf.standard.processor.StandardDOMEventAttributeTagProcessor
[THYMELEAF]             * [* {th:onbeforeunload,data-th-onbeforeunload}] [1000]: org.thymeleaf.standard.processor.StandardDOMEventAttributeTagProcessor
[THYMELEAF]             * [* {th:onkeyup,data-th-onkeyup}] [1000]: org.thymeleaf.standard.processor.StandardDOMEventAttributeTagProcessor
[THYMELEAF]             * [* {th:ondragstart,data-th-ondragstart}] [1000]: org.thymeleaf.standard.processor.StandardDOMEventAttributeTagProcessor
[THYMELEAF]             * [* {th:onload,data-th-onload}] [1000]: org.thymeleaf.standard.processor.StandardDOMEventAttributeTagProcessor
[THYMELEAF]             * [* {th:onabort,data-th-onabort}] [1000]: org.thymeleaf.standard.processor.StandardDOMEventAttributeTagProcessor
[THYMELEAF]             * [* {th:onhashchange,data-th-onhashchange}] [1000]: org.thymeleaf.standard.processor.StandardDOMEventAttributeTagProcessor
[THYMELEAF]             * [* {th:onoffline,data-th-onoffline}] [1000]: org.thymeleaf.standard.processor.StandardDOMEventAttributeTagProcessor
[THYMELEAF]             * [* {th:ondragover,data-th-ondragover}] [1000]: org.thymeleaf.standard.processor.StandardDOMEventAttributeTagProcessor
[THYMELEAF]             * [* {th:onmessage,data-th-onmessage}] [1000]: org.thymeleaf.standard.processor.StandardDOMEventAttributeTagProcessor
[THYMELEAF]             * [* {th:onpause,data-th-onpause}] [1000]: org.thymeleaf.standard.processor.StandardDOMEventAttributeTagProcessor
[THYMELEAF]             * [* {th:onseeking,data-th-onseeking}] [1000]: org.thymeleaf.standard.processor.StandardDOMEventAttributeTagProcessor
[THYMELEAF]             * [* {th:ontimeupdate,data-th-ontimeupdate}] [1000]: org.thymeleaf.standard.processor.StandardDOMEventAttributeTagProcessor
[THYMELEAF]             * [* {th:onunload,data-th-onunload}] [1000]: org.thymeleaf.standard.processor.StandardDOMEventAttributeTagProcessor
[THYMELEAF]             * [* {th:oncanplaythrough,data-th-oncanplaythrough}] [1000]: org.thymeleaf.standard.processor.StandardDOMEventAttributeTagProcessor
[THYMELEAF]             * [* {th:ondragleave,data-th-ondragleave}] [1000]: org.thymeleaf.standard.processor.StandardDOMEventAttributeTagProcessor
[THYMELEAF]             * [* {th:href,data-th-href}] [1000]: org.thymeleaf.standard.processor.StandardHrefTagProcessor
[THYMELEAF]             * [* {th:inline,data-th-inline}] [1000]: org.thymeleaf.standard.processor.StandardInlineHTMLTagProcessor
[THYMELEAF]             * [* {th:method,data-th-method}] [1000]: org.thymeleaf.standard.processor.StandardMethodTagProcessor
[THYMELEAF]             * [* {th:name,data-th-name}] [1000]: org.thymeleaf.standard.processor.StandardNonRemovableAttributeTagProcessor
[THYMELEAF]             * [* {th:type,data-th-type}] [1000]: org.thymeleaf.standard.processor.StandardNonRemovableAttributeTagProcessor
[THYMELEAF]             * [* {th:codetype,data-th-codetype}] [1000]: org.thymeleaf.standard.processor.StandardRemovableAttributeTagProcessor
[THYMELEAF]             * [* {th:archive,data-th-archive}] [1000]: org.thymeleaf.standard.processor.StandardRemovableAttributeTagProcessor
[THYMELEAF]             * [* {th:maxlength,data-th-maxlength}] [1000]: org.thymeleaf.standard.processor.StandardRemovableAttributeTagProcessor
[THYMELEAF]             * [* {th:media,data-th-media}] [1000]: org.thymeleaf.standard.processor.StandardRemovableAttributeTagProcessor
[THYMELEAF]             * [* {th:accept-charset,data-th-accept-charset}] [1000]: org.thymeleaf.standard.processor.StandardRemovableAttributeTagProcessor
[THYMELEAF]             * [* {th:sandbox,data-th-sandbox}] [1000]: org.thymeleaf.standard.processor.StandardRemovableAttributeTagProcessor
[THYMELEAF]             * [* {th:scrolling,data-th-scrolling}] [1000]: org.thymeleaf.standard.processor.StandardRemovableAttributeTagProcessor
[THYMELEAF]             * [* {th:abbr,data-th-abbr}] [1000]: org.thymeleaf.standard.processor.StandardRemovableAttributeTagProcessor
[THYMELEAF]             * [* {th:border,data-th-border}] [1000]: org.thymeleaf.standard.processor.StandardRemovableAttributeTagProcessor
[THYMELEAF]             * [* {th:formenctype,data-th-formenctype}] [1000]: org.thymeleaf.standard.processor.StandardRemovableAttributeTagProcessor
[THYMELEAF]             * [* {th:form,data-th-form}] [1000]: org.thymeleaf.standard.processor.StandardRemovableAttributeTagProcessor
[THYMELEAF]             * [* {th:draggable,data-th-draggable}] [1000]: org.thymeleaf.standard.processor.StandardRemovableAttributeTagProcessor
[THYMELEAF]             * [* {th:width,data-th-width}] [1000]: org.thymeleaf.standard.processor.StandardRemovableAttributeTagProcessor
[THYMELEAF]             * [* {th:span,data-th-span}] [1000]: org.thymeleaf.standard.processor.StandardRemovableAttributeTagProcessor
[THYMELEAF]             * [* {th:spellcheck,data-th-spellcheck}] [1000]: org.thymeleaf.standard.processor.StandardRemovableAttributeTagProcessor
[THYMELEAF]             * [* {th:data,data-th-data}] [1000]: org.thymeleaf.standard.processor.StandardRemovableAttributeTagProcessor
[THYMELEAF]             * [* {th:manifest,data-th-manifest}] [1000]: org.thymeleaf.standard.processor.StandardRemovableAttributeTagProcessor
[THYMELEAF]             * [* {th:target,data-th-target}] [1000]: org.thymeleaf.standard.processor.StandardRemovableAttributeTagProcessor
[THYMELEAF]             * [* {th:radiogroup,data-th-radiogroup}] [1000]: org.thymeleaf.standard.processor.StandardRemovableAttributeTagProcessor
[THYMELEAF]             * [* {th:contenteditable,data-th-contenteditable}] [1000]: org.thymeleaf.standard.processor.StandardRemovableAttributeTagProcessor
[THYMELEAF]             * [* {th:bgcolor,data-th-bgcolor}] [1000]: org.thymeleaf.standard.processor.StandardRemovableAttributeTagProcessor
[THYMELEAF]             * [* {th:vspace,data-th-vspace}] [1000]: org.thymeleaf.standard.processor.StandardRemovableAttributeTagProcessor
[THYMELEAF]             * [* {th:dir,data-th-dir}] [1000]: org.thymeleaf.standard.processor.StandardRemovableAttributeTagProcessor
[THYMELEAF]             * [* {th:rows,data-th-rows}] [1000]: org.thymeleaf.standard.processor.StandardRemovableAttributeTagProcessor
[THYMELEAF]             * [* {th:marginwidth,data-th-marginwidth}] [1000]: org.thymeleaf.standard.processor.StandardRemovableAttributeTagProcessor
[THYMELEAF]             * [* {th:audio,data-th-audio}] [1000]: org.thymeleaf.standard.processor.StandardRemovableAttributeTagProcessor
[THYMELEAF]             * [* {th:background,data-th-background}] [1000]: org.thymeleaf.standard.processor.StandardRemovableAttributeTagProcessor
[THYMELEAF]             * [* {th:size,data-th-size}] [1000]: org.thymeleaf.standard.processor.StandardRemovableAttributeTagProcessor
[THYMELEAF]             * [* {th:cite,data-th-cite}] [1000]: org.thymeleaf.standard.processor.StandardRemovableAttributeTagProcessor
[THYMELEAF]             * [* {th:kind,data-th-kind}] [1000]: org.thymeleaf.standard.processor.StandardRemovableAttributeTagProcessor
[THYMELEAF]             * [* {th:dropzone,data-th-dropzone}] [1000]: org.thymeleaf.standard.processor.StandardRemovableAttributeTagProcessor
[THYMELEAF]             * [* {th:hreflang,data-th-hreflang}] [1000]: org.thymeleaf.standard.processor.StandardRemovableAttributeTagProcessor
[THYMELEAF]             * [* {th:sizes,data-th-sizes}] [1000]: org.thymeleaf.standard.processor.StandardRemovableAttributeTagProcessor
[THYMELEAF]             * [* {th:marginheight,data-th-marginheight}] [1000]: org.thymeleaf.standard.processor.StandardRemovableAttributeTagProcessor
[THYMELEAF]             * [* {th:step,data-th-step}] [1000]: org.thymeleaf.standard.processor.StandardRemovableAttributeTagProcessor
[THYMELEAF]             * [* {th:class,data-th-class}] [1000]: org.thymeleaf.standard.processor.StandardRemovableAttributeTagProcessor
[THYMELEAF]             * [* {th:style,data-th-style}] [1000]: org.thymeleaf.standard.processor.StandardRemovableAttributeTagProcessor
[THYMELEAF]             * [* {th:scheme,data-th-scheme}] [1000]: org.thymeleaf.standard.processor.StandardRemovableAttributeTagProcessor
[THYMELEAF]             * [* {th:cellpadding,data-th-cellpadding}] [1000]: org.thymeleaf.standard.processor.StandardRemovableAttributeTagProcessor
[THYMELEAF]             * [* {th:compact,data-th-compact}] [1000]: org.thymeleaf.standard.processor.StandardRemovableAttributeTagProcessor
[THYMELEAF]             * [* {th:id,data-th-id}] [1000]: org.thymeleaf.standard.processor.StandardRemovableAttributeTagProcessor
[THYMELEAF]             * [* {th:charset,data-th-charset}] [1000]: org.thymeleaf.standard.processor.StandardRemovableAttributeTagProcessor
[THYMELEAF]             * [* {th:pattern,data-th-pattern}] [1000]: org.thymeleaf.standard.processor.StandardRemovableAttributeTagProcessor
[THYMELEAF]             * [* {th:accesskey,data-th-accesskey}] [1000]: org.thymeleaf.standard.processor.StandardRemovableAttributeTagProcessor
[THYMELEAF]             * [* {th:valuetype,data-th-valuetype}] [1000]: org.thymeleaf.standard.processor.StandardRemovableAttributeTagProcessor
[THYMELEAF]             * [* {th:formtarget,data-th-formtarget}] [1000]: org.thymeleaf.standard.processor.StandardRemovableAttributeTagProcessor
[THYMELEAF]             * [* {th:enctype,data-th-enctype}] [1000]: org.thymeleaf.standard.processor.StandardRemovableAttributeTagProcessor
[THYMELEAF]             * [* {th:formaction,data-th-formaction}] [1000]: org.thymeleaf.standard.processor.StandardRemovableAttributeTagProcessor
[THYMELEAF]             * [* {th:rules,data-th-rules}] [1000]: org.thymeleaf.standard.processor.StandardRemovableAttributeTagProcessor
[THYMELEAF]             * [* {th:contextmenu,data-th-contextmenu}] [1000]: org.thymeleaf.standard.processor.StandardRemovableAttributeTagProcessor
[THYMELEAF]             * [* {th:content,data-th-content}] [1000]: org.thymeleaf.standard.processor.StandardRemovableAttributeTagProcessor
[THYMELEAF]             * [* {th:for,data-th-for}] [1000]: org.thymeleaf.standard.processor.StandardRemovableAttributeTagProcessor
[THYMELEAF]             * [* {th:longdesc,data-th-longdesc}] [1000]: org.thymeleaf.standard.processor.StandardRemovableAttributeTagProcessor
[THYMELEAF]             * [* {th:classid,data-th-classid}] [1000]: org.thymeleaf.standard.processor.StandardRemovableAttributeTagProcessor
[THYMELEAF]             * [* {th:summary,data-th-summary}] [1000]: org.thymeleaf.standard.processor.StandardRemovableAttributeTagProcessor
[THYMELEAF]             * [* {th:start,data-th-start}] [1000]: org.thymeleaf.standard.processor.StandardRemovableAttributeTagProcessor
[THYMELEAF]             * [* {th:frame,data-th-frame}] [1000]: org.thymeleaf.standard.processor.StandardRemovableAttributeTagProcessor
[THYMELEAF]             * [* {th:scope,data-th-scope}] [1000]: org.thymeleaf.standard.processor.StandardRemovableAttributeTagProcessor
[THYMELEAF]             * [* {th:lang,data-th-lang}] [1000]: org.thymeleaf.standard.processor.StandardRemovableAttributeTagProcessor
[THYMELEAF]             * [* {th:rev,data-th-rev}] [1000]: org.thymeleaf.standard.processor.StandardRemovableAttributeTagProcessor
[THYMELEAF]             * [* {th:preload,data-th-preload}] [1000]: org.thymeleaf.standard.processor.StandardRemovableAttributeTagProcessor
[THYMELEAF]             * [* {th:accept,data-th-accept}] [1000]: org.thymeleaf.standard.processor.StandardRemovableAttributeTagProcessor
[THYMELEAF]             * [* {th:rowspan,data-th-rowspan}] [1000]: org.thymeleaf.standard.processor.StandardRemovableAttributeTagProcessor
[THYMELEAF]             * [* {th:datetime,data-th-datetime}] [1000]: org.thymeleaf.standard.processor.StandardRemovableAttributeTagProcessor
[THYMELEAF]             * [* {th:hspace,data-th-hspace}] [1000]: org.thymeleaf.standard.processor.StandardRemovableAttributeTagProcessor
[THYMELEAF]             * [* {th:cols,data-th-cols}] [1000]: org.thymeleaf.standard.processor.StandardRemovableAttributeTagProcessor
[THYMELEAF]             * [* {th:label,data-th-label}] [1000]: org.thymeleaf.standard.processor.StandardRemovableAttributeTagProcessor
[THYMELEAF]             * [* {th:high,data-th-high}] [1000]: org.thymeleaf.standard.processor.StandardRemovableAttributeTagProcessor
[THYMELEAF]             * [* {th:frameborder,data-th-frameborder}] [1000]: org.thymeleaf.standard.processor.StandardRemovableAttributeTagProcessor
[THYMELEAF]             * [* {th:list,data-th-list}] [1000]: org.thymeleaf.standard.processor.StandardRemovableAttributeTagProcessor
[THYMELEAF]             * [* {th:wrap,data-th-wrap}] [1000]: org.thymeleaf.standard.processor.StandardRemovableAttributeTagProcessor
[THYMELEAF]             * [* {th:rel,data-th-rel}] [1000]: org.thymeleaf.standard.processor.StandardRemovableAttributeTagProcessor
[THYMELEAF]             * [* {th:formmethod,data-th-formmethod}] [1000]: org.thymeleaf.standard.processor.StandardRemovableAttributeTagProcessor
[THYMELEAF]             * [* {th:usemap,data-th-usemap}] [1000]: org.thymeleaf.standard.processor.StandardRemovableAttributeTagProcessor
[THYMELEAF]             * [* {th:challenge,data-th-challenge}] [1000]: org.thymeleaf.standard.processor.StandardRemovableAttributeTagProcessor
[THYMELEAF]             * [* {th:codebase,data-th-codebase}] [1000]: org.thymeleaf.standard.processor.StandardRemovableAttributeTagProcessor
[THYMELEAF]             * [* {th:optimum,data-th-optimum}] [1000]: org.thymeleaf.standard.processor.StandardRemovableAttributeTagProcessor
[THYMELEAF]             * [* {th:headers,data-th-headers}] [1000]: org.thymeleaf.standard.processor.StandardRemovableAttributeTagProcessor
[THYMELEAF]             * [* {th:min,data-th-min}] [1000]: org.thymeleaf.standard.processor.StandardRemovableAttributeTagProcessor
[THYMELEAF]             * [* {th:tabindex,data-th-tabindex}] [1000]: org.thymeleaf.standard.processor.StandardRemovableAttributeTagProcessor
[THYMELEAF]             * [* {th:height,data-th-height}] [1000]: org.thymeleaf.standard.processor.StandardRemovableAttributeTagProcessor
[THYMELEAF]             * [* {th:axis,data-th-axis}] [1000]: org.thymeleaf.standard.processor.StandardRemovableAttributeTagProcessor
[THYMELEAF]             * [* {th:icon,data-th-icon}] [1000]: org.thymeleaf.standard.processor.StandardRemovableAttributeTagProcessor
[THYMELEAF]             * [* {th:poster,data-th-poster}] [1000]: org.thymeleaf.standard.processor.StandardRemovableAttributeTagProcessor
[THYMELEAF]             * [* {th:align,data-th-align}] [1000]: org.thymeleaf.standard.processor.StandardRemovableAttributeTagProcessor
[THYMELEAF]             * [* {th:http-equiv,data-th-http-equiv}] [1000]: org.thymeleaf.standard.processor.StandardRemovableAttributeTagProcessor
[THYMELEAF]             * [* {th:low,data-th-low}] [1000]: org.thymeleaf.standard.processor.StandardRemovableAttributeTagProcessor
[THYMELEAF]             * [* {th:title,data-th-title}] [1000]: org.thymeleaf.standard.processor.StandardRemovableAttributeTagProcessor
[THYMELEAF]             * [* {th:keytype,data-th-keytype}] [1000]: org.thymeleaf.standard.processor.StandardRemovableAttributeTagProcessor
[THYMELEAF]             * [* {th:colspan,data-th-colspan}] [1000]: org.thymeleaf.standard.processor.StandardRemovableAttributeTagProcessor
[THYMELEAF]             * [* {th:alt,data-th-alt}] [1000]: org.thymeleaf.standard.processor.StandardRemovableAttributeTagProcessor
[THYMELEAF]             * [* {th:placeholder,data-th-placeholder}] [1000]: org.thymeleaf.standard.processor.StandardRemovableAttributeTagProcessor
[THYMELEAF]             * [* {th:autocomplete,data-th-autocomplete}] [1000]: org.thymeleaf.standard.processor.StandardRemovableAttributeTagProcessor
[THYMELEAF]             * [* {th:cellspacing,data-th-cellspacing}] [1000]: org.thymeleaf.standard.processor.StandardRemovableAttributeTagProcessor
[THYMELEAF]             * [* {th:standby,data-th-standby}] [1000]: org.thymeleaf.standard.processor.StandardRemovableAttributeTagProcessor
[THYMELEAF]             * [* {th:max,data-th-max}] [1000]: org.thymeleaf.standard.processor.StandardRemovableAttributeTagProcessor
[THYMELEAF]             * [* {th:srclang,data-th-srclang}] [1000]: org.thymeleaf.standard.processor.StandardRemovableAttributeTagProcessor
[THYMELEAF]             * [* {th:src,data-th-src}] [1000]: org.thymeleaf.standard.processor.StandardSrcTagProcessor
[THYMELEAF]             * [* {th:value,data-th-value}] [1000]: org.thymeleaf.standard.processor.StandardValueTagProcessor
[THYMELEAF]             * [* {th:xmlbase,data-th-xmlbase}] [1000]: org.thymeleaf.standard.processor.StandardXmlBaseTagProcessor
[THYMELEAF]             * [* {th:xmllang,data-th-xmllang}] [1000]: org.thymeleaf.standard.processor.StandardXmlLangTagProcessor
[THYMELEAF]             * [* {xmlns:th}] [1000]: org.thymeleaf.standard.processor.StandardXmlNsTagProcessor
[THYMELEAF]             * [* {th:xmlspace,data-th-xmlspace}] [1000]: org.thymeleaf.standard.processor.StandardXmlSpaceTagProcessor
[THYMELEAF]             * [* {th:classappend,data-th-classappend}] [1100]: org.thymeleaf.standard.processor.StandardClassappendTagProcessor
[THYMELEAF]             * [* {th:styleappend,data-th-styleappend}] [1100]: org.thymeleaf.standard.processor.StandardStyleappendTagProcessor
[THYMELEAF]             * [* {th:text,data-th-text}] [1300]: org.thymeleaf.standard.processor.StandardTextTagProcessor
[THYMELEAF]             * [* {th:utext,data-th-utext}] [1400]: org.thymeleaf.standard.processor.StandardUtextTagProcessor
[THYMELEAF]             * [* {th:fragment,data-th-fragment}] [1500]: org.thymeleaf.standard.processor.StandardFragmentTagProcessor
[THYMELEAF]             * [* {th:assert,data-th-assert}] [1550]: org.thymeleaf.standard.processor.StandardAssertTagProcessor
[THYMELEAF]             * [* {th:remove,data-th-remove}] [1600]: org.thymeleaf.standard.processor.StandardRemoveTagProcessor
[THYMELEAF]             * [* {th:ref,data-th-ref}] [10000]: org.thymeleaf.standard.processor.StandardRefAttributeTagProcessor
[THYMELEAF]             * [{th:block,th-block} *] [100000]: org.thymeleaf.standard.processor.StandardBlockTagProcessor
[THYMELEAF]             * [* th:*] [2147483647]: org.thymeleaf.standard.processor.StandardDefaultAttributesTagProcessor
[THYMELEAF]         * Text Processors by [precedence]:
[THYMELEAF]             * [1000]: org.thymeleaf.standard.processor.StandardInliningTextProcessor
[THYMELEAF]         * DOCTYPE Processors by [precedence]:
[THYMELEAF]             * [1000]: org.thymeleaf.standard.processor.StandardTranslationDocTypeProcessor
[THYMELEAF]         * CDATA Section Processors by [precedence]:
[THYMELEAF]             * [1000]: org.thymeleaf.standard.processor.StandardInliningCDATASectionProcessor
[THYMELEAF]         * Comment Processors by [precedence]:
[THYMELEAF]             * [1000]: org.thymeleaf.standard.processor.StandardInliningCommentProcessor
[THYMELEAF]             * [1100]: org.thymeleaf.standard.processor.StandardConditionalCommentProcessor
[THYMELEAF]     * Processors for Template Mode: XML
[THYMELEAF]         * Element Tag Processors by [matching element and attribute name] [precedence]:
[THYMELEAF]             * [* {th:include}] [100]: org.thymeleaf.standard.processor.StandardIncludeTagProcessor
[THYMELEAF]             * [* {th:insert}] [100]: org.thymeleaf.standard.processor.StandardInsertTagProcessor
[THYMELEAF]             * [* {th:replace}] [100]: org.thymeleaf.standard.processor.StandardReplaceTagProcessor
[THYMELEAF]             * [* {th:each}] [200]: com.intuit.karate.template.KarateEachTagProcessor
[THYMELEAF]             * [* {th:switch}] [250]: org.thymeleaf.standard.processor.StandardSwitchTagProcessor
[THYMELEAF]             * [* {th:case}] [275]: org.thymeleaf.standard.processor.StandardCaseTagProcessor
[THYMELEAF]             * [* {th:if}] [300]: org.thymeleaf.standard.processor.StandardIfTagProcessor
[THYMELEAF]             * [* {th:unless}] [400]: org.thymeleaf.standard.processor.StandardUnlessTagProcessor
[THYMELEAF]             * [* {th:object}] [500]: org.thymeleaf.standard.processor.StandardObjectTagProcessor
[THYMELEAF]             * [* {th:with}] [600]: com.intuit.karate.template.KarateWithTagProcessor
[THYMELEAF]             * [* {th:attr}] [700]: com.intuit.karate.template.KarateAttributeTagProcessor.KarateAttrTagProcessor
[THYMELEAF]             * [* {th:attrappend}] [900]: com.intuit.karate.template.KarateAttributeTagProcessor.KarateAttrappendTagProcessor
[THYMELEAF]             * [* {th:attrprepend}] [900]: com.intuit.karate.template.KarateAttributeTagProcessor.KarateAttrprependTagProcessor
[THYMELEAF]             * [* {th:inline}] [1000]: org.thymeleaf.standard.processor.StandardInlineXMLTagProcessor
[THYMELEAF]             * [* {xmlns:th}] [1000]: org.thymeleaf.standard.processor.StandardXmlNsTagProcessor
[THYMELEAF]             * [* {th:text}] [1300]: org.thymeleaf.standard.processor.StandardTextTagProcessor
[THYMELEAF]             * [* {th:utext}] [1400]: org.thymeleaf.standard.processor.StandardUtextTagProcessor
[THYMELEAF]             * [* {th:fragment}] [1500]: org.thymeleaf.standard.processor.StandardFragmentTagProcessor
[THYMELEAF]             * [* {th:assert}] [1550]: org.thymeleaf.standard.processor.StandardAssertTagProcessor
[THYMELEAF]             * [* {th:remove}] [1600]: org.thymeleaf.standard.processor.StandardRemoveTagProcessor
[THYMELEAF]             * [* {th:ref}] [10000]: org.thymeleaf.standard.processor.StandardRefAttributeTagProcessor
[THYMELEAF]             * [{th:block} *] [100000]: org.thymeleaf.standard.processor.StandardBlockTagProcessor
[THYMELEAF]             * [* th:*] [2147483647]: org.thymeleaf.standard.processor.StandardDefaultAttributesTagProcessor
[THYMELEAF]         * Text Processors by [precedence]:
[THYMELEAF]             * [1000]: org.thymeleaf.standard.processor.StandardInliningTextProcessor
[THYMELEAF]         * CDATA Section Processors by [precedence]:
[THYMELEAF]             * [1000]: org.thymeleaf.standard.processor.StandardInliningCDATASectionProcessor
[THYMELEAF]         * Comment Processors by [precedence]:
[THYMELEAF]             * [1000]: org.thymeleaf.standard.processor.StandardInliningCommentProcessor
[THYMELEAF]     * Processors for Template Mode: TEXT
[THYMELEAF]         * Element Tag Processors by [matching element and attribute name] [precedence]:
[THYMELEAF]             * [* {th:insert}] [100]: org.thymeleaf.standard.processor.StandardInsertTagProcessor
[THYMELEAF]             * [* {th:replace}] [100]: org.thymeleaf.standard.processor.StandardReplaceTagProcessor
[THYMELEAF]             * [* {th:each}] [200]: com.intuit.karate.template.KarateEachTagProcessor
[THYMELEAF]             * [* {th:switch}] [250]: org.thymeleaf.standard.processor.StandardSwitchTagProcessor
[THYMELEAF]             * [* {th:case}] [275]: org.thymeleaf.standard.processor.StandardCaseTagProcessor
[THYMELEAF]             * [* {th:if}] [300]: org.thymeleaf.standard.processor.StandardIfTagProcessor
[THYMELEAF]             * [* {th:unless}] [400]: org.thymeleaf.standard.processor.StandardUnlessTagProcessor
[THYMELEAF]             * [* {th:object}] [500]: org.thymeleaf.standard.processor.StandardObjectTagProcessor
[THYMELEAF]             * [* {th:with}] [600]: com.intuit.karate.template.KarateWithTagProcessor
[THYMELEAF]             * [* {th:inline}] [1000]: org.thymeleaf.standard.processor.StandardInlineTextualTagProcessor
[THYMELEAF]             * [* {th:text}] [1300]: org.thymeleaf.standard.processor.StandardTextTagProcessor
[THYMELEAF]             * [* {th:utext}] [1400]: org.thymeleaf.standard.processor.StandardUtextTagProcessor
[THYMELEAF]             * [* {th:assert}] [1550]: org.thymeleaf.standard.processor.StandardAssertTagProcessor
[THYMELEAF]             * [* {th:remove}] [1600]: org.thymeleaf.standard.processor.StandardRemoveTagProcessor
[THYMELEAF]             * [* 100000] [org.thymeleaf.standard.processor.StandardBlockTagProcessor]: {}
[THYMELEAF]             * [{th:block} *] [100000]: org.thymeleaf.standard.processor.StandardBlockTagProcessor
[THYMELEAF]         * Text Processors by [precedence]:
[THYMELEAF]             * [1000]: org.thymeleaf.standard.processor.StandardInliningTextProcessor
[THYMELEAF]     * Processors for Template Mode: JAVASCRIPT
[THYMELEAF]         * Element Tag Processors by [matching element and attribute name] [precedence]:
[THYMELEAF]             * [* {th:insert}] [100]: org.thymeleaf.standard.processor.StandardInsertTagProcessor
[THYMELEAF]             * [* {th:replace}] [100]: org.thymeleaf.standard.processor.StandardReplaceTagProcessor
[THYMELEAF]             * [* {th:each}] [200]: com.intuit.karate.template.KarateEachTagProcessor
[THYMELEAF]             * [* {th:switch}] [250]: org.thymeleaf.standard.processor.StandardSwitchTagProcessor
[THYMELEAF]             * [* {th:case}] [275]: org.thymeleaf.standard.processor.StandardCaseTagProcessor
[THYMELEAF]             * [* {th:if}] [300]: org.thymeleaf.standard.processor.StandardIfTagProcessor
[THYMELEAF]             * [* {th:unless}] [400]: org.thymeleaf.standard.processor.StandardUnlessTagProcessor
[THYMELEAF]             * [* {th:object}] [500]: org.thymeleaf.standard.processor.StandardObjectTagProcessor
[THYMELEAF]             * [* {th:with}] [600]: com.intuit.karate.template.KarateWithTagProcessor
[THYMELEAF]             * [* {th:inline}] [1000]: org.thymeleaf.standard.processor.StandardInlineTextualTagProcessor
[THYMELEAF]             * [* {th:text}] [1300]: org.thymeleaf.standard.processor.StandardTextTagProcessor
[THYMELEAF]             * [* {th:utext}] [1400]: org.thymeleaf.standard.processor.StandardUtextTagProcessor
[THYMELEAF]             * [* {th:assert}] [1550]: org.thymeleaf.standard.processor.StandardAssertTagProcessor
[THYMELEAF]             * [* {th:remove}] [1600]: org.thymeleaf.standard.processor.StandardRemoveTagProcessor
[THYMELEAF]             * [{th:block} *] [100000]: org.thymeleaf.standard.processor.StandardBlockTagProcessor
[THYMELEAF]             * [* 100000] [org.thymeleaf.standard.processor.StandardBlockTagProcessor]: {}
[THYMELEAF]         * Text Processors by [precedence]:
[THYMELEAF]             * [1000]: org.thymeleaf.standard.processor.StandardInliningTextProcessor
[THYMELEAF]     * Processors for Template Mode: CSS
[THYMELEAF]         * Element Tag Processors by [matching element and attribute name] [precedence]:
[THYMELEAF]             * [* {th:insert}] [100]: org.thymeleaf.standard.processor.StandardInsertTagProcessor
[THYMELEAF]             * [* {th:replace}] [100]: org.thymeleaf.standard.processor.StandardReplaceTagProcessor
[THYMELEAF]             * [* {th:each}] [200]: com.intuit.karate.template.KarateEachTagProcessor
[THYMELEAF]             * [* {th:switch}] [250]: org.thymeleaf.standard.processor.StandardSwitchTagProcessor
[THYMELEAF]             * [* {th:case}] [275]: org.thymeleaf.standard.processor.StandardCaseTagProcessor
[THYMELEAF]             * [* {th:if}] [300]: org.thymeleaf.standard.processor.StandardIfTagProcessor
[THYMELEAF]             * [* {th:unless}] [400]: org.thymeleaf.standard.processor.StandardUnlessTagProcessor
[THYMELEAF]             * [* {th:object}] [500]: org.thymeleaf.standard.processor.StandardObjectTagProcessor
[THYMELEAF]             * [* {th:with}] [600]: com.intuit.karate.template.KarateWithTagProcessor
[THYMELEAF]             * [* {th:inline}] [1000]: org.thymeleaf.standard.processor.StandardInlineTextualTagProcessor
[THYMELEAF]             * [* {th:text}] [1300]: org.thymeleaf.standard.processor.StandardTextTagProcessor
[THYMELEAF]             * [* {th:utext}] [1400]: org.thymeleaf.standard.processor.StandardUtextTagProcessor
[THYMELEAF]             * [* {th:assert}] [1550]: org.thymeleaf.standard.processor.StandardAssertTagProcessor
[THYMELEAF]             * [* {th:remove}] [1600]: org.thymeleaf.standard.processor.StandardRemoveTagProcessor
[THYMELEAF]             * [* 100000] [org.thymeleaf.standard.processor.StandardBlockTagProcessor]: {}
[THYMELEAF]             * [{th:block} *] [100000]: org.thymeleaf.standard.processor.StandardBlockTagProcessor
[THYMELEAF]         * Text Processors by [precedence]:
[THYMELEAF]             * [1000]: org.thymeleaf.standard.processor.StandardInliningTextProcessor
[THYMELEAF]     * Expression Objects:
[THYMELEAF]         * #ctx
[THYMELEAF]         * #root
[THYMELEAF]         * #vars
[THYMELEAF]         * #object
[THYMELEAF]         * #locale
[THYMELEAF]         * #conversions
[THYMELEAF]         * #uris
[THYMELEAF]         * #temporals
[THYMELEAF]         * #calendars
[THYMELEAF]         * #dates
[THYMELEAF]         * #bools
[THYMELEAF]         * #numbers
[THYMELEAF]         * #objects
[THYMELEAF]         * #strings
[THYMELEAF]         * #arrays
[THYMELEAF]         * #lists
[THYMELEAF]         * #sets
[THYMELEAF]         * #maps
[THYMELEAF]         * #aggregates
[THYMELEAF]         * #messages
[THYMELEAF]         * #ids
[THYMELEAF]         * #execInfo
[THYMELEAF]         * #request
[THYMELEAF]         * #response
[THYMELEAF]         * #session
[THYMELEAF]         * #servletContext
[THYMELEAF]     * Execution Attributes:
[THYMELEAF]         * "StandardExpressionParser": com.intuit.karate.template.KarateStandardDialect@79f5a6ed
[THYMELEAF]         * "StandardJavaScriptSerializer": org.thymeleaf.standard.serializer.StandardJavaScriptSerializer@c497a55
[THYMELEAF]         * "StandardCSSSerializer": org.thymeleaf.standard.serializer.StandardCSSSerializer@7493d937
[THYMELEAF]         * "StandardVariableExpressionEvaluator": com.intuit.karate.template.KarateStandardDialect@79f5a6ed
[THYMELEAF]         * "StandardConversionService": org.thymeleaf.standard.expression.StandardConversionService@5dc7841c
[THYMELEAF] * Dialect [2 of 2]: karate (com.intuit.karate.template.KarateScriptDialect)
[THYMELEAF]     * Prefix: "ka"
[THYMELEAF]     * Processors for Template Mode: HTML
[THYMELEAF]         * Element Tag Processors by [matching element and attribute name] [precedence]:
[THYMELEAF]             * [* {src}] [1000]: com.intuit.karate.template.KaScriptAttrProcessor
[THYMELEAF]         * Element Model Processors by [matching element and attribute name] [precedence]:
[THYMELEAF]             * [{script} {ka:scope,data-ka-scope}] [1000]: com.intuit.karate.template.KaScriptElemProcessor
[THYMELEAF]             * [* {ka:set,data-ka-set}] [1000]: com.intuit.karate.template.KaSetElemProcessor
[THYMELEAF] TEMPLATE ENGINE CONFIGURED OK
18:12:17.526 [main] DEBUG org.thymeleaf.TemplateEngine - [THYMELEAF] TEMPLATE ENGINE INITIALIZED
---------------------------------------------------------
feature: classpath:Tests/GETdemo.feature
scenarios:  6 | passed:  6 | failed:  0 | time: 1.5602
---------------------------------------------------------

18:12:18.519 [main] INFO com.intuit.karate - The value of enviroment is : preprod 
18:12:18.538 [main] DEBUG com.jayway.jsonpath.internal.path.CompiledPath - Evaluating path: $
18:12:18.544 [main] DEBUG com.jayway.jsonpath.internal.path.CompiledPath - Evaluating path: $
18:12:18.618 [main] DEBUG io.netty.util.internal.logging.InternalLoggerFactory - Using SLF4J as the default logging framework
18:12:18.625 [main] DEBUG io.netty.util.internal.PlatformDependent0 - -Dio.netty.noUnsafe: false
18:12:18.626 [main] DEBUG io.netty.util.internal.PlatformDependent0 - Java version: 17
18:12:18.646 [main] DEBUG io.netty.util.internal.PlatformDependent0 - sun.misc.Unsafe.theUnsafe: available
18:12:18.648 [main] DEBUG io.netty.util.internal.PlatformDependent0 - sun.misc.Unsafe.copyMemory: available
18:12:18.649 [main] DEBUG io.netty.util.internal.PlatformDependent0 - sun.misc.Unsafe.storeFence: available
18:12:18.650 [main] DEBUG io.netty.util.internal.PlatformDependent0 - java.nio.Buffer.address: available
18:12:18.651 [main] DEBUG io.netty.util.internal.PlatformDependent0 - direct buffer constructor: unavailable: Reflective setAccessible(true) disabled
18:12:18.653 [main] DEBUG io.netty.util.internal.PlatformDependent0 - java.nio.Bits.unaligned: available, true
18:12:18.657 [main] DEBUG io.netty.util.internal.PlatformDependent0 - jdk.internal.misc.Unsafe.allocateUninitializedArray(int): unavailable: class io.netty.util.internal.PlatformDependent0$7 cannot access class jdk.internal.misc.Unsafe (in module java.base) because module java.base does not export jdk.internal.misc to unnamed module @224edc67
18:12:18.659 [main] DEBUG io.netty.util.internal.PlatformDependent0 - java.nio.DirectByteBuffer.<init>(long, {int,long}): unavailable
18:12:18.659 [main] DEBUG io.netty.util.internal.PlatformDependent - sun.misc.Unsafe: available
18:12:18.663 [main] DEBUG io.netty.util.internal.PlatformDependent - maxDirectMemory: 2009071616 bytes (maybe)
18:12:18.663 [main] DEBUG io.netty.util.internal.PlatformDependent - -Dio.netty.tmpdir: C:\Users\Ivan\AppData\Local\Temp (java.io.tmpdir)
18:12:18.663 [main] DEBUG io.netty.util.internal.PlatformDependent - -Dio.netty.bitMode: 64 (sun.arch.data.model)
18:12:18.664 [main] DEBUG io.netty.util.internal.PlatformDependent - Platform: Windows
18:12:18.666 [main] DEBUG io.netty.util.internal.PlatformDependent - -Dio.netty.maxDirectMemory: -1 bytes
18:12:18.666 [main] DEBUG io.netty.util.internal.PlatformDependent - -Dio.netty.uninitializedArrayAllocationThreshold: -1
18:12:18.668 [main] DEBUG io.netty.util.internal.CleanerJava9 - java.nio.ByteBuffer.cleaner(): available
18:12:18.669 [main] DEBUG io.netty.util.internal.PlatformDependent - -Dio.netty.noPreferDirect: false
18:12:18.705 [main] DEBUG org.apache.http.client.protocol.RequestAddCookies - CookieSpec selected: karate
18:12:18.705 [main] DEBUG org.apache.http.client.protocol.RequestAuthCache - Auth cache not set in the context
18:12:18.705 [main] DEBUG com.intuit.karate - request:
1 > POST https://reqres.in/api/users
1 > Accept: application/json
1 > Content-Type: application/json; charset=UTF-8
1 > Content-Length: 37
1 > Host: reqres.in
1 > Connection: Keep-Alive
1 > User-Agent: Apache-HttpClient/4.5.12 (Java/17.0.9)
1 > Accept-Encoding: gzip,deflate
{"name":"Ivan","job":"Test Engineer"}

18:12:18.706 [main] DEBUG org.apache.http.impl.conn.PoolingHttpClientConnectionManager - Connection request: [route: {s}->https://reqres.in:443][total available: 0; route allocated: 0 of 5; total allocated: 0 of 10]
18:12:18.708 [main] DEBUG org.apache.http.impl.conn.PoolingHttpClientConnectionManager - Connection leased: [id: 8][route: {s}->https://reqres.in:443][total available: 0; route allocated: 1 of 5; total allocated: 1 of 10]
18:12:18.708 [main] DEBUG org.apache.http.impl.execchain.MainClientExec - Opening connection {s}->https://reqres.in:443
18:12:18.708 [main] DEBUG org.apache.http.impl.conn.DefaultHttpClientConnectionOperator - Connecting to reqres.in/104.26.10.213:443
18:12:18.708 [main] DEBUG org.apache.http.conn.ssl.SSLConnectionSocketFactory - Connecting socket to reqres.in/104.26.10.213:443 with timeout 5000
18:12:18.747 [main] DEBUG org.apache.http.conn.ssl.SSLConnectionSocketFactory - Enabled protocols: [TLSv1.3, TLSv1.2]
18:12:18.747 [main] DEBUG org.apache.http.conn.ssl.SSLConnectionSocketFactory - Enabled cipher suites:[TLS_AES_256_GCM_SHA384, TLS_AES_128_GCM_SHA256, TLS_CHACHA20_POLY1305_SHA256, TLS_ECDHE_ECDSA_WITH_AES_256_GCM_SHA384, TLS_ECDHE_ECDSA_WITH_AES_128_GCM_SHA256, TLS_ECDHE_ECDSA_WITH_CHACHA20_POLY1305_SHA256, TLS_ECDHE_RSA_WITH_AES_256_GCM_SHA384, TLS_ECDHE_RSA_WITH_CHACHA20_POLY1305_SHA256, TLS_ECDHE_RSA_WITH_AES_128_GCM_SHA256, TLS_DHE_RSA_WITH_AES_256_GCM_SHA384, TLS_DHE_RSA_WITH_CHACHA20_POLY1305_SHA256, TLS_DHE_DSS_WITH_AES_256_GCM_SHA384, TLS_DHE_RSA_WITH_AES_128_GCM_SHA256, TLS_DHE_DSS_WITH_AES_128_GCM_SHA256, TLS_ECDHE_ECDSA_WITH_AES_256_CBC_SHA384, TLS_ECDHE_RSA_WITH_AES_256_CBC_SHA384, TLS_ECDHE_ECDSA_WITH_AES_128_CBC_SHA256, TLS_ECDHE_RSA_WITH_AES_128_CBC_SHA256, TLS_DHE_RSA_WITH_AES_256_CBC_SHA256, TLS_DHE_DSS_WITH_AES_256_CBC_SHA256, TLS_DHE_RSA_WITH_AES_128_CBC_SHA256, TLS_DHE_DSS_WITH_AES_128_CBC_SHA256, TLS_ECDH_ECDSA_WITH_AES_256_GCM_SHA384, TLS_ECDH_RSA_WITH_AES_256_GCM_SHA384, TLS_ECDH_ECDSA_WITH_AES_128_GCM_SHA256, TLS_ECDH_RSA_WITH_AES_128_GCM_SHA256, TLS_ECDH_ECDSA_WITH_AES_256_CBC_SHA384, TLS_ECDH_RSA_WITH_AES_256_CBC_SHA384, TLS_ECDH_ECDSA_WITH_AES_128_CBC_SHA256, TLS_ECDH_RSA_WITH_AES_128_CBC_SHA256, TLS_ECDHE_ECDSA_WITH_AES_256_CBC_SHA, TLS_ECDHE_RSA_WITH_AES_256_CBC_SHA, TLS_ECDHE_ECDSA_WITH_AES_128_CBC_SHA, TLS_ECDHE_RSA_WITH_AES_128_CBC_SHA, TLS_DHE_RSA_WITH_AES_256_CBC_SHA, TLS_DHE_DSS_WITH_AES_256_CBC_SHA, TLS_DHE_RSA_WITH_AES_128_CBC_SHA, TLS_DHE_DSS_WITH_AES_128_CBC_SHA, TLS_ECDH_ECDSA_WITH_AES_256_CBC_SHA, TLS_ECDH_RSA_WITH_AES_256_CBC_SHA, TLS_ECDH_ECDSA_WITH_AES_128_CBC_SHA, TLS_ECDH_RSA_WITH_AES_128_CBC_SHA, TLS_RSA_WITH_AES_256_GCM_SHA384, TLS_RSA_WITH_AES_128_GCM_SHA256, TLS_RSA_WITH_AES_256_CBC_SHA256, TLS_RSA_WITH_AES_128_CBC_SHA256, TLS_RSA_WITH_AES_256_CBC_SHA, TLS_RSA_WITH_AES_128_CBC_SHA, TLS_EMPTY_RENEGOTIATION_INFO_SCSV]
18:12:18.747 [main] DEBUG org.apache.http.conn.ssl.SSLConnectionSocketFactory - Starting handshake
18:12:18.813 [main] DEBUG org.apache.http.conn.ssl.SSLConnectionSocketFactory - Secure session established
18:12:18.813 [main] DEBUG org.apache.http.conn.ssl.SSLConnectionSocketFactory -  negotiated protocol: TLSv1.3
18:12:18.813 [main] DEBUG org.apache.http.conn.ssl.SSLConnectionSocketFactory -  negotiated cipher suite: TLS_AES_256_GCM_SHA384
18:12:18.813 [main] DEBUG org.apache.http.conn.ssl.SSLConnectionSocketFactory -  peer principal: CN=sni.cloudflaressl.com, O="Cloudflare, Inc.", L=San Francisco, ST=California, C=US
18:12:18.813 [main] DEBUG org.apache.http.conn.ssl.SSLConnectionSocketFactory -  peer alternative names: [reqres.in, *.reqres.in, sni.cloudflaressl.com]
18:12:18.813 [main] DEBUG org.apache.http.conn.ssl.SSLConnectionSocketFactory -  issuer principal: CN=Cloudflare Inc ECC CA-3, O="Cloudflare, Inc.", C=US
18:12:18.814 [main] DEBUG org.apache.http.impl.conn.DefaultHttpClientConnectionOperator - Connection established 192.168.1.66:59216<->104.26.10.213:443
18:12:18.814 [main] DEBUG org.apache.http.impl.conn.DefaultManagedHttpClientConnection - http-outgoing-8: set socket timeout to 5000
18:12:18.814 [main] DEBUG org.apache.http.impl.execchain.MainClientExec - Executing request POST /api/users HTTP/1.1
18:12:18.814 [main] DEBUG org.apache.http.impl.execchain.MainClientExec - Target auth state: UNCHALLENGED
18:12:18.814 [main] DEBUG org.apache.http.impl.execchain.MainClientExec - Proxy auth state: UNCHALLENGED
18:12:18.814 [main] DEBUG org.apache.http.headers - http-outgoing-8 >> POST /api/users HTTP/1.1
18:12:18.814 [main] DEBUG org.apache.http.headers - http-outgoing-8 >> Accept: application/json
18:12:18.814 [main] DEBUG org.apache.http.headers - http-outgoing-8 >> Content-Type: application/json; charset=UTF-8
18:12:18.814 [main] DEBUG org.apache.http.headers - http-outgoing-8 >> Content-Length: 37
18:12:18.814 [main] DEBUG org.apache.http.headers - http-outgoing-8 >> Host: reqres.in
18:12:18.814 [main] DEBUG org.apache.http.headers - http-outgoing-8 >> Connection: Keep-Alive
18:12:18.814 [main] DEBUG org.apache.http.headers - http-outgoing-8 >> User-Agent: Apache-HttpClient/4.5.12 (Java/17.0.9)
18:12:18.814 [main] DEBUG org.apache.http.headers - http-outgoing-8 >> Accept-Encoding: gzip,deflate
18:12:18.815 [main] DEBUG org.apache.http.wire - http-outgoing-8 >> "POST /api/users HTTP/1.1[\r][\n]"
18:12:18.815 [main] DEBUG org.apache.http.wire - http-outgoing-8 >> "Accept: application/json[\r][\n]"
18:12:18.815 [main] DEBUG org.apache.http.wire - http-outgoing-8 >> "Content-Type: application/json; charset=UTF-8[\r][\n]"
18:12:18.815 [main] DEBUG org.apache.http.wire - http-outgoing-8 >> "Content-Length: 37[\r][\n]"
18:12:18.815 [main] DEBUG org.apache.http.wire - http-outgoing-8 >> "Host: reqres.in[\r][\n]"
18:12:18.815 [main] DEBUG org.apache.http.wire - http-outgoing-8 >> "Connection: Keep-Alive[\r][\n]"
18:12:18.815 [main] DEBUG org.apache.http.wire - http-outgoing-8 >> "User-Agent: Apache-HttpClient/4.5.12 (Java/17.0.9)[\r][\n]"
18:12:18.815 [main] DEBUG org.apache.http.wire - http-outgoing-8 >> "Accept-Encoding: gzip,deflate[\r][\n]"
18:12:18.815 [main] DEBUG org.apache.http.wire - http-outgoing-8 >> "[\r][\n]"
18:12:18.815 [main] DEBUG org.apache.http.wire - http-outgoing-8 >> "{"name":"Ivan","job":"Test Engineer"}"
18:12:19.123 [main] DEBUG org.apache.http.wire - http-outgoing-8 << "HTTP/1.1 201 Created[\r][\n]"
18:12:19.123 [main] DEBUG org.apache.http.wire - http-outgoing-8 << "Date: Thu, 30 Nov 2023 00:12:19 GMT[\r][\n]"
18:12:19.123 [main] DEBUG org.apache.http.wire - http-outgoing-8 << "Content-Type: application/json; charset=utf-8[\r][\n]"
18:12:19.123 [main] DEBUG org.apache.http.wire - http-outgoing-8 << "Content-Length: 87[\r][\n]"
18:12:19.123 [main] DEBUG org.apache.http.wire - http-outgoing-8 << "Connection: keep-alive[\r][\n]"
18:12:19.124 [main] DEBUG org.apache.http.wire - http-outgoing-8 << "Report-To: {"group":"heroku-nel","max_age":3600,"endpoints":[{"url":"https://nel.heroku.com/reports?ts=1701303139&sid=c4c9725f-1ab0-44d8-820f-430df2718e11&s=N5LMbYnRZayrlUjCFIx6E%2BaniRE%2BxPW3JggiZNRsde8%3D"}]}[\r][\n]"
18:12:19.124 [main] DEBUG org.apache.http.wire - http-outgoing-8 << "Reporting-Endpoints: heroku-nel=https://nel.heroku.com/reports?ts=1701303139&sid=c4c9725f-1ab0-44d8-820f-430df2718e11&s=N5LMbYnRZayrlUjCFIx6E%2BaniRE%2BxPW3JggiZNRsde8%3D[\r][\n]"
18:12:19.124 [main] DEBUG org.apache.http.wire - http-outgoing-8 << "Nel: {"report_to":"heroku-nel","max_age":3600,"success_fraction":0.005,"failure_fraction":0.05,"response_headers":["Via"]}[\r][\n]"
18:12:19.124 [main] DEBUG org.apache.http.wire - http-outgoing-8 << "X-Powered-By: Express[\r][\n]"
18:12:19.124 [main] DEBUG org.apache.http.wire - http-outgoing-8 << "Access-Control-Allow-Origin: *[\r][\n]"
18:12:19.124 [main] DEBUG org.apache.http.wire - http-outgoing-8 << "Etag: W/"57-4cunkODZQntYTpUw+54TmjVHx6U"[\r][\n]"
18:12:19.124 [main] DEBUG org.apache.http.wire - http-outgoing-8 << "Via: 1.1 vegur[\r][\n]"
18:12:19.124 [main] DEBUG org.apache.http.wire - http-outgoing-8 << "CF-Cache-Status: DYNAMIC[\r][\n]"
18:12:19.124 [main] DEBUG org.apache.http.wire - http-outgoing-8 << "Server: cloudflare[\r][\n]"
18:12:19.124 [main] DEBUG org.apache.http.wire - http-outgoing-8 << "CF-RAY: 82dee0ca0d204686-DFW[\r][\n]"
18:12:19.124 [main] DEBUG org.apache.http.wire - http-outgoing-8 << "[\r][\n]"
18:12:19.124 [main] DEBUG org.apache.http.wire - http-outgoing-8 << "{"name":"Ivan","job":"Test Engineer","id":"532","createdAt":"2023-11-30T00:12:19.094Z"}"
18:12:19.125 [main] DEBUG org.apache.http.headers - http-outgoing-8 << HTTP/1.1 201 Created
18:12:19.125 [main] DEBUG org.apache.http.headers - http-outgoing-8 << Date: Thu, 30 Nov 2023 00:12:19 GMT
18:12:19.125 [main] DEBUG org.apache.http.headers - http-outgoing-8 << Content-Type: application/json; charset=utf-8
18:12:19.125 [main] DEBUG org.apache.http.headers - http-outgoing-8 << Content-Length: 87
18:12:19.125 [main] DEBUG org.apache.http.headers - http-outgoing-8 << Connection: keep-alive
18:12:19.125 [main] DEBUG org.apache.http.headers - http-outgoing-8 << Report-To: {"group":"heroku-nel","max_age":3600,"endpoints":[{"url":"https://nel.heroku.com/reports?ts=1701303139&sid=c4c9725f-1ab0-44d8-820f-430df2718e11&s=N5LMbYnRZayrlUjCFIx6E%2BaniRE%2BxPW3JggiZNRsde8%3D"}]}
18:12:19.126 [main] DEBUG org.apache.http.headers - http-outgoing-8 << Reporting-Endpoints: heroku-nel=https://nel.heroku.com/reports?ts=1701303139&sid=c4c9725f-1ab0-44d8-820f-430df2718e11&s=N5LMbYnRZayrlUjCFIx6E%2BaniRE%2BxPW3JggiZNRsde8%3D
18:12:19.126 [main] DEBUG org.apache.http.headers - http-outgoing-8 << Nel: {"report_to":"heroku-nel","max_age":3600,"success_fraction":0.005,"failure_fraction":0.05,"response_headers":["Via"]}
18:12:19.126 [main] DEBUG org.apache.http.headers - http-outgoing-8 << X-Powered-By: Express
18:12:19.126 [main] DEBUG org.apache.http.headers - http-outgoing-8 << Access-Control-Allow-Origin: *
18:12:19.126 [main] DEBUG org.apache.http.headers - http-outgoing-8 << Etag: W/"57-4cunkODZQntYTpUw+54TmjVHx6U"
18:12:19.126 [main] DEBUG org.apache.http.headers - http-outgoing-8 << Via: 1.1 vegur
18:12:19.126 [main] DEBUG org.apache.http.headers - http-outgoing-8 << CF-Cache-Status: DYNAMIC
18:12:19.126 [main] DEBUG org.apache.http.headers - http-outgoing-8 << Server: cloudflare
18:12:19.126 [main] DEBUG org.apache.http.headers - http-outgoing-8 << CF-RAY: 82dee0ca0d204686-DFW
18:12:19.126 [main] DEBUG org.apache.http.impl.execchain.MainClientExec - Connection can be kept alive indefinitely
18:12:19.126 [main] DEBUG org.apache.http.impl.conn.PoolingHttpClientConnectionManager - Connection [id: 8][route: {s}->https://reqres.in:443] can be kept alive indefinitely
18:12:19.126 [main] DEBUG org.apache.http.impl.conn.DefaultManagedHttpClientConnection - http-outgoing-8: set socket timeout to 0
18:12:19.126 [main] DEBUG org.apache.http.impl.conn.PoolingHttpClientConnectionManager - Connection released: [id: 8][route: {s}->https://reqres.in:443][total available: 1; route allocated: 1 of 5; total allocated: 1 of 10]
18:12:19.126 [main] DEBUG org.apache.http.impl.conn.PoolingHttpClientConnectionManager - Connection manager is shutting down
18:12:19.126 [main] DEBUG org.apache.http.impl.conn.DefaultManagedHttpClientConnection - http-outgoing-8: Close connection
18:12:19.127 [main] DEBUG org.apache.http.impl.conn.PoolingHttpClientConnectionManager - Connection manager shut down
18:12:19.127 [main] DEBUG com.intuit.karate - response time in milliseconds: 421
1 < 201
1 < Date: Thu, 30 Nov 2023 00:12:19 GMT
1 < Content-Type: application/json; charset=utf-8
1 < Content-Length: 87
1 < Connection: keep-alive
1 < Report-To: {"group":"heroku-nel","max_age":3600,"endpoints":[{"url":"https://nel.heroku.com/reports?ts=1701303139&sid=c4c9725f-1ab0-44d8-820f-430df2718e11&s=N5LMbYnRZayrlUjCFIx6E%2BaniRE%2BxPW3JggiZNRsde8%3D"}]}
1 < Reporting-Endpoints: heroku-nel=https://nel.heroku.com/reports?ts=1701303139&sid=c4c9725f-1ab0-44d8-820f-430df2718e11&s=N5LMbYnRZayrlUjCFIx6E%2BaniRE%2BxPW3JggiZNRsde8%3D
1 < Nel: {"report_to":"heroku-nel","max_age":3600,"success_fraction":0.005,"failure_fraction":0.05,"response_headers":["Via"]}
1 < X-Powered-By: Express
1 < Access-Control-Allow-Origin: *
1 < Etag: W/"57-4cunkODZQntYTpUw+54TmjVHx6U"
1 < Via: 1.1 vegur
1 < CF-Cache-Status: DYNAMIC
1 < Server: cloudflare
1 < CF-RAY: 82dee0ca0d204686-DFW
{"name":"Ivan","job":"Test Engineer","id":"532","createdAt":"2023-11-30T00:12:19.094Z"}

18:12:19.132 [main] INFO com.intuit.karate - [print] {
  "name": "Ivan",
  "job": "Test Engineer",
  "id": "532",
  "createdAt": "2023-11-30T00:12:19.094Z"
}
 
]]></system-out>
  </testcase>
  <testcase name="[2:18] post scenario with background" classname="[Tests/POSTdemo] Post API demo" time="0.425">
    <system-out><![CDATA[18:12:19.149 [main] INFO com.intuit.karate - The value of enviroment is : preprod 
18:12:19.154 [main] DEBUG com.jayway.jsonpath.internal.path.CompiledPath - Evaluating path: $
18:12:19.156 [main] DEBUG com.jayway.jsonpath.internal.path.CompiledPath - Evaluating path: $
18:12:19.158 [main] DEBUG org.apache.http.client.protocol.RequestAddCookies - CookieSpec selected: karate
18:12:19.158 [main] DEBUG org.apache.http.client.protocol.RequestAuthCache - Auth cache not set in the context
18:12:19.159 [main] DEBUG com.intuit.karate - request:
1 > POST https://reqres.in/api/users
1 > Accept: application/json
1 > Content-Type: application/json; charset=UTF-8
1 > Content-Length: 27
1 > Host: reqres.in
1 > Connection: Keep-Alive
1 > User-Agent: Apache-HttpClient/4.5.12 (Java/17.0.9)
1 > Accept-Encoding: gzip,deflate
{"name":"Jorge","job":"QA"}

18:12:19.159 [main] DEBUG org.apache.http.impl.conn.PoolingHttpClientConnectionManager - Connection request: [route: {s}->https://reqres.in:443][total available: 0; route allocated: 0 of 5; total allocated: 0 of 10]
18:12:19.159 [main] DEBUG org.apache.http.impl.conn.PoolingHttpClientConnectionManager - Connection leased: [id: 9][route: {s}->https://reqres.in:443][total available: 0; route allocated: 1 of 5; total allocated: 1 of 10]
18:12:19.159 [main] DEBUG org.apache.http.impl.execchain.MainClientExec - Opening connection {s}->https://reqres.in:443
18:12:19.160 [main] DEBUG org.apache.http.impl.conn.DefaultHttpClientConnectionOperator - Connecting to reqres.in/104.26.10.213:443
18:12:19.160 [main] DEBUG org.apache.http.conn.ssl.SSLConnectionSocketFactory - Connecting socket to reqres.in/104.26.10.213:443 with timeout 5000
18:12:19.198 [main] DEBUG org.apache.http.conn.ssl.SSLConnectionSocketFactory - Enabled protocols: [TLSv1.3, TLSv1.2]
18:12:19.198 [main] DEBUG org.apache.http.conn.ssl.SSLConnectionSocketFactory - Enabled cipher suites:[TLS_AES_256_GCM_SHA384, TLS_AES_128_GCM_SHA256, TLS_CHACHA20_POLY1305_SHA256, TLS_ECDHE_ECDSA_WITH_AES_256_GCM_SHA384, TLS_ECDHE_ECDSA_WITH_AES_128_GCM_SHA256, TLS_ECDHE_ECDSA_WITH_CHACHA20_POLY1305_SHA256, TLS_ECDHE_RSA_WITH_AES_256_GCM_SHA384, TLS_ECDHE_RSA_WITH_CHACHA20_POLY1305_SHA256, TLS_ECDHE_RSA_WITH_AES_128_GCM_SHA256, TLS_DHE_RSA_WITH_AES_256_GCM_SHA384, TLS_DHE_RSA_WITH_CHACHA20_POLY1305_SHA256, TLS_DHE_DSS_WITH_AES_256_GCM_SHA384, TLS_DHE_RSA_WITH_AES_128_GCM_SHA256, TLS_DHE_DSS_WITH_AES_128_GCM_SHA256, TLS_ECDHE_ECDSA_WITH_AES_256_CBC_SHA384, TLS_ECDHE_RSA_WITH_AES_256_CBC_SHA384, TLS_ECDHE_ECDSA_WITH_AES_128_CBC_SHA256, TLS_ECDHE_RSA_WITH_AES_128_CBC_SHA256, TLS_DHE_RSA_WITH_AES_256_CBC_SHA256, TLS_DHE_DSS_WITH_AES_256_CBC_SHA256, TLS_DHE_RSA_WITH_AES_128_CBC_SHA256, TLS_DHE_DSS_WITH_AES_128_CBC_SHA256, TLS_ECDH_ECDSA_WITH_AES_256_GCM_SHA384, TLS_ECDH_RSA_WITH_AES_256_GCM_SHA384, TLS_ECDH_ECDSA_WITH_AES_128_GCM_SHA256, TLS_ECDH_RSA_WITH_AES_128_GCM_SHA256, TLS_ECDH_ECDSA_WITH_AES_256_CBC_SHA384, TLS_ECDH_RSA_WITH_AES_256_CBC_SHA384, TLS_ECDH_ECDSA_WITH_AES_128_CBC_SHA256, TLS_ECDH_RSA_WITH_AES_128_CBC_SHA256, TLS_ECDHE_ECDSA_WITH_AES_256_CBC_SHA, TLS_ECDHE_RSA_WITH_AES_256_CBC_SHA, TLS_ECDHE_ECDSA_WITH_AES_128_CBC_SHA, TLS_ECDHE_RSA_WITH_AES_128_CBC_SHA, TLS_DHE_RSA_WITH_AES_256_CBC_SHA, TLS_DHE_DSS_WITH_AES_256_CBC_SHA, TLS_DHE_RSA_WITH_AES_128_CBC_SHA, TLS_DHE_DSS_WITH_AES_128_CBC_SHA, TLS_ECDH_ECDSA_WITH_AES_256_CBC_SHA, TLS_ECDH_RSA_WITH_AES_256_CBC_SHA, TLS_ECDH_ECDSA_WITH_AES_128_CBC_SHA, TLS_ECDH_RSA_WITH_AES_128_CBC_SHA, TLS_RSA_WITH_AES_256_GCM_SHA384, TLS_RSA_WITH_AES_128_GCM_SHA256, TLS_RSA_WITH_AES_256_CBC_SHA256, TLS_RSA_WITH_AES_128_CBC_SHA256, TLS_RSA_WITH_AES_256_CBC_SHA, TLS_RSA_WITH_AES_128_CBC_SHA, TLS_EMPTY_RENEGOTIATION_INFO_SCSV]
18:12:19.198 [main] DEBUG org.apache.http.conn.ssl.SSLConnectionSocketFactory - Starting handshake
18:12:19.254 [main] DEBUG org.apache.http.conn.ssl.SSLConnectionSocketFactory - Secure session established
18:12:19.262 [main] DEBUG org.apache.http.conn.ssl.SSLConnectionSocketFactory -  negotiated protocol: TLSv1.3
18:12:19.262 [main] DEBUG org.apache.http.conn.ssl.SSLConnectionSocketFactory -  negotiated cipher suite: TLS_AES_256_GCM_SHA384
18:12:19.262 [main] DEBUG org.apache.http.conn.ssl.SSLConnectionSocketFactory -  peer principal: CN=sni.cloudflaressl.com, O="Cloudflare, Inc.", L=San Francisco, ST=California, C=US
18:12:19.262 [main] DEBUG org.apache.http.conn.ssl.SSLConnectionSocketFactory -  peer alternative names: [reqres.in, *.reqres.in, sni.cloudflaressl.com]
18:12:19.262 [main] DEBUG org.apache.http.conn.ssl.SSLConnectionSocketFactory -  issuer principal: CN=Cloudflare Inc ECC CA-3, O="Cloudflare, Inc.", C=US
18:12:19.262 [main] DEBUG org.apache.http.impl.conn.DefaultHttpClientConnectionOperator - Connection established 192.168.1.66:59217<->104.26.10.213:443
18:12:19.263 [main] DEBUG org.apache.http.impl.conn.DefaultManagedHttpClientConnection - http-outgoing-9: set socket timeout to 5000
18:12:19.263 [main] DEBUG org.apache.http.impl.execchain.MainClientExec - Executing request POST /api/users HTTP/1.1
18:12:19.264 [main] DEBUG org.apache.http.impl.execchain.MainClientExec - Target auth state: UNCHALLENGED
18:12:19.264 [main] DEBUG org.apache.http.impl.execchain.MainClientExec - Proxy auth state: UNCHALLENGED
18:12:19.264 [main] DEBUG org.apache.http.headers - http-outgoing-9 >> POST /api/users HTTP/1.1
18:12:19.264 [main] DEBUG org.apache.http.headers - http-outgoing-9 >> Accept: application/json
18:12:19.264 [main] DEBUG org.apache.http.headers - http-outgoing-9 >> Content-Type: application/json; charset=UTF-8
18:12:19.264 [main] DEBUG org.apache.http.headers - http-outgoing-9 >> Content-Length: 27
18:12:19.264 [main] DEBUG org.apache.http.headers - http-outgoing-9 >> Host: reqres.in
18:12:19.264 [main] DEBUG org.apache.http.headers - http-outgoing-9 >> Connection: Keep-Alive
18:12:19.264 [main] DEBUG org.apache.http.headers - http-outgoing-9 >> User-Agent: Apache-HttpClient/4.5.12 (Java/17.0.9)
18:12:19.264 [main] DEBUG org.apache.http.headers - http-outgoing-9 >> Accept-Encoding: gzip,deflate
18:12:19.264 [main] DEBUG org.apache.http.wire - http-outgoing-9 >> "POST /api/users HTTP/1.1[\r][\n]"
18:12:19.264 [main] DEBUG org.apache.http.wire - http-outgoing-9 >> "Accept: application/json[\r][\n]"
18:12:19.264 [main] DEBUG org.apache.http.wire - http-outgoing-9 >> "Content-Type: application/json; charset=UTF-8[\r][\n]"
18:12:19.264 [main] DEBUG org.apache.http.wire - http-outgoing-9 >> "Content-Length: 27[\r][\n]"
18:12:19.264 [main] DEBUG org.apache.http.wire - http-outgoing-9 >> "Host: reqres.in[\r][\n]"
18:12:19.264 [main] DEBUG org.apache.http.wire - http-outgoing-9 >> "Connection: Keep-Alive[\r][\n]"
18:12:19.265 [main] DEBUG org.apache.http.wire - http-outgoing-9 >> "User-Agent: Apache-HttpClient/4.5.12 (Java/17.0.9)[\r][\n]"
18:12:19.265 [main] DEBUG org.apache.http.wire - http-outgoing-9 >> "Accept-Encoding: gzip,deflate[\r][\n]"
18:12:19.265 [main] DEBUG org.apache.http.wire - http-outgoing-9 >> "[\r][\n]"
18:12:19.265 [main] DEBUG org.apache.http.wire - http-outgoing-9 >> "{"name":"Jorge","job":"QA"}"
18:12:19.556 [main] DEBUG org.apache.http.wire - http-outgoing-9 << "HTTP/1.1 201 Created[\r][\n]"
18:12:19.556 [main] DEBUG org.apache.http.wire - http-outgoing-9 << "Date: Thu, 30 Nov 2023 00:12:19 GMT[\r][\n]"
18:12:19.556 [main] DEBUG org.apache.http.wire - http-outgoing-9 << "Content-Type: application/json; charset=utf-8[\r][\n]"
18:12:19.556 [main] DEBUG org.apache.http.wire - http-outgoing-9 << "Content-Length: 77[\r][\n]"
18:12:19.556 [main] DEBUG org.apache.http.wire - http-outgoing-9 << "Connection: keep-alive[\r][\n]"
18:12:19.556 [main] DEBUG org.apache.http.wire - http-outgoing-9 << "Report-To: {"group":"heroku-nel","max_age":3600,"endpoints":[{"url":"https://nel.heroku.com/reports?ts=1701303139&sid=c4c9725f-1ab0-44d8-820f-430df2718e11&s=N5LMbYnRZayrlUjCFIx6E%2BaniRE%2BxPW3JggiZNRsde8%3D"}]}[\r][\n]"
18:12:19.556 [main] DEBUG org.apache.http.wire - http-outgoing-9 << "Reporting-Endpoints: heroku-nel=https://nel.heroku.com/reports?ts=1701303139&sid=c4c9725f-1ab0-44d8-820f-430df2718e11&s=N5LMbYnRZayrlUjCFIx6E%2BaniRE%2BxPW3JggiZNRsde8%3D[\r][\n]"
18:12:19.556 [main] DEBUG org.apache.http.wire - http-outgoing-9 << "Nel: {"report_to":"heroku-nel","max_age":3600,"success_fraction":0.005,"failure_fraction":0.05,"response_headers":["Via"]}[\r][\n]"
18:12:19.556 [main] DEBUG org.apache.http.wire - http-outgoing-9 << "X-Powered-By: Express[\r][\n]"
18:12:19.556 [main] DEBUG org.apache.http.wire - http-outgoing-9 << "Access-Control-Allow-Origin: *[\r][\n]"
18:12:19.556 [main] DEBUG org.apache.http.wire - http-outgoing-9 << "Etag: W/"4d-fQZvlPIsQTDqrRy03BDzq66lm1I"[\r][\n]"
18:12:19.556 [main] DEBUG org.apache.http.wire - http-outgoing-9 << "Via: 1.1 vegur[\r][\n]"
18:12:19.556 [main] DEBUG org.apache.http.wire - http-outgoing-9 << "CF-Cache-Status: DYNAMIC[\r][\n]"
18:12:19.556 [main] DEBUG org.apache.http.wire - http-outgoing-9 << "Server: cloudflare[\r][\n]"
18:12:19.556 [main] DEBUG org.apache.http.wire - http-outgoing-9 << "CF-RAY: 82dee0ccdda96c6b-DFW[\r][\n]"
18:12:19.556 [main] DEBUG org.apache.http.wire - http-outgoing-9 << "[\r][\n]"
18:12:19.556 [main] DEBUG org.apache.http.wire - http-outgoing-9 << "{"name":"Jorge","job":"QA","id":"134","createdAt":"2023-11-30T00:12:19.527Z"}"
18:12:19.556 [main] DEBUG org.apache.http.headers - http-outgoing-9 << HTTP/1.1 201 Created
18:12:19.556 [main] DEBUG org.apache.http.headers - http-outgoing-9 << Date: Thu, 30 Nov 2023 00:12:19 GMT
18:12:19.557 [main] DEBUG org.apache.http.headers - http-outgoing-9 << Content-Type: application/json; charset=utf-8
18:12:19.557 [main] DEBUG org.apache.http.headers - http-outgoing-9 << Content-Length: 77
18:12:19.557 [main] DEBUG org.apache.http.headers - http-outgoing-9 << Connection: keep-alive
18:12:19.557 [main] DEBUG org.apache.http.headers - http-outgoing-9 << Report-To: {"group":"heroku-nel","max_age":3600,"endpoints":[{"url":"https://nel.heroku.com/reports?ts=1701303139&sid=c4c9725f-1ab0-44d8-820f-430df2718e11&s=N5LMbYnRZayrlUjCFIx6E%2BaniRE%2BxPW3JggiZNRsde8%3D"}]}
18:12:19.557 [main] DEBUG org.apache.http.headers - http-outgoing-9 << Reporting-Endpoints: heroku-nel=https://nel.heroku.com/reports?ts=1701303139&sid=c4c9725f-1ab0-44d8-820f-430df2718e11&s=N5LMbYnRZayrlUjCFIx6E%2BaniRE%2BxPW3JggiZNRsde8%3D
18:12:19.557 [main] DEBUG org.apache.http.headers - http-outgoing-9 << Nel: {"report_to":"heroku-nel","max_age":3600,"success_fraction":0.005,"failure_fraction":0.05,"response_headers":["Via"]}
18:12:19.557 [main] DEBUG org.apache.http.headers - http-outgoing-9 << X-Powered-By: Express
18:12:19.557 [main] DEBUG org.apache.http.headers - http-outgoing-9 << Access-Control-Allow-Origin: *
18:12:19.557 [main] DEBUG org.apache.http.headers - http-outgoing-9 << Etag: W/"4d-fQZvlPIsQTDqrRy03BDzq66lm1I"
18:12:19.557 [main] DEBUG org.apache.http.headers - http-outgoing-9 << Via: 1.1 vegur
18:12:19.557 [main] DEBUG org.apache.http.headers - http-outgoing-9 << CF-Cache-Status: DYNAMIC
18:12:19.557 [main] DEBUG org.apache.http.headers - http-outgoing-9 << Server: cloudflare
18:12:19.557 [main] DEBUG org.apache.http.headers - http-outgoing-9 << CF-RAY: 82dee0ccdda96c6b-DFW
18:12:19.557 [main] DEBUG org.apache.http.impl.execchain.MainClientExec - Connection can be kept alive indefinitely
18:12:19.558 [main] DEBUG org.apache.http.impl.conn.PoolingHttpClientConnectionManager - Connection [id: 9][route: {s}->https://reqres.in:443] can be kept alive indefinitely
18:12:19.559 [main] DEBUG org.apache.http.impl.conn.DefaultManagedHttpClientConnection - http-outgoing-9: set socket timeout to 0
18:12:19.559 [main] DEBUG org.apache.http.impl.conn.PoolingHttpClientConnectionManager - Connection released: [id: 9][route: {s}->https://reqres.in:443][total available: 1; route allocated: 1 of 5; total allocated: 1 of 10]
18:12:19.559 [main] DEBUG org.apache.http.impl.conn.PoolingHttpClientConnectionManager - Connection manager is shutting down
18:12:19.559 [main] DEBUG org.apache.http.impl.conn.DefaultManagedHttpClientConnection - http-outgoing-9: Close connection
18:12:19.562 [main] DEBUG org.apache.http.impl.conn.PoolingHttpClientConnectionManager - Connection manager shut down
18:12:19.562 [main] DEBUG com.intuit.karate - response time in milliseconds: 400
1 < 201
1 < Date: Thu, 30 Nov 2023 00:12:19 GMT
1 < Content-Type: application/json; charset=utf-8
1 < Content-Length: 77
1 < Connection: keep-alive
1 < Report-To: {"group":"heroku-nel","max_age":3600,"endpoints":[{"url":"https://nel.heroku.com/reports?ts=1701303139&sid=c4c9725f-1ab0-44d8-820f-430df2718e11&s=N5LMbYnRZayrlUjCFIx6E%2BaniRE%2BxPW3JggiZNRsde8%3D"}]}
1 < Reporting-Endpoints: heroku-nel=https://nel.heroku.com/reports?ts=1701303139&sid=c4c9725f-1ab0-44d8-820f-430df2718e11&s=N5LMbYnRZayrlUjCFIx6E%2BaniRE%2BxPW3JggiZNRsde8%3D
1 < Nel: {"report_to":"heroku-nel","max_age":3600,"success_fraction":0.005,"failure_fraction":0.05,"response_headers":["Via"]}
1 < X-Powered-By: Express
1 < Access-Control-Allow-Origin: *
1 < Etag: W/"4d-fQZvlPIsQTDqrRy03BDzq66lm1I"
1 < Via: 1.1 vegur
1 < CF-Cache-Status: DYNAMIC
1 < Server: cloudflare
1 < CF-RAY: 82dee0ccdda96c6b-DFW
{"name":"Jorge","job":"QA","id":"134","createdAt":"2023-11-30T00:12:19.527Z"}

18:12:19.564 [main] INFO com.intuit.karate - [print] {
  "name": "Jorge",
  "job": "QA",
  "id": "134",
  "createdAt": "2023-11-30T00:12:19.527Z"
}
 
]]></system-out>
  </testcase>
  <testcase name="[3:26] post scenario with assertions" classname="[Tests/POSTdemo] Post API demo" time="0.654">
    <system-out><![CDATA[18:12:19.579 [main] INFO com.intuit.karate - The value of enviroment is : preprod 
18:12:19.584 [main] DEBUG com.jayway.jsonpath.internal.path.CompiledPath - Evaluating path: $
18:12:19.586 [main] DEBUG com.jayway.jsonpath.internal.path.CompiledPath - Evaluating path: $
18:12:19.588 [main] DEBUG org.apache.http.client.protocol.RequestAddCookies - CookieSpec selected: karate
18:12:19.588 [main] DEBUG org.apache.http.client.protocol.RequestAuthCache - Auth cache not set in the context
18:12:19.588 [main] DEBUG com.intuit.karate - request:
1 > POST https://reqres.in/api/users
1 > Accept: application/json
1 > Content-Type: application/json; charset=UTF-8
1 > Content-Length: 27
1 > Host: reqres.in
1 > Connection: Keep-Alive
1 > User-Agent: Apache-HttpClient/4.5.12 (Java/17.0.9)
1 > Accept-Encoding: gzip,deflate
{"name":"Jorge","job":"QA"}

18:12:19.588 [main] DEBUG org.apache.http.impl.conn.PoolingHttpClientConnectionManager - Connection request: [route: {s}->https://reqres.in:443][total available: 0; route allocated: 0 of 5; total allocated: 0 of 10]
18:12:19.588 [main] DEBUG org.apache.http.impl.conn.PoolingHttpClientConnectionManager - Connection leased: [id: 10][route: {s}->https://reqres.in:443][total available: 0; route allocated: 1 of 5; total allocated: 1 of 10]
18:12:19.588 [main] DEBUG org.apache.http.impl.execchain.MainClientExec - Opening connection {s}->https://reqres.in:443
18:12:19.589 [main] DEBUG org.apache.http.impl.conn.DefaultHttpClientConnectionOperator - Connecting to reqres.in/104.26.10.213:443
18:12:19.589 [main] DEBUG org.apache.http.conn.ssl.SSLConnectionSocketFactory - Connecting socket to reqres.in/104.26.10.213:443 with timeout 5000
18:12:19.625 [main] DEBUG org.apache.http.conn.ssl.SSLConnectionSocketFactory - Enabled protocols: [TLSv1.3, TLSv1.2]
18:12:19.626 [main] DEBUG org.apache.http.conn.ssl.SSLConnectionSocketFactory - Enabled cipher suites:[TLS_AES_256_GCM_SHA384, TLS_AES_128_GCM_SHA256, TLS_CHACHA20_POLY1305_SHA256, TLS_ECDHE_ECDSA_WITH_AES_256_GCM_SHA384, TLS_ECDHE_ECDSA_WITH_AES_128_GCM_SHA256, TLS_ECDHE_ECDSA_WITH_CHACHA20_POLY1305_SHA256, TLS_ECDHE_RSA_WITH_AES_256_GCM_SHA384, TLS_ECDHE_RSA_WITH_CHACHA20_POLY1305_SHA256, TLS_ECDHE_RSA_WITH_AES_128_GCM_SHA256, TLS_DHE_RSA_WITH_AES_256_GCM_SHA384, TLS_DHE_RSA_WITH_CHACHA20_POLY1305_SHA256, TLS_DHE_DSS_WITH_AES_256_GCM_SHA384, TLS_DHE_RSA_WITH_AES_128_GCM_SHA256, TLS_DHE_DSS_WITH_AES_128_GCM_SHA256, TLS_ECDHE_ECDSA_WITH_AES_256_CBC_SHA384, TLS_ECDHE_RSA_WITH_AES_256_CBC_SHA384, TLS_ECDHE_ECDSA_WITH_AES_128_CBC_SHA256, TLS_ECDHE_RSA_WITH_AES_128_CBC_SHA256, TLS_DHE_RSA_WITH_AES_256_CBC_SHA256, TLS_DHE_DSS_WITH_AES_256_CBC_SHA256, TLS_DHE_RSA_WITH_AES_128_CBC_SHA256, TLS_DHE_DSS_WITH_AES_128_CBC_SHA256, TLS_ECDH_ECDSA_WITH_AES_256_GCM_SHA384, TLS_ECDH_RSA_WITH_AES_256_GCM_SHA384, TLS_ECDH_ECDSA_WITH_AES_128_GCM_SHA256, TLS_ECDH_RSA_WITH_AES_128_GCM_SHA256, TLS_ECDH_ECDSA_WITH_AES_256_CBC_SHA384, TLS_ECDH_RSA_WITH_AES_256_CBC_SHA384, TLS_ECDH_ECDSA_WITH_AES_128_CBC_SHA256, TLS_ECDH_RSA_WITH_AES_128_CBC_SHA256, TLS_ECDHE_ECDSA_WITH_AES_256_CBC_SHA, TLS_ECDHE_RSA_WITH_AES_256_CBC_SHA, TLS_ECDHE_ECDSA_WITH_AES_128_CBC_SHA, TLS_ECDHE_RSA_WITH_AES_128_CBC_SHA, TLS_DHE_RSA_WITH_AES_256_CBC_SHA, TLS_DHE_DSS_WITH_AES_256_CBC_SHA, TLS_DHE_RSA_WITH_AES_128_CBC_SHA, TLS_DHE_DSS_WITH_AES_128_CBC_SHA, TLS_ECDH_ECDSA_WITH_AES_256_CBC_SHA, TLS_ECDH_RSA_WITH_AES_256_CBC_SHA, TLS_ECDH_ECDSA_WITH_AES_128_CBC_SHA, TLS_ECDH_RSA_WITH_AES_128_CBC_SHA, TLS_RSA_WITH_AES_256_GCM_SHA384, TLS_RSA_WITH_AES_128_GCM_SHA256, TLS_RSA_WITH_AES_256_CBC_SHA256, TLS_RSA_WITH_AES_128_CBC_SHA256, TLS_RSA_WITH_AES_256_CBC_SHA, TLS_RSA_WITH_AES_128_CBC_SHA, TLS_EMPTY_RENEGOTIATION_INFO_SCSV]
18:12:19.626 [main] DEBUG org.apache.http.conn.ssl.SSLConnectionSocketFactory - Starting handshake
18:12:19.675 [main] DEBUG org.apache.http.conn.ssl.SSLConnectionSocketFactory - Secure session established
18:12:19.675 [main] DEBUG org.apache.http.conn.ssl.SSLConnectionSocketFactory -  negotiated protocol: TLSv1.3
18:12:19.675 [main] DEBUG org.apache.http.conn.ssl.SSLConnectionSocketFactory -  negotiated cipher suite: TLS_AES_256_GCM_SHA384
18:12:19.675 [main] DEBUG org.apache.http.conn.ssl.SSLConnectionSocketFactory -  peer principal: CN=sni.cloudflaressl.com, O="Cloudflare, Inc.", L=San Francisco, ST=California, C=US
18:12:19.675 [main] DEBUG org.apache.http.conn.ssl.SSLConnectionSocketFactory -  peer alternative names: [reqres.in, *.reqres.in, sni.cloudflaressl.com]
18:12:19.675 [main] DEBUG org.apache.http.conn.ssl.SSLConnectionSocketFactory -  issuer principal: CN=Cloudflare Inc ECC CA-3, O="Cloudflare, Inc.", C=US
18:12:19.675 [main] DEBUG org.apache.http.impl.conn.DefaultHttpClientConnectionOperator - Connection established 192.168.1.66:59218<->104.26.10.213:443
18:12:19.675 [main] DEBUG org.apache.http.impl.conn.DefaultManagedHttpClientConnection - http-outgoing-10: set socket timeout to 5000
18:12:19.675 [main] DEBUG org.apache.http.impl.execchain.MainClientExec - Executing request POST /api/users HTTP/1.1
18:12:19.675 [main] DEBUG org.apache.http.impl.execchain.MainClientExec - Target auth state: UNCHALLENGED
18:12:19.675 [main] DEBUG org.apache.http.impl.execchain.MainClientExec - Proxy auth state: UNCHALLENGED
18:12:19.675 [main] DEBUG org.apache.http.headers - http-outgoing-10 >> POST /api/users HTTP/1.1
18:12:19.675 [main] DEBUG org.apache.http.headers - http-outgoing-10 >> Accept: application/json
18:12:19.675 [main] DEBUG org.apache.http.headers - http-outgoing-10 >> Content-Type: application/json; charset=UTF-8
18:12:19.675 [main] DEBUG org.apache.http.headers - http-outgoing-10 >> Content-Length: 27
18:12:19.675 [main] DEBUG org.apache.http.headers - http-outgoing-10 >> Host: reqres.in
18:12:19.675 [main] DEBUG org.apache.http.headers - http-outgoing-10 >> Connection: Keep-Alive
18:12:19.675 [main] DEBUG org.apache.http.headers - http-outgoing-10 >> User-Agent: Apache-HttpClient/4.5.12 (Java/17.0.9)
18:12:19.675 [main] DEBUG org.apache.http.headers - http-outgoing-10 >> Accept-Encoding: gzip,deflate
18:12:19.675 [main] DEBUG org.apache.http.wire - http-outgoing-10 >> "POST /api/users HTTP/1.1[\r][\n]"
18:12:19.675 [main] DEBUG org.apache.http.wire - http-outgoing-10 >> "Accept: application/json[\r][\n]"
18:12:19.675 [main] DEBUG org.apache.http.wire - http-outgoing-10 >> "Content-Type: application/json; charset=UTF-8[\r][\n]"
18:12:19.676 [main] DEBUG org.apache.http.wire - http-outgoing-10 >> "Content-Length: 27[\r][\n]"
18:12:19.676 [main] DEBUG org.apache.http.wire - http-outgoing-10 >> "Host: reqres.in[\r][\n]"
18:12:19.676 [main] DEBUG org.apache.http.wire - http-outgoing-10 >> "Connection: Keep-Alive[\r][\n]"
18:12:19.676 [main] DEBUG org.apache.http.wire - http-outgoing-10 >> "User-Agent: Apache-HttpClient/4.5.12 (Java/17.0.9)[\r][\n]"
18:12:19.676 [main] DEBUG org.apache.http.wire - http-outgoing-10 >> "Accept-Encoding: gzip,deflate[\r][\n]"
18:12:19.676 [main] DEBUG org.apache.http.wire - http-outgoing-10 >> "[\r][\n]"
18:12:19.677 [main] DEBUG org.apache.http.wire - http-outgoing-10 >> "{"name":"Jorge","job":"QA"}"
18:12:20.014 [main] DEBUG org.apache.http.wire - http-outgoing-10 << "HTTP/1.1 201 Created[\r][\n]"
18:12:20.014 [main] DEBUG org.apache.http.wire - http-outgoing-10 << "Date: Thu, 30 Nov 2023 00:12:19 GMT[\r][\n]"
18:12:20.015 [main] DEBUG org.apache.http.wire - http-outgoing-10 << "Content-Type: application/json; charset=utf-8[\r][\n]"
18:12:20.017 [main] DEBUG org.apache.http.wire - http-outgoing-10 << "Content-Length: 77[\r][\n]"
18:12:20.017 [main] DEBUG org.apache.http.wire - http-outgoing-10 << "Connection: keep-alive[\r][\n]"
18:12:20.017 [main] DEBUG org.apache.http.wire - http-outgoing-10 << "Report-To: {"group":"heroku-nel","max_age":3600,"endpoints":[{"url":"https://nel.heroku.com/reports?ts=1701303139&sid=c4c9725f-1ab0-44d8-820f-430df2718e11&s=N5LMbYnRZayrlUjCFIx6E%2BaniRE%2BxPW3JggiZNRsde8%3D"}]}[\r][\n]"
18:12:20.017 [main] DEBUG org.apache.http.wire - http-outgoing-10 << "Reporting-Endpoints: heroku-nel=https://nel.heroku.com/reports?ts=1701303139&sid=c4c9725f-1ab0-44d8-820f-430df2718e11&s=N5LMbYnRZayrlUjCFIx6E%2BaniRE%2BxPW3JggiZNRsde8%3D[\r][\n]"
18:12:20.017 [main] DEBUG org.apache.http.wire - http-outgoing-10 << "Nel: {"report_to":"heroku-nel","max_age":3600,"success_fraction":0.005,"failure_fraction":0.05,"response_headers":["Via"]}[\r][\n]"
18:12:20.017 [main] DEBUG org.apache.http.wire - http-outgoing-10 << "X-Powered-By: Express[\r][\n]"
18:12:20.017 [main] DEBUG org.apache.http.wire - http-outgoing-10 << "Access-Control-Allow-Origin: *[\r][\n]"
18:12:20.017 [main] DEBUG org.apache.http.wire - http-outgoing-10 << "Etag: W/"4d-azGsL6FyXmn32bqJ02VUL/SGH8Q"[\r][\n]"
18:12:20.017 [main] DEBUG org.apache.http.wire - http-outgoing-10 << "Via: 1.1 vegur[\r][\n]"
18:12:20.017 [main] DEBUG org.apache.http.wire - http-outgoing-10 << "CF-Cache-Status: DYNAMIC[\r][\n]"
18:12:20.017 [main] DEBUG org.apache.http.wire - http-outgoing-10 << "Server: cloudflare[\r][\n]"
18:12:20.017 [main] DEBUG org.apache.http.wire - http-outgoing-10 << "CF-RAY: 82dee0cf6cec6c2b-DFW[\r][\n]"
18:12:20.017 [main] DEBUG org.apache.http.wire - http-outgoing-10 << "[\r][\n]"
18:12:20.017 [main] DEBUG org.apache.http.wire - http-outgoing-10 << "{"name":"Jorge","job":"QA","id":"187","createdAt":"2023-11-30T00:12:19.932Z"}"
18:12:20.017 [main] DEBUG org.apache.http.headers - http-outgoing-10 << HTTP/1.1 201 Created
18:12:20.017 [main] DEBUG org.apache.http.headers - http-outgoing-10 << Date: Thu, 30 Nov 2023 00:12:19 GMT
18:12:20.017 [main] DEBUG org.apache.http.headers - http-outgoing-10 << Content-Type: application/json; charset=utf-8
18:12:20.017 [main] DEBUG org.apache.http.headers - http-outgoing-10 << Content-Length: 77
18:12:20.017 [main] DEBUG org.apache.http.headers - http-outgoing-10 << Connection: keep-alive
18:12:20.017 [main] DEBUG org.apache.http.headers - http-outgoing-10 << Report-To: {"group":"heroku-nel","max_age":3600,"endpoints":[{"url":"https://nel.heroku.com/reports?ts=1701303139&sid=c4c9725f-1ab0-44d8-820f-430df2718e11&s=N5LMbYnRZayrlUjCFIx6E%2BaniRE%2BxPW3JggiZNRsde8%3D"}]}
18:12:20.017 [main] DEBUG org.apache.http.headers - http-outgoing-10 << Reporting-Endpoints: heroku-nel=https://nel.heroku.com/reports?ts=1701303139&sid=c4c9725f-1ab0-44d8-820f-430df2718e11&s=N5LMbYnRZayrlUjCFIx6E%2BaniRE%2BxPW3JggiZNRsde8%3D
18:12:20.017 [main] DEBUG org.apache.http.headers - http-outgoing-10 << Nel: {"report_to":"heroku-nel","max_age":3600,"success_fraction":0.005,"failure_fraction":0.05,"response_headers":["Via"]}
18:12:20.017 [main] DEBUG org.apache.http.headers - http-outgoing-10 << X-Powered-By: Express
18:12:20.017 [main] DEBUG org.apache.http.headers - http-outgoing-10 << Access-Control-Allow-Origin: *
18:12:20.017 [main] DEBUG org.apache.http.headers - http-outgoing-10 << Etag: W/"4d-azGsL6FyXmn32bqJ02VUL/SGH8Q"
18:12:20.017 [main] DEBUG org.apache.http.headers - http-outgoing-10 << Via: 1.1 vegur
18:12:20.017 [main] DEBUG org.apache.http.headers - http-outgoing-10 << CF-Cache-Status: DYNAMIC
18:12:20.017 [main] DEBUG org.apache.http.headers - http-outgoing-10 << Server: cloudflare
18:12:20.017 [main] DEBUG org.apache.http.headers - http-outgoing-10 << CF-RAY: 82dee0cf6cec6c2b-DFW
18:12:20.018 [main] DEBUG org.apache.http.impl.execchain.MainClientExec - Connection can be kept alive indefinitely
18:12:20.018 [main] DEBUG org.apache.http.impl.conn.PoolingHttpClientConnectionManager - Connection [id: 10][route: {s}->https://reqres.in:443] can be kept alive indefinitely
18:12:20.018 [main] DEBUG org.apache.http.impl.conn.DefaultManagedHttpClientConnection - http-outgoing-10: set socket timeout to 0
18:12:20.018 [main] DEBUG org.apache.http.impl.conn.PoolingHttpClientConnectionManager - Connection released: [id: 10][route: {s}->https://reqres.in:443][total available: 1; route allocated: 1 of 5; total allocated: 1 of 10]
18:12:20.018 [main] DEBUG org.apache.http.impl.conn.PoolingHttpClientConnectionManager - Connection manager is shutting down
18:12:20.018 [main] DEBUG org.apache.http.impl.conn.DefaultManagedHttpClientConnection - http-outgoing-10: Close connection
18:12:20.019 [main] DEBUG org.apache.http.impl.conn.PoolingHttpClientConnectionManager - Connection manager shut down
18:12:20.020 [main] DEBUG com.intuit.karate - response time in milliseconds: 430
1 < 201
1 < Date: Thu, 30 Nov 2023 00:12:19 GMT
1 < Content-Type: application/json; charset=utf-8
1 < Content-Length: 77
1 < Connection: keep-alive
1 < Report-To: {"group":"heroku-nel","max_age":3600,"endpoints":[{"url":"https://nel.heroku.com/reports?ts=1701303139&sid=c4c9725f-1ab0-44d8-820f-430df2718e11&s=N5LMbYnRZayrlUjCFIx6E%2BaniRE%2BxPW3JggiZNRsde8%3D"}]}
1 < Reporting-Endpoints: heroku-nel=https://nel.heroku.com/reports?ts=1701303139&sid=c4c9725f-1ab0-44d8-820f-430df2718e11&s=N5LMbYnRZayrlUjCFIx6E%2BaniRE%2BxPW3JggiZNRsde8%3D
1 < Nel: {"report_to":"heroku-nel","max_age":3600,"success_fraction":0.005,"failure_fraction":0.05,"response_headers":["Via"]}
1 < X-Powered-By: Express
1 < Access-Control-Allow-Origin: *
1 < Etag: W/"4d-azGsL6FyXmn32bqJ02VUL/SGH8Q"
1 < Via: 1.1 vegur
1 < CF-Cache-Status: DYNAMIC
1 < Server: cloudflare
1 < CF-RAY: 82dee0cf6cec6c2b-DFW
{"name":"Jorge","job":"QA","id":"187","createdAt":"2023-11-30T00:12:19.932Z"}

18:12:20.028 [main] DEBUG com.jayway.jsonpath.internal.path.CompiledPath - Evaluating path: $
18:12:20.039 [main] INFO com.intuit.karate - [print] {
  "name": "Jorge",
  "job": "QA",
  "id": "187",
  "createdAt": "2023-11-30T00:12:19.932Z"
}
 
]]></system-out>
  </testcase>
  <testcase name="[4:35] post scenario with assertion from a readed file" classname="[Tests/POSTdemo] Post API demo" time="0.348">
    <system-out><![CDATA[18:12:20.080 [main] INFO com.intuit.karate - The value of enviroment is : preprod 
18:12:20.113 [main] DEBUG com.jayway.jsonpath.internal.path.CompiledPath - Evaluating path: $
18:12:20.114 [main] DEBUG com.jayway.jsonpath.internal.path.CompiledPath - Evaluating path: $
18:12:20.118 [main] DEBUG org.apache.http.client.protocol.RequestAddCookies - CookieSpec selected: karate
18:12:20.118 [main] DEBUG org.apache.http.client.protocol.RequestAuthCache - Auth cache not set in the context
18:12:20.118 [main] DEBUG com.intuit.karate - request:
1 > POST https://reqres.in/api/users
1 > Accept: application/json
1 > Content-Type: application/json; charset=UTF-8
1 > Content-Length: 27
1 > Host: reqres.in
1 > Connection: Keep-Alive
1 > User-Agent: Apache-HttpClient/4.5.12 (Java/17.0.9)
1 > Accept-Encoding: gzip,deflate
{"name":"Jorge","job":"QA"}

18:12:20.118 [main] DEBUG org.apache.http.impl.conn.PoolingHttpClientConnectionManager - Connection request: [route: {s}->https://reqres.in:443][total available: 0; route allocated: 0 of 5; total allocated: 0 of 10]
18:12:20.119 [main] DEBUG org.apache.http.impl.conn.PoolingHttpClientConnectionManager - Connection leased: [id: 11][route: {s}->https://reqres.in:443][total available: 0; route allocated: 1 of 5; total allocated: 1 of 10]
18:12:20.119 [main] DEBUG org.apache.http.impl.execchain.MainClientExec - Opening connection {s}->https://reqres.in:443
18:12:20.119 [main] DEBUG org.apache.http.impl.conn.DefaultHttpClientConnectionOperator - Connecting to reqres.in/104.26.10.213:443
18:12:20.119 [main] DEBUG org.apache.http.conn.ssl.SSLConnectionSocketFactory - Connecting socket to reqres.in/104.26.10.213:443 with timeout 5000
18:12:20.177 [main] DEBUG org.apache.http.conn.ssl.SSLConnectionSocketFactory - Enabled protocols: [TLSv1.3, TLSv1.2]
18:12:20.177 [main] DEBUG org.apache.http.conn.ssl.SSLConnectionSocketFactory - Enabled cipher suites:[TLS_AES_256_GCM_SHA384, TLS_AES_128_GCM_SHA256, TLS_CHACHA20_POLY1305_SHA256, TLS_ECDHE_ECDSA_WITH_AES_256_GCM_SHA384, TLS_ECDHE_ECDSA_WITH_AES_128_GCM_SHA256, TLS_ECDHE_ECDSA_WITH_CHACHA20_POLY1305_SHA256, TLS_ECDHE_RSA_WITH_AES_256_GCM_SHA384, TLS_ECDHE_RSA_WITH_CHACHA20_POLY1305_SHA256, TLS_ECDHE_RSA_WITH_AES_128_GCM_SHA256, TLS_DHE_RSA_WITH_AES_256_GCM_SHA384, TLS_DHE_RSA_WITH_CHACHA20_POLY1305_SHA256, TLS_DHE_DSS_WITH_AES_256_GCM_SHA384, TLS_DHE_RSA_WITH_AES_128_GCM_SHA256, TLS_DHE_DSS_WITH_AES_128_GCM_SHA256, TLS_ECDHE_ECDSA_WITH_AES_256_CBC_SHA384, TLS_ECDHE_RSA_WITH_AES_256_CBC_SHA384, TLS_ECDHE_ECDSA_WITH_AES_128_CBC_SHA256, TLS_ECDHE_RSA_WITH_AES_128_CBC_SHA256, TLS_DHE_RSA_WITH_AES_256_CBC_SHA256, TLS_DHE_DSS_WITH_AES_256_CBC_SHA256, TLS_DHE_RSA_WITH_AES_128_CBC_SHA256, TLS_DHE_DSS_WITH_AES_128_CBC_SHA256, TLS_ECDH_ECDSA_WITH_AES_256_GCM_SHA384, TLS_ECDH_RSA_WITH_AES_256_GCM_SHA384, TLS_ECDH_ECDSA_WITH_AES_128_GCM_SHA256, TLS_ECDH_RSA_WITH_AES_128_GCM_SHA256, TLS_ECDH_ECDSA_WITH_AES_256_CBC_SHA384, TLS_ECDH_RSA_WITH_AES_256_CBC_SHA384, TLS_ECDH_ECDSA_WITH_AES_128_CBC_SHA256, TLS_ECDH_RSA_WITH_AES_128_CBC_SHA256, TLS_ECDHE_ECDSA_WITH_AES_256_CBC_SHA, TLS_ECDHE_RSA_WITH_AES_256_CBC_SHA, TLS_ECDHE_ECDSA_WITH_AES_128_CBC_SHA, TLS_ECDHE_RSA_WITH_AES_128_CBC_SHA, TLS_DHE_RSA_WITH_AES_256_CBC_SHA, TLS_DHE_DSS_WITH_AES_256_CBC_SHA, TLS_DHE_RSA_WITH_AES_128_CBC_SHA, TLS_DHE_DSS_WITH_AES_128_CBC_SHA, TLS_ECDH_ECDSA_WITH_AES_256_CBC_SHA, TLS_ECDH_RSA_WITH_AES_256_CBC_SHA, TLS_ECDH_ECDSA_WITH_AES_128_CBC_SHA, TLS_ECDH_RSA_WITH_AES_128_CBC_SHA, TLS_RSA_WITH_AES_256_GCM_SHA384, TLS_RSA_WITH_AES_128_GCM_SHA256, TLS_RSA_WITH_AES_256_CBC_SHA256, TLS_RSA_WITH_AES_128_CBC_SHA256, TLS_RSA_WITH_AES_256_CBC_SHA, TLS_RSA_WITH_AES_128_CBC_SHA, TLS_EMPTY_RENEGOTIATION_INFO_SCSV]
18:12:20.177 [main] DEBUG org.apache.http.conn.ssl.SSLConnectionSocketFactory - Starting handshake
18:12:20.240 [main] DEBUG org.apache.http.conn.ssl.SSLConnectionSocketFactory - Secure session established
18:12:20.240 [main] DEBUG org.apache.http.conn.ssl.SSLConnectionSocketFactory -  negotiated protocol: TLSv1.3
18:12:20.240 [main] DEBUG org.apache.http.conn.ssl.SSLConnectionSocketFactory -  negotiated cipher suite: TLS_AES_256_GCM_SHA384
18:12:20.240 [main] DEBUG org.apache.http.conn.ssl.SSLConnectionSocketFactory -  peer principal: CN=sni.cloudflaressl.com, O="Cloudflare, Inc.", L=San Francisco, ST=California, C=US
18:12:20.240 [main] DEBUG org.apache.http.conn.ssl.SSLConnectionSocketFactory -  peer alternative names: [reqres.in, *.reqres.in, sni.cloudflaressl.com]
18:12:20.240 [main] DEBUG org.apache.http.conn.ssl.SSLConnectionSocketFactory -  issuer principal: CN=Cloudflare Inc ECC CA-3, O="Cloudflare, Inc.", C=US
18:12:20.241 [main] DEBUG org.apache.http.impl.conn.DefaultHttpClientConnectionOperator - Connection established 192.168.1.66:59219<->104.26.10.213:443
18:12:20.241 [main] DEBUG org.apache.http.impl.conn.DefaultManagedHttpClientConnection - http-outgoing-11: set socket timeout to 5000
18:12:20.241 [main] DEBUG org.apache.http.impl.execchain.MainClientExec - Executing request POST /api/users HTTP/1.1
18:12:20.241 [main] DEBUG org.apache.http.impl.execchain.MainClientExec - Target auth state: UNCHALLENGED
18:12:20.241 [main] DEBUG org.apache.http.impl.execchain.MainClientExec - Proxy auth state: UNCHALLENGED
18:12:20.242 [main] DEBUG org.apache.http.headers - http-outgoing-11 >> POST /api/users HTTP/1.1
18:12:20.242 [main] DEBUG org.apache.http.headers - http-outgoing-11 >> Accept: application/json
18:12:20.242 [main] DEBUG org.apache.http.headers - http-outgoing-11 >> Content-Type: application/json; charset=UTF-8
18:12:20.242 [main] DEBUG org.apache.http.headers - http-outgoing-11 >> Content-Length: 27
18:12:20.242 [main] DEBUG org.apache.http.headers - http-outgoing-11 >> Host: reqres.in
18:12:20.242 [main] DEBUG org.apache.http.headers - http-outgoing-11 >> Connection: Keep-Alive
18:12:20.242 [main] DEBUG org.apache.http.headers - http-outgoing-11 >> User-Agent: Apache-HttpClient/4.5.12 (Java/17.0.9)
18:12:20.242 [main] DEBUG org.apache.http.headers - http-outgoing-11 >> Accept-Encoding: gzip,deflate
18:12:20.242 [main] DEBUG org.apache.http.wire - http-outgoing-11 >> "POST /api/users HTTP/1.1[\r][\n]"
18:12:20.242 [main] DEBUG org.apache.http.wire - http-outgoing-11 >> "Accept: application/json[\r][\n]"
18:12:20.242 [main] DEBUG org.apache.http.wire - http-outgoing-11 >> "Content-Type: application/json; charset=UTF-8[\r][\n]"
18:12:20.242 [main] DEBUG org.apache.http.wire - http-outgoing-11 >> "Content-Length: 27[\r][\n]"
18:12:20.242 [main] DEBUG org.apache.http.wire - http-outgoing-11 >> "Host: reqres.in[\r][\n]"
18:12:20.242 [main] DEBUG org.apache.http.wire - http-outgoing-11 >> "Connection: Keep-Alive[\r][\n]"
18:12:20.242 [main] DEBUG org.apache.http.wire - http-outgoing-11 >> "User-Agent: Apache-HttpClient/4.5.12 (Java/17.0.9)[\r][\n]"
18:12:20.242 [main] DEBUG org.apache.http.wire - http-outgoing-11 >> "Accept-Encoding: gzip,deflate[\r][\n]"
18:12:20.242 [main] DEBUG org.apache.http.wire - http-outgoing-11 >> "[\r][\n]"
18:12:20.242 [main] DEBUG org.apache.http.wire - http-outgoing-11 >> "{"name":"Jorge","job":"QA"}"
18:12:20.536 [main] DEBUG org.apache.http.wire - http-outgoing-11 << "HTTP/1.1 201 Created[\r][\n]"
18:12:20.536 [main] DEBUG org.apache.http.wire - http-outgoing-11 << "Date: Thu, 30 Nov 2023 00:12:20 GMT[\r][\n]"
18:12:20.536 [main] DEBUG org.apache.http.wire - http-outgoing-11 << "Content-Type: application/json; charset=utf-8[\r][\n]"
18:12:20.536 [main] DEBUG org.apache.http.wire - http-outgoing-11 << "Content-Length: 77[\r][\n]"
18:12:20.536 [main] DEBUG org.apache.http.wire - http-outgoing-11 << "Connection: keep-alive[\r][\n]"
18:12:20.536 [main] DEBUG org.apache.http.wire - http-outgoing-11 << "Report-To: {"group":"heroku-nel","max_age":3600,"endpoints":[{"url":"https://nel.heroku.com/reports?ts=1701303140&sid=c4c9725f-1ab0-44d8-820f-430df2718e11&s=1%2FTsjWCL8wBkeeb4b5SrxR3BpSC5AhgNTcT%2BfxMPvO4%3D"}]}[\r][\n]"
18:12:20.536 [main] DEBUG org.apache.http.wire - http-outgoing-11 << "Reporting-Endpoints: heroku-nel=https://nel.heroku.com/reports?ts=1701303140&sid=c4c9725f-1ab0-44d8-820f-430df2718e11&s=1%2FTsjWCL8wBkeeb4b5SrxR3BpSC5AhgNTcT%2BfxMPvO4%3D[\r][\n]"
18:12:20.536 [main] DEBUG org.apache.http.wire - http-outgoing-11 << "Nel: {"report_to":"heroku-nel","max_age":3600,"success_fraction":0.005,"failure_fraction":0.05,"response_headers":["Via"]}[\r][\n]"
18:12:20.536 [main] DEBUG org.apache.http.wire - http-outgoing-11 << "X-Powered-By: Express[\r][\n]"
18:12:20.536 [main] DEBUG org.apache.http.wire - http-outgoing-11 << "Access-Control-Allow-Origin: *[\r][\n]"
18:12:20.536 [main] DEBUG org.apache.http.wire - http-outgoing-11 << "Etag: W/"4d-5kyumrYVryf+TdsGdIG88OwOD8M"[\r][\n]"
18:12:20.536 [main] DEBUG org.apache.http.wire - http-outgoing-11 << "Via: 1.1 vegur[\r][\n]"
18:12:20.536 [main] DEBUG org.apache.http.wire - http-outgoing-11 << "CF-Cache-Status: DYNAMIC[\r][\n]"
18:12:20.536 [main] DEBUG org.apache.http.wire - http-outgoing-11 << "Server: cloudflare[\r][\n]"
18:12:20.536 [main] DEBUG org.apache.http.wire - http-outgoing-11 << "CF-RAY: 82dee0d2fc88485e-DFW[\r][\n]"
18:12:20.536 [main] DEBUG org.apache.http.wire - http-outgoing-11 << "[\r][\n]"
18:12:20.536 [main] DEBUG org.apache.http.wire - http-outgoing-11 << "{"name":"Jorge","job":"QA","id":"573","createdAt":"2023-11-30T00:12:20.506Z"}"
18:12:20.537 [main] DEBUG org.apache.http.headers - http-outgoing-11 << HTTP/1.1 201 Created
18:12:20.537 [main] DEBUG org.apache.http.headers - http-outgoing-11 << Date: Thu, 30 Nov 2023 00:12:20 GMT
18:12:20.537 [main] DEBUG org.apache.http.headers - http-outgoing-11 << Content-Type: application/json; charset=utf-8
18:12:20.537 [main] DEBUG org.apache.http.headers - http-outgoing-11 << Content-Length: 77
18:12:20.537 [main] DEBUG org.apache.http.headers - http-outgoing-11 << Connection: keep-alive
18:12:20.537 [main] DEBUG org.apache.http.headers - http-outgoing-11 << Report-To: {"group":"heroku-nel","max_age":3600,"endpoints":[{"url":"https://nel.heroku.com/reports?ts=1701303140&sid=c4c9725f-1ab0-44d8-820f-430df2718e11&s=1%2FTsjWCL8wBkeeb4b5SrxR3BpSC5AhgNTcT%2BfxMPvO4%3D"}]}
18:12:20.537 [main] DEBUG org.apache.http.headers - http-outgoing-11 << Reporting-Endpoints: heroku-nel=https://nel.heroku.com/reports?ts=1701303140&sid=c4c9725f-1ab0-44d8-820f-430df2718e11&s=1%2FTsjWCL8wBkeeb4b5SrxR3BpSC5AhgNTcT%2BfxMPvO4%3D
18:12:20.537 [main] DEBUG org.apache.http.headers - http-outgoing-11 << Nel: {"report_to":"heroku-nel","max_age":3600,"success_fraction":0.005,"failure_fraction":0.05,"response_headers":["Via"]}
18:12:20.537 [main] DEBUG org.apache.http.headers - http-outgoing-11 << X-Powered-By: Express
18:12:20.537 [main] DEBUG org.apache.http.headers - http-outgoing-11 << Access-Control-Allow-Origin: *
18:12:20.537 [main] DEBUG org.apache.http.headers - http-outgoing-11 << Etag: W/"4d-5kyumrYVryf+TdsGdIG88OwOD8M"
18:12:20.537 [main] DEBUG org.apache.http.headers - http-outgoing-11 << Via: 1.1 vegur
18:12:20.537 [main] DEBUG org.apache.http.headers - http-outgoing-11 << CF-Cache-Status: DYNAMIC
18:12:20.537 [main] DEBUG org.apache.http.headers - http-outgoing-11 << Server: cloudflare
18:12:20.537 [main] DEBUG org.apache.http.headers - http-outgoing-11 << CF-RAY: 82dee0d2fc88485e-DFW
18:12:20.537 [main] DEBUG org.apache.http.impl.execchain.MainClientExec - Connection can be kept alive indefinitely
18:12:20.537 [main] DEBUG org.apache.http.impl.conn.PoolingHttpClientConnectionManager - Connection [id: 11][route: {s}->https://reqres.in:443] can be kept alive indefinitely
18:12:20.537 [main] DEBUG org.apache.http.impl.conn.DefaultManagedHttpClientConnection - http-outgoing-11: set socket timeout to 0
18:12:20.537 [main] DEBUG org.apache.http.impl.conn.PoolingHttpClientConnectionManager - Connection released: [id: 11][route: {s}->https://reqres.in:443][total available: 1; route allocated: 1 of 5; total allocated: 1 of 10]
18:12:20.537 [main] DEBUG org.apache.http.impl.conn.PoolingHttpClientConnectionManager - Connection manager is shutting down
18:12:20.537 [main] DEBUG org.apache.http.impl.conn.DefaultManagedHttpClientConnection - http-outgoing-11: Close connection
18:12:20.539 [main] DEBUG org.apache.http.impl.conn.PoolingHttpClientConnectionManager - Connection manager shut down
18:12:20.539 [main] DEBUG com.intuit.karate - response time in milliseconds: 419
1 < 201
1 < Date: Thu, 30 Nov 2023 00:12:20 GMT
1 < Content-Type: application/json; charset=utf-8
1 < Content-Length: 77
1 < Connection: keep-alive
1 < Report-To: {"group":"heroku-nel","max_age":3600,"endpoints":[{"url":"https://nel.heroku.com/reports?ts=1701303140&sid=c4c9725f-1ab0-44d8-820f-430df2718e11&s=1%2FTsjWCL8wBkeeb4b5SrxR3BpSC5AhgNTcT%2BfxMPvO4%3D"}]}
1 < Reporting-Endpoints: heroku-nel=https://nel.heroku.com/reports?ts=1701303140&sid=c4c9725f-1ab0-44d8-820f-430df2718e11&s=1%2FTsjWCL8wBkeeb4b5SrxR3BpSC5AhgNTcT%2BfxMPvO4%3D
1 < Nel: {"report_to":"heroku-nel","max_age":3600,"success_fraction":0.005,"failure_fraction":0.05,"response_headers":["Via"]}
1 < X-Powered-By: Express
1 < Access-Control-Allow-Origin: *
1 < Etag: W/"4d-5kyumrYVryf+TdsGdIG88OwOD8M"
1 < Via: 1.1 vegur
1 < CF-Cache-Status: DYNAMIC
1 < Server: cloudflare
1 < CF-RAY: 82dee0d2fc88485e-DFW
{"name":"Jorge","job":"QA","id":"573","createdAt":"2023-11-30T00:12:20.506Z"}

18:12:20.542 [main] INFO com.intuit.karate - [print] {
  "name": "Jorge",
  "job": "QA",
  "id": "573",
  "createdAt": "2023-11-30T00:12:20.506Z"
}
 
]]></system-out>
  </testcase>
  <testcase name="[5:44] post scenario reading body data from file and relative Path" classname="[Tests/POSTdemo] Post API demo" time="0.446">
    <system-out><![CDATA[18:12:20.569 [main] INFO com.intuit.karate - The value of enviroment is : preprod 
18:12:20.574 [main] DEBUG com.jayway.jsonpath.internal.path.CompiledPath - Evaluating path: $
18:12:20.585 [main] INFO com.intuit.karate - [print] C:\Users\Ivan\eclipse-workspace\karateDemo/src/test/java/bodyRequests/request2.json 
18:12:20.592 [main] DEBUG com.jayway.jsonpath.internal.path.CompiledPath - Evaluating path: $
18:12:20.595 [main] DEBUG com.jayway.jsonpath.internal.path.CompiledPath - Evaluating path: $['job']
18:12:20.595 [main] DEBUG com.jayway.jsonpath.internal.path.CompiledPath - Evaluating path: $
18:12:20.595 [main] DEBUG com.jayway.jsonpath.internal.JsonContext - Put path $ key job value Empleo modificado
18:12:20.600 [main] DEBUG org.apache.http.client.protocol.RequestAddCookies - CookieSpec selected: karate
18:12:20.600 [main] DEBUG org.apache.http.client.protocol.RequestAuthCache - Auth cache not set in the context
18:12:20.600 [main] DEBUG com.intuit.karate - request:
1 > POST https://reqres.in/api/users
1 > Accept: application/json
1 > Content-Type: application/json; charset=UTF-8
1 > Content-Length: 53
1 > Host: reqres.in
1 > Connection: Keep-Alive
1 > User-Agent: Apache-HttpClient/4.5.12 (Java/17.0.9)
1 > Accept-Encoding: gzip,deflate
{"name":"Nombre de prueba","job":"Empleo modificado"}

18:12:20.601 [main] DEBUG org.apache.http.impl.conn.PoolingHttpClientConnectionManager - Connection request: [route: {s}->https://reqres.in:443][total available: 0; route allocated: 0 of 5; total allocated: 0 of 10]
18:12:20.601 [main] DEBUG org.apache.http.impl.conn.PoolingHttpClientConnectionManager - Connection leased: [id: 12][route: {s}->https://reqres.in:443][total available: 0; route allocated: 1 of 5; total allocated: 1 of 10]
18:12:20.601 [main] DEBUG org.apache.http.impl.execchain.MainClientExec - Opening connection {s}->https://reqres.in:443
18:12:20.601 [main] DEBUG org.apache.http.impl.conn.DefaultHttpClientConnectionOperator - Connecting to reqres.in/104.26.10.213:443
18:12:20.601 [main] DEBUG org.apache.http.conn.ssl.SSLConnectionSocketFactory - Connecting socket to reqres.in/104.26.10.213:443 with timeout 5000
18:12:20.644 [main] DEBUG org.apache.http.conn.ssl.SSLConnectionSocketFactory - Enabled protocols: [TLSv1.3, TLSv1.2]
18:12:20.644 [main] DEBUG org.apache.http.conn.ssl.SSLConnectionSocketFactory - Enabled cipher suites:[TLS_AES_256_GCM_SHA384, TLS_AES_128_GCM_SHA256, TLS_CHACHA20_POLY1305_SHA256, TLS_ECDHE_ECDSA_WITH_AES_256_GCM_SHA384, TLS_ECDHE_ECDSA_WITH_AES_128_GCM_SHA256, TLS_ECDHE_ECDSA_WITH_CHACHA20_POLY1305_SHA256, TLS_ECDHE_RSA_WITH_AES_256_GCM_SHA384, TLS_ECDHE_RSA_WITH_CHACHA20_POLY1305_SHA256, TLS_ECDHE_RSA_WITH_AES_128_GCM_SHA256, TLS_DHE_RSA_WITH_AES_256_GCM_SHA384, TLS_DHE_RSA_WITH_CHACHA20_POLY1305_SHA256, TLS_DHE_DSS_WITH_AES_256_GCM_SHA384, TLS_DHE_RSA_WITH_AES_128_GCM_SHA256, TLS_DHE_DSS_WITH_AES_128_GCM_SHA256, TLS_ECDHE_ECDSA_WITH_AES_256_CBC_SHA384, TLS_ECDHE_RSA_WITH_AES_256_CBC_SHA384, TLS_ECDHE_ECDSA_WITH_AES_128_CBC_SHA256, TLS_ECDHE_RSA_WITH_AES_128_CBC_SHA256, TLS_DHE_RSA_WITH_AES_256_CBC_SHA256, TLS_DHE_DSS_WITH_AES_256_CBC_SHA256, TLS_DHE_RSA_WITH_AES_128_CBC_SHA256, TLS_DHE_DSS_WITH_AES_128_CBC_SHA256, TLS_ECDH_ECDSA_WITH_AES_256_GCM_SHA384, TLS_ECDH_RSA_WITH_AES_256_GCM_SHA384, TLS_ECDH_ECDSA_WITH_AES_128_GCM_SHA256, TLS_ECDH_RSA_WITH_AES_128_GCM_SHA256, TLS_ECDH_ECDSA_WITH_AES_256_CBC_SHA384, TLS_ECDH_RSA_WITH_AES_256_CBC_SHA384, TLS_ECDH_ECDSA_WITH_AES_128_CBC_SHA256, TLS_ECDH_RSA_WITH_AES_128_CBC_SHA256, TLS_ECDHE_ECDSA_WITH_AES_256_CBC_SHA, TLS_ECDHE_RSA_WITH_AES_256_CBC_SHA, TLS_ECDHE_ECDSA_WITH_AES_128_CBC_SHA, TLS_ECDHE_RSA_WITH_AES_128_CBC_SHA, TLS_DHE_RSA_WITH_AES_256_CBC_SHA, TLS_DHE_DSS_WITH_AES_256_CBC_SHA, TLS_DHE_RSA_WITH_AES_128_CBC_SHA, TLS_DHE_DSS_WITH_AES_128_CBC_SHA, TLS_ECDH_ECDSA_WITH_AES_256_CBC_SHA, TLS_ECDH_RSA_WITH_AES_256_CBC_SHA, TLS_ECDH_ECDSA_WITH_AES_128_CBC_SHA, TLS_ECDH_RSA_WITH_AES_128_CBC_SHA, TLS_RSA_WITH_AES_256_GCM_SHA384, TLS_RSA_WITH_AES_128_GCM_SHA256, TLS_RSA_WITH_AES_256_CBC_SHA256, TLS_RSA_WITH_AES_128_CBC_SHA256, TLS_RSA_WITH_AES_256_CBC_SHA, TLS_RSA_WITH_AES_128_CBC_SHA, TLS_EMPTY_RENEGOTIATION_INFO_SCSV]
18:12:20.644 [main] DEBUG org.apache.http.conn.ssl.SSLConnectionSocketFactory - Starting handshake
18:12:20.694 [main] DEBUG org.apache.http.conn.ssl.SSLConnectionSocketFactory - Secure session established
18:12:20.694 [main] DEBUG org.apache.http.conn.ssl.SSLConnectionSocketFactory -  negotiated protocol: TLSv1.3
18:12:20.694 [main] DEBUG org.apache.http.conn.ssl.SSLConnectionSocketFactory -  negotiated cipher suite: TLS_AES_256_GCM_SHA384
18:12:20.694 [main] DEBUG org.apache.http.conn.ssl.SSLConnectionSocketFactory -  peer principal: CN=sni.cloudflaressl.com, O="Cloudflare, Inc.", L=San Francisco, ST=California, C=US
18:12:20.694 [main] DEBUG org.apache.http.conn.ssl.SSLConnectionSocketFactory -  peer alternative names: [reqres.in, *.reqres.in, sni.cloudflaressl.com]
18:12:20.694 [main] DEBUG org.apache.http.conn.ssl.SSLConnectionSocketFactory -  issuer principal: CN=Cloudflare Inc ECC CA-3, O="Cloudflare, Inc.", C=US
18:12:20.694 [main] DEBUG org.apache.http.impl.conn.DefaultHttpClientConnectionOperator - Connection established 192.168.1.66:59220<->104.26.10.213:443
18:12:20.694 [main] DEBUG org.apache.http.impl.conn.DefaultManagedHttpClientConnection - http-outgoing-12: set socket timeout to 5000
18:12:20.694 [main] DEBUG org.apache.http.impl.execchain.MainClientExec - Executing request POST /api/users HTTP/1.1
18:12:20.694 [main] DEBUG org.apache.http.impl.execchain.MainClientExec - Target auth state: UNCHALLENGED
18:12:20.694 [main] DEBUG org.apache.http.impl.execchain.MainClientExec - Proxy auth state: UNCHALLENGED
18:12:20.695 [main] DEBUG org.apache.http.headers - http-outgoing-12 >> POST /api/users HTTP/1.1
18:12:20.695 [main] DEBUG org.apache.http.headers - http-outgoing-12 >> Accept: application/json
18:12:20.695 [main] DEBUG org.apache.http.headers - http-outgoing-12 >> Content-Type: application/json; charset=UTF-8
18:12:20.695 [main] DEBUG org.apache.http.headers - http-outgoing-12 >> Content-Length: 53
18:12:20.695 [main] DEBUG org.apache.http.headers - http-outgoing-12 >> Host: reqres.in
18:12:20.695 [main] DEBUG org.apache.http.headers - http-outgoing-12 >> Connection: Keep-Alive
18:12:20.695 [main] DEBUG org.apache.http.headers - http-outgoing-12 >> User-Agent: Apache-HttpClient/4.5.12 (Java/17.0.9)
18:12:20.695 [main] DEBUG org.apache.http.headers - http-outgoing-12 >> Accept-Encoding: gzip,deflate
18:12:20.695 [main] DEBUG org.apache.http.wire - http-outgoing-12 >> "POST /api/users HTTP/1.1[\r][\n]"
18:12:20.695 [main] DEBUG org.apache.http.wire - http-outgoing-12 >> "Accept: application/json[\r][\n]"
18:12:20.695 [main] DEBUG org.apache.http.wire - http-outgoing-12 >> "Content-Type: application/json; charset=UTF-8[\r][\n]"
18:12:20.695 [main] DEBUG org.apache.http.wire - http-outgoing-12 >> "Content-Length: 53[\r][\n]"
18:12:20.695 [main] DEBUG org.apache.http.wire - http-outgoing-12 >> "Host: reqres.in[\r][\n]"
18:12:20.695 [main] DEBUG org.apache.http.wire - http-outgoing-12 >> "Connection: Keep-Alive[\r][\n]"
18:12:20.695 [main] DEBUG org.apache.http.wire - http-outgoing-12 >> "User-Agent: Apache-HttpClient/4.5.12 (Java/17.0.9)[\r][\n]"
18:12:20.695 [main] DEBUG org.apache.http.wire - http-outgoing-12 >> "Accept-Encoding: gzip,deflate[\r][\n]"
18:12:20.695 [main] DEBUG org.apache.http.wire - http-outgoing-12 >> "[\r][\n]"
18:12:20.695 [main] DEBUG org.apache.http.wire - http-outgoing-12 >> "{"name":"Nombre de prueba","job":"Empleo modificado"}"
18:12:21.008 [main] DEBUG org.apache.http.wire - http-outgoing-12 << "HTTP/1.1 201 Created[\r][\n]"
18:12:21.009 [main] DEBUG org.apache.http.wire - http-outgoing-12 << "Date: Thu, 30 Nov 2023 00:12:21 GMT[\r][\n]"
18:12:21.009 [main] DEBUG org.apache.http.wire - http-outgoing-12 << "Content-Type: application/json; charset=utf-8[\r][\n]"
18:12:21.009 [main] DEBUG org.apache.http.wire - http-outgoing-12 << "Content-Length: 103[\r][\n]"
18:12:21.009 [main] DEBUG org.apache.http.wire - http-outgoing-12 << "Connection: keep-alive[\r][\n]"
18:12:21.009 [main] DEBUG org.apache.http.wire - http-outgoing-12 << "Report-To: {"group":"heroku-nel","max_age":3600,"endpoints":[{"url":"https://nel.heroku.com/reports?ts=1701303140&sid=c4c9725f-1ab0-44d8-820f-430df2718e11&s=1%2FTsjWCL8wBkeeb4b5SrxR3BpSC5AhgNTcT%2BfxMPvO4%3D"}]}[\r][\n]"
18:12:21.009 [main] DEBUG org.apache.http.wire - http-outgoing-12 << "Reporting-Endpoints: heroku-nel=https://nel.heroku.com/reports?ts=1701303140&sid=c4c9725f-1ab0-44d8-820f-430df2718e11&s=1%2FTsjWCL8wBkeeb4b5SrxR3BpSC5AhgNTcT%2BfxMPvO4%3D[\r][\n]"
18:12:21.009 [main] DEBUG org.apache.http.wire - http-outgoing-12 << "Nel: {"report_to":"heroku-nel","max_age":3600,"success_fraction":0.005,"failure_fraction":0.05,"response_headers":["Via"]}[\r][\n]"
18:12:21.009 [main] DEBUG org.apache.http.wire - http-outgoing-12 << "X-Powered-By: Express[\r][\n]"
18:12:21.009 [main] DEBUG org.apache.http.wire - http-outgoing-12 << "Access-Control-Allow-Origin: *[\r][\n]"
18:12:21.009 [main] DEBUG org.apache.http.wire - http-outgoing-12 << "Etag: W/"67-hT/G1539kjP0uwcNQe9LNMDVCm4"[\r][\n]"
18:12:21.009 [main] DEBUG org.apache.http.wire - http-outgoing-12 << "Via: 1.1 vegur[\r][\n]"
18:12:21.009 [main] DEBUG org.apache.http.wire - http-outgoing-12 << "CF-Cache-Status: DYNAMIC[\r][\n]"
18:12:21.009 [main] DEBUG org.apache.http.wire - http-outgoing-12 << "Server: cloudflare[\r][\n]"
18:12:21.009 [main] DEBUG org.apache.http.wire - http-outgoing-12 << "CF-RAY: 82dee0d5c8ed467d-DFW[\r][\n]"
18:12:21.009 [main] DEBUG org.apache.http.wire - http-outgoing-12 << "[\r][\n]"
18:12:21.009 [main] DEBUG org.apache.http.wire - http-outgoing-12 << "{"name":"Nombre de prueba","job":"Empleo modificado","id":"579","createdAt":"2023-11-30T00:12:20.976Z"}"
18:12:21.010 [main] DEBUG org.apache.http.headers - http-outgoing-12 << HTTP/1.1 201 Created
18:12:21.010 [main] DEBUG org.apache.http.headers - http-outgoing-12 << Date: Thu, 30 Nov 2023 00:12:21 GMT
18:12:21.010 [main] DEBUG org.apache.http.headers - http-outgoing-12 << Content-Type: application/json; charset=utf-8
18:12:21.010 [main] DEBUG org.apache.http.headers - http-outgoing-12 << Content-Length: 103
18:12:21.010 [main] DEBUG org.apache.http.headers - http-outgoing-12 << Connection: keep-alive
18:12:21.010 [main] DEBUG org.apache.http.headers - http-outgoing-12 << Report-To: {"group":"heroku-nel","max_age":3600,"endpoints":[{"url":"https://nel.heroku.com/reports?ts=1701303140&sid=c4c9725f-1ab0-44d8-820f-430df2718e11&s=1%2FTsjWCL8wBkeeb4b5SrxR3BpSC5AhgNTcT%2BfxMPvO4%3D"}]}
18:12:21.010 [main] DEBUG org.apache.http.headers - http-outgoing-12 << Reporting-Endpoints: heroku-nel=https://nel.heroku.com/reports?ts=1701303140&sid=c4c9725f-1ab0-44d8-820f-430df2718e11&s=1%2FTsjWCL8wBkeeb4b5SrxR3BpSC5AhgNTcT%2BfxMPvO4%3D
18:12:21.010 [main] DEBUG org.apache.http.headers - http-outgoing-12 << Nel: {"report_to":"heroku-nel","max_age":3600,"success_fraction":0.005,"failure_fraction":0.05,"response_headers":["Via"]}
18:12:21.010 [main] DEBUG org.apache.http.headers - http-outgoing-12 << X-Powered-By: Express
18:12:21.010 [main] DEBUG org.apache.http.headers - http-outgoing-12 << Access-Control-Allow-Origin: *
18:12:21.010 [main] DEBUG org.apache.http.headers - http-outgoing-12 << Etag: W/"67-hT/G1539kjP0uwcNQe9LNMDVCm4"
18:12:21.010 [main] DEBUG org.apache.http.headers - http-outgoing-12 << Via: 1.1 vegur
18:12:21.010 [main] DEBUG org.apache.http.headers - http-outgoing-12 << CF-Cache-Status: DYNAMIC
18:12:21.010 [main] DEBUG org.apache.http.headers - http-outgoing-12 << Server: cloudflare
18:12:21.010 [main] DEBUG org.apache.http.headers - http-outgoing-12 << CF-RAY: 82dee0d5c8ed467d-DFW
18:12:21.011 [main] DEBUG org.apache.http.impl.execchain.MainClientExec - Connection can be kept alive indefinitely
18:12:21.012 [main] DEBUG org.apache.http.impl.conn.PoolingHttpClientConnectionManager - Connection [id: 12][route: {s}->https://reqres.in:443] can be kept alive indefinitely
18:12:21.012 [main] DEBUG org.apache.http.impl.conn.DefaultManagedHttpClientConnection - http-outgoing-12: set socket timeout to 0
18:12:21.012 [main] DEBUG org.apache.http.impl.conn.PoolingHttpClientConnectionManager - Connection released: [id: 12][route: {s}->https://reqres.in:443][total available: 1; route allocated: 1 of 5; total allocated: 1 of 10]
18:12:21.012 [main] DEBUG org.apache.http.impl.conn.PoolingHttpClientConnectionManager - Connection manager is shutting down
18:12:21.012 [main] DEBUG org.apache.http.impl.conn.DefaultManagedHttpClientConnection - http-outgoing-12: Close connection
18:12:21.013 [main] DEBUG org.apache.http.impl.conn.PoolingHttpClientConnectionManager - Connection manager shut down
18:12:21.013 [main] DEBUG com.intuit.karate - response time in milliseconds: 412
1 < 201
1 < Date: Thu, 30 Nov 2023 00:12:21 GMT
1 < Content-Type: application/json; charset=utf-8
1 < Content-Length: 103
1 < Connection: keep-alive
1 < Report-To: {"group":"heroku-nel","max_age":3600,"endpoints":[{"url":"https://nel.heroku.com/reports?ts=1701303140&sid=c4c9725f-1ab0-44d8-820f-430df2718e11&s=1%2FTsjWCL8wBkeeb4b5SrxR3BpSC5AhgNTcT%2BfxMPvO4%3D"}]}
1 < Reporting-Endpoints: heroku-nel=https://nel.heroku.com/reports?ts=1701303140&sid=c4c9725f-1ab0-44d8-820f-430df2718e11&s=1%2FTsjWCL8wBkeeb4b5SrxR3BpSC5AhgNTcT%2BfxMPvO4%3D
1 < Nel: {"report_to":"heroku-nel","max_age":3600,"success_fraction":0.005,"failure_fraction":0.05,"response_headers":["Via"]}
1 < X-Powered-By: Express
1 < Access-Control-Allow-Origin: *
1 < Etag: W/"67-hT/G1539kjP0uwcNQe9LNMDVCm4"
1 < Via: 1.1 vegur
1 < CF-Cache-Status: DYNAMIC
1 < Server: cloudflare
1 < CF-RAY: 82dee0d5c8ed467d-DFW
{"name":"Nombre de prueba","job":"Empleo modificado","id":"579","createdAt":"2023-11-30T00:12:20.976Z"}

18:12:21.016 [main] INFO com.intuit.karate - [print] {
  "name": "Nombre de prueba",
  "job": "Empleo modificado",
  "id": "579",
  "createdAt": "2023-11-30T00:12:20.976Z"
}
 
]]></system-out>
  </testcase>
  <testcase name="[6:57] post reading body data from file and modifying request values" classname="[Tests/POSTdemo] Post API demo" time="0.483">
    <system-out><![CDATA[18:12:21.034 [main] INFO com.intuit.karate - The value of enviroment is : preprod 
18:12:21.038 [main] DEBUG com.jayway.jsonpath.internal.path.CompiledPath - Evaluating path: $
18:12:21.044 [main] DEBUG com.jayway.jsonpath.internal.path.CompiledPath - Evaluating path: $
18:12:21.046 [main] DEBUG com.jayway.jsonpath.internal.path.CompiledPath - Evaluating path: $['name']
18:12:21.046 [main] DEBUG com.jayway.jsonpath.internal.path.CompiledPath - Evaluating path: $
18:12:21.046 [main] DEBUG com.jayway.jsonpath.internal.JsonContext - Put path $ key name value Jorge Ivan
18:12:21.047 [main] DEBUG com.jayway.jsonpath.internal.path.CompiledPath - Evaluating path: $['job']
18:12:21.048 [main] DEBUG com.jayway.jsonpath.internal.path.CompiledPath - Evaluating path: $
18:12:21.048 [main] DEBUG com.jayway.jsonpath.internal.JsonContext - Put path $ key job value Computer systems engineer
18:12:21.051 [main] DEBUG org.apache.http.client.protocol.RequestAddCookies - CookieSpec selected: karate
18:12:21.051 [main] DEBUG org.apache.http.client.protocol.RequestAuthCache - Auth cache not set in the context
18:12:21.051 [main] DEBUG com.intuit.karate - request:
1 > POST https://reqres.in/api/users
1 > Accept: application/json
1 > Content-Type: application/json; charset=UTF-8
1 > Content-Length: 55
1 > Host: reqres.in
1 > Connection: Keep-Alive
1 > User-Agent: Apache-HttpClient/4.5.12 (Java/17.0.9)
1 > Accept-Encoding: gzip,deflate
{"name":"Jorge Ivan","job":"Computer systems engineer"}

18:12:21.051 [main] DEBUG org.apache.http.impl.conn.PoolingHttpClientConnectionManager - Connection request: [route: {s}->https://reqres.in:443][total available: 0; route allocated: 0 of 5; total allocated: 0 of 10]
18:12:21.052 [main] DEBUG org.apache.http.impl.conn.PoolingHttpClientConnectionManager - Connection leased: [id: 13][route: {s}->https://reqres.in:443][total available: 0; route allocated: 1 of 5; total allocated: 1 of 10]
18:12:21.052 [main] DEBUG org.apache.http.impl.execchain.MainClientExec - Opening connection {s}->https://reqres.in:443
18:12:21.052 [main] DEBUG org.apache.http.impl.conn.DefaultHttpClientConnectionOperator - Connecting to reqres.in/104.26.10.213:443
18:12:21.052 [main] DEBUG org.apache.http.conn.ssl.SSLConnectionSocketFactory - Connecting socket to reqres.in/104.26.10.213:443 with timeout 5000
18:12:21.151 [main] DEBUG org.apache.http.conn.ssl.SSLConnectionSocketFactory - Enabled protocols: [TLSv1.3, TLSv1.2]
18:12:21.151 [main] DEBUG org.apache.http.conn.ssl.SSLConnectionSocketFactory - Enabled cipher suites:[TLS_AES_256_GCM_SHA384, TLS_AES_128_GCM_SHA256, TLS_CHACHA20_POLY1305_SHA256, TLS_ECDHE_ECDSA_WITH_AES_256_GCM_SHA384, TLS_ECDHE_ECDSA_WITH_AES_128_GCM_SHA256, TLS_ECDHE_ECDSA_WITH_CHACHA20_POLY1305_SHA256, TLS_ECDHE_RSA_WITH_AES_256_GCM_SHA384, TLS_ECDHE_RSA_WITH_CHACHA20_POLY1305_SHA256, TLS_ECDHE_RSA_WITH_AES_128_GCM_SHA256, TLS_DHE_RSA_WITH_AES_256_GCM_SHA384, TLS_DHE_RSA_WITH_CHACHA20_POLY1305_SHA256, TLS_DHE_DSS_WITH_AES_256_GCM_SHA384, TLS_DHE_RSA_WITH_AES_128_GCM_SHA256, TLS_DHE_DSS_WITH_AES_128_GCM_SHA256, TLS_ECDHE_ECDSA_WITH_AES_256_CBC_SHA384, TLS_ECDHE_RSA_WITH_AES_256_CBC_SHA384, TLS_ECDHE_ECDSA_WITH_AES_128_CBC_SHA256, TLS_ECDHE_RSA_WITH_AES_128_CBC_SHA256, TLS_DHE_RSA_WITH_AES_256_CBC_SHA256, TLS_DHE_DSS_WITH_AES_256_CBC_SHA256, TLS_DHE_RSA_WITH_AES_128_CBC_SHA256, TLS_DHE_DSS_WITH_AES_128_CBC_SHA256, TLS_ECDH_ECDSA_WITH_AES_256_GCM_SHA384, TLS_ECDH_RSA_WITH_AES_256_GCM_SHA384, TLS_ECDH_ECDSA_WITH_AES_128_GCM_SHA256, TLS_ECDH_RSA_WITH_AES_128_GCM_SHA256, TLS_ECDH_ECDSA_WITH_AES_256_CBC_SHA384, TLS_ECDH_RSA_WITH_AES_256_CBC_SHA384, TLS_ECDH_ECDSA_WITH_AES_128_CBC_SHA256, TLS_ECDH_RSA_WITH_AES_128_CBC_SHA256, TLS_ECDHE_ECDSA_WITH_AES_256_CBC_SHA, TLS_ECDHE_RSA_WITH_AES_256_CBC_SHA, TLS_ECDHE_ECDSA_WITH_AES_128_CBC_SHA, TLS_ECDHE_RSA_WITH_AES_128_CBC_SHA, TLS_DHE_RSA_WITH_AES_256_CBC_SHA, TLS_DHE_DSS_WITH_AES_256_CBC_SHA, TLS_DHE_RSA_WITH_AES_128_CBC_SHA, TLS_DHE_DSS_WITH_AES_128_CBC_SHA, TLS_ECDH_ECDSA_WITH_AES_256_CBC_SHA, TLS_ECDH_RSA_WITH_AES_256_CBC_SHA, TLS_ECDH_ECDSA_WITH_AES_128_CBC_SHA, TLS_ECDH_RSA_WITH_AES_128_CBC_SHA, TLS_RSA_WITH_AES_256_GCM_SHA384, TLS_RSA_WITH_AES_128_GCM_SHA256, TLS_RSA_WITH_AES_256_CBC_SHA256, TLS_RSA_WITH_AES_128_CBC_SHA256, TLS_RSA_WITH_AES_256_CBC_SHA, TLS_RSA_WITH_AES_128_CBC_SHA, TLS_EMPTY_RENEGOTIATION_INFO_SCSV]
18:12:21.151 [main] DEBUG org.apache.http.conn.ssl.SSLConnectionSocketFactory - Starting handshake
18:12:21.203 [main] DEBUG org.apache.http.conn.ssl.SSLConnectionSocketFactory - Secure session established
18:12:21.203 [main] DEBUG org.apache.http.conn.ssl.SSLConnectionSocketFactory -  negotiated protocol: TLSv1.3
18:12:21.203 [main] DEBUG org.apache.http.conn.ssl.SSLConnectionSocketFactory -  negotiated cipher suite: TLS_AES_256_GCM_SHA384
18:12:21.203 [main] DEBUG org.apache.http.conn.ssl.SSLConnectionSocketFactory -  peer principal: CN=sni.cloudflaressl.com, O="Cloudflare, Inc.", L=San Francisco, ST=California, C=US
18:12:21.203 [main] DEBUG org.apache.http.conn.ssl.SSLConnectionSocketFactory -  peer alternative names: [reqres.in, *.reqres.in, sni.cloudflaressl.com]
18:12:21.203 [main] DEBUG org.apache.http.conn.ssl.SSLConnectionSocketFactory -  issuer principal: CN=Cloudflare Inc ECC CA-3, O="Cloudflare, Inc.", C=US
18:12:21.203 [main] DEBUG org.apache.http.impl.conn.DefaultHttpClientConnectionOperator - Connection established 192.168.1.66:59221<->104.26.10.213:443
18:12:21.204 [main] DEBUG org.apache.http.impl.conn.DefaultManagedHttpClientConnection - http-outgoing-13: set socket timeout to 5000
18:12:21.204 [main] DEBUG org.apache.http.impl.execchain.MainClientExec - Executing request POST /api/users HTTP/1.1
18:12:21.204 [main] DEBUG org.apache.http.impl.execchain.MainClientExec - Target auth state: UNCHALLENGED
18:12:21.204 [main] DEBUG org.apache.http.impl.execchain.MainClientExec - Proxy auth state: UNCHALLENGED
18:12:21.204 [main] DEBUG org.apache.http.headers - http-outgoing-13 >> POST /api/users HTTP/1.1
18:12:21.204 [main] DEBUG org.apache.http.headers - http-outgoing-13 >> Accept: application/json
18:12:21.204 [main] DEBUG org.apache.http.headers - http-outgoing-13 >> Content-Type: application/json; charset=UTF-8
18:12:21.204 [main] DEBUG org.apache.http.headers - http-outgoing-13 >> Content-Length: 55
18:12:21.204 [main] DEBUG org.apache.http.headers - http-outgoing-13 >> Host: reqres.in
18:12:21.204 [main] DEBUG org.apache.http.headers - http-outgoing-13 >> Connection: Keep-Alive
18:12:21.204 [main] DEBUG org.apache.http.headers - http-outgoing-13 >> User-Agent: Apache-HttpClient/4.5.12 (Java/17.0.9)
18:12:21.204 [main] DEBUG org.apache.http.headers - http-outgoing-13 >> Accept-Encoding: gzip,deflate
18:12:21.204 [main] DEBUG org.apache.http.wire - http-outgoing-13 >> "POST /api/users HTTP/1.1[\r][\n]"
18:12:21.204 [main] DEBUG org.apache.http.wire - http-outgoing-13 >> "Accept: application/json[\r][\n]"
18:12:21.204 [main] DEBUG org.apache.http.wire - http-outgoing-13 >> "Content-Type: application/json; charset=UTF-8[\r][\n]"
18:12:21.204 [main] DEBUG org.apache.http.wire - http-outgoing-13 >> "Content-Length: 55[\r][\n]"
18:12:21.204 [main] DEBUG org.apache.http.wire - http-outgoing-13 >> "Host: reqres.in[\r][\n]"
18:12:21.204 [main] DEBUG org.apache.http.wire - http-outgoing-13 >> "Connection: Keep-Alive[\r][\n]"
18:12:21.204 [main] DEBUG org.apache.http.wire - http-outgoing-13 >> "User-Agent: Apache-HttpClient/4.5.12 (Java/17.0.9)[\r][\n]"
18:12:21.204 [main] DEBUG org.apache.http.wire - http-outgoing-13 >> "Accept-Encoding: gzip,deflate[\r][\n]"
18:12:21.204 [main] DEBUG org.apache.http.wire - http-outgoing-13 >> "[\r][\n]"
18:12:21.204 [main] DEBUG org.apache.http.wire - http-outgoing-13 >> "{"name":"Jorge Ivan","job":"Computer systems engineer"}"
18:12:21.497 [main] DEBUG org.apache.http.wire - http-outgoing-13 << "HTTP/1.1 201 Created[\r][\n]"
18:12:21.498 [main] DEBUG org.apache.http.wire - http-outgoing-13 << "Date: Thu, 30 Nov 2023 00:12:21 GMT[\r][\n]"
18:12:21.498 [main] DEBUG org.apache.http.wire - http-outgoing-13 << "Content-Type: application/json; charset=utf-8[\r][\n]"
18:12:21.498 [main] DEBUG org.apache.http.wire - http-outgoing-13 << "Content-Length: 105[\r][\n]"
18:12:21.498 [main] DEBUG org.apache.http.wire - http-outgoing-13 << "Connection: keep-alive[\r][\n]"
18:12:21.498 [main] DEBUG org.apache.http.wire - http-outgoing-13 << "Report-To: {"group":"heroku-nel","max_age":3600,"endpoints":[{"url":"https://nel.heroku.com/reports?ts=1701303141&sid=c4c9725f-1ab0-44d8-820f-430df2718e11&s=A5laXp2oC%2FC7AGuds9Jry2txAGD3AYeaUkJ9sks5IhE%3D"}]}[\r][\n]"
18:12:21.498 [main] DEBUG org.apache.http.wire - http-outgoing-13 << "Reporting-Endpoints: heroku-nel=https://nel.heroku.com/reports?ts=1701303141&sid=c4c9725f-1ab0-44d8-820f-430df2718e11&s=A5laXp2oC%2FC7AGuds9Jry2txAGD3AYeaUkJ9sks5IhE%3D[\r][\n]"
18:12:21.498 [main] DEBUG org.apache.http.wire - http-outgoing-13 << "Nel: {"report_to":"heroku-nel","max_age":3600,"success_fraction":0.005,"failure_fraction":0.05,"response_headers":["Via"]}[\r][\n]"
18:12:21.498 [main] DEBUG org.apache.http.wire - http-outgoing-13 << "X-Powered-By: Express[\r][\n]"
18:12:21.498 [main] DEBUG org.apache.http.wire - http-outgoing-13 << "Access-Control-Allow-Origin: *[\r][\n]"
18:12:21.498 [main] DEBUG org.apache.http.wire - http-outgoing-13 << "Etag: W/"69-/dn4BXim7zZTs5wbqIgGJkGOIKc"[\r][\n]"
18:12:21.498 [main] DEBUG org.apache.http.wire - http-outgoing-13 << "Via: 1.1 vegur[\r][\n]"
18:12:21.498 [main] DEBUG org.apache.http.wire - http-outgoing-13 << "CF-Cache-Status: DYNAMIC[\r][\n]"
18:12:21.498 [main] DEBUG org.apache.http.wire - http-outgoing-13 << "Server: cloudflare[\r][\n]"
18:12:21.498 [main] DEBUG org.apache.http.wire - http-outgoing-13 << "CF-RAY: 82dee0d8fe324857-DFW[\r][\n]"
18:12:21.498 [main] DEBUG org.apache.http.wire - http-outgoing-13 << "[\r][\n]"
18:12:21.498 [main] DEBUG org.apache.http.wire - http-outgoing-13 << "{"name":"Jorge Ivan","job":"Computer systems engineer","id":"906","createdAt":"2023-11-30T00:12:21.467Z"}"
18:12:21.499 [main] DEBUG org.apache.http.headers - http-outgoing-13 << HTTP/1.1 201 Created
18:12:21.499 [main] DEBUG org.apache.http.headers - http-outgoing-13 << Date: Thu, 30 Nov 2023 00:12:21 GMT
18:12:21.499 [main] DEBUG org.apache.http.headers - http-outgoing-13 << Content-Type: application/json; charset=utf-8
18:12:21.499 [main] DEBUG org.apache.http.headers - http-outgoing-13 << Content-Length: 105
18:12:21.499 [main] DEBUG org.apache.http.headers - http-outgoing-13 << Connection: keep-alive
18:12:21.499 [main] DEBUG org.apache.http.headers - http-outgoing-13 << Report-To: {"group":"heroku-nel","max_age":3600,"endpoints":[{"url":"https://nel.heroku.com/reports?ts=1701303141&sid=c4c9725f-1ab0-44d8-820f-430df2718e11&s=A5laXp2oC%2FC7AGuds9Jry2txAGD3AYeaUkJ9sks5IhE%3D"}]}
18:12:21.499 [main] DEBUG org.apache.http.headers - http-outgoing-13 << Reporting-Endpoints: heroku-nel=https://nel.heroku.com/reports?ts=1701303141&sid=c4c9725f-1ab0-44d8-820f-430df2718e11&s=A5laXp2oC%2FC7AGuds9Jry2txAGD3AYeaUkJ9sks5IhE%3D
18:12:21.499 [main] DEBUG org.apache.http.headers - http-outgoing-13 << Nel: {"report_to":"heroku-nel","max_age":3600,"success_fraction":0.005,"failure_fraction":0.05,"response_headers":["Via"]}
18:12:21.499 [main] DEBUG org.apache.http.headers - http-outgoing-13 << X-Powered-By: Express
18:12:21.499 [main] DEBUG org.apache.http.headers - http-outgoing-13 << Access-Control-Allow-Origin: *
18:12:21.499 [main] DEBUG org.apache.http.headers - http-outgoing-13 << Etag: W/"69-/dn4BXim7zZTs5wbqIgGJkGOIKc"
18:12:21.499 [main] DEBUG org.apache.http.headers - http-outgoing-13 << Via: 1.1 vegur
18:12:21.499 [main] DEBUG org.apache.http.headers - http-outgoing-13 << CF-Cache-Status: DYNAMIC
18:12:21.499 [main] DEBUG org.apache.http.headers - http-outgoing-13 << Server: cloudflare
18:12:21.499 [main] DEBUG org.apache.http.headers - http-outgoing-13 << CF-RAY: 82dee0d8fe324857-DFW
18:12:21.499 [main] DEBUG org.apache.http.impl.execchain.MainClientExec - Connection can be kept alive indefinitely
18:12:21.499 [main] DEBUG org.apache.http.impl.conn.PoolingHttpClientConnectionManager - Connection [id: 13][route: {s}->https://reqres.in:443] can be kept alive indefinitely
18:12:21.499 [main] DEBUG org.apache.http.impl.conn.DefaultManagedHttpClientConnection - http-outgoing-13: set socket timeout to 0
18:12:21.499 [main] DEBUG org.apache.http.impl.conn.PoolingHttpClientConnectionManager - Connection released: [id: 13][route: {s}->https://reqres.in:443][total available: 1; route allocated: 1 of 5; total allocated: 1 of 10]
18:12:21.499 [main] DEBUG org.apache.http.impl.conn.PoolingHttpClientConnectionManager - Connection manager is shutting down
18:12:21.499 [main] DEBUG org.apache.http.impl.conn.DefaultManagedHttpClientConnection - http-outgoing-13: Close connection
18:12:21.500 [main] DEBUG org.apache.http.impl.conn.PoolingHttpClientConnectionManager - Connection manager shut down
18:12:21.501 [main] DEBUG com.intuit.karate - response time in milliseconds: 448
1 < 201
1 < Date: Thu, 30 Nov 2023 00:12:21 GMT
1 < Content-Type: application/json; charset=utf-8
1 < Content-Length: 105
1 < Connection: keep-alive
1 < Report-To: {"group":"heroku-nel","max_age":3600,"endpoints":[{"url":"https://nel.heroku.com/reports?ts=1701303141&sid=c4c9725f-1ab0-44d8-820f-430df2718e11&s=A5laXp2oC%2FC7AGuds9Jry2txAGD3AYeaUkJ9sks5IhE%3D"}]}
1 < Reporting-Endpoints: heroku-nel=https://nel.heroku.com/reports?ts=1701303141&sid=c4c9725f-1ab0-44d8-820f-430df2718e11&s=A5laXp2oC%2FC7AGuds9Jry2txAGD3AYeaUkJ9sks5IhE%3D
1 < Nel: {"report_to":"heroku-nel","max_age":3600,"success_fraction":0.005,"failure_fraction":0.05,"response_headers":["Via"]}
1 < X-Powered-By: Express
1 < Access-Control-Allow-Origin: *
1 < Etag: W/"69-/dn4BXim7zZTs5wbqIgGJkGOIKc"
1 < Via: 1.1 vegur
1 < CF-Cache-Status: DYNAMIC
1 < Server: cloudflare
1 < CF-RAY: 82dee0d8fe324857-DFW
{"name":"Jorge Ivan","job":"Computer systems engineer","id":"906","createdAt":"2023-11-30T00:12:21.467Z"}

18:12:21.514 [main] INFO com.intuit.karate - [print] {
  "name": "Jorge Ivan",
  "job": "Computer systems engineer",
  "id": "906",
  "createdAt": "2023-11-30T00:12:21.467Z"
}
 
]]></system-out>
  </testcase>
  <testcase name="[7:67] post to sign up a user" classname="[Tests/POSTdemo] Post API demo" time="1.47">
    <system-out><![CDATA[18:12:21.522 [main] INFO com.intuit.karate - The value of enviroment is : preprod 
18:12:21.527 [main] DEBUG com.jayway.jsonpath.internal.path.CompiledPath - Evaluating path: $
18:12:21.528 [main] DEBUG com.jayway.jsonpath.internal.path.CompiledPath - Evaluating path: $
18:12:21.531 [main] DEBUG org.apache.http.client.protocol.RequestAddCookies - CookieSpec selected: karate
18:12:21.531 [main] DEBUG org.apache.http.client.protocol.RequestAuthCache - Auth cache not set in the context
18:12:21.531 [main] DEBUG com.intuit.karate - request:
1 > POST https://reqres.in/api/users
1 > Accept: application/json
1 > Content-Type: application/json; charset=UTF-8
1 > Content-Length: 25
1 > Host: reqres.in
1 > Connection: Keep-Alive
1 > User-Agent: Apache-HttpClient/4.5.12 (Java/17.0.9)
1 > Accept-Encoding: gzip,deflate
{"email":"test@mail.com"}

18:12:21.532 [main] DEBUG org.apache.http.impl.conn.PoolingHttpClientConnectionManager - Connection request: [route: {s}->https://reqres.in:443][total available: 0; route allocated: 0 of 5; total allocated: 0 of 10]
18:12:21.532 [main] DEBUG org.apache.http.impl.conn.PoolingHttpClientConnectionManager - Connection leased: [id: 14][route: {s}->https://reqres.in:443][total available: 0; route allocated: 1 of 5; total allocated: 1 of 10]
18:12:21.532 [main] DEBUG org.apache.http.impl.execchain.MainClientExec - Opening connection {s}->https://reqres.in:443
18:12:21.532 [main] DEBUG org.apache.http.impl.conn.DefaultHttpClientConnectionOperator - Connecting to reqres.in/104.26.10.213:443
18:12:21.532 [main] DEBUG org.apache.http.conn.ssl.SSLConnectionSocketFactory - Connecting socket to reqres.in/104.26.10.213:443 with timeout 5000
18:12:21.569 [main] DEBUG org.apache.http.conn.ssl.SSLConnectionSocketFactory - Enabled protocols: [TLSv1.3, TLSv1.2]
18:12:21.569 [main] DEBUG org.apache.http.conn.ssl.SSLConnectionSocketFactory - Enabled cipher suites:[TLS_AES_256_GCM_SHA384, TLS_AES_128_GCM_SHA256, TLS_CHACHA20_POLY1305_SHA256, TLS_ECDHE_ECDSA_WITH_AES_256_GCM_SHA384, TLS_ECDHE_ECDSA_WITH_AES_128_GCM_SHA256, TLS_ECDHE_ECDSA_WITH_CHACHA20_POLY1305_SHA256, TLS_ECDHE_RSA_WITH_AES_256_GCM_SHA384, TLS_ECDHE_RSA_WITH_CHACHA20_POLY1305_SHA256, TLS_ECDHE_RSA_WITH_AES_128_GCM_SHA256, TLS_DHE_RSA_WITH_AES_256_GCM_SHA384, TLS_DHE_RSA_WITH_CHACHA20_POLY1305_SHA256, TLS_DHE_DSS_WITH_AES_256_GCM_SHA384, TLS_DHE_RSA_WITH_AES_128_GCM_SHA256, TLS_DHE_DSS_WITH_AES_128_GCM_SHA256, TLS_ECDHE_ECDSA_WITH_AES_256_CBC_SHA384, TLS_ECDHE_RSA_WITH_AES_256_CBC_SHA384, TLS_ECDHE_ECDSA_WITH_AES_128_CBC_SHA256, TLS_ECDHE_RSA_WITH_AES_128_CBC_SHA256, TLS_DHE_RSA_WITH_AES_256_CBC_SHA256, TLS_DHE_DSS_WITH_AES_256_CBC_SHA256, TLS_DHE_RSA_WITH_AES_128_CBC_SHA256, TLS_DHE_DSS_WITH_AES_128_CBC_SHA256, TLS_ECDH_ECDSA_WITH_AES_256_GCM_SHA384, TLS_ECDH_RSA_WITH_AES_256_GCM_SHA384, TLS_ECDH_ECDSA_WITH_AES_128_GCM_SHA256, TLS_ECDH_RSA_WITH_AES_128_GCM_SHA256, TLS_ECDH_ECDSA_WITH_AES_256_CBC_SHA384, TLS_ECDH_RSA_WITH_AES_256_CBC_SHA384, TLS_ECDH_ECDSA_WITH_AES_128_CBC_SHA256, TLS_ECDH_RSA_WITH_AES_128_CBC_SHA256, TLS_ECDHE_ECDSA_WITH_AES_256_CBC_SHA, TLS_ECDHE_RSA_WITH_AES_256_CBC_SHA, TLS_ECDHE_ECDSA_WITH_AES_128_CBC_SHA, TLS_ECDHE_RSA_WITH_AES_128_CBC_SHA, TLS_DHE_RSA_WITH_AES_256_CBC_SHA, TLS_DHE_DSS_WITH_AES_256_CBC_SHA, TLS_DHE_RSA_WITH_AES_128_CBC_SHA, TLS_DHE_DSS_WITH_AES_128_CBC_SHA, TLS_ECDH_ECDSA_WITH_AES_256_CBC_SHA, TLS_ECDH_RSA_WITH_AES_256_CBC_SHA, TLS_ECDH_ECDSA_WITH_AES_128_CBC_SHA, TLS_ECDH_RSA_WITH_AES_128_CBC_SHA, TLS_RSA_WITH_AES_256_GCM_SHA384, TLS_RSA_WITH_AES_128_GCM_SHA256, TLS_RSA_WITH_AES_256_CBC_SHA256, TLS_RSA_WITH_AES_128_CBC_SHA256, TLS_RSA_WITH_AES_256_CBC_SHA, TLS_RSA_WITH_AES_128_CBC_SHA, TLS_EMPTY_RENEGOTIATION_INFO_SCSV]
18:12:21.569 [main] DEBUG org.apache.http.conn.ssl.SSLConnectionSocketFactory - Starting handshake
18:12:21.630 [main] DEBUG org.apache.http.conn.ssl.SSLConnectionSocketFactory - Secure session established
18:12:21.631 [main] DEBUG org.apache.http.conn.ssl.SSLConnectionSocketFactory -  negotiated protocol: TLSv1.3
18:12:21.631 [main] DEBUG org.apache.http.conn.ssl.SSLConnectionSocketFactory -  negotiated cipher suite: TLS_AES_256_GCM_SHA384
18:12:21.631 [main] DEBUG org.apache.http.conn.ssl.SSLConnectionSocketFactory -  peer principal: CN=sni.cloudflaressl.com, O="Cloudflare, Inc.", L=San Francisco, ST=California, C=US
18:12:21.631 [main] DEBUG org.apache.http.conn.ssl.SSLConnectionSocketFactory -  peer alternative names: [reqres.in, *.reqres.in, sni.cloudflaressl.com]
18:12:21.631 [main] DEBUG org.apache.http.conn.ssl.SSLConnectionSocketFactory -  issuer principal: CN=Cloudflare Inc ECC CA-3, O="Cloudflare, Inc.", C=US
18:12:21.631 [main] DEBUG org.apache.http.impl.conn.DefaultHttpClientConnectionOperator - Connection established 192.168.1.66:59222<->104.26.10.213:443
18:12:21.632 [main] DEBUG org.apache.http.impl.conn.DefaultManagedHttpClientConnection - http-outgoing-14: set socket timeout to 5000
18:12:21.632 [main] DEBUG org.apache.http.impl.execchain.MainClientExec - Executing request POST /api/users HTTP/1.1
18:12:21.632 [main] DEBUG org.apache.http.impl.execchain.MainClientExec - Target auth state: UNCHALLENGED
18:12:21.632 [main] DEBUG org.apache.http.impl.execchain.MainClientExec - Proxy auth state: UNCHALLENGED
18:12:21.632 [main] DEBUG org.apache.http.headers - http-outgoing-14 >> POST /api/users HTTP/1.1
18:12:21.632 [main] DEBUG org.apache.http.headers - http-outgoing-14 >> Accept: application/json
18:12:21.632 [main] DEBUG org.apache.http.headers - http-outgoing-14 >> Content-Type: application/json; charset=UTF-8
18:12:21.632 [main] DEBUG org.apache.http.headers - http-outgoing-14 >> Content-Length: 25
18:12:21.632 [main] DEBUG org.apache.http.headers - http-outgoing-14 >> Host: reqres.in
18:12:21.632 [main] DEBUG org.apache.http.headers - http-outgoing-14 >> Connection: Keep-Alive
18:12:21.632 [main] DEBUG org.apache.http.headers - http-outgoing-14 >> User-Agent: Apache-HttpClient/4.5.12 (Java/17.0.9)
18:12:21.632 [main] DEBUG org.apache.http.headers - http-outgoing-14 >> Accept-Encoding: gzip,deflate
18:12:21.632 [main] DEBUG org.apache.http.wire - http-outgoing-14 >> "POST /api/users HTTP/1.1[\r][\n]"
18:12:21.632 [main] DEBUG org.apache.http.wire - http-outgoing-14 >> "Accept: application/json[\r][\n]"
18:12:21.632 [main] DEBUG org.apache.http.wire - http-outgoing-14 >> "Content-Type: application/json; charset=UTF-8[\r][\n]"
18:12:21.632 [main] DEBUG org.apache.http.wire - http-outgoing-14 >> "Content-Length: 25[\r][\n]"
18:12:21.632 [main] DEBUG org.apache.http.wire - http-outgoing-14 >> "Host: reqres.in[\r][\n]"
18:12:21.632 [main] DEBUG org.apache.http.wire - http-outgoing-14 >> "Connection: Keep-Alive[\r][\n]"
18:12:21.632 [main] DEBUG org.apache.http.wire - http-outgoing-14 >> "User-Agent: Apache-HttpClient/4.5.12 (Java/17.0.9)[\r][\n]"
18:12:21.632 [main] DEBUG org.apache.http.wire - http-outgoing-14 >> "Accept-Encoding: gzip,deflate[\r][\n]"
18:12:21.632 [main] DEBUG org.apache.http.wire - http-outgoing-14 >> "[\r][\n]"
18:12:21.632 [main] DEBUG org.apache.http.wire - http-outgoing-14 >> "{"email":"test@mail.com"}"
18:12:21.930 [main] DEBUG org.apache.http.wire - http-outgoing-14 << "HTTP/1.1 201 Created[\r][\n]"
18:12:21.930 [main] DEBUG org.apache.http.wire - http-outgoing-14 << "Date: Thu, 30 Nov 2023 00:12:21 GMT[\r][\n]"
18:12:21.930 [main] DEBUG org.apache.http.wire - http-outgoing-14 << "Content-Type: application/json; charset=utf-8[\r][\n]"
18:12:21.931 [main] DEBUG org.apache.http.wire - http-outgoing-14 << "Content-Length: 75[\r][\n]"
18:12:21.931 [main] DEBUG org.apache.http.wire - http-outgoing-14 << "Connection: keep-alive[\r][\n]"
18:12:21.931 [main] DEBUG org.apache.http.wire - http-outgoing-14 << "Report-To: {"group":"heroku-nel","max_age":3600,"endpoints":[{"url":"https://nel.heroku.com/reports?ts=1701303141&sid=c4c9725f-1ab0-44d8-820f-430df2718e11&s=A5laXp2oC%2FC7AGuds9Jry2txAGD3AYeaUkJ9sks5IhE%3D"}]}[\r][\n]"
18:12:21.931 [main] DEBUG org.apache.http.wire - http-outgoing-14 << "Reporting-Endpoints: heroku-nel=https://nel.heroku.com/reports?ts=1701303141&sid=c4c9725f-1ab0-44d8-820f-430df2718e11&s=A5laXp2oC%2FC7AGuds9Jry2txAGD3AYeaUkJ9sks5IhE%3D[\r][\n]"
18:12:21.931 [main] DEBUG org.apache.http.wire - http-outgoing-14 << "Nel: {"report_to":"heroku-nel","max_age":3600,"success_fraction":0.005,"failure_fraction":0.05,"response_headers":["Via"]}[\r][\n]"
18:12:21.931 [main] DEBUG org.apache.http.wire - http-outgoing-14 << "X-Powered-By: Express[\r][\n]"
18:12:21.931 [main] DEBUG org.apache.http.wire - http-outgoing-14 << "Access-Control-Allow-Origin: *[\r][\n]"
18:12:21.931 [main] DEBUG org.apache.http.wire - http-outgoing-14 << "Etag: W/"4b-sKdA3nyr0wP/Xj4zh8nNmHGzEDw"[\r][\n]"
18:12:21.931 [main] DEBUG org.apache.http.wire - http-outgoing-14 << "Via: 1.1 vegur[\r][\n]"
18:12:21.931 [main] DEBUG org.apache.http.wire - http-outgoing-14 << "CF-Cache-Status: DYNAMIC[\r][\n]"
18:12:21.931 [main] DEBUG org.apache.http.wire - http-outgoing-14 << "Server: cloudflare[\r][\n]"
18:12:21.931 [main] DEBUG org.apache.http.wire - http-outgoing-14 << "CF-RAY: 82dee0dbaa13e73a-DFW[\r][\n]"
18:12:21.931 [main] DEBUG org.apache.http.wire - http-outgoing-14 << "[\r][\n]"
18:12:21.931 [main] DEBUG org.apache.http.wire - http-outgoing-14 << "{"email":"test@mail.com","id":"299","createdAt":"2023-11-30T00:12:21.893Z"}"
18:12:21.932 [main] DEBUG org.apache.http.headers - http-outgoing-14 << HTTP/1.1 201 Created
18:12:21.932 [main] DEBUG org.apache.http.headers - http-outgoing-14 << Date: Thu, 30 Nov 2023 00:12:21 GMT
18:12:21.932 [main] DEBUG org.apache.http.headers - http-outgoing-14 << Content-Type: application/json; charset=utf-8
18:12:21.932 [main] DEBUG org.apache.http.headers - http-outgoing-14 << Content-Length: 75
18:12:21.932 [main] DEBUG org.apache.http.headers - http-outgoing-14 << Connection: keep-alive
18:12:21.932 [main] DEBUG org.apache.http.headers - http-outgoing-14 << Report-To: {"group":"heroku-nel","max_age":3600,"endpoints":[{"url":"https://nel.heroku.com/reports?ts=1701303141&sid=c4c9725f-1ab0-44d8-820f-430df2718e11&s=A5laXp2oC%2FC7AGuds9Jry2txAGD3AYeaUkJ9sks5IhE%3D"}]}
18:12:21.932 [main] DEBUG org.apache.http.headers - http-outgoing-14 << Reporting-Endpoints: heroku-nel=https://nel.heroku.com/reports?ts=1701303141&sid=c4c9725f-1ab0-44d8-820f-430df2718e11&s=A5laXp2oC%2FC7AGuds9Jry2txAGD3AYeaUkJ9sks5IhE%3D
18:12:21.932 [main] DEBUG org.apache.http.headers - http-outgoing-14 << Nel: {"report_to":"heroku-nel","max_age":3600,"success_fraction":0.005,"failure_fraction":0.05,"response_headers":["Via"]}
18:12:21.932 [main] DEBUG org.apache.http.headers - http-outgoing-14 << X-Powered-By: Express
18:12:21.932 [main] DEBUG org.apache.http.headers - http-outgoing-14 << Access-Control-Allow-Origin: *
18:12:21.932 [main] DEBUG org.apache.http.headers - http-outgoing-14 << Etag: W/"4b-sKdA3nyr0wP/Xj4zh8nNmHGzEDw"
18:12:21.932 [main] DEBUG org.apache.http.headers - http-outgoing-14 << Via: 1.1 vegur
18:12:21.932 [main] DEBUG org.apache.http.headers - http-outgoing-14 << CF-Cache-Status: DYNAMIC
18:12:21.932 [main] DEBUG org.apache.http.headers - http-outgoing-14 << Server: cloudflare
18:12:21.932 [main] DEBUG org.apache.http.headers - http-outgoing-14 << CF-RAY: 82dee0dbaa13e73a-DFW
18:12:21.932 [main] DEBUG org.apache.http.impl.execchain.MainClientExec - Connection can be kept alive indefinitely
18:12:21.933 [main] DEBUG org.apache.http.impl.conn.PoolingHttpClientConnectionManager - Connection [id: 14][route: {s}->https://reqres.in:443] can be kept alive indefinitely
18:12:21.933 [main] DEBUG org.apache.http.impl.conn.DefaultManagedHttpClientConnection - http-outgoing-14: set socket timeout to 0
18:12:21.933 [main] DEBUG org.apache.http.impl.conn.PoolingHttpClientConnectionManager - Connection released: [id: 14][route: {s}->https://reqres.in:443][total available: 1; route allocated: 1 of 5; total allocated: 1 of 10]
18:12:21.933 [main] DEBUG org.apache.http.impl.conn.PoolingHttpClientConnectionManager - Connection manager is shutting down
18:12:21.933 [main] DEBUG org.apache.http.impl.conn.DefaultManagedHttpClientConnection - http-outgoing-14: Close connection
18:12:21.934 [main] DEBUG org.apache.http.impl.conn.PoolingHttpClientConnectionManager - Connection manager shut down
18:12:21.934 [main] DEBUG com.intuit.karate - response time in milliseconds: 402
1 < 201
1 < Date: Thu, 30 Nov 2023 00:12:21 GMT
1 < Content-Type: application/json; charset=utf-8
1 < Content-Length: 75
1 < Connection: keep-alive
1 < Report-To: {"group":"heroku-nel","max_age":3600,"endpoints":[{"url":"https://nel.heroku.com/reports?ts=1701303141&sid=c4c9725f-1ab0-44d8-820f-430df2718e11&s=A5laXp2oC%2FC7AGuds9Jry2txAGD3AYeaUkJ9sks5IhE%3D"}]}
1 < Reporting-Endpoints: heroku-nel=https://nel.heroku.com/reports?ts=1701303141&sid=c4c9725f-1ab0-44d8-820f-430df2718e11&s=A5laXp2oC%2FC7AGuds9Jry2txAGD3AYeaUkJ9sks5IhE%3D
1 < Nel: {"report_to":"heroku-nel","max_age":3600,"success_fraction":0.005,"failure_fraction":0.05,"response_headers":["Via"]}
1 < X-Powered-By: Express
1 < Access-Control-Allow-Origin: *
1 < Etag: W/"4b-sKdA3nyr0wP/Xj4zh8nNmHGzEDw"
1 < Via: 1.1 vegur
1 < CF-Cache-Status: DYNAMIC
1 < Server: cloudflare
1 < CF-RAY: 82dee0dbaa13e73a-DFW
{"email":"test@mail.com","id":"299","createdAt":"2023-11-30T00:12:21.893Z"}

18:12:21.965 [main] INFO com.intuit.karate - [print] {
  "email": "test@mail.com",
  "id": "299",
  "createdAt": "2023-11-30T00:12:21.893Z"
}
 
]]></system-out>
  </testcase>
</testsuite>